0号worker ---- good : 0 --- finish: 0 --- id: -1  
0号worker ---- good : 0 --- finish: 0 --- id: -1 -1 -1 -1 -1  
0号worker ---- good : 0 --- finish: 0 --- id: -1 -1 -1 -1  
0号worker ---- good : 1 --- finish: 1 --- id: 0  
0号worker ---- good : 2 --- finish: 2 --- id: 1  
0号worker ---- good : 3 --- finish: 3 --- id: 2  
0号worker ---- good : 4 --- finish: 4 --- id: 3  
0号worker ---- good : 5 --- finish: 5 --- id: 4  
0号worker ---- good : 6 --- finish: 6 --- id: 5  
0号worker ---- good : 7 --- finish: 7 --- id: 6  
0号worker ---- good : 8 --- finish: 8 --- id: 8  
0号worker ---- good : 9 --- finish: 9 --- id: 7  
0号worker ---- good : 10 --- finish: 10 --- id: 9  
0号worker ---- good : 11 --- finish: 11 --- id: 10  
0号worker ---- good : 12 --- finish: 12 --- id: 12  
0号worker ---- good : 13 --- finish: 13 --- id: 13  
0号worker ---- good : 14 --- finish: 14 --- id: 14  
0号worker ---- good : 15 --- finish: 15 --- id: 18  
0号worker ---- good : 16 --- finish: 16 --- id: 19  
0号worker ---- good : 17 --- finish: 17 --- id: 20  
0号worker ---- good : 19 --- finish: 19 --- id: 21 23  
0号worker ---- good : 20 --- finish: 20 --- id: 22  
0号worker ---- good : 21 --- finish: 21 --- id: 24  
0号worker ---- good : 22 --- finish: 22 --- id: 27  
0号worker ---- good : 23 --- finish: 23 --- id: 28  
0号worker ---- good : 24 --- finish: 24 --- id: 30  
0号worker ---- good : 27 --- finish: 27 --- id: 31 32 33  
0号worker ---- good : 28 --- finish: 28 --- id: 35  
0号worker ---- good : 29 --- finish: 29 --- id: 37  
0号worker ---- good : 30 --- finish: 30 --- id: 41  
0号worker ---- good : 31 --- finish: 31 --- id: 42  
0号worker ---- good : 32 --- finish: 32 --- id: 43  
0号worker ---- good : 34 --- finish: 34 --- id: 45 46  
0号worker ---- good : 35 --- finish: 35 --- id: 47  
0号worker ---- good : 36 --- finish: 36 --- id: 48  
0号worker ---- good : 37 --- finish: 37 --- id: 49  
0号worker ---- good : 38 --- finish: 38 --- id: 50  
0号worker ---- good : 39 --- finish: 39 --- id: 51  
0号worker ---- good : 40 --- finish: 40 --- id: 52  
0号worker ---- good : 41 --- finish: 41 --- id: 53  
0号worker ---- good : 42 --- finish: 42 --- id: 54  
0号worker ---- good : 43 --- finish: 43 --- id: 55  
0号worker ---- good : 45 --- finish: 45 --- id: 56 57  
0号worker ---- good : 46 --- finish: 46 --- id: 58  
0号worker ---- good : 47 --- finish: 47 --- id: 59  
0号worker ---- good : 48 --- finish: 48 --- id: 60  
0号worker ---- good : 49 --- finish: 49 --- id: 61  
0号worker ---- good : 50 --- finish: 50 --- id: 62  
0号worker ---- good : 51 --- finish: 51 --- id: 63  
0号worker ---- good : 52 --- finish: 52 --- id: 64  
0号worker ---- good : 53 --- finish: 53 --- id: 65  
0号worker ---- good : 54 --- finish: 54 --- id: 67  
0号worker ---- good : 55 --- finish: 55 --- id: 68  
0号worker ---- good : 56 --- finish: 56 --- id: 69  
0号worker ---- good : 57 --- finish: 57 --- id: 70  
0号worker ---- good : 58 --- finish: 58 --- id: 71  
0号worker ---- good : 59 --- finish: 59 --- id: 72  
0号worker ---- good : 60 --- finish: 60 --- id: 73  
0号worker ---- good : 61 --- finish: 61 --- id: 75  
0号worker ---- good : 62 --- finish: 62 --- id: 74  
0号worker ---- good : 63 --- finish: 63 --- id: 77  
0号worker ---- good : 64 --- finish: 64 --- id: 76  
0号worker ---- good : 65 --- finish: 65 --- id: 78  
0号worker ---- good : 66 --- finish: 66 --- id: 79  
0号worker ---- good : 67 --- finish: 67 --- id: 80  
0号worker ---- good : 68 --- finish: 68 --- id: 81  
0号worker ---- good : 69 --- finish: 69 --- id: 82  
0号worker ---- good : 70 --- finish: 70 --- id: 83  
0号worker ---- good : 71 --- finish: 71 --- id: 84  
0号worker ---- good : 73 --- finish: 73 --- id: 86 90  
0号worker ---- good : 75 --- finish: 75 --- id: 89 91  
0号worker ---- good : 76 --- finish: 76 --- id: 92  
0号worker ---- good : 77 --- finish: 77 --- id: 94  
0号worker ---- good : 78 --- finish: 78 --- id: 95  
0号worker ---- good : 79 --- finish: 79 --- id: 96  
0号worker ---- good : 80 --- finish: 80 --- id: 97  
0号worker ---- good : 81 --- finish: 81 --- id: 100  
0号worker ---- good : 82 --- finish: 82 --- id: 101  
0号worker ---- good : 83 --- finish: 83 --- id: 104  
0号worker ---- good : 84 --- finish: 84 --- id: 102  
0号worker ---- good : 85 --- finish: 85 --- id: 106  
0号worker ---- good : 86 --- finish: 86 --- id: 107  
0号worker ---- good : 87 --- finish: 87 --- id: 108  
0号worker ---- good : 89 --- finish: 89 --- id: 110 111  
0号worker ---- good : 90 --- finish: 90 --- id: 109  
0号worker ---- good : 91 --- finish: 91 --- id: 112  
0号worker ---- good : 92 --- finish: 92 --- id: 113  
0号worker ---- good : 93 --- finish: 93 --- id: 114  
0号worker ---- good : 94 --- finish: 94 --- id: 115  
0号worker ---- good : 95 --- finish: 95 --- id: 117  
0号worker ---- good : 96 --- finish: 96 --- id: 116  
0号worker ---- good : 97 --- finish: 97 --- id: 119  
0号worker ---- good : 98 --- finish: 98 --- id: 121  
0号worker ---- good : 99 --- finish: 99 --- id: 123  
0号worker ---- good : 100 --- finish: 100 --- id: 122  
0号worker ---- good : 101 --- finish: 101 --- id: 124  
0号worker ---- good : 102 --- finish: 102 --- id: 125  
0号worker ---- good : 104 --- finish: 104 --- id: 128 129  
0号worker ---- good : 105 --- finish: 105 --- id: 126  
0号worker ---- good : 106 --- finish: 106 --- id: 130  
0号worker ---- good : 107 --- finish: 107 --- id: 132  
0号worker ---- good : 108 --- finish: 108 --- id: 131  
0号worker ---- good : 109 --- finish: 109 --- id: 133  
0号worker ---- good : 110 --- finish: 110 --- id: 134  
0号worker ---- good : 111 --- finish: 111 --- id: 135  
0号worker ---- good : 113 --- finish: 113 --- id: 137 139  
0号worker ---- good : 114 --- finish: 114 --- id: 140  
0号worker ---- good : 115 --- finish: 115 --- id: 141  
0号worker ---- good : 117 --- finish: 117 --- id: 143 144  
0号worker ---- good : 118 --- finish: 118 --- id: 142  
0号worker ---- good : 119 --- finish: 119 --- id: 147  
0号worker ---- good : 120 --- finish: 120 --- id: 149  
0号worker ---- good : 121 --- finish: 121 --- id: 150  
0号worker ---- good : 122 --- finish: 122 --- id: 151  
0号worker ---- good : 123 --- finish: 123 --- id: 153  
0号worker ---- good : 125 --- finish: 125 --- id: 156 157  
0号worker ---- good : 126 --- finish: 126 --- id: 158  
0号worker ---- good : 127 --- finish: 127 --- id: 161  
0号worker ---- good : 128 --- finish: 128 --- id: 162  
0号worker ---- good : 129 --- finish: 129 --- id: 163  
0号worker ---- good : 130 --- finish: 130 --- id: 164  
0号worker ---- good : 131 --- finish: 131 --- id: 165  
0号worker ---- good : 132 --- finish: 132 --- id: 166  
0号worker ---- good : 133 --- finish: 133 --- id: 167  
0号worker ---- good : 134 --- finish: 134 --- id: 168  
0号worker ---- good : 135 --- finish: 135 --- id: 169  
0号worker ---- good : 136 --- finish: 136 --- id: 170  
0号worker ---- good : 137 --- finish: 137 --- id: 171  
0号worker ---- good : 138 --- finish: 138 --- id: 172  
0号worker ---- good : 139 --- finish: 139 --- id: 173  
0号worker ---- good : 140 --- finish: 140 --- id: 175  
0号worker ---- good : 141 --- finish: 141 --- id: 178  
0号worker ---- good : 142 --- finish: 142 --- id: 176  
0号worker ---- good : 143 --- finish: 143 --- id: 182  
0号worker ---- good : 145 --- finish: 145 --- id: 183 187  
0号worker ---- good : 146 --- finish: 146 --- id: 188  
0号worker ---- good : 147 --- finish: 147 --- id: 189  
0号worker ---- good : 148 --- finish: 148 --- id: 190  
0号worker ---- good : 149 --- finish: 149 --- id: 191  
0号worker ---- good : 150 --- finish: 150 --- id: 192  
0号worker ---- good : 151 --- finish: 151 --- id: 193  
0号worker ---- good : 152 --- finish: 152 --- id: 194  
0号worker ---- good : 153 --- finish: 153 --- id: 196  
0号worker ---- good : 154 --- finish: 154 --- id: 198  
0号worker ---- good : 155 --- finish: 155 --- id: 197  
0号worker ---- good : 156 --- finish: 156 --- id: 199  
0号worker ---- good : 157 --- finish: 157 --- id: 200  
0号worker ---- good : 158 --- finish: 158 --- id: 201  
0号worker ---- good : 159 --- finish: 159 --- id: 202  
0号worker ---- good : 160 --- finish: 160 --- id: 203  
0号worker ---- good : 161 --- finish: 161 --- id: 204  
0号worker ---- good : 162 --- finish: 162 --- id: 205  
0号worker ---- good : 163 --- finish: 163 --- id: 206  
0号worker ---- good : 164 --- finish: 164 --- id: 208  
0号worker ---- good : 165 --- finish: 165 --- id: 207  
0号worker ---- good : 166 --- finish: 166 --- id: 211  
0号worker ---- good : 167 --- finish: 167 --- id: 212  
0号worker ---- good : 168 --- finish: 168 --- id: 213  
0号worker ---- good : 169 --- finish: 169 --- id: 214  
0号worker ---- good : 170 --- finish: 170 --- id: 215  
0号worker ---- good : 171 --- finish: 171 --- id: 218  
0号worker ---- good : 173 --- finish: 173 --- id: 216 217  
0号worker ---- good : 174 --- finish: 174 --- id: 220  
0号worker ---- good : 175 --- finish: 175 --- id: 221  
0号worker ---- good : 176 --- finish: 176 --- id: 222  
0号worker ---- good : 177 --- finish: 177 --- id: 223  
0号worker ---- good : 178 --- finish: 178 --- id: 226  
0号worker ---- good : 179 --- finish: 179 --- id: 225  
0号worker ---- good : 180 --- finish: 180 --- id: 229  
0号worker ---- good : 181 --- finish: 181 --- id: 231  
0号worker ---- good : 182 --- finish: 182 --- id: 232  
0号worker ---- good : 183 --- finish: 183 --- id: 233  
0号worker ---- good : 185 --- finish: 185 --- id: 234 238  
0号worker ---- good : 186 --- finish: 186 --- id: 236  
0号worker ---- good : 187 --- finish: 187 --- id: 241  
0号worker ---- good : 188 --- finish: 188 --- id: 243  
0号worker ---- good : 189 --- finish: 189 --- id: 244  
0号worker ---- good : 190 --- finish: 190 --- id: 246  
0号worker ---- good : 191 --- finish: 191 --- id: 247  
0号worker ---- good : 193 --- finish: 193 --- id: 248 249  
0号worker ---- good : 194 --- finish: 194 --- id: 251  
0号worker ---- good : 195 --- finish: 195 --- id: 252  
0号worker ---- good : 196 --- finish: 196 --- id: 253  
0号worker ---- good : 197 --- finish: 197 --- id: 254  
0号worker ---- good : 198 --- finish: 198 --- id: 255  
0号worker ---- good : 199 --- finish: 199 --- id: 256  
0号worker ---- good : 200 --- finish: 200 --- id: 257  
0号worker ---- good : 201 --- finish: 201 --- id: 258  
0号worker ---- good : 202 --- finish: 202 --- id: 259  
0号worker ---- good : 203 --- finish: 203 --- id: 261  
0号worker ---- good : 204 --- finish: 204 --- id: 264  
0号worker ---- good : 205 --- finish: 205 --- id: 265  
0号worker ---- good : 206 --- finish: 206 --- id: 266  
0号worker ---- good : 207 --- finish: 207 --- id: 268  
0号worker ---- good : 209 --- finish: 209 --- id: 269 272  
0号worker ---- good : 210 --- finish: 210 --- id: 270  
0号worker ---- good : 211 --- finish: 211 --- id: 274  
0号worker ---- good : 212 --- finish: 212 --- id: 277  
0号worker ---- good : 213 --- finish: 213 --- id: 280  
0号worker ---- good : 214 --- finish: 214 --- id: 281  
0号worker ---- good : 215 --- finish: 215 --- id: 282  
0号worker ---- good : 216 --- finish: 216 --- id: 284  
0号worker ---- good : 217 --- finish: 217 --- id: 283  
0号worker ---- good : 218 --- finish: 218 --- id: 287  
0号worker ---- good : 219 --- finish: 219 --- id: 286  
0号worker ---- good : 220 --- finish: 220 --- id: 288  
0号worker ---- good : 221 --- finish: 221 --- id: 289  
0号worker ---- good : 222 --- finish: 222 --- id: 290  
0号worker ---- good : 223 --- finish: 223 --- id: 291  
0号worker ---- good : 224 --- finish: 224 --- id: 292  
0号worker ---- good : 225 --- finish: 225 --- id: 294  
0号worker ---- good : 226 --- finish: 226 --- id: 295  
0号worker ---- good : 227 --- finish: 227 --- id: 297  
0号worker ---- good : 228 --- finish: 228 --- id: 300  
0号worker ---- good : 229 --- finish: 229 --- id: 301  
0号worker ---- good : 230 --- finish: 230 --- id: 302  
0号worker ---- good : 231 --- finish: 231 --- id: 303  
0号worker ---- good : 232 --- finish: 232 --- id: 304  
0号worker ---- good : 233 --- finish: 233 --- id: 305  
0号worker ---- good : 234 --- finish: 234 --- id: 306  
0号worker ---- good : 235 --- finish: 235 --- id: 309  
0号worker ---- good : 236 --- finish: 236 --- id: 310  
0号worker ---- good : 238 --- finish: 238 --- id: 312 317  
0号worker ---- good : 239 --- finish: 239 --- id: 321  
0号worker ---- good : 240 --- finish: 240 --- id: 320  
0号worker ---- good : 241 --- finish: 241 --- id: 322  
0号worker ---- good : 242 --- finish: 242 --- id: 326  
0号worker ---- good : 244 --- finish: 244 --- id: 324 325  
0号worker ---- good : 245 --- finish: 245 --- id: 327  
0号worker ---- good : 246 --- finish: 246 --- id: 328  
0号worker ---- good : 247 --- finish: 247 --- id: 329  
0号worker ---- good : 248 --- finish: 248 --- id: 330  
0号worker ---- good : 250 --- finish: 250 --- id: 332 333  
0号worker ---- good : 251 --- finish: 251 --- id: 336  
0号worker ---- good : 252 --- finish: 252 --- id: 337  
0号worker ---- good : 253 --- finish: 253 --- id: 338  
0号worker ---- good : 254 --- finish: 254 --- id: 339  
0号worker ---- good : 255 --- finish: 255 --- id: 341  
0号worker ---- good : 256 --- finish: 256 --- id: 340  
0号worker ---- good : 257 --- finish: 257 --- id: 342  
0号worker ---- good : 258 --- finish: 258 --- id: 343  
0号worker ---- good : 259 --- finish: 259 --- id: 344  
0号worker ---- good : 260 --- finish: 260 --- id: 345  
0号worker ---- good : 261 --- finish: 261 --- id: 346  
0号worker ---- good : 262 --- finish: 262 --- id: 347  
0号worker ---- good : 263 --- finish: 263 --- id: 348  
0号worker ---- good : 264 --- finish: 264 --- id: 349  
0号worker ---- good : 265 --- finish: 265 --- id: 350  
0号worker ---- good : 266 --- finish: 266 --- id: 351  
0号worker ---- good : 267 --- finish: 267 --- id: 352  
0号worker ---- good : 269 --- finish: 269 --- id: 353 355  
0号worker ---- good : 270 --- finish: 270 --- id: 354  
0号worker ---- good : 271 --- finish: 271 --- id: 356  
0号worker ---- good : 272 --- finish: 272 --- id: 357  
0号worker ---- good : 274 --- finish: 274 --- id: 359 361  
0号worker ---- good : 275 --- finish: 275 --- id: 358  
0号worker ---- good : 276 --- finish: 276 --- id: 362  
0号worker ---- good : 277 --- finish: 277 --- id: 363  
0号worker ---- good : 278 --- finish: 278 --- id: 364  
0号worker ---- good : 279 --- finish: 279 --- id: 367  
0号worker ---- good : 280 --- finish: 280 --- id: 368  
0号worker ---- good : 281 --- finish: 281 --- id: 369  
0号worker ---- good : 283 --- finish: 283 --- id: 370 371  
0号worker ---- good : 284 --- finish: 284 --- id: 372  
0号worker ---- good : 285 --- finish: 285 --- id: 373  
0号worker ---- good : 286 --- finish: 286 --- id: 374  
0号worker ---- good : 287 --- finish: 287 --- id: 375  
0号worker ---- good : 288 --- finish: 288 --- id: 376  
0号worker ---- good : 289 --- finish: 289 --- id: 377  
0号worker ---- good : 290 --- finish: 290 --- id: 380  
0号worker ---- good : 291 --- finish: 291 --- id: 381  
0号worker ---- good : 292 --- finish: 292 --- id: 383  
0号worker ---- good : 293 --- finish: 293 --- id: 382  
0号worker ---- good : 294 --- finish: 294 --- id: 384  
0号worker ---- good : 295 --- finish: 295 --- id: 386  
0号worker ---- good : 296 --- finish: 296 --- id: 385  
0号worker ---- good : 297 --- finish: 297 --- id: 387  
0号worker ---- good : 298 --- finish: 298 --- id: 388  
0号worker ---- good : 299 --- finish: 299 --- id: 389  
0号worker ---- good : 300 --- finish: 300 --- id: 390  
0号worker ---- good : 301 --- finish: 301 --- id: 391  
0号worker ---- good : 302 --- finish: 302 --- id: 392  
0号worker ---- good : 303 --- finish: 303 --- id: 394  
0号worker ---- good : 304 --- finish: 304 --- id: 393  
0号worker ---- good : 305 --- finish: 305 --- id: 395  
0号worker ---- good : 306 --- finish: 306 --- id: 396  
0号worker ---- good : 307 --- finish: 307 --- id: 397  
0号worker ---- good : 308 --- finish: 308 --- id: 398  
0号worker ---- good : 309 --- finish: 309 --- id: 399  
0号worker ---- good : 310 --- finish: 310 --- id: 400  
0号worker ---- good : 311 --- finish: 311 --- id: 401  
0号worker ---- good : 312 --- finish: 312 --- id: 402  
0号worker ---- good : 313 --- finish: 313 --- id: 404  
0号worker ---- good : 314 --- finish: 314 --- id: 405  
0号worker ---- good : 315 --- finish: 315 --- id: 406  
0号worker ---- good : 316 --- finish: 316 --- id: 407  
0号worker ---- good : 317 --- finish: 317 --- id: 408  
0号worker ---- good : 318 --- finish: 318 --- id: 409  
0号worker ---- good : 319 --- finish: 319 --- id: 411  
0号worker ---- good : 320 --- finish: 320 --- id: 410  
0号worker ---- good : 321 --- finish: 321 --- id: 412  
0号worker ---- good : 322 --- finish: 322 --- id: 413  
0号worker ---- good : 323 --- finish: 323 --- id: 414  
0号worker ---- good : 324 --- finish: 324 --- id: 415  
0号worker ---- good : 325 --- finish: 325 --- id: 416  
0号worker ---- good : 326 --- finish: 326 --- id: 417  
0号worker ---- good : 327 --- finish: 327 --- id: 418  
0号worker ---- good : 328 --- finish: 328 --- id: 419  
0号worker ---- good : 329 --- finish: 329 --- id: 420  
0号worker ---- good : 330 --- finish: 330 --- id: 422  
0号worker ---- good : 330 --- finish: 331 --- id: 421  
0号worker ---- good : 331 --- finish: 332 --- id: 427  
0号worker ---- good : 332 --- finish: 333 --- id: 428  
0号worker ---- good : 333 --- finish: 334 --- id: 429  
0号worker ---- good : 334 --- finish: 335 --- id: 433  
0号worker ---- good : 335 --- finish: 336 --- id: 435  
0号worker ---- good : 336 --- finish: 337 --- id: 436  
0号worker ---- good : 337 --- finish: 338 --- id: 439  
0号worker ---- good : 338 --- finish: 339 --- id: 441  
0号worker ---- good : 339 --- finish: 340 --- id: 440  
0号worker ---- good : 340 --- finish: 341 --- id: 442  
0号worker ---- good : 341 --- finish: 342 --- id: 443  
0号worker ---- good : 342 --- finish: 343 --- id: 444  
0号worker ---- good : 343 --- finish: 344 --- id: 445  
0号worker ---- good : 344 --- finish: 345 --- id: 446  
0号worker ---- good : 346 --- finish: 347 --- id: 448 454  
0号worker ---- good : 347 --- finish: 348 --- id: 451  
0号worker ---- good : 348 --- finish: 349 --- id: 458  
0号worker ---- good : 349 --- finish: 350 --- id: 459  
0号worker ---- good : 350 --- finish: 351 --- id: 460  
0号worker ---- good : 352 --- finish: 353 --- id: 461 462  
0号worker ---- good : 353 --- finish: 354 --- id: 463  
0号worker ---- good : 354 --- finish: 355 --- id: 464  
0号worker ---- good : 355 --- finish: 356 --- id: 465  
0号worker ---- good : 356 --- finish: 357 --- id: 466  
0号worker ---- good : 357 --- finish: 358 --- id: 468  
0号worker ---- good : 358 --- finish: 359 --- id: 470  
0号worker ---- good : 359 --- finish: 360 --- id: 471  
0号worker ---- good : 360 --- finish: 361 --- id: 474  
0号worker ---- good : 361 --- finish: 362 --- id: 475  
0号worker ---- good : 362 --- finish: 363 --- id: 476  
0号worker ---- good : 363 --- finish: 364 --- id: 478  
0号worker ---- good : 364 --- finish: 365 --- id: 477  
0号worker ---- good : 365 --- finish: 366 --- id: 480  
0号worker ---- good : 366 --- finish: 367 --- id: 481  
0号worker ---- good : 367 --- finish: 368 --- id: 484  
0号worker ---- good : 368 --- finish: 369 --- id: 483  
0号worker ---- good : 369 --- finish: 370 --- id: 485  
0号worker ---- good : 370 --- finish: 371 --- id: 488  
0号worker ---- good : 371 --- finish: 372 --- id: 489  
0号worker ---- good : 372 --- finish: 373 --- id: 490  
0号worker ---- good : 373 --- finish: 374 --- id: 491  
0号worker ---- good : 374 --- finish: 375 --- id: 492  
0号worker ---- good : 375 --- finish: 376 --- id: 494  
0号worker ---- good : 376 --- finish: 377 --- id: 493  
0号worker ---- good : 378 --- finish: 379 --- id: 495 497  
