0号worker ---- good : 0 --- finish: 0 --- id: -1  
0号worker ---- good : 0 --- finish: 0 --- id: -1 -1 -1 -1 -1  
0号worker ---- good : 0 --- finish: 0 --- id: -1 -1 -1 -1  
0号worker ---- good : 1 --- finish: 1 --- id: 0  
0号worker ---- good : 2 --- finish: 2 --- id: 2  
0号worker ---- good : 3 --- finish: 3 --- id: 3  
0号worker ---- good : 4 --- finish: 4 --- id: 4  
0号worker ---- good : 5 --- finish: 5 --- id: 5  
0号worker ---- good : 6 --- finish: 6 --- id: 6  
0号worker ---- good : 7 --- finish: 7 --- id: 8  
0号worker ---- good : 8 --- finish: 8 --- id: 11  
0号worker ---- good : 9 --- finish: 9 --- id: 12  
0号worker ---- good : 11 --- finish: 11 --- id: 10 13  
0号worker ---- good : 12 --- finish: 12 --- id: 19  
0号worker ---- good : 15 --- finish: 15 --- id: 21 23 31  
0号worker ---- good : 16 --- finish: 16 --- id: 32  
0号worker ---- good : 17 --- finish: 17 --- id: 33  
0号worker ---- good : 18 --- finish: 18 --- id: 34  
0号worker ---- good : 19 --- finish: 19 --- id: 35  
0号worker ---- good : 23 --- finish: 23 --- id: 36 39 45 46  
0号worker ---- good : 24 --- finish: 24 --- id: 53  
0号worker ---- good : 25 --- finish: 25 --- id: 55  
0号worker ---- good : 26 --- finish: 26 --- id: 56  
0号worker ---- good : 27 --- finish: 27 --- id: 57  
0号worker ---- good : 28 --- finish: 28 --- id: 58  
0号worker ---- good : 29 --- finish: 29 --- id: 60  
0号worker ---- good : 30 --- finish: 30 --- id: 65  
0号worker ---- good : 31 --- finish: 31 --- id: 61  
0号worker ---- good : 32 --- finish: 32 --- id: 69  
0号worker ---- good : 33 --- finish: 33 --- id: 68  
0号worker ---- good : 36 --- finish: 36 --- id: 71 73 77  
0号worker ---- good : 37 --- finish: 37 --- id: 74  
0号worker ---- good : 38 --- finish: 38 --- id: 79  
0号worker ---- good : 39 --- finish: 39 --- id: 80  
0号worker ---- good : 41 --- finish: 41 --- id: 81 88  
0号worker ---- good : 42 --- finish: 42 --- id: 83  
0号worker ---- good : 43 --- finish: 43 --- id: 87  
0号worker ---- good : 44 --- finish: 44 --- id: 90  
0号worker ---- good : 48 --- finish: 48 --- id: 95 98 108 109  
0号worker ---- good : 49 --- finish: 49 --- id: 92  
0号worker ---- good : 50 --- finish: 50 --- id: 112  
0号worker ---- good : 52 --- finish: 52 --- id: 111 114  
0号worker ---- good : 53 --- finish: 53 --- id: 113  
0号worker ---- good : 54 --- finish: 54 --- id: 119  
0号worker ---- good : 55 --- finish: 55 --- id: 118  
0号worker ---- good : 56 --- finish: 56 --- id: 117  
0号worker ---- good : 57 --- finish: 57 --- id: 125  
0号worker ---- good : 59 --- finish: 59 --- id: 128 129  
0号worker ---- good : 60 --- finish: 60 --- id: 130  
0号worker ---- good : 61 --- finish: 61 --- id: 132  
0号worker ---- good : 62 --- finish: 62 --- id: 133  
0号worker ---- good : 63 --- finish: 63 --- id: 131  
0号worker ---- good : 64 --- finish: 64 --- id: 134  
0号worker ---- good : 65 --- finish: 65 --- id: 137  
0号worker ---- good : 66 --- finish: 66 --- id: 138  
0号worker ---- good : 67 --- finish: 67 --- id: 139  
0号worker ---- good : 68 --- finish: 68 --- id: 140  
0号worker ---- good : 69 --- finish: 69 --- id: 141  
0号worker ---- good : 71 --- finish: 71 --- id: 143 144  
0号worker ---- good : 72 --- finish: 72 --- id: 145  
0号worker ---- good : 73 --- finish: 73 --- id: 147  
0号worker ---- good : 75 --- finish: 75 --- id: 148 153  
0号worker ---- good : 76 --- finish: 76 --- id: 146  
0号worker ---- good : 78 --- finish: 78 --- id: 155 158  
0号worker ---- good : 80 --- finish: 80 --- id: 156 157  
0号worker ---- good : 82 --- finish: 82 --- id: 159 161  
0号worker ---- good : 83 --- finish: 83 --- id: 176  
0号worker ---- good : 84 --- finish: 84 --- id: 178  
0号worker ---- good : 85 --- finish: 85 --- id: 179  
0号worker ---- good : 86 --- finish: 86 --- id: 180  
0号worker ---- good : 87 --- finish: 87 --- id: 183  
0号worker ---- good : 88 --- finish: 88 --- id: 181  
0号worker ---- good : 89 --- finish: 89 --- id: 184  
0号worker ---- good : 90 --- finish: 90 --- id: 186  
0号worker ---- good : 91 --- finish: 91 --- id: 187  
0号worker ---- good : 92 --- finish: 92 --- id: 188  
0号worker ---- good : 93 --- finish: 93 --- id: 189  
0号worker ---- good : 94 --- finish: 94 --- id: 190  
0号worker ---- good : 96 --- finish: 96 --- id: 192 197  
0号worker ---- good : 98 --- finish: 98 --- id: 202 203  
0号worker ---- good : 99 --- finish: 99 --- id: 198  
0号worker ---- good : 100 --- finish: 100 --- id: 204  
0号worker ---- good : 102 --- finish: 102 --- id: 206 207  
0号worker ---- good : 104 --- finish: 104 --- id: 208 212  
0号worker ---- good : 106 --- finish: 106 --- id: 216 217  
0号worker ---- good : 107 --- finish: 107 --- id: 218  
0号worker ---- good : 108 --- finish: 108 --- id: 220  
0号worker ---- good : 109 --- finish: 109 --- id: 219  
0号worker ---- good : 110 --- finish: 110 --- id: 221  
0号worker ---- good : 111 --- finish: 111 --- id: 222  
0号worker ---- good : 112 --- finish: 112 --- id: 226  
0号worker ---- good : 113 --- finish: 113 --- id: 228  
0号worker ---- good : 114 --- finish: 114 --- id: 229  
0号worker ---- good : 115 --- finish: 115 --- id: 231  
0号worker ---- good : 116 --- finish: 116 --- id: 232  
0号worker ---- good : 117 --- finish: 117 --- id: 235  
0号worker ---- good : 118 --- finish: 118 --- id: 237  
0号worker ---- good : 119 --- finish: 119 --- id: 238  
0号worker ---- good : 120 --- finish: 120 --- id: 239  
0号worker ---- good : 124 --- finish: 124 --- id: 240 254 255 259  
0号worker ---- good : 126 --- finish: 126 --- id: 263 271  
0号worker ---- good : 127 --- finish: 127 --- id: 272  
0号worker ---- good : 128 --- finish: 128 --- id: 273  
0号worker ---- good : 129 --- finish: 129 --- id: 274  
0号worker ---- good : 130 --- finish: 130 --- id: 276  
0号worker ---- good : 131 --- finish: 131 --- id: 277  
0号worker ---- good : 134 --- finish: 134 --- id: 281 287 290  
0号worker ---- good : 136 --- finish: 136 --- id: 280 292  
0号worker ---- good : 137 --- finish: 137 --- id: 297  
0号worker ---- good : 138 --- finish: 138 --- id: 301  
0号worker ---- good : 139 --- finish: 139 --- id: 300  
0号worker ---- good : 140 --- finish: 140 --- id: 302  
0号worker ---- good : 141 --- finish: 141 --- id: 306  
0号worker ---- good : 143 --- finish: 143 --- id: 303 304  
0号worker ---- good : 144 --- finish: 144 --- id: 308  
0号worker ---- good : 145 --- finish: 145 --- id: 310  
0号worker ---- good : 146 --- finish: 146 --- id: 311  
0号worker ---- good : 147 --- finish: 147 --- id: 313  
0号worker ---- good : 148 --- finish: 148 --- id: 312  
0号worker ---- good : 149 --- finish: 149 --- id: 321  
0号worker ---- good : 150 --- finish: 150 --- id: 316  
0号worker ---- good : 151 --- finish: 151 --- id: 314  
0号worker ---- good : 154 --- finish: 154 --- id: 331 336 348  
0号worker ---- good : 156 --- finish: 156 --- id: 353 355  
0号worker ---- good : 157 --- finish: 157 --- id: 360  
0号worker ---- good : 158 --- finish: 158 --- id: 361  
0号worker ---- good : 159 --- finish: 159 --- id: 362  
0号worker ---- good : 160 --- finish: 160 --- id: 365  
0号worker ---- good : 161 --- finish: 161 --- id: 364  
0号worker ---- good : 162 --- finish: 162 --- id: 366  
0号worker ---- good : 163 --- finish: 163 --- id: 367  
0号worker ---- good : 164 --- finish: 164 --- id: 368  
0号worker ---- good : 165 --- finish: 165 --- id: 369  
0号worker ---- good : 166 --- finish: 166 --- id: 370  
0号worker ---- good : 167 --- finish: 167 --- id: 371  
0号worker ---- good : 168 --- finish: 168 --- id: 372  
0号worker ---- good : 169 --- finish: 169 --- id: 373  
0号worker ---- good : 170 --- finish: 170 --- id: 374  
0号worker ---- good : 171 --- finish: 171 --- id: 375  
0号worker ---- good : 172 --- finish: 172 --- id: 382  
0号worker ---- good : 173 --- finish: 173 --- id: 379  
0号worker ---- good : 174 --- finish: 174 --- id: 384  
0号worker ---- good : 175 --- finish: 175 --- id: 387  
0号worker ---- good : 176 --- finish: 176 --- id: 386  
0号worker ---- good : 177 --- finish: 177 --- id: 389  
0号worker ---- good : 178 --- finish: 178 --- id: 391  
0号worker ---- good : 180 --- finish: 180 --- id: 393 398  
0号worker ---- good : 181 --- finish: 181 --- id: 394  
0号worker ---- good : 182 --- finish: 182 --- id: 400  
0号worker ---- good : 183 --- finish: 183 --- id: 407  
0号worker ---- good : 184 --- finish: 184 --- id: 408  
0号worker ---- good : 185 --- finish: 185 --- id: 411  
0号worker ---- good : 186 --- finish: 186 --- id: 410  
0号worker ---- good : 187 --- finish: 187 --- id: 413  
0号worker ---- good : 188 --- finish: 188 --- id: 412  
0号worker ---- good : 189 --- finish: 189 --- id: 414  
0号worker ---- good : 190 --- finish: 190 --- id: 416  
0号worker ---- good : 191 --- finish: 191 --- id: 418  
0号worker ---- good : 192 --- finish: 192 --- id: 415  
0号worker ---- good : 193 --- finish: 193 --- id: 419  
0号worker ---- good : 194 --- finish: 194 --- id: 420  
0号worker ---- good : 195 --- finish: 195 --- id: 422  
0号worker ---- good : 196 --- finish: 196 --- id: 423  
0号worker ---- good : 197 --- finish: 197 --- id: 424  
0号worker ---- good : 198 --- finish: 198 --- id: 425  
0号worker ---- good : 199 --- finish: 199 --- id: 426  
0号worker ---- good : 200 --- finish: 200 --- id: 432  
0号worker ---- good : 201 --- finish: 201 --- id: 434  
0号worker ---- good : 202 --- finish: 202 --- id: 433  
0号worker ---- good : 203 --- finish: 203 --- id: 435  
0号worker ---- good : 204 --- finish: 204 --- id: 436  
0号worker ---- good : 205 --- finish: 205 --- id: 437  
0号worker ---- good : 206 --- finish: 206 --- id: 439  
0号worker ---- good : 207 --- finish: 207 --- id: 438  
0号worker ---- good : 208 --- finish: 208 --- id: 440  
0号worker ---- good : 209 --- finish: 209 --- id: 441  
0号worker ---- good : 210 --- finish: 210 --- id: 442  
0号worker ---- good : 211 --- finish: 211 --- id: 445  
0号worker ---- good : 213 --- finish: 213 --- id: 447 460  
0号worker ---- good : 215 --- finish: 215 --- id: 463 468  
0号worker ---- good : 216 --- finish: 216 --- id: 464  
0号worker ---- good : 217 --- finish: 217 --- id: 469  
0号worker ---- good : 218 --- finish: 218 --- id: 470  
0号worker ---- good : 219 --- finish: 219 --- id: 471  
0号worker ---- good : 220 --- finish: 220 --- id: 472  
0号worker ---- good : 221 --- finish: 221 --- id: 473  
0号worker ---- good : 222 --- finish: 222 --- id: 474  
0号worker ---- good : 223 --- finish: 223 --- id: 476  
0号worker ---- good : 224 --- finish: 224 --- id: 475  
0号worker ---- good : 226 --- finish: 226 --- id: 477 485  
0号worker ---- good : 227 --- finish: 227 --- id: 496  
0号worker ---- good : 228 --- finish: 228 --- id: 497  
0号worker ---- good : 229 --- finish: 229 --- id: 498  
0号worker ---- good : 230 --- finish: 230 --- id: 499  
