0号worker ---- good : 0 --- finish: 0 --- id: -1  
0号worker ---- good : 0 --- finish: 0 --- id: -1 -1 -1 -1 -1  
0号worker ---- good : 0 --- finish: 0 --- id: -1 -1 -1 -1  
0号worker ---- good : 1 --- finish: 1 --- id: 0  
0号worker ---- good : 2 --- finish: 2 --- id: 2  
0号worker ---- good : 3 --- finish: 3 --- id: 3  
0号worker ---- good : 4 --- finish: 4 --- id: 4  
0号worker ---- good : 5 --- finish: 5 --- id: 5  
0号worker ---- good : 6 --- finish: 6 --- id: 6  
0号worker ---- good : 7 --- finish: 7 --- id: 8  
0号worker ---- good : 8 --- finish: 8 --- id: 9  
0号worker ---- good : 9 --- finish: 9 --- id: 10  
0号worker ---- good : 10 --- finish: 10 --- id: 12  
0号worker ---- good : 11 --- finish: 11 --- id: 17  
0号worker ---- good : 12 --- finish: 12 --- id: 19  
0号worker ---- good : 13 --- finish: 13 --- id: 20  
0号worker ---- good : 16 --- finish: 16 --- id: 21 23 31  
0号worker ---- good : 17 --- finish: 17 --- id: 32  
0号worker ---- good : 18 --- finish: 18 --- id: 33  
0号worker ---- good : 19 --- finish: 19 --- id: 34  
0号worker ---- good : 23 --- finish: 23 --- id: 36 39 45 46  
0号worker ---- good : 24 --- finish: 24 --- id: 35  
0号worker ---- good : 25 --- finish: 25 --- id: 53  
0号worker ---- good : 26 --- finish: 26 --- id: 54  
0号worker ---- good : 27 --- finish: 27 --- id: 55  
0号worker ---- good : 28 --- finish: 28 --- id: 56  
0号worker ---- good : 29 --- finish: 29 --- id: 57  
0号worker ---- good : 30 --- finish: 30 --- id: 58  
0号worker ---- good : 31 --- finish: 31 --- id: 60  
0号worker ---- good : 32 --- finish: 32 --- id: 59  
0号worker ---- good : 33 --- finish: 33 --- id: 67  
0号worker ---- good : 34 --- finish: 34 --- id: 68  
0号worker ---- good : 35 --- finish: 35 --- id: 69  
0号worker ---- good : 36 --- finish: 36 --- id: 70  
0号worker ---- good : 38 --- finish: 38 --- id: 71 73  
0号worker ---- good : 39 --- finish: 39 --- id: 75  
0号worker ---- good : 40 --- finish: 40 --- id: 78  
0号worker ---- good : 41 --- finish: 41 --- id: 79  
0号worker ---- good : 43 --- finish: 43 --- id: 80 82  
0号worker ---- good : 45 --- finish: 45 --- id: 81 88  
0号worker ---- good : 46 --- finish: 46 --- id: 84  
0号worker ---- good : 47 --- finish: 47 --- id: 89  
0号worker ---- good : 48 --- finish: 48 --- id: 90  
0号worker ---- good : 50 --- finish: 50 --- id: 91 104  
0号worker ---- good : 52 --- finish: 52 --- id: 93 106  
0号worker ---- good : 54 --- finish: 54 --- id: 110 111  
0号worker ---- good : 55 --- finish: 55 --- id: 114  
0号worker ---- good : 57 --- finish: 57 --- id: 113 117  
0号worker ---- good : 58 --- finish: 58 --- id: 121  
0号worker ---- good : 59 --- finish: 59 --- id: 125  
0号worker ---- good : 60 --- finish: 60 --- id: 128  
0号worker ---- good : 61 --- finish: 61 --- id: 123  
0号worker ---- good : 62 --- finish: 62 --- id: 131  
0号worker ---- good : 63 --- finish: 63 --- id: 129  
0号worker ---- good : 64 --- finish: 64 --- id: 130  
0号worker ---- good : 65 --- finish: 65 --- id: 132  
0号worker ---- good : 66 --- finish: 66 --- id: 133  
0号worker ---- good : 67 --- finish: 67 --- id: 135  
0号worker ---- good : 68 --- finish: 68 --- id: 137  
0号worker ---- good : 69 --- finish: 69 --- id: 139  
0号worker ---- good : 70 --- finish: 70 --- id: 138  
0号worker ---- good : 71 --- finish: 71 --- id: 140  
0号worker ---- good : 72 --- finish: 72 --- id: 141  
0号worker ---- good : 73 --- finish: 73 --- id: 143  
0号worker ---- good : 74 --- finish: 74 --- id: 145  
0号worker ---- good : 75 --- finish: 75 --- id: 147  
0号worker ---- good : 77 --- finish: 77 --- id: 144 146  
0号worker ---- good : 78 --- finish: 78 --- id: 149  
0号worker ---- good : 79 --- finish: 79 --- id: 153  
0号worker ---- good : 82 --- finish: 82 --- id: 154 156 157  
0号worker ---- good : 83 --- finish: 83 --- id: 158  
0号worker ---- good : 84 --- finish: 84 --- id: 164  
0号worker ---- good : 85 --- finish: 85 --- id: 165  
0号worker ---- good : 86 --- finish: 86 --- id: 175  
0号worker ---- good : 87 --- finish: 87 --- id: 176  
0号worker ---- good : 88 --- finish: 88 --- id: 177  
0号worker ---- good : 89 --- finish: 89 --- id: 178  
0号worker ---- good : 90 --- finish: 90 --- id: 180  
0号worker ---- good : 91 --- finish: 91 --- id: 179  
0号worker ---- good : 92 --- finish: 92 --- id: 182  
0号worker ---- good : 93 --- finish: 93 --- id: 183  
0号worker ---- good : 94 --- finish: 94 --- id: 184  
0号worker ---- good : 95 --- finish: 95 --- id: 185  
0号worker ---- good : 96 --- finish: 96 --- id: 186  
0号worker ---- good : 99 --- finish: 99 --- id: 189 191 194  
0号worker ---- good : 100 --- finish: 100 --- id: 195  
0号worker ---- good : 101 --- finish: 101 --- id: 198  
0号worker ---- good : 102 --- finish: 102 --- id: 202  
0号worker ---- good : 103 --- finish: 103 --- id: 203  
0号worker ---- good : 104 --- finish: 104 --- id: 204  
0号worker ---- good : 107 --- finish: 107 --- id: 205 206 207  
0号worker ---- good : 108 --- finish: 108 --- id: 209  
0号worker ---- good : 109 --- finish: 109 --- id: 214  
0号worker ---- good : 111 --- finish: 111 --- id: 216 217  
0号worker ---- good : 112 --- finish: 112 --- id: 215  
0号worker ---- good : 113 --- finish: 113 --- id: 218  
0号worker ---- good : 114 --- finish: 114 --- id: 219  
0号worker ---- good : 116 --- finish: 116 --- id: 220 221  
0号worker ---- good : 117 --- finish: 117 --- id: 225  
0号worker ---- good : 118 --- finish: 118 --- id: 226  
0号worker ---- good : 119 --- finish: 119 --- id: 227  
0号worker ---- good : 120 --- finish: 120 --- id: 228  
0号worker ---- good : 121 --- finish: 121 --- id: 232  
0号worker ---- good : 122 --- finish: 122 --- id: 229  
0号worker ---- good : 123 --- finish: 123 --- id: 234  
0号worker ---- good : 124 --- finish: 124 --- id: 235  
0号worker ---- good : 125 --- finish: 125 --- id: 236  
0号worker ---- good : 128 --- finish: 128 --- id: 240 254 255  
0号worker ---- good : 130 --- finish: 130 --- id: 242 245  
0号worker ---- good : 131 --- finish: 131 --- id: 263  
0号worker ---- good : 133 --- finish: 133 --- id: 264 266  
0号worker ---- good : 134 --- finish: 134 --- id: 269  
0号worker ---- good : 135 --- finish: 135 --- id: 270  
0号worker ---- good : 136 --- finish: 136 --- id: 271  
0号worker ---- good : 137 --- finish: 137 --- id: 273  
0号worker ---- good : 138 --- finish: 138 --- id: 272  
0号worker ---- good : 139 --- finish: 139 --- id: 275  
0号worker ---- good : 140 --- finish: 140 --- id: 277  
0号worker ---- good : 142 --- finish: 142 --- id: 276 289  
0号worker ---- good : 143 --- finish: 143 --- id: 284  
0号worker ---- good : 144 --- finish: 144 --- id: 294  
0号worker ---- good : 145 --- finish: 145 --- id: 295  
0号worker ---- good : 146 --- finish: 146 --- id: 297  
0号worker ---- good : 147 --- finish: 147 --- id: 299  
0号worker ---- good : 148 --- finish: 148 --- id: 301  
0号worker ---- good : 149 --- finish: 149 --- id: 300  
0号worker ---- good : 150 --- finish: 150 --- id: 302  
0号worker ---- good : 151 --- finish: 151 --- id: 306  
0号worker ---- good : 152 --- finish: 152 --- id: 307  
0号worker ---- good : 153 --- finish: 153 --- id: 308  
0号worker ---- good : 154 --- finish: 154 --- id: 309  
0号worker ---- good : 155 --- finish: 155 --- id: 316  
0号worker ---- good : 156 --- finish: 156 --- id: 320  
0号worker ---- good : 157 --- finish: 157 --- id: 322  
0号worker ---- good : 158 --- finish: 158 --- id: 326  
0号worker ---- good : 159 --- finish: 159 --- id: 329  
0号worker ---- good : 162 --- finish: 162 --- id: 332 333 342  
0号worker ---- good : 163 --- finish: 163 --- id: 339  
0号worker ---- good : 164 --- finish: 164 --- id: 346  
0号worker ---- good : 166 --- finish: 166 --- id: 353 355  
0号worker ---- good : 167 --- finish: 167 --- id: 357  
0号worker ---- good : 168 --- finish: 168 --- id: 358  
0号worker ---- good : 169 --- finish: 169 --- id: 359  
0号worker ---- good : 170 --- finish: 170 --- id: 360  
0号worker ---- good : 171 --- finish: 171 --- id: 362  
0号worker ---- good : 172 --- finish: 172 --- id: 361  
0号worker ---- good : 173 --- finish: 173 --- id: 364  
0号worker ---- good : 174 --- finish: 174 --- id: 365  
0号worker ---- good : 175 --- finish: 175 --- id: 366  
0号worker ---- good : 176 --- finish: 176 --- id: 367  
0号worker ---- good : 177 --- finish: 177 --- id: 369  
0号worker ---- good : 178 --- finish: 178 --- id: 368  
0号worker ---- good : 179 --- finish: 179 --- id: 370  
0号worker ---- good : 180 --- finish: 180 --- id: 371  
0号worker ---- good : 182 --- finish: 182 --- id: 372 373  
0号worker ---- good : 183 --- finish: 183 --- id: 375  
0号worker ---- good : 184 --- finish: 184 --- id: 377  
0号worker ---- good : 185 --- finish: 185 --- id: 379  
0号worker ---- good : 186 --- finish: 186 --- id: 380  
0号worker ---- good : 187 --- finish: 187 --- id: 382  
0号worker ---- good : 188 --- finish: 188 --- id: 384  
0号worker ---- good : 189 --- finish: 189 --- id: 385  
0号worker ---- good : 190 --- finish: 190 --- id: 386  
0号worker ---- good : 191 --- finish: 191 --- id: 389  
0号worker ---- good : 192 --- finish: 192 --- id: 388  
0号worker ---- good : 193 --- finish: 193 --- id: 391  
0号worker ---- good : 194 --- finish: 194 --- id: 392  
0号worker ---- good : 195 --- finish: 195 --- id: 398  
0号worker ---- good : 196 --- finish: 196 --- id: 403  
0号worker ---- good : 197 --- finish: 197 --- id: 402  
0号worker ---- good : 198 --- finish: 198 --- id: 405  
0号worker ---- good : 199 --- finish: 199 --- id: 407  
0号worker ---- good : 200 --- finish: 200 --- id: 408  
0号worker ---- good : 201 --- finish: 201 --- id: 409  
0号worker ---- good : 202 --- finish: 202 --- id: 411  
0号worker ---- good : 203 --- finish: 203 --- id: 410  
0号worker ---- good : 204 --- finish: 204 --- id: 412  
0号worker ---- good : 206 --- finish: 206 --- id: 413 415  
0号worker ---- good : 207 --- finish: 207 --- id: 414  
0号worker ---- good : 208 --- finish: 208 --- id: 416  
0号worker ---- good : 209 --- finish: 209 --- id: 418  
0号worker ---- good : 210 --- finish: 210 --- id: 419  
0号worker ---- good : 211 --- finish: 211 --- id: 420  
0号worker ---- good : 212 --- finish: 212 --- id: 422  
0号worker ---- good : 213 --- finish: 213 --- id: 421  
0号worker ---- good : 215 --- finish: 215 --- id: 423 428  
0号worker ---- good : 216 --- finish: 216 --- id: 427  
0号worker ---- good : 217 --- finish: 217 --- id: 426  
0号worker ---- good : 218 --- finish: 218 --- id: 429  
0号worker ---- good : 219 --- finish: 219 --- id: 430  
0号worker ---- good : 220 --- finish: 220 --- id: 432  
0号worker ---- good : 221 --- finish: 221 --- id: 431  
0号worker ---- good : 222 --- finish: 222 --- id: 433  
0号worker ---- good : 223 --- finish: 223 --- id: 435  
0号worker ---- good : 224 --- finish: 224 --- id: 434  
0号worker ---- good : 225 --- finish: 225 --- id: 436  
0号worker ---- good : 226 --- finish: 226 --- id: 437  
0号worker ---- good : 227 --- finish: 227 --- id: 438  
0号worker ---- good : 229 --- finish: 229 --- id: 439 442  
0号worker ---- good : 230 --- finish: 230 --- id: 441  
0号worker ---- good : 232 --- finish: 232 --- id: 450 456  
0号worker ---- good : 233 --- finish: 233 --- id: 457  
0号worker ---- good : 235 --- finish: 235 --- id: 461 462  
0号worker ---- good : 236 --- finish: 236 --- id: 463  
0号worker ---- good : 237 --- finish: 237 --- id: 458  
0号worker ---- good : 238 --- finish: 238 --- id: 465  
0号worker ---- good : 239 --- finish: 239 --- id: 466  
0号worker ---- good : 240 --- finish: 240 --- id: 467  
0号worker ---- good : 241 --- finish: 241 --- id: 468  
0号worker ---- good : 242 --- finish: 242 --- id: 469  
0号worker ---- good : 243 --- finish: 243 --- id: 470  
0号worker ---- good : 244 --- finish: 244 --- id: 471  
0号worker ---- good : 245 --- finish: 245 --- id: 474  
0号worker ---- good : 247 --- finish: 247 --- id: 473 482  
0号worker ---- good : 248 --- finish: 248 --- id: 490  
0号worker ---- good : 249 --- finish: 249 --- id: 492  
0号worker ---- good : 250 --- finish: 250 --- id: 493  
0号worker ---- good : 251 --- finish: 251 --- id: 498  
0号worker ---- good : 252 --- finish: 252 --- id: 494  
0号worker ---- good : 254 --- finish: 254 --- id: 495 497  