0号worker ---- good : 0 --- finish: 0 --- id: -1  
0号worker ---- good : 0 --- finish: 0 --- id: -1 -1 -1 -1 -1  
0号worker ---- good : 0 --- finish: 0 --- id: -1 -1 -1 -1  
0号worker ---- good : 1 --- finish: 1 --- id: 0  
0号worker ---- good : 2 --- finish: 2 --- id: 1  
0号worker ---- good : 3 --- finish: 3 --- id: 4  
0号worker ---- good : 4 --- finish: 4 --- id: 5  
0号worker ---- good : 5 --- finish: 5 --- id: 6  
0号worker ---- good : 6 --- finish: 6 --- id: 9  
0号worker ---- good : 7 --- finish: 7 --- id: 10  
0号worker ---- good : 8 --- finish: 8 --- id: 14  
0号worker ---- good : 9 --- finish: 9 --- id: 18  
0号worker ---- good : 10 --- finish: 10 --- id: 19  
0号worker ---- good : 11 --- finish: 11 --- id: 21  
0号worker ---- good : 12 --- finish: 12 --- id: 24  
0号worker ---- good : 13 --- finish: 13 --- id: 26  
0号worker ---- good : 14 --- finish: 14 --- id: 30  
0号worker ---- good : 15 --- finish: 15 --- id: 35  
0号worker ---- good : 16 --- finish: 16 --- id: 37  
0号worker ---- good : 17 --- finish: 17 --- id: 41  
0号worker ---- good : 18 --- finish: 18 --- id: 42  
0号worker ---- good : 19 --- finish: 19 --- id: 44  
0号worker ---- good : 20 --- finish: 20 --- id: 47  
0号worker ---- good : 21 --- finish: 21 --- id: 48  
0号worker ---- good : 22 --- finish: 22 --- id: 49  
0号worker ---- good : 23 --- finish: 23 --- id: 50  
0号worker ---- good : 24 --- finish: 24 --- id: 51  
0号worker ---- good : 25 --- finish: 25 --- id: 52  
0号worker ---- good : 26 --- finish: 26 --- id: 55  
0号worker ---- good : 27 --- finish: 27 --- id: 56  
0号worker ---- good : 28 --- finish: 28 --- id: 58  
0号worker ---- good : 29 --- finish: 29 --- id: 59  
0号worker ---- good : 30 --- finish: 30 --- id: 60  
0号worker ---- good : 31 --- finish: 31 --- id: 61  
0号worker ---- good : 32 --- finish: 32 --- id: 63  
0号worker ---- good : 33 --- finish: 33 --- id: 65  
0号worker ---- good : 34 --- finish: 34 --- id: 69  
0号worker ---- good : 35 --- finish: 35 --- id: 71  
0号worker ---- good : 36 --- finish: 36 --- id: 72  
0号worker ---- good : 37 --- finish: 37 --- id: 74  
0号worker ---- good : 38 --- finish: 38 --- id: 76  
0号worker ---- good : 39 --- finish: 39 --- id: 79  
0号worker ---- good : 40 --- finish: 40 --- id: 80  
0号worker ---- good : 41 --- finish: 41 --- id: 81  
0号worker ---- good : 42 --- finish: 42 --- id: 82  
0号worker ---- good : 43 --- finish: 43 --- id: 85  
0号worker ---- good : 44 --- finish: 44 --- id: 91  
0号worker ---- good : 45 --- finish: 45 --- id: 92  
0号worker ---- good : 46 --- finish: 46 --- id: 94  
0号worker ---- good : 47 --- finish: 47 --- id: 96  
0号worker ---- good : 48 --- finish: 48 --- id: 97  
0号worker ---- good : 49 --- finish: 49 --- id: 100  
0号worker ---- good : 50 --- finish: 50 --- id: 101  
0号worker ---- good : 51 --- finish: 51 --- id: 106  
0号worker ---- good : 52 --- finish: 52 --- id: 108  
0号worker ---- good : 54 --- finish: 54 --- id: 110 111  
0号worker ---- good : 55 --- finish: 55 --- id: 112  
0号worker ---- good : 56 --- finish: 56 --- id: 113  
0号worker ---- good : 57 --- finish: 57 --- id: 114  
0号worker ---- good : 58 --- finish: 58 --- id: 115  
0号worker ---- good : 59 --- finish: 59 --- id: 118  
0号worker ---- good : 60 --- finish: 60 --- id: 121  
0号worker ---- good : 61 --- finish: 61 --- id: 124  
0号worker ---- good : 62 --- finish: 62 --- id: 125  
0号worker ---- good : 64 --- finish: 64 --- id: 128 129  
0号worker ---- good : 65 --- finish: 65 --- id: 130  
0号worker ---- good : 66 --- finish: 66 --- id: 132  
0号worker ---- good : 67 --- finish: 67 --- id: 133  
0号worker ---- good : 68 --- finish: 68 --- id: 134  
0号worker ---- good : 69 --- finish: 69 --- id: 139  
0号worker ---- good : 70 --- finish: 70 --- id: 141  
0号worker ---- good : 71 --- finish: 71 --- id: 145  
0号worker ---- good : 72 --- finish: 72 --- id: 149  
0号worker ---- good : 73 --- finish: 73 --- id: 151  
0号worker ---- good : 74 --- finish: 74 --- id: 154  
0号worker ---- good : 75 --- finish: 75 --- id: 155  
0号worker ---- good : 76 --- finish: 76 --- id: 157  
0号worker ---- good : 77 --- finish: 77 --- id: 162  
0号worker ---- good : 78 --- finish: 78 --- id: 163  
0号worker ---- good : 79 --- finish: 79 --- id: 164  
0号worker ---- good : 80 --- finish: 80 --- id: 165  
0号worker ---- good : 81 --- finish: 81 --- id: 166  
0号worker ---- good : 82 --- finish: 82 --- id: 168  
0号worker ---- good : 83 --- finish: 83 --- id: 170  
0号worker ---- good : 84 --- finish: 84 --- id: 171  
0号worker ---- good : 85 --- finish: 85 --- id: 172  
0号worker ---- good : 86 --- finish: 86 --- id: 173  
0号worker ---- good : 87 --- finish: 87 --- id: 174  
0号worker ---- good : 88 --- finish: 88 --- id: 182  
0号worker ---- good : 89 --- finish: 89 --- id: 189  
0号worker ---- good : 90 --- finish: 90 --- id: 191  
0号worker ---- good : 91 --- finish: 91 --- id: 192  
0号worker ---- good : 92 --- finish: 92 --- id: 195  
0号worker ---- good : 93 --- finish: 93 --- id: 197  
0号worker ---- good : 94 --- finish: 94 --- id: 199  
0号worker ---- good : 95 --- finish: 95 --- id: 201  
0号worker ---- good : 96 --- finish: 96 --- id: 202  
0号worker ---- good : 97 --- finish: 97 --- id: 205  
0号worker ---- good : 98 --- finish: 98 --- id: 206  
0号worker ---- good : 99 --- finish: 99 --- id: 210  
0号worker ---- good : 100 --- finish: 100 --- id: 211  
0号worker ---- good : 101 --- finish: 101 --- id: 213  
0号worker ---- good : 102 --- finish: 102 --- id: 214  
0号worker ---- good : 103 --- finish: 103 --- id: 215  
0号worker ---- good : 104 --- finish: 104 --- id: 220  
0号worker ---- good : 105 --- finish: 105 --- id: 222  
0号worker ---- good : 106 --- finish: 106 --- id: 223  
0号worker ---- good : 107 --- finish: 107 --- id: 227  
0号worker ---- good : 108 --- finish: 108 --- id: 231  
0号worker ---- good : 109 --- finish: 109 --- id: 232  
0号worker ---- good : 110 --- finish: 110 --- id: 234  
0号worker ---- good : 111 --- finish: 111 --- id: 235  
0号worker ---- good : 112 --- finish: 112 --- id: 241  
0号worker ---- good : 113 --- finish: 113 --- id: 243  
0号worker ---- good : 114 --- finish: 114 --- id: 244  
0号worker ---- good : 115 --- finish: 115 --- id: 246  
0号worker ---- good : 116 --- finish: 116 --- id: 247  
0号worker ---- good : 118 --- finish: 118 --- id: 248 249  
0号worker ---- good : 119 --- finish: 119 --- id: 251  
0号worker ---- good : 120 --- finish: 120 --- id: 252  
0号worker ---- good : 121 --- finish: 121 --- id: 253  
0号worker ---- good : 122 --- finish: 122 --- id: 255  
0号worker ---- good : 123 --- finish: 123 --- id: 256  
0号worker ---- good : 124 --- finish: 124 --- id: 258  
0号worker ---- good : 125 --- finish: 125 --- id: 262  
0号worker ---- good : 126 --- finish: 126 --- id: 264  
0号worker ---- good : 127 --- finish: 127 --- id: 266  
0号worker ---- good : 128 --- finish: 128 --- id: 267  
0号worker ---- good : 129 --- finish: 129 --- id: 272  
0号worker ---- good : 130 --- finish: 130 --- id: 274  
0号worker ---- good : 131 --- finish: 131 --- id: 277  
0号worker ---- good : 132 --- finish: 132 --- id: 280  
0号worker ---- good : 133 --- finish: 133 --- id: 281  
0号worker ---- good : 134 --- finish: 134 --- id: 282  
0号worker ---- good : 135 --- finish: 135 --- id: 286  
0号worker ---- good : 136 --- finish: 136 --- id: 288  
0号worker ---- good : 137 --- finish: 137 --- id: 289  
0号worker ---- good : 138 --- finish: 138 --- id: 291  
0号worker ---- good : 139 --- finish: 139 --- id: 292  
0号worker ---- good : 140 --- finish: 140 --- id: 295  
0号worker ---- good : 141 --- finish: 141 --- id: 299  
0号worker ---- good : 142 --- finish: 142 --- id: 300  
0号worker ---- good : 143 --- finish: 143 --- id: 301  
0号worker ---- good : 144 --- finish: 144 --- id: 303  
0号worker ---- good : 145 --- finish: 145 --- id: 304  
0号worker ---- good : 146 --- finish: 146 --- id: 309  
0号worker ---- good : 147 --- finish: 147 --- id: 310  
0号worker ---- good : 148 --- finish: 148 --- id: 313  
0号worker ---- good : 149 --- finish: 149 --- id: 320  
0号worker ---- good : 151 --- finish: 151 --- id: 324 325  
0号worker ---- good : 152 --- finish: 152 --- id: 327  
0号worker ---- good : 153 --- finish: 153 --- id: 328  
0号worker ---- good : 154 --- finish: 154 --- id: 330  
0号worker ---- good : 155 --- finish: 155 --- id: 336  
0号worker ---- good : 156 --- finish: 156 --- id: 337  
0号worker ---- good : 157 --- finish: 157 --- id: 339  
0号worker ---- good : 158 --- finish: 158 --- id: 342  
0号worker ---- good : 159 --- finish: 159 --- id: 344  
0号worker ---- good : 160 --- finish: 160 --- id: 345  
0号worker ---- good : 161 --- finish: 161 --- id: 346  
0号worker ---- good : 162 --- finish: 162 --- id: 348  
0号worker ---- good : 163 --- finish: 163 --- id: 350  
0号worker ---- good : 164 --- finish: 164 --- id: 352  
0号worker ---- good : 165 --- finish: 165 --- id: 356  
0号worker ---- good : 166 --- finish: 166 --- id: 357  
0号worker ---- good : 167 --- finish: 167 --- id: 362  
0号worker ---- good : 168 --- finish: 168 --- id: 363  
0号worker ---- good : 169 --- finish: 169 --- id: 364  
0号worker ---- good : 170 --- finish: 170 --- id: 369  
0号worker ---- good : 171 --- finish: 171 --- id: 373  
0号worker ---- good : 172 --- finish: 172 --- id: 374  
0号worker ---- good : 173 --- finish: 173 --- id: 375  
0号worker ---- good : 174 --- finish: 174 --- id: 379  
0号worker ---- good : 175 --- finish: 175 --- id: 380  
0号worker ---- good : 176 --- finish: 176 --- id: 382  
0号worker ---- good : 177 --- finish: 177 --- id: 384  
0号worker ---- good : 178 --- finish: 178 --- id: 387  
0号worker ---- good : 179 --- finish: 179 --- id: 389  
0号worker ---- good : 180 --- finish: 180 --- id: 391  
0号worker ---- good : 181 --- finish: 181 --- id: 392  
0号worker ---- good : 182 --- finish: 182 --- id: 393  
0号worker ---- good : 183 --- finish: 183 --- id: 396  
0号worker ---- good : 184 --- finish: 184 --- id: 397  
0号worker ---- good : 185 --- finish: 185 --- id: 398  
0号worker ---- good : 186 --- finish: 186 --- id: 399  
0号worker ---- good : 187 --- finish: 187 --- id: 400  
0号worker ---- good : 188 --- finish: 188 --- id: 403  
0号worker ---- good : 189 --- finish: 189 --- id: 404  
0号worker ---- good : 190 --- finish: 190 --- id: 405  
0号worker ---- good : 191 --- finish: 191 --- id: 407  
0号worker ---- good : 192 --- finish: 192 --- id: 409  
0号worker ---- good : 193 --- finish: 193 --- id: 412  
0号worker ---- good : 194 --- finish: 194 --- id: 413  
0号worker ---- good : 195 --- finish: 195 --- id: 415  
0号worker ---- good : 196 --- finish: 196 --- id: 416  
0号worker ---- good : 197 --- finish: 197 --- id: 417  
0号worker ---- good : 198 --- finish: 198 --- id: 419  
0号worker ---- good : 200 --- finish: 200 --- id: 421 426  
0号worker ---- good : 201 --- finish: 201 --- id: 427  
0号worker ---- good : 202 --- finish: 202 --- id: 428  
0号worker ---- good : 203 --- finish: 203 --- id: 433  
0号worker ---- good : 204 --- finish: 204 --- id: 438  
0号worker ---- good : 205 --- finish: 205 --- id: 439  
0号worker ---- good : 206 --- finish: 206 --- id: 440  
0号worker ---- good : 207 --- finish: 207 --- id: 442  
0号worker ---- good : 208 --- finish: 208 --- id: 443  
0号worker ---- good : 209 --- finish: 209 --- id: 444  
0号worker ---- good : 210 --- finish: 210 --- id: 445  
0号worker ---- good : 211 --- finish: 211 --- id: 450  
0号worker ---- good : 212 --- finish: 212 --- id: 456  
0号worker ---- good : 213 --- finish: 213 --- id: 458  
0号worker ---- good : 214 --- finish: 214 --- id: 459  
0号worker ---- good : 215 --- finish: 215 --- id: 460  
0号worker ---- good : 216 --- finish: 216 --- id: 462  
0号worker ---- good : 217 --- finish: 217 --- id: 463  
0号worker ---- good : 218 --- finish: 218 --- id: 464  
0号worker ---- good : 219 --- finish: 219 --- id: 469  
0号worker ---- good : 220 --- finish: 220 --- id: 470  
0号worker ---- good : 221 --- finish: 221 --- id: 472  
0号worker ---- good : 222 --- finish: 222 --- id: 474  
0号worker ---- good : 223 --- finish: 223 --- id: 476  
0号worker ---- good : 224 --- finish: 224 --- id: 477  
0号worker ---- good : 225 --- finish: 225 --- id: 480  
0号worker ---- good : 226 --- finish: 226 --- id: 481  
0号worker ---- good : 227 --- finish: 227 --- id: 485  
0号worker ---- good : 228 --- finish: 228 --- id: 488  
0号worker ---- good : 229 --- finish: 229 --- id: 490  
0号worker ---- good : 230 --- finish: 230 --- id: 492  
0号worker ---- good : 231 --- finish: 231 --- id: 495  
