{"batch_size": 1, "time": 1714375543.447176, "high_priority_count": 1, "low_priority_count": 0, "queue_size_before_schedule": 1, "batch_size_after_schedule": 0, "running_requests_id_list": [-1], "rest_time": [9999.995422363281]}
goodput: 1, total_request: 1
{"batch_size": 0, "time": 1714375543.9822173, "queue_size_before_schedule": 0, "msg": "emptyqueue"}
{"batch_size": 1, "time": 1714375543.982837, "high_priority_count": 1, "low_priority_count": 0, "queue_size_before_schedule": 1, "batch_size_after_schedule": 0, "running_requests_id_list": [-1], "rest_time": [9999.763103961945]}
goodput: 2, total_request: 2
{"batch_size": 0, "time": 1714375544.0200245, "queue_size_before_schedule": 0, "msg": "emptyqueue"}
{"batch_size": 1, "time": 1714375544.0473223, "high_priority_count": 1, "low_priority_count": 0, "queue_size_before_schedule": 1, "batch_size_after_schedule": 0, "running_requests_id_list": [-1], "rest_time": [9999.999341249466]}
goodput: 3, total_request: 3
{"batch_size": 0, "time": 1714375544.0685682, "queue_size_before_schedule": 0, "msg": "emptyqueue"}
{"batch_size": 1, "time": 1714375544.3478274, "high_priority_count": 1, "low_priority_count": 0, "queue_size_before_schedule": 1, "batch_size_after_schedule": 0, "running_requests_id_list": [-1], "rest_time": [9999.999466896057]}
goodput: 4, total_request: 4
{"batch_size": 0, "time": 1714375544.378842, "queue_size_before_schedule": 0, "msg": "emptyqueue"}
{"batch_size": 1, "time": 1714375544.6484246, "high_priority_count": 1, "low_priority_count": 0, "queue_size_before_schedule": 1, "batch_size_after_schedule": 0, "running_requests_id_list": [-1], "rest_time": [9999.999377727509]}
goodput: 5, total_request: 5
{"batch_size": 0, "time": 1714375544.676971, "queue_size_before_schedule": 0, "msg": "emptyqueue"}
{"batch_size": 1, "time": 1714375544.9487317, "high_priority_count": 1, "low_priority_count": 0, "queue_size_before_schedule": 1, "batch_size_after_schedule": 0, "running_requests_id_list": [-1], "rest_time": [9999.999557733536]}
goodput: 6, total_request: 6
{"batch_size": 0, "time": 1714375544.9786582, "queue_size_before_schedule": 0, "msg": "emptyqueue"}
{"batch_size": 1, "time": 1714375545.2492278, "high_priority_count": 1, "low_priority_count": 0, "queue_size_before_schedule": 1, "batch_size_after_schedule": 0, "running_requests_id_list": [-1], "rest_time": [9999.999574422836]}
goodput: 7, total_request: 7
{"batch_size": 0, "time": 1714375545.2763882, "queue_size_before_schedule": 0, "msg": "emptyqueue"}
{"batch_size": 1, "time": 1714375545.5497162, "high_priority_count": 1, "low_priority_count": 0, "queue_size_before_schedule": 1, "batch_size_after_schedule": 0, "running_requests_id_list": [-1], "rest_time": [9999.99957203865]}
goodput: 8, total_request: 8
{"batch_size": 0, "time": 1714375545.5800366, "queue_size_before_schedule": 0, "msg": "emptyqueue"}
{"batch_size": 1, "time": 1714375545.850389, "high_priority_count": 1, "low_priority_count": 0, "queue_size_before_schedule": 1, "batch_size_after_schedule": 0, "running_requests_id_list": [-1], "rest_time": [9999.999278306961]}
goodput: 9, total_request: 9
{"batch_size": 0, "time": 1714375545.8787024, "queue_size_before_schedule": 0, "msg": "emptyqueue"}
{"batch_size": 1, "time": 1714375546.151017, "high_priority_count": 1, "low_priority_count": 0, "queue_size_before_schedule": 1, "batch_size_after_schedule": 0, "running_requests_id_list": [-1], "rest_time": [9999.999400377274]}
goodput: 10, total_request: 10
{"batch_size": 0, "time": 1714375546.1803646, "queue_size_before_schedule": 0, "msg": "emptyqueue"}
{"batch_size": 1, "time": 1714375546.451897, "high_priority_count": 1, "low_priority_count": 0, "queue_size_before_schedule": 1, "batch_size_after_schedule": 0, "running_requests_id_list": [-1], "rest_time": [9999.999159097672]}
goodput: 11, total_request: 11
{"batch_size": 0, "time": 1714375546.4881063, "queue_size_before_schedule": 0, "msg": "emptyqueue"}
{"batch_size": 1, "time": 1714375546.7524211, "high_priority_count": 1, "low_priority_count": 0, "queue_size_before_schedule": 1, "batch_size_after_schedule": 0, "running_requests_id_list": [-1], "rest_time": [9999.999252796173]}
goodput: 12, total_request: 12
{"batch_size": 0, "time": 1714375546.7845778, "queue_size_before_schedule": 0, "msg": "emptyqueue"}
{"batch_size": 1, "time": 1714375547.0530953, "high_priority_count": 1, "low_priority_count": 0, "queue_size_before_schedule": 1, "batch_size_after_schedule": 0, "running_requests_id_list": [-1], "rest_time": [9999.999328374863]}
goodput: 13, total_request: 13
{"batch_size": 0, "time": 1714375547.0900235, "queue_size_before_schedule": 0, "msg": "emptyqueue"}
{"batch_size": 1, "time": 1714375547.353845, "high_priority_count": 1, "low_priority_count": 0, "queue_size_before_schedule": 1, "batch_size_after_schedule": 0, "running_requests_id_list": [-1], "rest_time": [9999.99927854538]}
goodput: 14, total_request: 14
{"batch_size": 0, "time": 1714375547.384568, "queue_size_before_schedule": 0, "msg": "emptyqueue"}
{"batch_size": 1, "time": 1714375547.6546748, "high_priority_count": 1, "low_priority_count": 0, "queue_size_before_schedule": 1, "batch_size_after_schedule": 0, "running_requests_id_list": [-1], "rest_time": [9999.99907708168]}
goodput: 15, total_request: 15
{"batch_size": 0, "time": 1714375547.6800914, "queue_size_before_schedule": 0, "msg": "emptyqueue"}
{"batch_size": 1, "time": 1714375567.6774979, "high_priority_count": 1, "low_priority_count": 0, "queue_size_before_schedule": 1, "batch_size_after_schedule": 0, "running_requests_id_list": [0], "rest_time": [4.356380462646484]}
goodput: 16, total_request: 16
{"batch_size": 0, "time": 1714375567.708708, "queue_size_before_schedule": 0, "msg": "emptyqueue"}
{"batch_size": 3, "time": 1714375567.709676, "high_priority_count": 3, "low_priority_count": 0, "queue_size_before_schedule": 3, "batch_size_after_schedule": 0, "running_requests_id_list": [1, 2, 3], "rest_time": [4.626694917678833, 3.1395561695098877, 3.4374327659606934]}
goodput: 19, total_request: 19
{"batch_size": 0, "time": 1714375567.7292132, "queue_size_before_schedule": 0, "msg": "emptyqueue"}
{"batch_size": 1, "time": 1714375575.736998, "high_priority_count": 1, "low_priority_count": 0, "queue_size_before_schedule": 1, "batch_size_after_schedule": 0, "running_requests_id_list": [4], "rest_time": [3.4638216495513916]}
goodput: 20, total_request: 20
{"batch_size": 0, "time": 1714375575.7723556, "queue_size_before_schedule": 0, "msg": "emptyqueue"}
{"batch_size": 1, "time": 1714375576.0424285, "high_priority_count": 1, "low_priority_count": 0, "queue_size_before_schedule": 1, "batch_size_after_schedule": 0, "running_requests_id_list": [5], "rest_time": [3.861546754837036]}
goodput: 21, total_request: 21
{"batch_size": 0, "time": 1714375576.075547, "queue_size_before_schedule": 0, "msg": "emptyqueue"}
{"batch_size": 3, "time": 1714375576.0766592, "high_priority_count": 3, "low_priority_count": 0, "queue_size_before_schedule": 3, "batch_size_after_schedule": 0, "running_requests_id_list": [6, 7, 8], "rest_time": [4.027654647827148, 5.019775390625, 4.920809268951416]}
goodput: 24, total_request: 24
{"batch_size": 0, "time": 1714375576.1063764, "queue_size_before_schedule": 0, "msg": "emptyqueue"}
{"batch_size": 1, "time": 1714375576.2767897, "high_priority_count": 1, "low_priority_count": 0, "queue_size_before_schedule": 1, "batch_size_after_schedule": 0, "running_requests_id_list": [9], "rest_time": [3.564059019088745]}
goodput: 25, total_request: 25
{"batch_size": 0, "time": 1714375576.3072488, "queue_size_before_schedule": 0, "msg": "emptyqueue"}
{"batch_size": 2, "time": 1714375590.0540981, "high_priority_count": 2, "low_priority_count": 0, "queue_size_before_schedule": 2, "batch_size_after_schedule": 0, "running_requests_id_list": [10, 11], "rest_time": [3.7613537311553955, 4.357330799102783]}
goodput: 27, total_request: 33
{"batch_size": 6, "time": 1714375590.095342, "high_priority_count": 6, "low_priority_count": 0, "queue_size_before_schedule": 6, "batch_size_after_schedule": 0, "running_requests_id_list": [12, 13, 14, 15, 16, 17], "rest_time": [3.225555658340454, 3.721792459487915, 3.821626663208008, 4.516099452972412, 4.813940048217773, 3.6241297721862793]}
goodput: 33, total_request: 34
{"batch_size": 1, "time": 1714375590.1357956, "high_priority_count": 1, "low_priority_count": 0, "queue_size_before_schedule": 1, "batch_size_after_schedule": 0, "running_requests_id_list": [18], "rest_time": [4.3824217319488525]}
goodput: 34, total_request: 34
{"batch_size": 0, "time": 1714375590.1582193, "queue_size_before_schedule": 0, "msg": "emptyqueue"}
{"batch_size": 2, "time": 1714375595.1617546, "high_priority_count": 2, "low_priority_count": 0, "queue_size_before_schedule": 2, "batch_size_after_schedule": 0, "running_requests_id_list": [19, 20], "rest_time": [3.9602370262145996, 4.060048341751099]}
goodput: 36, total_request: 36
{"batch_size": 0, "time": 1714375595.19409, "queue_size_before_schedule": 0, "msg": "emptyqueue"}
{"batch_size": 1, "time": 1714375595.2025084, "high_priority_count": 1, "low_priority_count": 0, "queue_size_before_schedule": 1, "batch_size_after_schedule": 0, "running_requests_id_list": [21], "rest_time": [5.150932550430298]}
goodput: 37, total_request: 37
{"batch_size": 0, "time": 1714375595.2311726, "queue_size_before_schedule": 0, "msg": "emptyqueue"}
{"batch_size": 5, "time": 1714375595.232103, "high_priority_count": 5, "low_priority_count": 0, "queue_size_before_schedule": 5, "batch_size_after_schedule": 0, "running_requests_id_list": [22, 23, 24, 25, 26], "rest_time": [5.042154788970947, 4.744983911514282, 5.042727708816528, 3.656076192855835, 4.648116827011108]}
goodput: 42, total_request: 42
{"batch_size": 0, "time": 1714375595.2656338, "queue_size_before_schedule": 0, "msg": "emptyqueue"}
{"batch_size": 5, "time": 1714375595.266984, "high_priority_count": 5, "low_priority_count": 0, "queue_size_before_schedule": 5, "batch_size_after_schedule": 0, "running_requests_id_list": [27, 28, 29, 30, 31], "rest_time": [4.627495765686035, 3.140251636505127, 4.9255828857421875, 3.4534096717834473, 4.842226028442383]}
goodput: 47, total_request: 47
{"batch_size": 0, "time": 1714375595.3043776, "queue_size_before_schedule": 0, "msg": "emptyqueue"}
{"batch_size": 1, "time": 1714375595.8019853, "high_priority_count": 1, "low_priority_count": 0, "queue_size_before_schedule": 1, "batch_size_after_schedule": 0, "running_requests_id_list": [32], "rest_time": [5.051688194274902]}
goodput: 48, total_request: 48
{"batch_size": 0, "time": 1714375595.8349705, "queue_size_before_schedule": 0, "msg": "emptyqueue"}
{"batch_size": 1, "time": 1714375596.5595872, "high_priority_count": 1, "low_priority_count": 0, "queue_size_before_schedule": 1, "batch_size_after_schedule": 0, "running_requests_id_list": [33], "rest_time": [5.051488637924194]}
goodput: 49, total_request: 49
{"batch_size": 0, "time": 1714375596.594595, "queue_size_before_schedule": 0, "msg": "emptyqueue"}
{"batch_size": 1, "time": 1714375609.0746791, "high_priority_count": 1, "low_priority_count": 0, "queue_size_before_schedule": 1, "batch_size_after_schedule": 0, "running_requests_id_list": [34], "rest_time": [5.0512144565582275]}
goodput: 50, total_request: 50
{"batch_size": 0, "time": 1714375609.1158705, "queue_size_before_schedule": 0, "msg": "emptyqueue"}
{"batch_size": 1, "time": 1714375621.752283, "high_priority_count": 1, "low_priority_count": 0, "queue_size_before_schedule": 1, "batch_size_after_schedule": 0, "running_requests_id_list": [35], "rest_time": [4.555297136306763]}
goodput: 51, total_request: 51
{"batch_size": 0, "time": 1714375621.7910354, "queue_size_before_schedule": 0, "msg": "emptyqueue"}
{"batch_size": 5, "time": 1714375621.8556142, "high_priority_count": 5, "low_priority_count": 0, "queue_size_before_schedule": 5, "batch_size_after_schedule": 0, "running_requests_id_list": [36, 37, 38, 39, 40], "rest_time": [3.86039400100708, 3.166703701019287, 3.26615571975708, 4.0598320960998535, 3.1675407886505127]}
goodput: 56, total_request: 56
{"batch_size": 0, "time": 1714375621.8891854, "queue_size_before_schedule": 0, "msg": "emptyqueue"}
{"batch_size": 8, "time": 1714375621.890983, "high_priority_count": 8, "low_priority_count": 0, "queue_size_before_schedule": 8, "batch_size_after_schedule": 0, "running_requests_id_list": [41, 42, 43, 44, 45, 46, 47, 48], "rest_time": [4.12559700012207, 5.1179609298706055, 3.434117555618286, 4.227872133255005, 4.922301292419434, 3.335714817047119, 3.1400532722473145, 3.165745735168457]}
goodput: 64, total_request: 64
{"batch_size": 0, "time": 1714375621.9224021, "queue_size_before_schedule": 0, "msg": "emptyqueue"}
{"batch_size": 2, "time": 1714375621.9832695, "high_priority_count": 2, "low_priority_count": 0, "queue_size_before_schedule": 2, "batch_size_after_schedule": 0, "running_requests_id_list": [49, 50], "rest_time": [3.5637612342834473, 3.66335129737854]}
goodput: 66, total_request: 66
{"batch_size": 0, "time": 1714375622.0074246, "queue_size_before_schedule": 0, "msg": "emptyqueue"}
{"batch_size": 3, "time": 1714375622.0083816, "high_priority_count": 3, "low_priority_count": 0, "queue_size_before_schedule": 3, "batch_size_after_schedule": 0, "running_requests_id_list": [51, 52, 53], "rest_time": [3.740602731704712, 3.9391794204711914, 5.129478216171265]}
goodput: 69, total_request: 69
{"batch_size": 0, "time": 1714375622.0323775, "queue_size_before_schedule": 0, "msg": "emptyqueue"}
{"batch_size": 1, "time": 1714375622.033017, "high_priority_count": 1, "low_priority_count": 0, "queue_size_before_schedule": 1, "batch_size_after_schedule": 0, "running_requests_id_list": [54], "rest_time": [4.849572658538818]}
goodput: 70, total_request: 70
{"batch_size": 0, "time": 1714375622.0531924, "queue_size_before_schedule": 0, "msg": "emptyqueue"}
{"batch_size": 1, "time": 1714375622.503977, "high_priority_count": 1, "low_priority_count": 0, "queue_size_before_schedule": 1, "batch_size_after_schedule": 0, "running_requests_id_list": [55], "rest_time": [4.654867172241211]}
goodput: 71, total_request: 71
{"batch_size": 0, "time": 1714375622.5271118, "queue_size_before_schedule": 0, "msg": "emptyqueue"}
{"batch_size": 1, "time": 1714375624.1959925, "high_priority_count": 1, "low_priority_count": 0, "queue_size_before_schedule": 1, "batch_size_after_schedule": 0, "running_requests_id_list": [56], "rest_time": [3.563206911087036]}
goodput: 72, total_request: 72
{"batch_size": 0, "time": 1714375624.239067, "queue_size_before_schedule": 0, "msg": "emptyqueue"}
{"batch_size": 1, "time": 1714375625.9053466, "high_priority_count": 1, "low_priority_count": 0, "queue_size_before_schedule": 1, "batch_size_after_schedule": 0, "running_requests_id_list": [57], "rest_time": [4.059739351272583]}
goodput: 73, total_request: 73
{"batch_size": 0, "time": 1714375625.9336352, "queue_size_before_schedule": 0, "msg": "emptyqueue"}
{"batch_size": 1, "time": 1714375625.980762, "high_priority_count": 1, "low_priority_count": 0, "queue_size_before_schedule": 1, "batch_size_after_schedule": 0, "running_requests_id_list": [58], "rest_time": [4.158973693847656]}
goodput: 74, total_request: 74
{"batch_size": 0, "time": 1714375626.00546, "queue_size_before_schedule": 0, "msg": "emptyqueue"}
{"batch_size": 3, "time": 1714375632.5979652, "high_priority_count": 3, "low_priority_count": 0, "queue_size_before_schedule": 3, "batch_size_after_schedule": 0, "running_requests_id_list": [59, 60, 61], "rest_time": [3.26580810546875, 3.266378402709961, 3.861697196960449]}
goodput: 77, total_request: 77
{"batch_size": 0, "time": 1714375632.652983, "queue_size_before_schedule": 0, "msg": "emptyqueue"}
{"batch_size": 6, "time": 1714375632.6540408, "high_priority_count": 6, "low_priority_count": 0, "queue_size_before_schedule": 6, "batch_size_after_schedule": 0, "running_requests_id_list": [62, 63, 64, 65, 66, 67], "rest_time": [4.021017551422119, 3.4321844577789307, 3.730053424835205, 4.227867126464844, 4.5276172161102295, 4.938412666320801]}
goodput: 83, total_request: 83
{"batch_size": 0, "time": 1714375632.692222, "queue_size_before_schedule": 0, "msg": "emptyqueue"}
{"batch_size": 2, "time": 1714375634.8733666, "high_priority_count": 2, "low_priority_count": 0, "queue_size_before_schedule": 2, "batch_size_after_schedule": 0, "running_requests_id_list": [68, 69], "rest_time": [3.166815996170044, 4.555775880813599]}
goodput: 85, total_request: 85
{"batch_size": 0, "time": 1714375634.9149876, "queue_size_before_schedule": 0, "msg": "emptyqueue"}
{"batch_size": 2, "time": 1714375635.2825837, "high_priority_count": 2, "low_priority_count": 0, "queue_size_before_schedule": 2, "batch_size_after_schedule": 0, "running_requests_id_list": [70, 71], "rest_time": [3.4639692306518555, 4.357294797897339]}
goodput: 87, total_request: 87
{"batch_size": 0, "time": 1714375635.3130558, "queue_size_before_schedule": 0, "msg": "emptyqueue"}
{"batch_size": 4, "time": 1714375635.3423927, "high_priority_count": 4, "low_priority_count": 0, "queue_size_before_schedule": 4, "batch_size_after_schedule": 0, "running_requests_id_list": [72, 73, 74, 75], "rest_time": [4.158254861831665, 5.150411128997803, 4.258129835128784, 3.5641603469848633]}
goodput: 91, total_request: 91
{"batch_size": 0, "time": 1714375635.3743508, "queue_size_before_schedule": 0, "msg": "emptyqueue"}
{"batch_size": 1, "time": 1714375635.7600334, "high_priority_count": 1, "low_priority_count": 0, "queue_size_before_schedule": 1, "batch_size_after_schedule": 0, "running_requests_id_list": [76], "rest_time": [3.7623722553253174]}
goodput: 92, total_request: 93
{"batch_size": 1, "time": 1714375635.796212, "high_priority_count": 1, "low_priority_count": 0, "queue_size_before_schedule": 1, "batch_size_after_schedule": 0, "running_requests_id_list": [77], "rest_time": [3.528275728225708]}
goodput: 93, total_request: 93
{"batch_size": 0, "time": 1714375635.8232703, "queue_size_before_schedule": 0, "msg": "emptyqueue"}
{"batch_size": 1, "time": 1714375635.8238397, "high_priority_count": 1, "low_priority_count": 0, "queue_size_before_schedule": 1, "batch_size_after_schedule": 0, "running_requests_id_list": [78], "rest_time": [4.631952285766602]}
goodput: 94, total_request: 94
{"batch_size": 0, "time": 1714375635.8454564, "queue_size_before_schedule": 0, "msg": "emptyqueue"}
{"batch_size": 1, "time": 1714375635.8709092, "high_priority_count": 1, "low_priority_count": 0, "queue_size_before_schedule": 1, "batch_size_after_schedule": 0, "running_requests_id_list": [79], "rest_time": [5.150983095169067]}
goodput: 95, total_request: 95
{"batch_size": 0, "time": 1714375635.8998652, "queue_size_before_schedule": 0, "msg": "emptyqueue"}
{"batch_size": 2, "time": 1714375647.9018085, "high_priority_count": 2, "low_priority_count": 0, "queue_size_before_schedule": 2, "batch_size_after_schedule": 0, "running_requests_id_list": [80, 81], "rest_time": [3.464292049407959, 4.357367038726807]}
goodput: 97, total_request: 97
{"batch_size": 0, "time": 1714375647.9439778, "queue_size_before_schedule": 0, "msg": "emptyqueue"}
{"batch_size": 1, "time": 1714375647.9854023, "high_priority_count": 1, "low_priority_count": 0, "queue_size_before_schedule": 1, "batch_size_after_schedule": 0, "running_requests_id_list": [82], "rest_time": [3.563920736312866]}
goodput: 98, total_request: 98
{"batch_size": 0, "time": 1714375648.017948, "queue_size_before_schedule": 0, "msg": "emptyqueue"}
{"batch_size": 2, "time": 1714375648.0192227, "high_priority_count": 2, "low_priority_count": 0, "queue_size_before_schedule": 2, "batch_size_after_schedule": 0, "running_requests_id_list": [83, 84], "rest_time": [5.117639780044556, 3.927823543548584]}
goodput: 100, total_request: 100
{"batch_size": 0, "time": 1714375648.0543668, "queue_size_before_schedule": 0, "msg": "emptyqueue"}
{"batch_size": 2, "time": 1714375648.3046682, "high_priority_count": 2, "low_priority_count": 0, "queue_size_before_schedule": 2, "batch_size_after_schedule": 0, "running_requests_id_list": [85, 86], "rest_time": [4.555401086807251, 4.655054092407227]}
goodput: 102, total_request: 102
{"batch_size": 0, "time": 1714375648.3346303, "queue_size_before_schedule": 0, "msg": "emptyqueue"}
{"batch_size": 1, "time": 1714375648.3521216, "high_priority_count": 1, "low_priority_count": 0, "queue_size_before_schedule": 1, "batch_size_after_schedule": 0, "running_requests_id_list": [87], "rest_time": [5.151045083999634]}
goodput: 103, total_request: 104
{"batch_size": 1, "time": 1714375648.3762095, "high_priority_count": 1, "low_priority_count": 0, "queue_size_before_schedule": 1, "batch_size_after_schedule": 0, "running_requests_id_list": [88], "rest_time": [3.441282033920288]}
goodput: 104, total_request: 105
{"batch_size": 1, "time": 1714375648.4005086, "high_priority_count": 1, "low_priority_count": 0, "queue_size_before_schedule": 1, "batch_size_after_schedule": 0, "running_requests_id_list": [89], "rest_time": [4.60932731628418]}
goodput: 105, total_request: 105
{"batch_size": 0, "time": 1714375648.4226456, "queue_size_before_schedule": 0, "msg": "emptyqueue"}
{"batch_size": 2, "time": 1714375652.6674364, "high_priority_count": 2, "low_priority_count": 0, "queue_size_before_schedule": 2, "batch_size_after_schedule": 0, "running_requests_id_list": [90, 91], "rest_time": [4.4552507400512695, 4.753865957260132]}
goodput: 107, total_request: 107
{"batch_size": 0, "time": 1714375652.7090275, "queue_size_before_schedule": 0, "msg": "emptyqueue"}
{"batch_size": 1, "time": 1714375652.7508826, "high_priority_count": 1, "low_priority_count": 0, "queue_size_before_schedule": 1, "batch_size_after_schedule": 0, "running_requests_id_list": [92], "rest_time": [4.853404760360718]}
goodput: 108, total_request: 110
{"batch_size": 2, "time": 1714375652.7758422, "high_priority_count": 2, "low_priority_count": 0, "queue_size_before_schedule": 2, "batch_size_after_schedule": 0, "running_requests_id_list": [93, 94], "rest_time": [3.6386454105377197, 4.035587787628174]}
goodput: 110, total_request: 110
{"batch_size": 0, "time": 1714375652.80018, "queue_size_before_schedule": 0, "msg": "emptyqueue"}
{"batch_size": 6, "time": 1714375652.855873, "high_priority_count": 6, "low_priority_count": 0, "queue_size_before_schedule": 6, "batch_size_after_schedule": 0, "running_requests_id_list": [95, 96, 97, 98, 99, 100], "rest_time": [3.4633727073669434, 3.166199207305908, 3.6623315811157227, 3.16670560836792, 4.852906942367554, 4.952421426773071]}
goodput: 116, total_request: 116
{"batch_size": 0, "time": 1714375652.8827689, "queue_size_before_schedule": 0, "msg": "emptyqueue"}
{"batch_size": 2, "time": 1714375652.8832808, "high_priority_count": 2, "low_priority_count": 0, "queue_size_before_schedule": 2, "batch_size_after_schedule": 0, "running_requests_id_list": [101, 102], "rest_time": [3.5631625652313232, 3.365719795227051]}
goodput: 118, total_request: 118
{"batch_size": 0, "time": 1714375652.9149654, "queue_size_before_schedule": 0, "msg": "emptyqueue"}
{"batch_size": 7, "time": 1714375652.9167411, "high_priority_count": 7, "low_priority_count": 0, "queue_size_before_schedule": 7, "batch_size_after_schedule": 0, "running_requests_id_list": [103, 104, 105, 106, 107, 108, 109], "rest_time": [4.738885879516602, 3.449862003326416, 3.350841999053955, 4.147034406661987, 4.452439785003662, 4.750271558761597, 3.8579397201538086]}
goodput: 125, total_request: 125
{"batch_size": 0, "time": 1714375652.9583585, "queue_size_before_schedule": 0, "msg": "emptyqueue"}
{"batch_size": 1, "time": 1714375652.9588468, "high_priority_count": 1, "low_priority_count": 0, "queue_size_before_schedule": 1, "batch_size_after_schedule": 0, "running_requests_id_list": [110], "rest_time": [4.046317100524902]}
goodput: 126, total_request: 126
{"batch_size": 0, "time": 1714375652.9834416, "queue_size_before_schedule": 0, "msg": "emptyqueue"}
{"batch_size": 2, "time": 1714375658.421146, "high_priority_count": 2, "low_priority_count": 0, "queue_size_before_schedule": 2, "batch_size_after_schedule": 0, "running_requests_id_list": [111, 112], "rest_time": [3.1665608882904053, 4.159111022949219]}
goodput: 128, total_request: 128
{"batch_size": 0, "time": 1714375658.454699, "queue_size_before_schedule": 0, "msg": "emptyqueue"}
{"batch_size": 4, "time": 1714375658.4557507, "high_priority_count": 4, "low_priority_count": 0, "queue_size_before_schedule": 4, "batch_size_after_schedule": 0, "running_requests_id_list": [113, 114, 115, 116], "rest_time": [4.918605327606201, 4.224647521972656, 3.332303047180176, 3.332543134689331]}
goodput: 132, total_request: 132
{"batch_size": 0, "time": 1714375658.4873455, "queue_size_before_schedule": 0, "msg": "emptyqueue"}
{"batch_size": 1, "time": 1714375659.655359, "high_priority_count": 1, "low_priority_count": 0, "queue_size_before_schedule": 1, "batch_size_after_schedule": 0, "running_requests_id_list": [117], "rest_time": [3.4645941257476807]}
goodput: 133, total_request: 133
{"batch_size": 0, "time": 1714375659.676944, "queue_size_before_schedule": 0, "msg": "emptyqueue"}
{"batch_size": 1, "time": 1714375659.6778016, "high_priority_count": 1, "low_priority_count": 0, "queue_size_before_schedule": 1, "batch_size_after_schedule": 0, "running_requests_id_list": [118], "rest_time": [3.443027973175049]}
goodput: 134, total_request: 134
{"batch_size": 0, "time": 1714375659.7023869, "queue_size_before_schedule": 0, "msg": "emptyqueue"}
{"batch_size": 1, "time": 1714375659.7185798, "high_priority_count": 1, "low_priority_count": 0, "queue_size_before_schedule": 1, "batch_size_after_schedule": 0, "running_requests_id_list": [119], "rest_time": [4.952479362487793]}
goodput: 135, total_request: 135
{"batch_size": 0, "time": 1714375659.7437673, "queue_size_before_schedule": 0, "msg": "emptyqueue"}
{"batch_size": 3, "time": 1714375659.7446978, "high_priority_count": 3, "low_priority_count": 0, "queue_size_before_schedule": 3, "batch_size_after_schedule": 0, "running_requests_id_list": [120, 121, 122], "rest_time": [4.531448841094971, 3.4407365322113037, 5.126828908920288]}
goodput: 138, total_request: 138
{"batch_size": 0, "time": 1714375659.775109, "queue_size_before_schedule": 0, "msg": "emptyqueue"}
{"batch_size": 1, "time": 1714375659.8983455, "high_priority_count": 1, "low_priority_count": 0, "queue_size_before_schedule": 1, "batch_size_after_schedule": 0, "running_requests_id_list": [123], "rest_time": [4.853319883346558]}
goodput: 139, total_request: 139
{"batch_size": 0, "time": 1714375659.9193206, "queue_size_before_schedule": 0, "msg": "emptyqueue"}
{"batch_size": 1, "time": 1714375659.9197707, "high_priority_count": 1, "low_priority_count": 0, "queue_size_before_schedule": 1, "batch_size_after_schedule": 0, "running_requests_id_list": [124], "rest_time": [4.932407379150391]}
goodput: 140, total_request: 140
{"batch_size": 0, "time": 1714375659.9406292, "queue_size_before_schedule": 0, "msg": "emptyqueue"}
{"batch_size": 3, "time": 1714375667.57783, "high_priority_count": 3, "low_priority_count": 0, "queue_size_before_schedule": 3, "batch_size_after_schedule": 0, "running_requests_id_list": [125, 126, 127], "rest_time": [4.554991006851196, 4.059689521789551, 3.2665789127349854]}
goodput: 143, total_request: 143
{"batch_size": 0, "time": 1714375667.610811, "queue_size_before_schedule": 0, "msg": "emptyqueue"}
{"batch_size": 3, "time": 1714375667.6116555, "high_priority_count": 3, "low_priority_count": 0, "queue_size_before_schedule": 3, "batch_size_after_schedule": 0, "running_requests_id_list": [128, 129, 130], "rest_time": [3.5517077445983887, 4.147268056869507, 4.2468791007995605]}
goodput: 146, total_request: 146
{"batch_size": 0, "time": 1714375667.6376603, "queue_size_before_schedule": 0, "msg": "emptyqueue"}
{"batch_size": 3, "time": 1714375680.6918342, "high_priority_count": 3, "low_priority_count": 0, "queue_size_before_schedule": 3, "batch_size_after_schedule": 0, "running_requests_id_list": [131, 132, 133], "rest_time": [3.9598801136016846, 4.258002042770386, 3.3656959533691406]}
goodput: 149, total_request: 149
{"batch_size": 0, "time": 1714375680.7435892, "queue_size_before_schedule": 0, "msg": "emptyqueue"}
{"batch_size": 1, "time": 1714375685.5779521, "high_priority_count": 1, "low_priority_count": 0, "queue_size_before_schedule": 1, "batch_size_after_schedule": 0, "running_requests_id_list": [134], "rest_time": [5.05005669593811]}
goodput: 150, total_request: 150
{"batch_size": 0, "time": 1714375685.5971713, "queue_size_before_schedule": 0, "msg": "emptyqueue"}
{"batch_size": 4, "time": 1714375685.5982327, "high_priority_count": 4, "low_priority_count": 0, "queue_size_before_schedule": 4, "batch_size_after_schedule": 0, "running_requests_id_list": [135, 136, 137, 138], "rest_time": [4.741124629974365, 3.1547884941101074, 3.160907506942749, 3.7563493251800537]}
goodput: 154, total_request: 154
{"batch_size": 0, "time": 1714375685.6174848, "queue_size_before_schedule": 0, "msg": "emptyqueue"}
{"batch_size": 1, "time": 1714375701.7777376, "high_priority_count": 1, "low_priority_count": 0, "queue_size_before_schedule": 1, "batch_size_after_schedule": 0, "running_requests_id_list": [139], "rest_time": [5.051095724105835]}
goodput: 155, total_request: 157
{"batch_size": 2, "time": 1714375701.810217, "high_priority_count": 2, "low_priority_count": 0, "queue_size_before_schedule": 2, "batch_size_after_schedule": 0, "running_requests_id_list": [140, 141], "rest_time": [4.5237133502960205, 4.127439975738525]}
goodput: 157, total_request: 157
{"batch_size": 0, "time": 1714375701.8349001, "queue_size_before_schedule": 0, "msg": "emptyqueue"}
{"batch_size": 1, "time": 1714375702.3374894, "high_priority_count": 1, "low_priority_count": 0, "queue_size_before_schedule": 1, "batch_size_after_schedule": 0, "running_requests_id_list": [142], "rest_time": [5.051076412200928]}
goodput: 158, total_request: 160
{"batch_size": 2, "time": 1714375702.3631897, "high_priority_count": 2, "low_priority_count": 0, "queue_size_before_schedule": 2, "batch_size_after_schedule": 0, "running_requests_id_list": [143, 144], "rest_time": [3.9354333877563477, 4.431690216064453]}
goodput: 160, total_request: 160
{"batch_size": 0, "time": 1714375702.388747, "queue_size_before_schedule": 0, "msg": "emptyqueue"}
{"batch_size": 1, "time": 1714375713.2089262, "high_priority_count": 1, "low_priority_count": 0, "queue_size_before_schedule": 1, "batch_size_after_schedule": 0, "running_requests_id_list": [145], "rest_time": [3.365015983581543]}
goodput: 161, total_request: 161
{"batch_size": 0, "time": 1714375713.2317884, "queue_size_before_schedule": 0, "msg": "emptyqueue"}
{"batch_size": 1, "time": 1714375715.875681, "high_priority_count": 1, "low_priority_count": 0, "queue_size_before_schedule": 1, "batch_size_after_schedule": 0, "running_requests_id_list": [146], "rest_time": [3.4648513793945312]}
goodput: 162, total_request: 165
{"batch_size": 3, "time": 1714375715.9101913, "high_priority_count": 3, "low_priority_count": 0, "queue_size_before_schedule": 3, "batch_size_after_schedule": 0, "running_requests_id_list": [147, 148, 149], "rest_time": [3.331667423248291, 4.224542140960693, 4.4231531620025635]}
goodput: 165, total_request: 165
{"batch_size": 0, "time": 1714375715.948151, "queue_size_before_schedule": 0, "msg": "emptyqueue"}
{"batch_size": 1, "time": 1714375715.9526317, "high_priority_count": 1, "low_priority_count": 0, "queue_size_before_schedule": 1, "batch_size_after_schedule": 0, "running_requests_id_list": [150], "rest_time": [4.75410270690918]}
goodput: 166, total_request: 166
{"batch_size": 0, "time": 1714375715.9732888, "queue_size_before_schedule": 0, "msg": "emptyqueue"}
{"batch_size": 2, "time": 1714375716.1513038, "high_priority_count": 2, "low_priority_count": 0, "queue_size_before_schedule": 2, "batch_size_after_schedule": 0, "running_requests_id_list": [151, 152], "rest_time": [3.9604034423828125, 3.960859775543213]}
goodput: 168, total_request: 168
{"batch_size": 0, "time": 1714375716.1765084, "queue_size_before_schedule": 0, "msg": "emptyqueue"}
{"batch_size": 2, "time": 1714375716.177127, "high_priority_count": 2, "low_priority_count": 0, "queue_size_before_schedule": 2, "batch_size_after_schedule": 0, "running_requests_id_list": [153, 154], "rest_time": [5.048449993133545, 3.957975149154663]}
goodput: 170, total_request: 170
{"batch_size": 0, "time": 1714375716.1969862, "queue_size_before_schedule": 0, "msg": "emptyqueue"}
{"batch_size": 4, "time": 1714375717.3343358, "high_priority_count": 4, "low_priority_count": 0, "queue_size_before_schedule": 4, "batch_size_after_schedule": 0, "running_requests_id_list": [155, 156, 157, 158], "rest_time": [3.3645286560058594, 5.15033483505249, 3.464667797088623, 4.357531785964966]}
goodput: 174, total_request: 174
{"batch_size": 0, "time": 1714375717.3610072, "queue_size_before_schedule": 0, "msg": "emptyqueue"}
{"batch_size": 2, "time": 1714375717.3639278, "high_priority_count": 2, "low_priority_count": 0, "queue_size_before_schedule": 2, "batch_size_after_schedule": 0, "running_requests_id_list": [159, 160], "rest_time": [4.555485010147095, 3.1674537658691406]}
goodput: 176, total_request: 178
{"batch_size": 2, "time": 1714375717.3854558, "high_priority_count": 2, "low_priority_count": 0, "queue_size_before_schedule": 2, "batch_size_after_schedule": 0, "running_requests_id_list": [161, 162], "rest_time": [3.542980909347534, 3.4441890716552734]}
goodput: 178, total_request: 178
{"batch_size": 0, "time": 1714375717.4072607, "queue_size_before_schedule": 0, "msg": "emptyqueue"}
{"batch_size": 2, "time": 1714375717.599421, "high_priority_count": 2, "low_priority_count": 0, "queue_size_before_schedule": 2, "batch_size_after_schedule": 0, "running_requests_id_list": [163, 164], "rest_time": [4.456399202346802, 4.258408784866333]}
goodput: 180, total_request: 180
{"batch_size": 0, "time": 1714375717.6257865, "queue_size_before_schedule": 0, "msg": "emptyqueue"}
{"batch_size": 3, "time": 1714375717.626635, "high_priority_count": 3, "low_priority_count": 0, "queue_size_before_schedule": 3, "batch_size_after_schedule": 0, "running_requests_id_list": [165, 166, 167], "rest_time": [4.432407855987549, 4.432661771774292, 4.2345499992370605]}
goodput: 183, total_request: 183
{"batch_size": 0, "time": 1714375717.6482816, "queue_size_before_schedule": 0, "msg": "emptyqueue"}
{"batch_size": 1, "time": 1714375717.9623058, "high_priority_count": 1, "low_priority_count": 0, "queue_size_before_schedule": 1, "batch_size_after_schedule": 0, "running_requests_id_list": [168], "rest_time": [4.754169702529907]}
goodput: 184, total_request: 184
{"batch_size": 0, "time": 1714375717.9953415, "queue_size_before_schedule": 0, "msg": "emptyqueue"}
{"batch_size": 9, "time": 1714375717.997433, "high_priority_count": 9, "low_priority_count": 0, "queue_size_before_schedule": 9, "batch_size_after_schedule": 0, "running_requests_id_list": [169, 170, 171, 172, 173, 174, 175, 176, 177], "rest_time": [4.521413087844849, 4.721980333328247, 5.0313403606414795, 3.2463958263397217, 3.941349506378174, 3.148088216781616, 3.544908285140991, 3.7433743476867676, 4.438497066497803]}
goodput: 193, total_request: 193
{"batch_size": 0, "time": 1714375718.0500848, "queue_size_before_schedule": 0, "msg": "emptyqueue"}
{"batch_size": 1, "time": 1714375719.698391, "high_priority_count": 1, "low_priority_count": 0, "queue_size_before_schedule": 1, "batch_size_after_schedule": 0, "running_requests_id_list": [178], "rest_time": [3.8613061904907227]}
goodput: 194, total_request: 194
{"batch_size": 0, "time": 1714375719.733397, "queue_size_before_schedule": 0, "msg": "emptyqueue"}
{"batch_size": 1, "time": 1714375719.7719226, "high_priority_count": 1, "low_priority_count": 0, "queue_size_before_schedule": 1, "batch_size_after_schedule": 0, "running_requests_id_list": [179], "rest_time": [4.654932737350464]}
goodput: 195, total_request: 195
{"batch_size": 0, "time": 1714375719.8013902, "queue_size_before_schedule": 0, "msg": "emptyqueue"}
{"batch_size": 1, "time": 1714375722.3235621, "high_priority_count": 1, "low_priority_count": 0, "queue_size_before_schedule": 1, "batch_size_after_schedule": 0, "running_requests_id_list": [180], "rest_time": [4.05954384803772]}
goodput: 196, total_request: 196
{"batch_size": 0, "time": 1714375722.350815, "queue_size_before_schedule": 0, "msg": "emptyqueue"}
{"batch_size": 1, "time": 1714375722.3659303, "high_priority_count": 1, "low_priority_count": 0, "queue_size_before_schedule": 1, "batch_size_after_schedule": 0, "running_requests_id_list": [181], "rest_time": [4.952444553375244]}
goodput: 197, total_request: 197
{"batch_size": 0, "time": 1714375722.387153, "queue_size_before_schedule": 0, "msg": "emptyqueue"}
{"batch_size": 2, "time": 1714375722.5148284, "high_priority_count": 2, "low_priority_count": 0, "queue_size_before_schedule": 2, "batch_size_after_schedule": 0, "running_requests_id_list": [182, 183], "rest_time": [3.9604785442352295, 4.655148267745972]}
goodput: 199, total_request: 199
{"batch_size": 0, "time": 1714375722.5412383, "queue_size_before_schedule": 0, "msg": "emptyqueue"}
{"batch_size": 1, "time": 1714375722.8509448, "high_priority_count": 1, "low_priority_count": 0, "queue_size_before_schedule": 1, "batch_size_after_schedule": 0, "running_requests_id_list": [184], "rest_time": [4.258134841918945]}
goodput: 200, total_request: 200
{"batch_size": 0, "time": 1714375722.8822908, "queue_size_before_schedule": 0, "msg": "emptyqueue"}
{"batch_size": 1, "time": 1714375722.8828163, "high_priority_count": 1, "low_priority_count": 0, "queue_size_before_schedule": 1, "batch_size_after_schedule": 0, "running_requests_id_list": [185], "rest_time": [3.7310752868652344]}
goodput: 201, total_request: 201
{"batch_size": 0, "time": 1714375722.9122593, "queue_size_before_schedule": 0, "msg": "emptyqueue"}
{"batch_size": 1, "time": 1714375723.9515607, "high_priority_count": 1, "low_priority_count": 0, "queue_size_before_schedule": 1, "batch_size_after_schedule": 0, "running_requests_id_list": [186], "rest_time": [4.65470290184021]}
goodput: 202, total_request: 202
{"batch_size": 0, "time": 1714375723.9779866, "queue_size_before_schedule": 0, "msg": "emptyqueue"}
{"batch_size": 1, "time": 1714375729.967219, "high_priority_count": 1, "low_priority_count": 0, "queue_size_before_schedule": 1, "batch_size_after_schedule": 0, "running_requests_id_list": [187], "rest_time": [3.265789270401001]}
goodput: 203, total_request: 203
{"batch_size": 0, "time": 1714375729.998757, "queue_size_before_schedule": 0, "msg": "emptyqueue"}
{"batch_size": 1, "time": 1714375730.5108607, "high_priority_count": 1, "low_priority_count": 0, "queue_size_before_schedule": 1, "batch_size_after_schedule": 0, "running_requests_id_list": [188], "rest_time": [4.3574278354644775]}
goodput: 204, total_request: 204
{"batch_size": 0, "time": 1714375730.5337048, "queue_size_before_schedule": 0, "msg": "emptyqueue"}
{"batch_size": 1, "time": 1714375731.0018785, "high_priority_count": 1, "low_priority_count": 0, "queue_size_before_schedule": 1, "batch_size_after_schedule": 0, "running_requests_id_list": [189], "rest_time": [3.4647750854492188]}
goodput: 205, total_request: 205
{"batch_size": 0, "time": 1714375731.0229816, "queue_size_before_schedule": 0, "msg": "emptyqueue"}
{"batch_size": 8, "time": 1714375731.0246103, "high_priority_count": 8, "low_priority_count": 0, "queue_size_before_schedule": 8, "batch_size_after_schedule": 0, "running_requests_id_list": [190, 191, 192, 193, 194, 195, 196, 197], "rest_time": [4.937767505645752, 4.6406776905059814, 3.450871706008911, 4.1453471183776855, 4.3439412117004395, 3.749138593673706, 3.4518725872039795, 3.650453567504883]}
goodput: 213, total_request: 213
{"batch_size": 0, "time": 1714375731.060617, "queue_size_before_schedule": 0, "msg": "emptyqueue"}
{"batch_size": 2, "time": 1714375732.3788352, "high_priority_count": 2, "low_priority_count": 0, "queue_size_before_schedule": 2, "batch_size_after_schedule": 0, "running_requests_id_list": [198, 199], "rest_time": [4.2578816413879395, 3.167419195175171]}
goodput: 215, total_request: 215
{"batch_size": 0, "time": 1714375732.412878, "queue_size_before_schedule": 0, "msg": "emptyqueue"}
{"batch_size": 6, "time": 1714375732.4144986, "high_priority_count": 6, "low_priority_count": 0, "queue_size_before_schedule": 6, "batch_size_after_schedule": 0, "running_requests_id_list": [200, 201, 202, 203, 204, 205], "rest_time": [4.228268146514893, 3.931105375289917, 5.121408700942993, 4.1298840045928955, 4.2292516231536865, 3.6343882083892822]}
goodput: 221, total_request: 221
{"batch_size": 0, "time": 1714375732.449441, "queue_size_before_schedule": 0, "msg": "emptyqueue"}
{"batch_size": 2, "time": 1714375743.8268962, "high_priority_count": 2, "low_priority_count": 0, "queue_size_before_schedule": 2, "batch_size_after_schedule": 0, "running_requests_id_list": [206, 207], "rest_time": [4.652807950973511, 3.9597089290618896]}
goodput: 223, total_request: 223
{"batch_size": 0, "time": 1714375743.8727987, "queue_size_before_schedule": 0, "msg": "emptyqueue"}
{"batch_size": 1, "time": 1714375743.8732238, "high_priority_count": 1, "low_priority_count": 0, "queue_size_before_schedule": 1, "batch_size_after_schedule": 0, "running_requests_id_list": [208], "rest_time": [3.328742265701294]}
goodput: 224, total_request: 224
{"batch_size": 0, "time": 1714375743.8978653, "queue_size_before_schedule": 0, "msg": "emptyqueue"}
{"batch_size": 4, "time": 1714375744.0952933, "high_priority_count": 4, "low_priority_count": 0, "queue_size_before_schedule": 4, "batch_size_after_schedule": 0, "running_requests_id_list": [209, 210, 211, 212], "rest_time": [5.050102233886719, 5.050583124160767, 4.555007457733154, 5.150641679763794]}
goodput: 228, total_request: 228
{"batch_size": 0, "time": 1714375744.1270204, "queue_size_before_schedule": 0, "msg": "emptyqueue"}
{"batch_size": 1, "time": 1714375744.1273084, "high_priority_count": 1, "low_priority_count": 0, "queue_size_before_schedule": 1, "batch_size_after_schedule": 0, "running_requests_id_list": [213], "rest_time": [3.433929681777954]}
goodput: 229, total_request: 229
{"batch_size": 0, "time": 1714375744.1536462, "queue_size_before_schedule": 0, "msg": "emptyqueue"}
{"batch_size": 3, "time": 1714375744.1546838, "high_priority_count": 3, "low_priority_count": 0, "queue_size_before_schedule": 3, "batch_size_after_schedule": 0, "running_requests_id_list": [214, 215, 216], "rest_time": [3.456188201904297, 3.8532283306121826, 4.051760911941528]}
goodput: 232, total_request: 232
{"batch_size": 0, "time": 1714375744.179137, "queue_size_before_schedule": 0, "msg": "emptyqueue"}
{"batch_size": 1, "time": 1714375744.632063, "high_priority_count": 1, "low_priority_count": 0, "queue_size_before_schedule": 1, "batch_size_after_schedule": 0, "running_requests_id_list": [217], "rest_time": [4.059741258621216]}
goodput: 233, total_request: 233
{"batch_size": 0, "time": 1714375744.6605783, "queue_size_before_schedule": 0, "msg": "emptyqueue"}
{"batch_size": 3, "time": 1714375754.0984192, "high_priority_count": 3, "low_priority_count": 0, "queue_size_before_schedule": 3, "batch_size_after_schedule": 0, "running_requests_id_list": [218, 219, 220], "rest_time": [4.058636903762817, 3.46402645111084, 4.555119276046753]}
goodput: 236, total_request: 236
{"batch_size": 0, "time": 1714375754.1345823, "queue_size_before_schedule": 0, "msg": "emptyqueue"}
{"batch_size": 1, "time": 1714375759.995328, "high_priority_count": 1, "low_priority_count": 0, "queue_size_before_schedule": 1, "batch_size_after_schedule": 0, "running_requests_id_list": [221], "rest_time": [4.951452255249023]}
goodput: 237, total_request: 237
{"batch_size": 0, "time": 1714375760.0182133, "queue_size_before_schedule": 0, "msg": "emptyqueue"}
{"batch_size": 1, "time": 1714375760.0288417, "high_priority_count": 1, "low_priority_count": 0, "queue_size_before_schedule": 1, "batch_size_after_schedule": 0, "running_requests_id_list": [222], "rest_time": [4.357298135757446]}
goodput: 238, total_request: 238
{"batch_size": 0, "time": 1714375760.054057, "queue_size_before_schedule": 0, "msg": "emptyqueue"}
{"batch_size": 5, "time": 1714375760.1147106, "high_priority_count": 5, "low_priority_count": 0, "queue_size_before_schedule": 5, "batch_size_after_schedule": 0, "running_requests_id_list": [223, 224, 225, 226, 227], "rest_time": [3.4639267921447754, 4.059370994567871, 4.158770799636841, 4.45651388168335, 3.8617475032806396]}
goodput: 243, total_request: 243
{"batch_size": 0, "time": 1714375760.1496613, "queue_size_before_schedule": 0, "msg": "emptyqueue"}
{"batch_size": 1, "time": 1714375760.8904681, "high_priority_count": 1, "low_priority_count": 0, "queue_size_before_schedule": 1, "batch_size_after_schedule": 0, "running_requests_id_list": [228], "rest_time": [3.8613884449005127]}
goodput: 244, total_request: 244
{"batch_size": 0, "time": 1714375760.925516, "queue_size_before_schedule": 0, "msg": "emptyqueue"}
{"batch_size": 2, "time": 1714375760.9268475, "high_priority_count": 2, "low_priority_count": 0, "queue_size_before_schedule": 2, "batch_size_after_schedule": 0, "running_requests_id_list": [229, 230], "rest_time": [3.2306623458862305, 4.330685615539551]}
goodput: 246, total_request: 246
{"batch_size": 0, "time": 1714375760.9554424, "queue_size_before_schedule": 0, "msg": "emptyqueue"}
{"batch_size": 1, "time": 1714375765.6818979, "high_priority_count": 1, "low_priority_count": 0, "queue_size_before_schedule": 1, "batch_size_after_schedule": 0, "running_requests_id_list": [231], "rest_time": [3.3650848865509033]}
goodput: 247, total_request: 247
{"batch_size": 0, "time": 1714375765.7180073, "queue_size_before_schedule": 0, "msg": "emptyqueue"}
{"batch_size": 5, "time": 1714375765.7259104, "high_priority_count": 5, "low_priority_count": 0, "queue_size_before_schedule": 5, "batch_size_after_schedule": 0, "running_requests_id_list": [232, 233, 234, 235, 236], "rest_time": [3.3640990257263184, 3.2652623653411865, 3.662278413772583, 3.9600586891174316, 3.5635855197906494]}
goodput: 252, total_request: 252
{"batch_size": 0, "time": 1714375765.7576017, "queue_size_before_schedule": 0, "msg": "emptyqueue"}
{"batch_size": 2, "time": 1714375774.841069, "high_priority_count": 2, "low_priority_count": 0, "queue_size_before_schedule": 2, "batch_size_after_schedule": 0, "running_requests_id_list": [237, 238], "rest_time": [3.1666290760040283, 4.258330345153809]}
goodput: 254, total_request: 254
{"batch_size": 0, "time": 1714375774.8777905, "queue_size_before_schedule": 0, "msg": "emptyqueue"}
{"batch_size": 1, "time": 1714375777.0829797, "high_priority_count": 1, "low_priority_count": 0, "queue_size_before_schedule": 1, "batch_size_after_schedule": 0, "running_requests_id_list": [239], "rest_time": [3.3653950691223145]}
goodput: 255, total_request: 255
{"batch_size": 0, "time": 1714375777.1127605, "queue_size_before_schedule": 0, "msg": "emptyqueue"}
{"batch_size": 8, "time": 1714375777.1147833, "high_priority_count": 8, "low_priority_count": 0, "queue_size_before_schedule": 8, "batch_size_after_schedule": 0, "running_requests_id_list": [240, 241, 242, 243, 244, 245, 246, 247], "rest_time": [3.6325979232788086, 4.723834276199341, 3.930659532546997, 3.2366509437561035, 4.824069023132324, 4.725093126296997, 3.436022996902466, 3.932096004486084]}
goodput: 263, total_request: 263
{"batch_size": 0, "time": 1714375777.144699, "queue_size_before_schedule": 0, "msg": "emptyqueue"}
{"batch_size": 1, "time": 1714375777.1901777, "high_priority_count": 1, "low_priority_count": 0, "queue_size_before_schedule": 1, "batch_size_after_schedule": 0, "running_requests_id_list": [248], "rest_time": [5.150857210159302]}
goodput: 264, total_request: 264
{"batch_size": 0, "time": 1714375777.2151716, "queue_size_before_schedule": 0, "msg": "emptyqueue"}
{"batch_size": 2, "time": 1714375777.2158253, "high_priority_count": 2, "low_priority_count": 0, "queue_size_before_schedule": 2, "batch_size_after_schedule": 0, "running_requests_id_list": [249, 250], "rest_time": [3.5454177856445312, 4.735846281051636]}
goodput: 266, total_request: 266
{"batch_size": 0, "time": 1714375777.2343044, "queue_size_before_schedule": 0, "msg": "emptyqueue"}
{"batch_size": 10, "time": 1714375777.236774, "high_priority_count": 10, "low_priority_count": 0, "queue_size_before_schedule": 10, "batch_size_after_schedule": 0, "running_requests_id_list": [251, 252, 253, 254, 255, 256, 257, 258, 259, 260], "rest_time": [3.4503321647644043, 3.84804368019104, 3.451524496078491, 4.939294338226318, 4.840773820877075, 3.2541134357452393, 4.9402031898498535, 4.847615718841553, 5.145396947860718, 3.3623862266540527]}
goodput: 276, total_request: 276
{"batch_size": 0, "time": 1714375777.270781, "queue_size_before_schedule": 0, "msg": "emptyqueue"}
{"batch_size": 3, "time": 1714375777.2717144, "high_priority_count": 3, "low_priority_count": 0, "queue_size_before_schedule": 3, "batch_size_after_schedule": 0, "running_requests_id_list": [261, 262, 263], "rest_time": [3.6473939418792725, 3.6477572917938232, 4.345893383026123]}
goodput: 279, total_request: 279
{"batch_size": 0, "time": 1714375777.29675, "queue_size_before_schedule": 0, "msg": "emptyqueue"}
{"batch_size": 1, "time": 1714375777.29977, "high_priority_count": 1, "low_priority_count": 0, "queue_size_before_schedule": 1, "batch_size_after_schedule": 0, "running_requests_id_list": [264], "rest_time": [4.357421875]}
goodput: 280, total_request: 280
{"batch_size": 0, "time": 1714375777.3169312, "queue_size_before_schedule": 0, "msg": "emptyqueue"}
{"batch_size": 1, "time": 1714375777.3173776, "high_priority_count": 1, "low_priority_count": 0, "queue_size_before_schedule": 1, "batch_size_after_schedule": 0, "running_requests_id_list": [265], "rest_time": [3.348825454711914]}
goodput: 281, total_request: 281
{"batch_size": 0, "time": 1714375777.3336747, "queue_size_before_schedule": 0, "msg": "emptyqueue"}
{"batch_size": 2, "time": 1714375777.6012557, "high_priority_count": 2, "low_priority_count": 0, "queue_size_before_schedule": 2, "batch_size_after_schedule": 0, "running_requests_id_list": [266, 267], "rest_time": [4.6544764041900635, 3.8617310523986816]}
goodput: 283, total_request: 283
{"batch_size": 0, "time": 1714375777.623894, "queue_size_before_schedule": 0, "msg": "emptyqueue"}
{"batch_size": 2, "time": 1714375777.6389353, "high_priority_count": 2, "low_priority_count": 0, "queue_size_before_schedule": 2, "batch_size_after_schedule": 0, "running_requests_id_list": [268, 269], "rest_time": [3.86135196685791, 4.258453130722046]}
goodput: 285, total_request: 285
{"batch_size": 0, "time": 1714375777.6628346, "queue_size_before_schedule": 0, "msg": "emptyqueue"}
{"batch_size": 2, "time": 1714375777.663469, "high_priority_count": 2, "low_priority_count": 0, "queue_size_before_schedule": 2, "batch_size_after_schedule": 0, "running_requests_id_list": [270, 271], "rest_time": [4.835870027542114, 3.751281976699829]}
goodput: 287, total_request: 287
{"batch_size": 0, "time": 1714375777.686448, "queue_size_before_schedule": 0, "msg": "emptyqueue"}
{"batch_size": 1, "time": 1714375792.8085432, "high_priority_count": 1, "low_priority_count": 0, "queue_size_before_schedule": 1, "batch_size_after_schedule": 0, "running_requests_id_list": [272], "rest_time": [3.8609557151794434]}
goodput: 288, total_request: 289
{"batch_size": 1, "time": 1714375792.84043, "high_priority_count": 1, "low_priority_count": 0, "queue_size_before_schedule": 1, "batch_size_after_schedule": 0, "running_requests_id_list": [273], "rest_time": [4.920925617218018]}
goodput: 289, total_request: 290
{"batch_size": 1, "time": 1714375792.861692, "high_priority_count": 1, "low_priority_count": 0, "queue_size_before_schedule": 1, "batch_size_after_schedule": 0, "running_requests_id_list": [274], "rest_time": [4.206493139266968]}
goodput: 290, total_request: 290
{"batch_size": 0, "time": 1714375792.8819869, "queue_size_before_schedule": 0, "msg": "emptyqueue"}
{"batch_size": 1, "time": 1714375793.4589124, "high_priority_count": 1, "low_priority_count": 0, "queue_size_before_schedule": 1, "batch_size_after_schedule": 0, "running_requests_id_list": [275], "rest_time": [5.0516440868377686]}
goodput: 291, total_request: 291
{"batch_size": 0, "time": 1714375793.4893775, "queue_size_before_schedule": 0, "msg": "emptyqueue"}
{"batch_size": 1, "time": 1714375793.4902208, "high_priority_count": 1, "low_priority_count": 0, "queue_size_before_schedule": 1, "batch_size_after_schedule": 0, "running_requests_id_list": [276], "rest_time": [4.822463035583496]}
goodput: 292, total_request: 292
{"batch_size": 0, "time": 1714375793.5087955, "queue_size_before_schedule": 0, "msg": "emptyqueue"}
{"batch_size": 2, "time": 1714375799.5105047, "high_priority_count": 2, "low_priority_count": 0, "queue_size_before_schedule": 2, "batch_size_after_schedule": 0, "running_requests_id_list": [277, 278], "rest_time": [4.059269905090332, 4.555799961090088]}
goodput: 294, total_request: 297
{"batch_size": 3, "time": 1714375799.551278, "high_priority_count": 3, "low_priority_count": 0, "queue_size_before_schedule": 3, "batch_size_after_schedule": 0, "running_requests_id_list": [279, 280, 281], "rest_time": [4.019548654556274, 4.9124436378479, 3.127621650695801]}
goodput: 297, total_request: 300
{"batch_size": 3, "time": 1714375799.5795708, "high_priority_count": 3, "low_priority_count": 0, "queue_size_before_schedule": 3, "batch_size_after_schedule": 0, "running_requests_id_list": [282, 283, 284], "rest_time": [4.031433343887329, 4.230221748352051, 4.825631380081177]}
goodput: 300, total_request: 300
{"batch_size": 0, "time": 1714375799.605674, "queue_size_before_schedule": 0, "msg": "emptyqueue"}
{"batch_size": 1, "time": 1714375799.6554985, "high_priority_count": 1, "low_priority_count": 0, "queue_size_before_schedule": 1, "batch_size_after_schedule": 0, "running_requests_id_list": [285], "rest_time": [4.0599212646484375]}
goodput: 301, total_request: 301
{"batch_size": 0, "time": 1714375799.681425, "queue_size_before_schedule": 0, "msg": "emptyqueue"}
{"batch_size": 5, "time": 1714375799.6828663, "high_priority_count": 5, "low_priority_count": 0, "queue_size_before_schedule": 5, "batch_size_after_schedule": 0, "running_requests_id_list": [286, 287, 288, 289, 290], "rest_time": [3.1628499031066895, 4.749969482421875, 4.155188083648682, 3.560375452041626, 5.147388935089111]}
goodput: 306, total_request: 306
{"batch_size": 0, "time": 1714375799.7179728, "queue_size_before_schedule": 0, "msg": "emptyqueue"}
{"batch_size": 5, "time": 1714375799.7191942, "high_priority_count": 5, "low_priority_count": 0, "queue_size_before_schedule": 5, "batch_size_after_schedule": 0, "running_requests_id_list": [291, 292, 293, 294, 295], "rest_time": [3.4524593353271484, 5.044003009796143, 3.953428030014038, 4.549058437347412, 3.160900354385376]}
goodput: 311, total_request: 311
{"batch_size": 0, "time": 1714375799.7518606, "queue_size_before_schedule": 0, "msg": "emptyqueue"}
{"batch_size": 2, "time": 1714375809.6782625, "high_priority_count": 2, "low_priority_count": 0, "queue_size_before_schedule": 2, "batch_size_after_schedule": 0, "running_requests_id_list": [296, 297], "rest_time": [5.051069974899292, 3.960859537124634]}
goodput: 313, total_request: 313
{"batch_size": 0, "time": 1714375809.7020495, "queue_size_before_schedule": 0, "msg": "emptyqueue"}
{"batch_size": 4, "time": 1714375809.703313, "high_priority_count": 4, "low_priority_count": 0, "queue_size_before_schedule": 4, "batch_size_after_schedule": 0, "running_requests_id_list": [298, 299, 300, 301], "rest_time": [3.8398258686065674, 4.435277462005615, 4.83226752281189, 5.139693737030029]}
goodput: 317, total_request: 317
{"batch_size": 0, "time": 1714375809.725247, "queue_size_before_schedule": 0, "msg": "emptyqueue"}
{"batch_size": 1, "time": 1714375822.073139, "high_priority_count": 1, "low_priority_count": 0, "queue_size_before_schedule": 1, "batch_size_after_schedule": 0, "running_requests_id_list": [302], "rest_time": [3.1668663024902344]}
goodput: 318, total_request: 318
{"batch_size": 0, "time": 1714375822.1048546, "queue_size_before_schedule": 0, "msg": "emptyqueue"}
{"batch_size": 1, "time": 1714375822.2480643, "high_priority_count": 1, "low_priority_count": 0, "queue_size_before_schedule": 1, "batch_size_after_schedule": 0, "running_requests_id_list": [303], "rest_time": [4.2582337856292725]}
goodput: 319, total_request: 322
{"batch_size": 3, "time": 1714375822.2726371, "high_priority_count": 3, "low_priority_count": 0, "queue_size_before_schedule": 3, "batch_size_after_schedule": 0, "running_requests_id_list": [304, 305, 306], "rest_time": [3.539893865585327, 3.1434667110443115, 4.135456085205078]}
goodput: 322, total_request: 322
{"batch_size": 0, "time": 1714375822.2979283, "queue_size_before_schedule": 0, "msg": "emptyqueue"}
{"batch_size": 1, "time": 1714375822.457834, "high_priority_count": 1, "low_priority_count": 0, "queue_size_before_schedule": 1, "batch_size_after_schedule": 0, "running_requests_id_list": [307], "rest_time": [4.5557873249053955]}
goodput: 323, total_request: 324
{"batch_size": 1, "time": 1714375822.482559, "high_priority_count": 1, "low_priority_count": 0, "queue_size_before_schedule": 1, "batch_size_after_schedule": 0, "running_requests_id_list": [308], "rest_time": [5.1265869140625]}
goodput: 324, total_request: 325
{"batch_size": 1, "time": 1714375822.5053155, "high_priority_count": 1, "low_priority_count": 0, "queue_size_before_schedule": 1, "batch_size_after_schedule": 0, "running_requests_id_list": [309], "rest_time": [4.9085166454315186]}
goodput: 325, total_request: 325
{"batch_size": 0, "time": 1714375822.529404, "queue_size_before_schedule": 0, "msg": "emptyqueue"}
{"batch_size": 1, "time": 1714375823.3807287, "high_priority_count": 1, "low_priority_count": 0, "queue_size_before_schedule": 1, "batch_size_after_schedule": 0, "running_requests_id_list": [310], "rest_time": [3.563938856124878]}
goodput: 326, total_request: 326
{"batch_size": 0, "time": 1714375823.4092069, "queue_size_before_schedule": 0, "msg": "emptyqueue"}
{"batch_size": 2, "time": 1714375841.0982325, "high_priority_count": 2, "low_priority_count": 0, "queue_size_before_schedule": 2, "batch_size_after_schedule": 0, "running_requests_id_list": [311, 312], "rest_time": [3.464104175567627, 5.05154013633728]}
goodput: 328, total_request: 328
{"batch_size": 0, "time": 1714375841.1302223, "queue_size_before_schedule": 0, "msg": "emptyqueue"}
{"batch_size": 1, "time": 1714375841.130936, "high_priority_count": 1, "low_priority_count": 0, "queue_size_before_schedule": 1, "batch_size_after_schedule": 0, "running_requests_id_list": [313], "rest_time": [3.85906982421875]}
goodput: 329, total_request: 329
{"batch_size": 0, "time": 1714375841.1474452, "queue_size_before_schedule": 0, "msg": "emptyqueue"}
{"batch_size": 1, "time": 1714375842.3198235, "high_priority_count": 1, "low_priority_count": 0, "queue_size_before_schedule": 1, "batch_size_after_schedule": 0, "running_requests_id_list": [314], "rest_time": [3.9606451988220215]}
goodput: 330, total_request: 330
{"batch_size": 0, "time": 1714375842.3470092, "queue_size_before_schedule": 0, "msg": "emptyqueue"}
{"batch_size": 8, "time": 1714375842.3484335, "high_priority_count": 8, "low_priority_count": 0, "queue_size_before_schedule": 8, "batch_size_after_schedule": 0, "running_requests_id_list": [315, 316, 317, 318, 319, 320, 321, 322], "rest_time": [4.428716421127319, 3.635733127593994, 3.140251874923706, 3.933959484100342, 4.628443002700806, 4.628695487976074, 4.232254505157471, 3.560213327407837]}
goodput: 338, total_request: 338
{"batch_size": 0, "time": 1714375842.3852193, "queue_size_before_schedule": 0, "msg": "emptyqueue"}
{"batch_size": 2, "time": 1714375842.4036224, "high_priority_count": 2, "low_priority_count": 0, "queue_size_before_schedule": 2, "batch_size_after_schedule": 0, "running_requests_id_list": [323, 324], "rest_time": [3.8611743450164795, 4.456745624542236]}
goodput: 340, total_request: 340
{"batch_size": 0, "time": 1714375842.431918, "queue_size_before_schedule": 0, "msg": "emptyqueue"}
{"batch_size": 1, "time": 1714375842.432293, "high_priority_count": 1, "low_priority_count": 0, "queue_size_before_schedule": 1, "batch_size_after_schedule": 0, "running_requests_id_list": [325], "rest_time": [4.136094093322754]}
goodput: 341, total_request: 341
{"batch_size": 0, "time": 1714375842.4571273, "queue_size_before_schedule": 0, "msg": "emptyqueue"}
{"batch_size": 1, "time": 1714375842.9707036, "high_priority_count": 1, "low_priority_count": 0, "queue_size_before_schedule": 1, "batch_size_after_schedule": 0, "running_requests_id_list": [326], "rest_time": [5.150911331176758]}
goodput: 342, total_request: 342
{"batch_size": 0, "time": 1714375843.003906, "queue_size_before_schedule": 0, "msg": "emptyqueue"}
{"batch_size": 2, "time": 1714375843.0480654, "high_priority_count": 2, "low_priority_count": 0, "queue_size_before_schedule": 2, "batch_size_after_schedule": 0, "running_requests_id_list": [327, 328], "rest_time": [4.555791139602661, 4.853573322296143]}
goodput: 344, total_request: 347
{"batch_size": 3, "time": 1714375843.0838726, "high_priority_count": 3, "low_priority_count": 0, "queue_size_before_schedule": 3, "batch_size_after_schedule": 0, "running_requests_id_list": [329, 330, 331], "rest_time": [5.016357898712158, 3.429824113845825, 4.025099039077759]}
goodput: 347, total_request: 347
{"batch_size": 0, "time": 1714375843.122906, "queue_size_before_schedule": 0, "msg": "emptyqueue"}
{"batch_size": 11, "time": 1714375843.1254256, "high_priority_count": 11, "low_priority_count": 0, "queue_size_before_schedule": 11, "batch_size_after_schedule": 0, "running_requests_id_list": [332, 333, 334, 335, 336, 337, 338, 339, 340, 341, 342], "rest_time": [4.9222023487091064, 3.336238145828247, 5.022810459136963, 4.229553699493408, 4.924251556396484, 4.428513288497925, 3.238551378250122, 3.734541893005371, 4.131357908248901, 4.726520538330078, 4.726639032363892]}
goodput: 358, total_request: 358
{"batch_size": 0, "time": 1714375843.174089, "queue_size_before_schedule": 0, "msg": "emptyqueue"}
{"batch_size": 4, "time": 1714375843.3090491, "high_priority_count": 4, "low_priority_count": 0, "queue_size_before_schedule": 4, "batch_size_after_schedule": 0, "running_requests_id_list": [343, 344, 345, 346], "rest_time": [3.4641640186309814, 4.852982997894287, 4.159028053283691, 4.06010627746582]}
goodput: 362, total_request: 362
{"batch_size": 0, "time": 1714375843.3482058, "queue_size_before_schedule": 0, "msg": "emptyqueue"}
{"batch_size": 3, "time": 1714375843.4415088, "high_priority_count": 3, "low_priority_count": 0, "queue_size_before_schedule": 3, "batch_size_after_schedule": 0, "running_requests_id_list": [347, 348, 349], "rest_time": [4.356704950332642, 4.456344366073608, 3.7624351978302]}
goodput: 365, total_request: 365
{"batch_size": 0, "time": 1714375843.4739614, "queue_size_before_schedule": 0, "msg": "emptyqueue"}
{"batch_size": 1, "time": 1714375843.4765058, "high_priority_count": 1, "low_priority_count": 0, "queue_size_before_schedule": 1, "batch_size_after_schedule": 0, "running_requests_id_list": [350], "rest_time": [3.762221097946167]}
goodput: 366, total_request: 366
{"batch_size": 0, "time": 1714375843.5043278, "queue_size_before_schedule": 0, "msg": "emptyqueue"}
{"batch_size": 1, "time": 1714375843.6329193, "high_priority_count": 1, "low_priority_count": 0, "queue_size_before_schedule": 1, "batch_size_after_schedule": 0, "running_requests_id_list": [351], "rest_time": [3.8616862297058105]}
goodput: 367, total_request: 367
{"batch_size": 0, "time": 1714375843.6572146, "queue_size_before_schedule": 0, "msg": "emptyqueue"}
{"batch_size": 8, "time": 1714375843.65881, "high_priority_count": 8, "low_priority_count": 0, "queue_size_before_schedule": 8, "batch_size_after_schedule": 0, "running_requests_id_list": [352, 353, 354, 355, 356, 357, 358, 359], "rest_time": [3.9354777336120605, 4.431522369384766, 3.8368029594421387, 4.72952938079834, 4.630504846572876, 3.9364309310913086, 3.4407291412353516, 3.743474006652832]}
goodput: 375, total_request: 375
{"batch_size": 0, "time": 1714375843.6923573, "queue_size_before_schedule": 0, "msg": "emptyqueue"}
{"batch_size": 1, "time": 1714375845.3554668, "high_priority_count": 1, "low_priority_count": 0, "queue_size_before_schedule": 1, "batch_size_after_schedule": 0, "running_requests_id_list": [360], "rest_time": [4.853139638900757]}
goodput: 376, total_request: 376
{"batch_size": 0, "time": 1714375845.3866243, "queue_size_before_schedule": 0, "msg": "emptyqueue"}
{"batch_size": 2, "time": 1714375854.078068, "high_priority_count": 2, "low_priority_count": 0, "queue_size_before_schedule": 2, "batch_size_after_schedule": 0, "running_requests_id_list": [361, 362], "rest_time": [3.860668897628784, 5.1507275104522705]}
goodput: 378, total_request: 378
{"batch_size": 0, "time": 1714375854.1115916, "queue_size_before_schedule": 0, "msg": "emptyqueue"}
{"batch_size": 3, "time": 1714375858.1482623, "high_priority_count": 3, "low_priority_count": 0, "queue_size_before_schedule": 3, "batch_size_after_schedule": 0, "running_requests_id_list": [363, 364, 365], "rest_time": [3.3647868633270264, 4.753998041152954, 4.952631235122681]}
goodput: 381, total_request: 382
{"batch_size": 1, "time": 1714375858.1780272, "high_priority_count": 1, "low_priority_count": 0, "queue_size_before_schedule": 1, "batch_size_after_schedule": 0, "running_requests_id_list": [366], "rest_time": [4.427259683609009]}
goodput: 382, total_request: 382
{"batch_size": 0, "time": 1714375858.194226, "queue_size_before_schedule": 0, "msg": "emptyqueue"}
{"batch_size": 1, "time": 1714375859.2693167, "high_priority_count": 1, "low_priority_count": 0, "queue_size_before_schedule": 1, "batch_size_after_schedule": 0, "running_requests_id_list": [367], "rest_time": [3.5639617443084717]}
goodput: 383, total_request: 384
{"batch_size": 1, "time": 1714375859.2986755, "high_priority_count": 1, "low_priority_count": 0, "queue_size_before_schedule": 1, "batch_size_after_schedule": 0, "running_requests_id_list": [368], "rest_time": [3.535153865814209]}
goodput: 384, total_request: 384
{"batch_size": 0, "time": 1714375859.3143866, "queue_size_before_schedule": 0, "msg": "emptyqueue"}
{"batch_size": 1, "time": 1714375860.9478655, "high_priority_count": 1, "low_priority_count": 0, "queue_size_before_schedule": 1, "batch_size_after_schedule": 0, "running_requests_id_list": [369], "rest_time": [4.35740065574646]}
goodput: 385, total_request: 385
{"batch_size": 0, "time": 1714375860.9710734, "queue_size_before_schedule": 0, "msg": "emptyqueue"}
{"batch_size": 1, "time": 1714375869.609301, "high_priority_count": 1, "low_priority_count": 0, "queue_size_before_schedule": 1, "batch_size_after_schedule": 0, "running_requests_id_list": [370], "rest_time": [4.85294771194458]}
goodput: 386, total_request: 386
{"batch_size": 0, "time": 1714375869.6441112, "queue_size_before_schedule": 0, "msg": "emptyqueue"}
{"batch_size": 2, "time": 1714375869.6448512, "high_priority_count": 2, "low_priority_count": 0, "queue_size_before_schedule": 2, "batch_size_after_schedule": 0, "running_requests_id_list": [371, 372], "rest_time": [5.139735460281372, 3.255755662918091]}
goodput: 388, total_request: 388
{"batch_size": 0, "time": 1714375869.6682794, "queue_size_before_schedule": 0, "msg": "emptyqueue"}
{"batch_size": 2, "time": 1714375873.1751606, "high_priority_count": 2, "low_priority_count": 0, "queue_size_before_schedule": 2, "batch_size_after_schedule": 0, "running_requests_id_list": [373, 374], "rest_time": [3.6627397537231445, 3.2666876316070557]}
goodput: 390, total_request: 390
{"batch_size": 0, "time": 1714375873.1986291, "queue_size_before_schedule": 0, "msg": "emptyqueue"}
{"batch_size": 2, "time": 1714375873.4079988, "high_priority_count": 2, "low_priority_count": 0, "queue_size_before_schedule": 2, "batch_size_after_schedule": 0, "running_requests_id_list": [375, 376], "rest_time": [5.051006317138672, 5.051738500595093]}
goodput: 392, total_request: 392
{"batch_size": 0, "time": 1714375873.4316146, "queue_size_before_schedule": 0, "msg": "emptyqueue"}
{"batch_size": 1, "time": 1714375874.2397015, "high_priority_count": 1, "low_priority_count": 0, "queue_size_before_schedule": 1, "batch_size_after_schedule": 0, "running_requests_id_list": [377], "rest_time": [3.8615341186523438]}
goodput: 393, total_request: 393
{"batch_size": 0, "time": 1714375874.260945, "queue_size_before_schedule": 0, "msg": "emptyqueue"}
{"batch_size": 5, "time": 1714375874.2624762, "high_priority_count": 5, "low_priority_count": 0, "queue_size_before_schedule": 5, "batch_size_after_schedule": 0, "running_requests_id_list": [378, 379, 380, 381, 382], "rest_time": [4.0376129150390625, 4.831394195556641, 4.0382981300354, 3.1476051807403564, 5.035557985305786]}
goodput: 398, total_request: 398
{"batch_size": 0, "time": 1714375874.2896376, "queue_size_before_schedule": 0, "msg": "emptyqueue"}
{"batch_size": 2, "time": 1714375886.461907, "high_priority_count": 2, "low_priority_count": 0, "queue_size_before_schedule": 2, "batch_size_after_schedule": 0, "running_requests_id_list": [383, 384], "rest_time": [3.563304901123047, 4.853360176086426]}
goodput: 400, total_request: 402
{"batch_size": 2, "time": 1714375886.4970098, "high_priority_count": 2, "low_priority_count": 0, "queue_size_before_schedule": 2, "batch_size_after_schedule": 0, "running_requests_id_list": [385, 386], "rest_time": [5.116142272949219, 4.719873905181885]}
goodput: 402, total_request: 403
{"batch_size": 1, "time": 1714375886.5207598, "high_priority_count": 1, "low_priority_count": 0, "queue_size_before_schedule": 1, "batch_size_after_schedule": 0, "running_requests_id_list": [387], "rest_time": [3.407248020172119]}
goodput: 403, total_request: 403
{"batch_size": 0, "time": 1714375886.541577, "queue_size_before_schedule": 0, "msg": "emptyqueue"}
{"batch_size": 1, "time": 1714375886.898068, "high_priority_count": 1, "low_priority_count": 0, "queue_size_before_schedule": 1, "batch_size_after_schedule": 0, "running_requests_id_list": [388], "rest_time": [4.158964395523071]}
goodput: 404, total_request: 404
{"batch_size": 0, "time": 1714375886.929571, "queue_size_before_schedule": 0, "msg": "emptyqueue"}
{"batch_size": 1, "time": 1714375893.252809, "high_priority_count": 1, "low_priority_count": 0, "queue_size_before_schedule": 1, "batch_size_after_schedule": 0, "running_requests_id_list": [389], "rest_time": [3.2663445472717285]}
goodput: 405, total_request: 405
{"batch_size": 0, "time": 1714375893.2828803, "queue_size_before_schedule": 0, "msg": "emptyqueue"}
{"batch_size": 1, "time": 1714375895.5260549, "high_priority_count": 1, "low_priority_count": 0, "queue_size_before_schedule": 1, "batch_size_after_schedule": 0, "running_requests_id_list": [390], "rest_time": [5.150543212890625]}
goodput: 406, total_request: 406
{"batch_size": 0, "time": 1714375895.5599272, "queue_size_before_schedule": 0, "msg": "emptyqueue"}
{"batch_size": 4, "time": 1714375895.5608037, "high_priority_count": 4, "low_priority_count": 0, "queue_size_before_schedule": 4, "batch_size_after_schedule": 0, "running_requests_id_list": [391, 392, 393, 394], "rest_time": [3.529785633087158, 3.530113458633423, 4.7204201221466064, 4.720619440078735]}
goodput: 410, total_request: 410
{"batch_size": 0, "time": 1714375895.596603, "queue_size_before_schedule": 0, "msg": "emptyqueue"}
{"batch_size": 1, "time": 1714375895.6435063, "high_priority_count": 1, "low_priority_count": 0, "queue_size_before_schedule": 1, "batch_size_after_schedule": 0, "running_requests_id_list": [395], "rest_time": [4.6548871994018555]}
goodput: 411, total_request: 415
{"batch_size": 4, "time": 1714375895.6760392, "high_priority_count": 4, "low_priority_count": 0, "queue_size_before_schedule": 4, "batch_size_after_schedule": 0, "running_requests_id_list": [396, 397, 398, 399], "rest_time": [4.127026081085205, 4.424837589263916, 3.9291982650756836, 4.22695779800415]}
goodput: 415, total_request: 415
{"batch_size": 0, "time": 1714375895.7152004, "queue_size_before_schedule": 0, "msg": "emptyqueue"}
{"batch_size": 1, "time": 1714375896.026879, "high_priority_count": 1, "low_priority_count": 0, "queue_size_before_schedule": 1, "batch_size_after_schedule": 0, "running_requests_id_list": [400], "rest_time": [5.1509480476379395]}
goodput: 416, total_request: 416
{"batch_size": 0, "time": 1714375896.048289, "queue_size_before_schedule": 0, "msg": "emptyqueue"}
{"batch_size": 1, "time": 1714375896.0488737, "high_priority_count": 1, "low_priority_count": 0, "queue_size_before_schedule": 1, "batch_size_after_schedule": 0, "running_requests_id_list": [401], "rest_time": [3.7450973987579346]}
goodput: 417, total_request: 417
{"batch_size": 0, "time": 1714375896.0705845, "queue_size_before_schedule": 0, "msg": "emptyqueue"}
{"batch_size": 1, "time": 1714375896.1113217, "high_priority_count": 1, "low_priority_count": 0, "queue_size_before_schedule": 1, "batch_size_after_schedule": 0, "running_requests_id_list": [402], "rest_time": [4.060044288635254]}
goodput: 418, total_request: 418
{"batch_size": 0, "time": 1714375896.134811, "queue_size_before_schedule": 0, "msg": "emptyqueue"}
{"batch_size": 1, "time": 1714375896.5690928, "high_priority_count": 1, "low_priority_count": 0, "queue_size_before_schedule": 1, "batch_size_after_schedule": 0, "running_requests_id_list": [403], "rest_time": [4.654735088348389]}
goodput: 419, total_request: 423
{"batch_size": 4, "time": 1714375896.5989192, "high_priority_count": 4, "low_priority_count": 0, "queue_size_before_schedule": 4, "batch_size_after_schedule": 0, "running_requests_id_list": [404, 405, 406, 407], "rest_time": [3.4354052543640137, 5.022526025772095, 4.3285627365112305, 4.923927307128906]}
goodput: 423, total_request: 423
{"batch_size": 0, "time": 1714375896.6227689, "queue_size_before_schedule": 0, "msg": "emptyqueue"}
{"batch_size": 2, "time": 1714375896.660435, "high_priority_count": 2, "low_priority_count": 0, "queue_size_before_schedule": 2, "batch_size_after_schedule": 0, "running_requests_id_list": [408, 409], "rest_time": [4.853083848953247, 4.15922737121582]}
goodput: 425, total_request: 425
{"batch_size": 0, "time": 1714375896.6859457, "queue_size_before_schedule": 0, "msg": "emptyqueue"}
{"batch_size": 2, "time": 1714375898.613818, "high_priority_count": 2, "low_priority_count": 0, "queue_size_before_schedule": 2, "batch_size_after_schedule": 0, "running_requests_id_list": [410, 411], "rest_time": [3.3649396896362305, 3.266510248184204]}
goodput: 427, total_request: 427
{"batch_size": 0, "time": 1714375898.6351056, "queue_size_before_schedule": 0, "msg": "emptyqueue"}
{"batch_size": 3, "time": 1714375901.9594488, "high_priority_count": 3, "low_priority_count": 0, "queue_size_before_schedule": 3, "batch_size_after_schedule": 0, "running_requests_id_list": [412, 413, 414], "rest_time": [4.256969690322876, 3.46455979347229, 4.357474327087402]}
goodput: 430, total_request: 430
{"batch_size": 0, "time": 1714375901.9959362, "queue_size_before_schedule": 0, "msg": "emptyqueue"}
{"batch_size": 2, "time": 1714375906.4933753, "high_priority_count": 2, "low_priority_count": 0, "queue_size_before_schedule": 2, "batch_size_after_schedule": 0, "running_requests_id_list": [415, 416], "rest_time": [3.5631799697875977, 3.2665505409240723]}
goodput: 432, total_request: 432
{"batch_size": 0, "time": 1714375906.5299625, "queue_size_before_schedule": 0, "msg": "emptyqueue"}
{"batch_size": 2, "time": 1714375906.5308182, "high_priority_count": 2, "low_priority_count": 0, "queue_size_before_schedule": 2, "batch_size_after_schedule": 0, "running_requests_id_list": [417, 418], "rest_time": [4.819938898086548, 3.134477376937866]}
goodput: 434, total_request: 434
{"batch_size": 0, "time": 1714375906.5590103, "queue_size_before_schedule": 0, "msg": "emptyqueue"}
{"batch_size": 1, "time": 1714375907.9719572, "high_priority_count": 1, "low_priority_count": 0, "queue_size_before_schedule": 1, "batch_size_after_schedule": 0, "running_requests_id_list": [419], "rest_time": [3.8613131046295166]}
goodput: 435, total_request: 435
{"batch_size": 0, "time": 1714375907.9953501, "queue_size_before_schedule": 0, "msg": "emptyqueue"}
{"batch_size": 1, "time": 1714375910.3012238, "high_priority_count": 1, "low_priority_count": 0, "queue_size_before_schedule": 1, "batch_size_after_schedule": 0, "running_requests_id_list": [420], "rest_time": [3.5640060901641846]}
goodput: 436, total_request: 436
{"batch_size": 0, "time": 1714375910.325837, "queue_size_before_schedule": 0, "msg": "emptyqueue"}
{"batch_size": 3, "time": 1714375910.3269331, "high_priority_count": 3, "low_priority_count": 0, "queue_size_before_schedule": 3, "batch_size_after_schedule": 0, "running_requests_id_list": [421, 422, 423], "rest_time": [3.4401261806488037, 3.6387696266174316, 3.738201141357422]}
goodput: 439, total_request: 439
{"batch_size": 0, "time": 1714375910.3515785, "queue_size_before_schedule": 0, "msg": "emptyqueue"}
{"batch_size": 1, "time": 1714375913.3952355, "high_priority_count": 1, "low_priority_count": 0, "queue_size_before_schedule": 1, "batch_size_after_schedule": 0, "running_requests_id_list": [424], "rest_time": [3.464104175567627]}
goodput: 440, total_request: 440
{"batch_size": 0, "time": 1714375913.4148211, "queue_size_before_schedule": 0, "msg": "emptyqueue"}
{"batch_size": 1, "time": 1714375913.4741547, "high_priority_count": 1, "low_priority_count": 0, "queue_size_before_schedule": 1, "batch_size_after_schedule": 0, "running_requests_id_list": [425], "rest_time": [3.3656985759735107]}
goodput: 441, total_request: 441
{"batch_size": 0, "time": 1714375913.4927282, "queue_size_before_schedule": 0, "msg": "emptyqueue"}
{"batch_size": 1, "time": 1714375913.4932284, "high_priority_count": 1, "low_priority_count": 0, "queue_size_before_schedule": 1, "batch_size_after_schedule": 0, "running_requests_id_list": [426], "rest_time": [3.944092273712158]}
goodput: 442, total_request: 442
{"batch_size": 0, "time": 1714375913.5076818, "queue_size_before_schedule": 0, "msg": "emptyqueue"}
{"batch_size": 1, "time": 1714375913.8071465, "high_priority_count": 1, "low_priority_count": 0, "queue_size_before_schedule": 1, "batch_size_after_schedule": 0, "running_requests_id_list": [427], "rest_time": [3.266456365585327]}
goodput: 443, total_request: 443
{"batch_size": 0, "time": 1714375913.8261487, "queue_size_before_schedule": 0, "msg": "emptyqueue"}
{"batch_size": 1, "time": 1714375914.0067701, "high_priority_count": 1, "low_priority_count": 0, "queue_size_before_schedule": 1, "batch_size_after_schedule": 0, "running_requests_id_list": [428], "rest_time": [3.564035654067993]}
goodput: 444, total_request: 447
{"batch_size": 3, "time": 1714375914.0263383, "high_priority_count": 3, "low_priority_count": 0, "queue_size_before_schedule": 3, "batch_size_after_schedule": 0, "running_requests_id_list": [429, 430, 431], "rest_time": [3.148172616958618, 4.4377617835998535, 5.033066749572754]}
goodput: 447, total_request: 448
{"batch_size": 1, "time": 1714375914.0489323, "high_priority_count": 1, "low_priority_count": 0, "queue_size_before_schedule": 1, "batch_size_after_schedule": 0, "running_requests_id_list": [432], "rest_time": [4.02526068687439]}
goodput: 448, total_request: 448
{"batch_size": 0, "time": 1714375914.064805, "queue_size_before_schedule": 0, "msg": "emptyqueue"}
{"batch_size": 2, "time": 1714375915.3157618, "high_priority_count": 2, "low_priority_count": 0, "queue_size_before_schedule": 2, "batch_size_after_schedule": 0, "running_requests_id_list": [433, 434], "rest_time": [3.662985324859619, 3.2667150497436523]}
goodput: 450, total_request: 450
{"batch_size": 0, "time": 1714375915.3397152, "queue_size_before_schedule": 0, "msg": "emptyqueue"}
{"batch_size": 2, "time": 1714375915.7639573, "high_priority_count": 2, "low_priority_count": 0, "queue_size_before_schedule": 2, "batch_size_after_schedule": 0, "running_requests_id_list": [435, 436], "rest_time": [3.8611159324645996, 3.960947275161743]}
goodput: 452, total_request: 452
{"batch_size": 0, "time": 1714375915.7836618, "queue_size_before_schedule": 0, "msg": "emptyqueue"}
{"batch_size": 3, "time": 1714375917.3055053, "high_priority_count": 3, "low_priority_count": 0, "queue_size_before_schedule": 3, "batch_size_after_schedule": 0, "running_requests_id_list": [437, 438, 439], "rest_time": [5.150495290756226, 3.8616302013397217, 3.46514892578125]}
goodput: 455, total_request: 455
{"batch_size": 0, "time": 1714375917.3330383, "queue_size_before_schedule": 0, "msg": "emptyqueue"}
{"batch_size": 1, "time": 1714375932.3904757, "high_priority_count": 1, "low_priority_count": 0, "queue_size_before_schedule": 1, "batch_size_after_schedule": 0, "running_requests_id_list": [440], "rest_time": [4.356884956359863]}
goodput: 456, total_request: 456
{"batch_size": 0, "time": 1714375932.4155676, "queue_size_before_schedule": 0, "msg": "emptyqueue"}
{"batch_size": 1, "time": 1714375933.6143649, "high_priority_count": 1, "low_priority_count": 0, "queue_size_before_schedule": 1, "batch_size_after_schedule": 0, "running_requests_id_list": [441], "rest_time": [3.4647178649902344]}
goodput: 457, total_request: 458
{"batch_size": 1, "time": 1714375933.6285226, "high_priority_count": 1, "low_priority_count": 0, "queue_size_before_schedule": 1, "batch_size_after_schedule": 0, "running_requests_id_list": [442], "rest_time": [3.748739719390869]}
goodput: 458, total_request: 458
{"batch_size": 0, "time": 1714375933.644099, "queue_size_before_schedule": 0, "msg": "emptyqueue"}
{"batch_size": 1, "time": 1714375933.7654965, "high_priority_count": 1, "low_priority_count": 0, "queue_size_before_schedule": 1, "batch_size_after_schedule": 0, "running_requests_id_list": [443], "rest_time": [5.150661945343018]}
goodput: 459, total_request: 459
{"batch_size": 0, "time": 1714375933.7879152, "queue_size_before_schedule": 0, "msg": "emptyqueue"}
{"batch_size": 3, "time": 1714375933.7888916, "high_priority_count": 3, "low_priority_count": 0, "queue_size_before_schedule": 3, "batch_size_after_schedule": 0, "running_requests_id_list": [444, 445, 446], "rest_time": [3.8539841175079346, 5.0445716381073, 3.161505937576294]}
goodput: 462, total_request: 462
{"batch_size": 0, "time": 1714375933.8087988, "queue_size_before_schedule": 0, "msg": "emptyqueue"}
{"batch_size": 1, "time": 1714375933.8588367, "high_priority_count": 1, "low_priority_count": 0, "queue_size_before_schedule": 1, "batch_size_after_schedule": 0, "running_requests_id_list": [447], "rest_time": [3.6632790565490723]}
goodput: 463, total_request: 463
{"batch_size": 0, "time": 1714375933.8774176, "queue_size_before_schedule": 0, "msg": "emptyqueue"}
{"batch_size": 2, "time": 1714375934.06824, "high_priority_count": 2, "low_priority_count": 0, "queue_size_before_schedule": 2, "batch_size_after_schedule": 0, "running_requests_id_list": [448, 449], "rest_time": [4.257949590682983, 4.06002140045166]}
goodput: 465, total_request: 471
{"batch_size": 6, "time": 1714375934.0952718, "high_priority_count": 6, "low_priority_count": 0, "queue_size_before_schedule": 6, "batch_size_after_schedule": 0, "running_requests_id_list": [450, 451, 452, 453, 454, 455], "rest_time": [5.025106191635132, 3.835279941558838, 3.637197494506836, 3.9349656105041504, 4.232696533203125, 4.530436277389526]}
goodput: 471, total_request: 471
{"batch_size": 0, "time": 1714375934.124227, "queue_size_before_schedule": 0, "msg": "emptyqueue"}
{"batch_size": 1, "time": 1714375934.1350167, "high_priority_count": 1, "low_priority_count": 0, "queue_size_before_schedule": 1, "batch_size_after_schedule": 0, "running_requests_id_list": [456], "rest_time": [3.167301893234253]}
goodput: 472, total_request: 472
{"batch_size": 0, "time": 1714375934.1570404, "queue_size_before_schedule": 0, "msg": "emptyqueue"}
{"batch_size": 4, "time": 1714375934.215499, "high_priority_count": 4, "low_priority_count": 0, "queue_size_before_schedule": 4, "batch_size_after_schedule": 0, "running_requests_id_list": [457, 458, 459, 460], "rest_time": [3.9599366188049316, 5.051211833953857, 3.7622299194335938, 4.159208297729492]}
goodput: 476, total_request: 477
{"batch_size": 1, "time": 1714375934.2431962, "high_priority_count": 1, "low_priority_count": 0, "queue_size_before_schedule": 1, "batch_size_after_schedule": 0, "running_requests_id_list": [461], "rest_time": [5.024471759796143]}
goodput: 477, total_request: 477
{"batch_size": 0, "time": 1714375934.2598152, "queue_size_before_schedule": 0, "msg": "emptyqueue"}
{"batch_size": 1, "time": 1714375935.2344813, "high_priority_count": 1, "low_priority_count": 0, "queue_size_before_schedule": 1, "batch_size_after_schedule": 0, "running_requests_id_list": [462], "rest_time": [3.365622043609619]}
goodput: 478, total_request: 483
{"batch_size": 5, "time": 1714375935.2587454, "high_priority_count": 5, "low_priority_count": 0, "queue_size_before_schedule": 5, "batch_size_after_schedule": 0, "running_requests_id_list": [463, 464, 465, 466, 467], "rest_time": [3.143545389175415, 5.0281641483306885, 4.532533407211304, 3.1444520950317383, 5.028969764709473]}
goodput: 483, total_request: 483
{"batch_size": 0, "time": 1714375935.2899446, "queue_size_before_schedule": 0, "msg": "emptyqueue"}
{"batch_size": 1, "time": 1714375935.3289003, "high_priority_count": 1, "low_priority_count": 0, "queue_size_before_schedule": 1, "batch_size_after_schedule": 0, "running_requests_id_list": [468], "rest_time": [3.7623791694641113]}
goodput: 484, total_request: 484
{"batch_size": 0, "time": 1714375935.353888, "queue_size_before_schedule": 0, "msg": "emptyqueue"}
{"batch_size": 1, "time": 1714375940.0247643, "high_priority_count": 1, "low_priority_count": 0, "queue_size_before_schedule": 1, "batch_size_after_schedule": 0, "running_requests_id_list": [469], "rest_time": [3.2662672996520996]}
goodput: 485, total_request: 485
{"batch_size": 0, "time": 1714375940.0384989, "queue_size_before_schedule": 0, "msg": "emptyqueue"}
{"batch_size": 2, "time": 1714375940.0390959, "high_priority_count": 2, "low_priority_count": 0, "queue_size_before_schedule": 2, "batch_size_after_schedule": 0, "running_requests_id_list": [470, 471], "rest_time": [4.344142913818359, 4.9395060539245605]}
goodput: 487, total_request: 487
{"batch_size": 0, "time": 1714375940.062552, "queue_size_before_schedule": 0, "msg": "emptyqueue"}
{"batch_size": 1, "time": 1714375943.5039923, "high_priority_count": 1, "low_priority_count": 0, "queue_size_before_schedule": 1, "batch_size_after_schedule": 0, "running_requests_id_list": [472], "rest_time": [4.456183433532715]}
goodput: 488, total_request: 488
{"batch_size": 0, "time": 1714375943.5307207, "queue_size_before_schedule": 0, "msg": "emptyqueue"}
{"batch_size": 1, "time": 1714375943.5774152, "high_priority_count": 1, "low_priority_count": 0, "queue_size_before_schedule": 1, "batch_size_after_schedule": 0, "running_requests_id_list": [473], "rest_time": [4.059823274612427]}
goodput: 489, total_request: 489
{"batch_size": 0, "time": 1714375943.6094592, "queue_size_before_schedule": 0, "msg": "emptyqueue"}
{"batch_size": 1, "time": 1714375947.0902228, "high_priority_count": 1, "low_priority_count": 0, "queue_size_before_schedule": 1, "batch_size_after_schedule": 0, "running_requests_id_list": [474], "rest_time": [3.563946008682251]}
goodput: 490, total_request: 490
{"batch_size": 0, "time": 1714375947.1162002, "queue_size_before_schedule": 0, "msg": "emptyqueue"}
{"batch_size": 4, "time": 1714375948.572769, "high_priority_count": 4, "low_priority_count": 0, "queue_size_before_schedule": 4, "batch_size_after_schedule": 0, "running_requests_id_list": [475, 476, 477, 478], "rest_time": [4.8519721031188965, 3.464205265045166, 3.365280866622925, 5.150684833526611]}
goodput: 494, total_request: 494
{"batch_size": 0, "time": 1714375948.608234, "queue_size_before_schedule": 0, "msg": "emptyqueue"}
{"batch_size": 1, "time": 1714375948.669626, "high_priority_count": 1, "low_priority_count": 0, "queue_size_before_schedule": 1, "batch_size_after_schedule": 0, "running_requests_id_list": [479], "rest_time": [4.456646680831909]}
goodput: 495, total_request: 495
{"batch_size": 0, "time": 1714375948.6940153, "queue_size_before_schedule": 0, "msg": "emptyqueue"}
{"batch_size": 14, "time": 1714375948.6963444, "high_priority_count": 14, "low_priority_count": 0, "queue_size_before_schedule": 14, "batch_size_after_schedule": 0, "running_requests_id_list": [480, 481, 482, 483, 484, 485, 486, 487, 488, 489, 490, 491, 492, 493], "rest_time": [4.628985404968262, 3.5383102893829346, 4.037353992462158, 3.541868209838867, 4.83135986328125, 4.93108057975769, 4.435386657714844, 4.4377992153167725, 3.3470823764801025, 3.4464430809020996, 4.041827440261841, 4.34220814704895, 4.640032768249512, 3.361100673675537]}
goodput: 509, total_request: 509
{"batch_size": 0, "time": 1714375948.7719104, "queue_size_before_schedule": 0, "msg": "emptyqueue"}
{"batch_size": 1, "time": 1714375948.9243593, "high_priority_count": 1, "low_priority_count": 0, "queue_size_before_schedule": 1, "batch_size_after_schedule": 0, "running_requests_id_list": [494], "rest_time": [5.0516698360443115]}
goodput: 510, total_request: 510
{"batch_size": 0, "time": 1714375948.9508388, "queue_size_before_schedule": 0, "msg": "emptyqueue"}
{"batch_size": 2, "time": 1714375948.9514534, "high_priority_count": 2, "low_priority_count": 0, "queue_size_before_schedule": 2, "batch_size_after_schedule": 0, "running_requests_id_list": [495, 496], "rest_time": [3.7359397411346436, 4.52970290184021]}
goodput: 512, total_request: 512
{"batch_size": 0, "time": 1714375948.9779298, "queue_size_before_schedule": 0, "msg": "emptyqueue"}
{"batch_size": 1, "time": 1714375954.0386362, "high_priority_count": 1, "low_priority_count": 0, "queue_size_before_schedule": 1, "batch_size_after_schedule": 0, "running_requests_id_list": [497], "rest_time": [4.753741025924683]}
goodput: 513, total_request: 513
{"batch_size": 0, "time": 1714375954.071565, "queue_size_before_schedule": 0, "msg": "emptyqueue"}
{"batch_size": 2, "time": 1714375954.1055348, "high_priority_count": 2, "low_priority_count": 0, "queue_size_before_schedule": 2, "batch_size_after_schedule": 0, "running_requests_id_list": [498, 499], "rest_time": [4.654291391372681, 3.96044659614563]}
goodput: 515, total_request: 515
