{"batch_size": 1, "time": 1714900343.5938213, "high_priority_count": 1, "low_priority_count": 0, "queue_size_before_schedule": 1, "batch_size_after_schedule": 0, "running_requests_id_list": [-1], "rest_time": [9999.997672319412]}
goodput: 1, total_request: 1
{"batch_size": 0, "time": 1714900344.1319726, "queue_size_before_schedule": 0, "msg": "emptyqueue"}
{"batch_size": 1, "time": 1714900344.1324713, "high_priority_count": 1, "low_priority_count": 0, "queue_size_before_schedule": 1, "batch_size_after_schedule": 0, "running_requests_id_list": [-1], "rest_time": [9999.761024236679]}
goodput: 2, total_request: 2
{"batch_size": 0, "time": 1714900344.1467257, "queue_size_before_schedule": 0, "msg": "emptyqueue"}
{"batch_size": 1, "time": 1714900344.194558, "high_priority_count": 1, "low_priority_count": 0, "queue_size_before_schedule": 1, "batch_size_after_schedule": 0, "running_requests_id_list": [-1], "rest_time": [9999.99953508377]}
goodput: 3, total_request: 3
{"batch_size": 0, "time": 1714900344.2153971, "queue_size_before_schedule": 0, "msg": "emptyqueue"}
{"batch_size": 1, "time": 1714900344.49508, "high_priority_count": 1, "low_priority_count": 0, "queue_size_before_schedule": 1, "batch_size_after_schedule": 0, "running_requests_id_list": [-1], "rest_time": [9999.999509572983]}
goodput: 4, total_request: 4
{"batch_size": 0, "time": 1714900344.5163288, "queue_size_before_schedule": 0, "msg": "emptyqueue"}
{"batch_size": 1, "time": 1714900344.7956126, "high_priority_count": 1, "low_priority_count": 0, "queue_size_before_schedule": 1, "batch_size_after_schedule": 0, "running_requests_id_list": [-1], "rest_time": [9999.999544858932]}
goodput: 5, total_request: 5
{"batch_size": 0, "time": 1714900344.8163552, "queue_size_before_schedule": 0, "msg": "emptyqueue"}
{"batch_size": 1, "time": 1714900345.0962448, "high_priority_count": 1, "low_priority_count": 0, "queue_size_before_schedule": 1, "batch_size_after_schedule": 0, "running_requests_id_list": [-1], "rest_time": [9999.999435663223]}
goodput: 6, total_request: 6
{"batch_size": 0, "time": 1714900345.1185813, "queue_size_before_schedule": 0, "msg": "emptyqueue"}
{"batch_size": 1, "time": 1714900345.3967311, "high_priority_count": 1, "low_priority_count": 0, "queue_size_before_schedule": 1, "batch_size_after_schedule": 0, "running_requests_id_list": [-1], "rest_time": [9999.999579429626]}
goodput: 7, total_request: 7
{"batch_size": 0, "time": 1714900345.4228384, "queue_size_before_schedule": 0, "msg": "emptyqueue"}
{"batch_size": 1, "time": 1714900345.6975007, "high_priority_count": 1, "low_priority_count": 0, "queue_size_before_schedule": 1, "batch_size_after_schedule": 0, "running_requests_id_list": [-1], "rest_time": [9999.999414205551]}
goodput: 8, total_request: 8
{"batch_size": 0, "time": 1714900345.7235646, "queue_size_before_schedule": 0, "msg": "emptyqueue"}
{"batch_size": 1, "time": 1714900345.9980986, "high_priority_count": 1, "low_priority_count": 0, "queue_size_before_schedule": 1, "batch_size_after_schedule": 0, "running_requests_id_list": [-1], "rest_time": [9999.999455928802]}
goodput: 9, total_request: 9
{"batch_size": 0, "time": 1714900346.0182092, "queue_size_before_schedule": 0, "msg": "emptyqueue"}
{"batch_size": 1, "time": 1714900346.2988424, "high_priority_count": 1, "low_priority_count": 0, "queue_size_before_schedule": 1, "batch_size_after_schedule": 0, "running_requests_id_list": [-1], "rest_time": [9999.9993724823]}
goodput: 10, total_request: 10
{"batch_size": 0, "time": 1714900346.322795, "queue_size_before_schedule": 0, "msg": "emptyqueue"}
{"batch_size": 1, "time": 1714900346.5994806, "high_priority_count": 1, "low_priority_count": 0, "queue_size_before_schedule": 1, "batch_size_after_schedule": 0, "running_requests_id_list": [-1], "rest_time": [9999.999487161636]}
goodput: 11, total_request: 11
{"batch_size": 0, "time": 1714900346.628156, "queue_size_before_schedule": 0, "msg": "emptyqueue"}
{"batch_size": 1, "time": 1714900346.9001527, "high_priority_count": 1, "low_priority_count": 0, "queue_size_before_schedule": 1, "batch_size_after_schedule": 0, "running_requests_id_list": [-1], "rest_time": [9999.999452590942]}
goodput: 12, total_request: 12
{"batch_size": 0, "time": 1714900346.9312038, "queue_size_before_schedule": 0, "msg": "emptyqueue"}
{"batch_size": 1, "time": 1714900347.2010703, "high_priority_count": 1, "low_priority_count": 0, "queue_size_before_schedule": 1, "batch_size_after_schedule": 0, "running_requests_id_list": [-1], "rest_time": [9999.999115943909]}
goodput: 13, total_request: 13
{"batch_size": 0, "time": 1714900347.2326598, "queue_size_before_schedule": 0, "msg": "emptyqueue"}
{"batch_size": 1, "time": 1714900347.501239, "high_priority_count": 1, "low_priority_count": 0, "queue_size_before_schedule": 1, "batch_size_after_schedule": 0, "running_requests_id_list": [-1], "rest_time": [9999.999301433563]}
goodput: 14, total_request: 14
{"batch_size": 0, "time": 1714900347.5330763, "queue_size_before_schedule": 0, "msg": "emptyqueue"}
{"batch_size": 1, "time": 1714900347.8018627, "high_priority_count": 1, "low_priority_count": 0, "queue_size_before_schedule": 1, "batch_size_after_schedule": 0, "running_requests_id_list": [-1], "rest_time": [9999.999361038208]}
goodput: 15, total_request: 15
{"batch_size": 0, "time": 1714900347.8345208, "queue_size_before_schedule": 0, "msg": "emptyqueue"}
{"batch_size": 1, "time": 1714900367.8242989, "high_priority_count": 1, "low_priority_count": 0, "queue_size_before_schedule": 1, "batch_size_after_schedule": 0, "running_requests_id_list": [0], "rest_time": [4.3567469120025635]}
goodput: 16, total_request: 16
{"batch_size": 0, "time": 1714900367.8510725, "queue_size_before_schedule": 0, "msg": "emptyqueue"}
{"batch_size": 3, "time": 1714900367.851857, "high_priority_count": 3, "low_priority_count": 0, "queue_size_before_schedule": 3, "batch_size_after_schedule": 0, "running_requests_id_list": [1, 2, 3], "rest_time": [4.631473541259766, 3.1443018913269043, 3.4421229362487793]}
goodput: 19, total_request: 19
{"batch_size": 0, "time": 1714900367.8883026, "queue_size_before_schedule": 0, "msg": "emptyqueue"}
{"batch_size": 1, "time": 1714900375.8831453, "high_priority_count": 1, "low_priority_count": 0, "queue_size_before_schedule": 1, "batch_size_after_schedule": 0, "running_requests_id_list": [4], "rest_time": [3.464524030685425]}
goodput: 20, total_request: 20
{"batch_size": 0, "time": 1714900375.9233868, "queue_size_before_schedule": 0, "msg": "emptyqueue"}
{"batch_size": 1, "time": 1714900376.1885965, "high_priority_count": 1, "low_priority_count": 0, "queue_size_before_schedule": 1, "batch_size_after_schedule": 0, "running_requests_id_list": [5], "rest_time": [3.861630916595459]}
goodput: 21, total_request: 21
{"batch_size": 0, "time": 1714900376.2121718, "queue_size_before_schedule": 0, "msg": "emptyqueue"}
{"batch_size": 3, "time": 1714900376.2129564, "high_priority_count": 3, "low_priority_count": 0, "queue_size_before_schedule": 3, "batch_size_after_schedule": 0, "running_requests_id_list": [6, 7, 8], "rest_time": [4.037512540817261, 5.0295023918151855, 4.930532217025757]}
goodput: 24, total_request: 24
{"batch_size": 0, "time": 1714900376.2387285, "queue_size_before_schedule": 0, "msg": "emptyqueue"}
{"batch_size": 1, "time": 1714900376.423245, "high_priority_count": 1, "low_priority_count": 0, "queue_size_before_schedule": 1, "batch_size_after_schedule": 0, "running_requests_id_list": [9], "rest_time": [3.5636281967163086]}
goodput: 25, total_request: 25
{"batch_size": 0, "time": 1714900376.4543965, "queue_size_before_schedule": 0, "msg": "emptyqueue"}
{"batch_size": 1, "time": 1714900390.1998587, "high_priority_count": 1, "low_priority_count": 0, "queue_size_before_schedule": 1, "batch_size_after_schedule": 0, "running_requests_id_list": [10], "rest_time": [3.7619717121124268]}
goodput: 26, total_request: 33
{"batch_size": 7, "time": 1714900390.2307682, "high_priority_count": 7, "low_priority_count": 0, "queue_size_before_schedule": 7, "batch_size_after_schedule": 0, "running_requests_id_list": [11, 12, 13, 14, 15, 16, 17], "rest_time": [4.326906442642212, 3.2363405227661133, 3.7324836254119873, 3.8322947025299072, 4.526773452758789, 4.824592351913452, 3.634739637374878]}
goodput: 33, total_request: 34
{"batch_size": 1, "time": 1714900390.276362, "high_priority_count": 1, "low_priority_count": 0, "queue_size_before_schedule": 1, "batch_size_after_schedule": 0, "running_requests_id_list": [18], "rest_time": [4.3878796100616455]}
goodput: 34, total_request: 34
{"batch_size": 0, "time": 1714900390.3007386, "queue_size_before_schedule": 0, "msg": "emptyqueue"}
{"batch_size": 2, "time": 1714900395.3093426, "high_priority_count": 2, "low_priority_count": 0, "queue_size_before_schedule": 2, "batch_size_after_schedule": 0, "running_requests_id_list": [19, 20], "rest_time": [3.9605302810668945, 4.060178518295288]}
goodput: 36, total_request: 36
{"batch_size": 0, "time": 1714900395.340688, "queue_size_before_schedule": 0, "msg": "emptyqueue"}
{"batch_size": 1, "time": 1714900395.3501744, "high_priority_count": 1, "low_priority_count": 0, "queue_size_before_schedule": 1, "batch_size_after_schedule": 0, "running_requests_id_list": [21], "rest_time": [5.150757074356079]}
goodput: 37, total_request: 37
{"batch_size": 0, "time": 1714900395.3746047, "queue_size_before_schedule": 0, "msg": "emptyqueue"}
{"batch_size": 5, "time": 1714900395.3761983, "high_priority_count": 5, "low_priority_count": 0, "queue_size_before_schedule": 5, "batch_size_after_schedule": 0, "running_requests_id_list": [22, 23, 24, 25, 26], "rest_time": [5.045481443405151, 4.7482945919036865, 5.0460169315338135, 3.659371852874756, 4.651763200759888]}
goodput: 42, total_request: 42
{"batch_size": 0, "time": 1714900395.4091763, "queue_size_before_schedule": 0, "msg": "emptyqueue"}
{"batch_size": 5, "time": 1714900395.4108045, "high_priority_count": 5, "low_priority_count": 0, "queue_size_before_schedule": 5, "batch_size_after_schedule": 0, "running_requests_id_list": [27, 28, 29, 30, 31], "rest_time": [4.631688594818115, 3.1445984840393066, 4.929915428161621, 3.457670211791992, 4.846458911895752]}
goodput: 47, total_request: 47
{"batch_size": 0, "time": 1714900395.4405904, "queue_size_before_schedule": 0, "msg": "emptyqueue"}
{"batch_size": 1, "time": 1714900395.9500995, "high_priority_count": 1, "low_priority_count": 0, "queue_size_before_schedule": 1, "batch_size_after_schedule": 0, "running_requests_id_list": [32], "rest_time": [5.051665544509888]}
goodput: 48, total_request: 48
{"batch_size": 0, "time": 1714900395.9805374, "queue_size_before_schedule": 0, "msg": "emptyqueue"}
{"batch_size": 1, "time": 1714900396.7075741, "high_priority_count": 1, "low_priority_count": 0, "queue_size_before_schedule": 1, "batch_size_after_schedule": 0, "running_requests_id_list": [33], "rest_time": [5.051610946655273]}
goodput: 49, total_request: 49
{"batch_size": 0, "time": 1714900396.7380047, "queue_size_before_schedule": 0, "msg": "emptyqueue"}
{"batch_size": 1, "time": 1714900409.2211056, "high_priority_count": 1, "low_priority_count": 0, "queue_size_before_schedule": 1, "batch_size_after_schedule": 0, "running_requests_id_list": [34], "rest_time": [5.0510687828063965]}
goodput: 50, total_request: 50
{"batch_size": 0, "time": 1714900409.2567186, "queue_size_before_schedule": 0, "msg": "emptyqueue"}
{"batch_size": 1, "time": 1714900421.8986049, "high_priority_count": 1, "low_priority_count": 0, "queue_size_before_schedule": 1, "batch_size_after_schedule": 0, "running_requests_id_list": [35], "rest_time": [4.555352449417114]}
goodput: 51, total_request: 51
{"batch_size": 0, "time": 1714900421.927397, "queue_size_before_schedule": 0, "msg": "emptyqueue"}
{"batch_size": 1, "time": 1714900422.0009444, "high_priority_count": 1, "low_priority_count": 0, "queue_size_before_schedule": 1, "batch_size_after_schedule": 0, "running_requests_id_list": [36], "rest_time": [3.861619472503662]}
goodput: 52, total_request: 56
{"batch_size": 4, "time": 1714900422.0159461, "high_priority_count": 4, "low_priority_count": 0, "queue_size_before_schedule": 4, "batch_size_after_schedule": 0, "running_requests_id_list": [37, 38, 39, 40], "rest_time": [3.152839422225952, 3.2522809505462646, 4.045960187911987, 3.1536142826080322]}
goodput: 56, total_request: 63
{"batch_size": 7, "time": 1714900422.0448194, "high_priority_count": 7, "low_priority_count": 0, "queue_size_before_schedule": 7, "batch_size_after_schedule": 0, "running_requests_id_list": [41, 42, 43, 44, 45, 46, 47], "rest_time": [4.118243217468262, 5.110607624053955, 3.4267852306365967, 4.220501184463501, 4.9149415493011475, 3.3283822536468506, 3.1327641010284424]}
goodput: 63, total_request: 64
{"batch_size": 1, "time": 1714900422.0759904, "high_priority_count": 1, "low_priority_count": 0, "queue_size_before_schedule": 1, "batch_size_after_schedule": 0, "running_requests_id_list": [48], "rest_time": [3.1274046897888184]}
goodput: 64, total_request: 64
{"batch_size": 0, "time": 1714900422.0925756, "queue_size_before_schedule": 0, "msg": "emptyqueue"}
{"batch_size": 2, "time": 1714900422.1298387, "high_priority_count": 2, "low_priority_count": 0, "queue_size_before_schedule": 2, "batch_size_after_schedule": 0, "running_requests_id_list": [49, 50], "rest_time": [3.563981294631958, 3.6635169982910156]}
goodput: 66, total_request: 66
{"batch_size": 0, "time": 1714900422.1566064, "queue_size_before_schedule": 0, "msg": "emptyqueue"}
{"batch_size": 3, "time": 1714900422.1574438, "high_priority_count": 3, "low_priority_count": 0, "queue_size_before_schedule": 3, "batch_size_after_schedule": 0, "running_requests_id_list": [51, 52, 53], "rest_time": [3.738236904144287, 3.93691086769104, 5.127262115478516]}
goodput: 69, total_request: 69
{"batch_size": 0, "time": 1714900422.1831563, "queue_size_before_schedule": 0, "msg": "emptyqueue"}
{"batch_size": 1, "time": 1714900422.1836157, "high_priority_count": 1, "low_priority_count": 0, "queue_size_before_schedule": 1, "batch_size_after_schedule": 0, "running_requests_id_list": [54], "rest_time": [4.845891237258911]}
goodput: 70, total_request: 70
{"batch_size": 0, "time": 1714900422.2073736, "queue_size_before_schedule": 0, "msg": "emptyqueue"}
{"batch_size": 1, "time": 1714900422.6506164, "high_priority_count": 1, "low_priority_count": 0, "queue_size_before_schedule": 1, "batch_size_after_schedule": 0, "running_requests_id_list": [55], "rest_time": [4.655127763748169]}
goodput: 71, total_request: 71
{"batch_size": 0, "time": 1714900422.6656713, "queue_size_before_schedule": 0, "msg": "emptyqueue"}
{"batch_size": 1, "time": 1714900424.3419719, "high_priority_count": 1, "low_priority_count": 0, "queue_size_before_schedule": 1, "batch_size_after_schedule": 0, "running_requests_id_list": [56], "rest_time": [3.5640244483947754]}
goodput: 72, total_request: 72
{"batch_size": 0, "time": 1714900424.3620355, "queue_size_before_schedule": 0, "msg": "emptyqueue"}
{"batch_size": 1, "time": 1714900426.052988, "high_priority_count": 1, "low_priority_count": 0, "queue_size_before_schedule": 1, "batch_size_after_schedule": 0, "running_requests_id_list": [57], "rest_time": [4.059718370437622]}
goodput: 73, total_request: 73
{"batch_size": 0, "time": 1714900426.10225, "queue_size_before_schedule": 0, "msg": "emptyqueue"}
{"batch_size": 1, "time": 1714900426.1283605, "high_priority_count": 1, "low_priority_count": 0, "queue_size_before_schedule": 1, "batch_size_after_schedule": 0, "running_requests_id_list": [58], "rest_time": [4.159115791320801]}
goodput: 74, total_request: 74
{"batch_size": 0, "time": 1714900426.158655, "queue_size_before_schedule": 0, "msg": "emptyqueue"}
{"batch_size": 3, "time": 1714900432.745619, "high_priority_count": 3, "low_priority_count": 0, "queue_size_before_schedule": 3, "batch_size_after_schedule": 0, "running_requests_id_list": [59, 60, 61], "rest_time": [3.266037702560425, 3.266420364379883, 3.8616175651550293]}
goodput: 77, total_request: 77
{"batch_size": 0, "time": 1714900432.784437, "queue_size_before_schedule": 0, "msg": "emptyqueue"}
{"batch_size": 6, "time": 1714900432.787254, "high_priority_count": 6, "low_priority_count": 0, "queue_size_before_schedule": 6, "batch_size_after_schedule": 0, "running_requests_id_list": [62, 63, 64, 65, 66, 67], "rest_time": [4.035142660140991, 3.4462971687316895, 3.7441532611846924, 4.241880893707275, 4.54151725769043, 4.952236890792847]}
goodput: 83, total_request: 83
{"batch_size": 0, "time": 1714900432.8197014, "queue_size_before_schedule": 0, "msg": "emptyqueue"}
{"batch_size": 2, "time": 1714900435.0205135, "high_priority_count": 2, "low_priority_count": 0, "queue_size_before_schedule": 2, "batch_size_after_schedule": 0, "running_requests_id_list": [68, 69], "rest_time": [3.166900157928467, 4.555941343307495]}
goodput: 85, total_request: 85
{"batch_size": 0, "time": 1714900435.0465271, "queue_size_before_schedule": 0, "msg": "emptyqueue"}
{"batch_size": 2, "time": 1714900435.4293876, "high_priority_count": 2, "low_priority_count": 0, "queue_size_before_schedule": 2, "batch_size_after_schedule": 0, "running_requests_id_list": [70, 71], "rest_time": [3.4644181728363037, 4.357483386993408]}
goodput: 87, total_request: 87
{"batch_size": 0, "time": 1714900435.458358, "queue_size_before_schedule": 0, "msg": "emptyqueue"}
{"batch_size": 4, "time": 1714900435.489113, "high_priority_count": 4, "low_priority_count": 0, "queue_size_before_schedule": 4, "batch_size_after_schedule": 0, "running_requests_id_list": [72, 73, 74, 75], "rest_time": [4.1584999561309814, 5.15062952041626, 4.258271932601929, 3.564277410507202]}
goodput: 91, total_request: 91
{"batch_size": 0, "time": 1714900435.5199027, "queue_size_before_schedule": 0, "msg": "emptyqueue"}
{"batch_size": 1, "time": 1714900435.9067285, "high_priority_count": 1, "low_priority_count": 0, "queue_size_before_schedule": 1, "batch_size_after_schedule": 0, "running_requests_id_list": [76], "rest_time": [3.76246976852417]}
goodput: 92, total_request: 93
{"batch_size": 1, "time": 1714900435.9423897, "high_priority_count": 1, "low_priority_count": 0, "queue_size_before_schedule": 1, "batch_size_after_schedule": 0, "running_requests_id_list": [77], "rest_time": [3.5288519859313965]}
goodput: 93, total_request: 93
{"batch_size": 0, "time": 1714900435.9666104, "queue_size_before_schedule": 0, "msg": "emptyqueue"}
{"batch_size": 1, "time": 1714900435.9671702, "high_priority_count": 1, "low_priority_count": 0, "queue_size_before_schedule": 1, "batch_size_after_schedule": 0, "running_requests_id_list": [78], "rest_time": [4.6353771686553955]}
goodput: 94, total_request: 94
{"batch_size": 0, "time": 1714900435.9895287, "queue_size_before_schedule": 0, "msg": "emptyqueue"}
{"batch_size": 1, "time": 1714900436.0176907, "high_priority_count": 1, "low_priority_count": 0, "queue_size_before_schedule": 1, "batch_size_after_schedule": 0, "running_requests_id_list": [79], "rest_time": [5.150949239730835]}
goodput: 95, total_request: 95
{"batch_size": 0, "time": 1714900436.038791, "queue_size_before_schedule": 0, "msg": "emptyqueue"}
{"batch_size": 2, "time": 1714900448.0522163, "high_priority_count": 2, "low_priority_count": 0, "queue_size_before_schedule": 2, "batch_size_after_schedule": 0, "running_requests_id_list": [80, 81], "rest_time": [3.464340925216675, 4.357585668563843]}
goodput: 97, total_request: 97
{"batch_size": 0, "time": 1714900448.0872517, "queue_size_before_schedule": 0, "msg": "emptyqueue"}
{"batch_size": 1, "time": 1714900448.1363282, "high_priority_count": 1, "low_priority_count": 0, "queue_size_before_schedule": 1, "batch_size_after_schedule": 0, "running_requests_id_list": [82], "rest_time": [3.5637423992156982]}
goodput: 98, total_request: 98
{"batch_size": 0, "time": 1714900448.1614149, "queue_size_before_schedule": 0, "msg": "emptyqueue"}
{"batch_size": 2, "time": 1714900448.162373, "high_priority_count": 2, "low_priority_count": 0, "queue_size_before_schedule": 2, "batch_size_after_schedule": 0, "running_requests_id_list": [83, 84], "rest_time": [5.125545263290405, 3.9358174800872803]}
goodput: 100, total_request: 100
{"batch_size": 0, "time": 1714900448.1837988, "queue_size_before_schedule": 0, "msg": "emptyqueue"}
{"batch_size": 2, "time": 1714900448.4556234, "high_priority_count": 2, "low_priority_count": 0, "queue_size_before_schedule": 2, "batch_size_after_schedule": 0, "running_requests_id_list": [85, 86], "rest_time": [4.555671453475952, 4.655132055282593]}
goodput: 102, total_request: 102
{"batch_size": 0, "time": 1714900448.4778132, "queue_size_before_schedule": 0, "msg": "emptyqueue"}
{"batch_size": 2, "time": 1714900448.503243, "high_priority_count": 2, "low_priority_count": 0, "queue_size_before_schedule": 2, "batch_size_after_schedule": 0, "running_requests_id_list": [87, 88], "rest_time": [5.150712490081787, 3.465137481689453]}
goodput: 104, total_request: 104
{"batch_size": 0, "time": 1714900448.5226579, "queue_size_before_schedule": 0, "msg": "emptyqueue"}
{"batch_size": 1, "time": 1714900448.5229423, "high_priority_count": 1, "low_priority_count": 0, "queue_size_before_schedule": 1, "batch_size_after_schedule": 0, "running_requests_id_list": [89], "rest_time": [4.637723684310913]}
goodput: 105, total_request: 105
{"batch_size": 0, "time": 1714900448.5503695, "queue_size_before_schedule": 0, "msg": "emptyqueue"}
{"batch_size": 1, "time": 1714900452.818747, "high_priority_count": 1, "low_priority_count": 0, "queue_size_before_schedule": 1, "batch_size_after_schedule": 0, "running_requests_id_list": [90], "rest_time": [4.45608377456665]}
goodput: 106, total_request: 106
{"batch_size": 0, "time": 1714900452.85191, "queue_size_before_schedule": 0, "msg": "emptyqueue"}
{"batch_size": 1, "time": 1714900452.852024, "high_priority_count": 1, "low_priority_count": 0, "queue_size_before_schedule": 1, "batch_size_after_schedule": 0, "running_requests_id_list": [91], "rest_time": [4.721704006195068]}
goodput: 107, total_request: 107
{"batch_size": 0, "time": 1714900452.8678071, "queue_size_before_schedule": 0, "msg": "emptyqueue"}
{"batch_size": 3, "time": 1714900452.9041224, "high_priority_count": 3, "low_priority_count": 0, "queue_size_before_schedule": 3, "batch_size_after_schedule": 0, "running_requests_id_list": [92, 93, 94], "rest_time": [4.852748870849609, 3.6630897521972656, 4.060044527053833]}
goodput: 110, total_request: 110
{"batch_size": 0, "time": 1714900452.9326944, "queue_size_before_schedule": 0, "msg": "emptyqueue"}
{"batch_size": 6, "time": 1714900453.0081406, "high_priority_count": 6, "low_priority_count": 0, "queue_size_before_schedule": 6, "batch_size_after_schedule": 0, "running_requests_id_list": [95, 96, 97, 98, 99, 100], "rest_time": [3.4638478755950928, 3.166638135910034, 3.66276216506958, 3.167126178741455, 4.853306770324707, 4.952698469161987]}
goodput: 116, total_request: 116
{"batch_size": 0, "time": 1714900453.0450501, "queue_size_before_schedule": 0, "msg": "emptyqueue"}
{"batch_size": 2, "time": 1714900453.0458322, "high_priority_count": 2, "low_priority_count": 0, "queue_size_before_schedule": 2, "batch_size_after_schedule": 0, "running_requests_id_list": [101, 102], "rest_time": [3.553184986114502, 3.355727195739746]}
goodput: 118, total_request: 118
{"batch_size": 0, "time": 1714900453.0729663, "queue_size_before_schedule": 0, "msg": "emptyqueue"}
{"batch_size": 7, "time": 1714900453.0752804, "high_priority_count": 7, "low_priority_count": 0, "queue_size_before_schedule": 7, "batch_size_after_schedule": 0, "running_requests_id_list": [103, 104, 105, 106, 107, 108, 109], "rest_time": [4.732757329940796, 3.4437034130096436, 3.3446590900421143, 4.140807867050171, 4.446127653121948, 4.743867874145508, 3.851428985595703]}
goodput: 125, total_request: 125
{"batch_size": 0, "time": 1714900453.1130762, "queue_size_before_schedule": 0, "msg": "emptyqueue"}
{"batch_size": 1, "time": 1714900453.113914, "high_priority_count": 1, "low_priority_count": 0, "queue_size_before_schedule": 1, "batch_size_after_schedule": 0, "running_requests_id_list": [110], "rest_time": [4.04311466217041]}
goodput: 126, total_request: 126
{"batch_size": 0, "time": 1714900453.137556, "queue_size_before_schedule": 0, "msg": "emptyqueue"}
{"batch_size": 2, "time": 1714900458.5729225, "high_priority_count": 2, "low_priority_count": 0, "queue_size_before_schedule": 2, "batch_size_after_schedule": 0, "running_requests_id_list": [111, 112], "rest_time": [3.1665966510772705, 4.159109830856323]}
goodput: 128, total_request: 128
{"batch_size": 0, "time": 1714900458.6036716, "queue_size_before_schedule": 0, "msg": "emptyqueue"}
{"batch_size": 4, "time": 1714900458.6057265, "high_priority_count": 4, "low_priority_count": 0, "queue_size_before_schedule": 4, "batch_size_after_schedule": 0, "running_requests_id_list": [113, 114, 115, 116], "rest_time": [4.920491933822632, 4.226588010787964, 3.3343124389648438, 3.334585428237915]}
goodput: 132, total_request: 132
{"batch_size": 0, "time": 1714900458.6302648, "queue_size_before_schedule": 0, "msg": "emptyqueue"}
{"batch_size": 1, "time": 1714900459.8073304, "high_priority_count": 1, "low_priority_count": 0, "queue_size_before_schedule": 1, "batch_size_after_schedule": 0, "running_requests_id_list": [117], "rest_time": [3.464735269546509]}
goodput: 133, total_request: 133
{"batch_size": 0, "time": 1714900459.8296885, "queue_size_before_schedule": 0, "msg": "emptyqueue"}
{"batch_size": 1, "time": 1714900459.830572, "high_priority_count": 1, "low_priority_count": 0, "queue_size_before_schedule": 1, "batch_size_after_schedule": 0, "running_requests_id_list": [118], "rest_time": [3.442267894744873]}
goodput: 134, total_request: 134
{"batch_size": 0, "time": 1714900459.855084, "queue_size_before_schedule": 0, "msg": "emptyqueue"}
{"batch_size": 1, "time": 1714900459.8706512, "high_priority_count": 1, "low_priority_count": 0, "queue_size_before_schedule": 1, "batch_size_after_schedule": 0, "running_requests_id_list": [119], "rest_time": [4.952365159988403]}
goodput: 135, total_request: 135
{"batch_size": 0, "time": 1714900459.8908284, "queue_size_before_schedule": 0, "msg": "emptyqueue"}
{"batch_size": 3, "time": 1714900459.8921223, "high_priority_count": 3, "low_priority_count": 0, "queue_size_before_schedule": 3, "batch_size_after_schedule": 0, "running_requests_id_list": [120, 121, 122], "rest_time": [4.535971641540527, 3.445321798324585, 5.131469964981079]}
goodput: 138, total_request: 138
{"batch_size": 0, "time": 1714900459.9161968, "queue_size_before_schedule": 0, "msg": "emptyqueue"}
{"batch_size": 1, "time": 1714900460.0505486, "high_priority_count": 1, "low_priority_count": 0, "queue_size_before_schedule": 1, "batch_size_after_schedule": 0, "running_requests_id_list": [123], "rest_time": [4.853213310241699]}
goodput: 139, total_request: 139
{"batch_size": 0, "time": 1714900460.0775828, "queue_size_before_schedule": 0, "msg": "emptyqueue"}
{"batch_size": 1, "time": 1714900460.0783777, "high_priority_count": 1, "low_priority_count": 0, "queue_size_before_schedule": 1, "batch_size_after_schedule": 0, "running_requests_id_list": [124], "rest_time": [4.9258873462677]}
goodput: 140, total_request: 140
{"batch_size": 0, "time": 1714900460.1039634, "queue_size_before_schedule": 0, "msg": "emptyqueue"}
{"batch_size": 2, "time": 1714900467.7297976, "high_priority_count": 2, "low_priority_count": 0, "queue_size_before_schedule": 2, "batch_size_after_schedule": 0, "running_requests_id_list": [125, 126], "rest_time": [4.555284261703491, 4.059959888458252]}
goodput: 142, total_request: 143
{"batch_size": 1, "time": 1714900467.760122, "high_priority_count": 1, "low_priority_count": 0, "queue_size_before_schedule": 1, "batch_size_after_schedule": 0, "running_requests_id_list": [127], "rest_time": [3.236574649810791]}
goodput: 143, total_request: 146
{"batch_size": 3, "time": 1714900467.7811978, "high_priority_count": 3, "low_priority_count": 0, "queue_size_before_schedule": 3, "batch_size_after_schedule": 0, "running_requests_id_list": [128, 129, 130], "rest_time": [3.5344364643096924, 4.129915714263916, 4.229382514953613]}
goodput: 146, total_request: 146
{"batch_size": 0, "time": 1714900467.8053834, "queue_size_before_schedule": 0, "msg": "emptyqueue"}
{"batch_size": 2, "time": 1714900480.8434, "high_priority_count": 2, "low_priority_count": 0, "queue_size_before_schedule": 2, "batch_size_after_schedule": 0, "running_requests_id_list": [131, 132], "rest_time": [3.960184335708618, 4.25842809677124]}
goodput: 148, total_request: 148
{"batch_size": 0, "time": 1714900480.8804593, "queue_size_before_schedule": 0, "msg": "emptyqueue"}
{"batch_size": 1, "time": 1714900480.8807042, "high_priority_count": 1, "low_priority_count": 0, "queue_size_before_schedule": 1, "batch_size_after_schedule": 0, "running_requests_id_list": [133], "rest_time": [3.32888126373291]}
goodput: 149, total_request: 149
{"batch_size": 0, "time": 1714900480.9039996, "queue_size_before_schedule": 0, "msg": "emptyqueue"}
{"batch_size": 1, "time": 1714900485.7289443, "high_priority_count": 1, "low_priority_count": 0, "queue_size_before_schedule": 1, "batch_size_after_schedule": 0, "running_requests_id_list": [134], "rest_time": [5.051109075546265]}
goodput: 150, total_request: 150
{"batch_size": 0, "time": 1714900485.7537906, "queue_size_before_schedule": 0, "msg": "emptyqueue"}
{"batch_size": 4, "time": 1714900485.7549403, "high_priority_count": 4, "low_priority_count": 0, "queue_size_before_schedule": 4, "batch_size_after_schedule": 0, "running_requests_id_list": [135, 136, 137, 138], "rest_time": [4.736441373825073, 3.150120496749878, 3.1563196182250977, 3.7518434524536133]}
goodput: 154, total_request: 154
{"batch_size": 0, "time": 1714900485.7856455, "queue_size_before_schedule": 0, "msg": "emptyqueue"}
{"batch_size": 1, "time": 1714900501.9303603, "high_priority_count": 1, "low_priority_count": 0, "queue_size_before_schedule": 1, "batch_size_after_schedule": 0, "running_requests_id_list": [139], "rest_time": [5.051182508468628]}
goodput: 155, total_request: 155
{"batch_size": 0, "time": 1714900501.9585936, "queue_size_before_schedule": 0, "msg": "emptyqueue"}
{"batch_size": 2, "time": 1714900501.960058, "high_priority_count": 2, "low_priority_count": 0, "queue_size_before_schedule": 2, "batch_size_after_schedule": 0, "running_requests_id_list": [140, 141], "rest_time": [4.526516437530518, 4.130135536193848]}
goodput: 157, total_request: 157
{"batch_size": 0, "time": 1714900501.9822078, "queue_size_before_schedule": 0, "msg": "emptyqueue"}
{"batch_size": 1, "time": 1714900502.4893897, "high_priority_count": 1, "low_priority_count": 0, "queue_size_before_schedule": 1, "batch_size_after_schedule": 0, "running_requests_id_list": [142], "rest_time": [5.051636695861816]}
goodput: 158, total_request: 158
{"batch_size": 0, "time": 1714900502.5133035, "queue_size_before_schedule": 0, "msg": "emptyqueue"}
{"batch_size": 2, "time": 1714900502.5142214, "high_priority_count": 2, "low_priority_count": 0, "queue_size_before_schedule": 2, "batch_size_after_schedule": 0, "running_requests_id_list": [143, 144], "rest_time": [3.936701536178589, 4.432886838912964]}
goodput: 160, total_request: 160
{"batch_size": 0, "time": 1714900502.5306637, "queue_size_before_schedule": 0, "msg": "emptyqueue"}
{"batch_size": 1, "time": 1714900513.3577113, "high_priority_count": 1, "low_priority_count": 0, "queue_size_before_schedule": 1, "batch_size_after_schedule": 0, "running_requests_id_list": [145], "rest_time": [3.365123987197876]}
goodput: 161, total_request: 161
{"batch_size": 0, "time": 1714900513.3802738, "queue_size_before_schedule": 0, "msg": "emptyqueue"}
{"batch_size": 4, "time": 1714900516.025494, "high_priority_count": 4, "low_priority_count": 0, "queue_size_before_schedule": 4, "batch_size_after_schedule": 0, "running_requests_id_list": [146, 147, 148, 149], "rest_time": [3.4638760089874268, 3.365295171737671, 4.258119583129883, 4.456711053848267]}
goodput: 165, total_request: 165
{"batch_size": 0, "time": 1714900516.0663114, "queue_size_before_schedule": 0, "msg": "emptyqueue"}
{"batch_size": 1, "time": 1714900516.1016693, "high_priority_count": 1, "low_priority_count": 0, "queue_size_before_schedule": 1, "batch_size_after_schedule": 0, "running_requests_id_list": [150], "rest_time": [4.7540271282196045]}
goodput: 166, total_request: 166
{"batch_size": 0, "time": 1714900516.1255798, "queue_size_before_schedule": 0, "msg": "emptyqueue"}
{"batch_size": 1, "time": 1714900516.299953, "high_priority_count": 1, "low_priority_count": 0, "queue_size_before_schedule": 1, "batch_size_after_schedule": 0, "running_requests_id_list": [151], "rest_time": [3.960829973220825]}
goodput: 167, total_request: 168
{"batch_size": 1, "time": 1714900516.314861, "high_priority_count": 1, "low_priority_count": 0, "queue_size_before_schedule": 1, "batch_size_after_schedule": 0, "running_requests_id_list": [152], "rest_time": [3.946390151977539]}
goodput: 168, total_request: 168
{"batch_size": 0, "time": 1714900516.3341923, "queue_size_before_schedule": 0, "msg": "emptyqueue"}
{"batch_size": 2, "time": 1714900516.3354013, "high_priority_count": 2, "low_priority_count": 0, "queue_size_before_schedule": 2, "batch_size_after_schedule": 0, "running_requests_id_list": [153, 154], "rest_time": [5.039212703704834, 3.9485950469970703]}
goodput: 170, total_request: 170
{"batch_size": 0, "time": 1714900516.3547406, "queue_size_before_schedule": 0, "msg": "emptyqueue"}
{"batch_size": 4, "time": 1714900517.4829779, "high_priority_count": 4, "low_priority_count": 0, "queue_size_before_schedule": 4, "batch_size_after_schedule": 0, "running_requests_id_list": [155, 156, 157, 158], "rest_time": [3.3651113510131836, 5.150630712509155, 3.4649012088775635, 4.357675075531006]}
goodput: 174, total_request: 174
{"batch_size": 0, "time": 1714900517.5142753, "queue_size_before_schedule": 0, "msg": "emptyqueue"}
{"batch_size": 4, "time": 1714900517.5160515, "high_priority_count": 4, "low_priority_count": 0, "queue_size_before_schedule": 4, "batch_size_after_schedule": 0, "running_requests_id_list": [159, 160, 161, 162], "rest_time": [4.552081823348999, 3.1640563011169434, 3.5610523223876953, 3.4621970653533936]}
goodput: 178, total_request: 178
{"batch_size": 0, "time": 1714900517.5432692, "queue_size_before_schedule": 0, "msg": "emptyqueue"}
{"batch_size": 2, "time": 1714900517.748204, "high_priority_count": 2, "low_priority_count": 0, "queue_size_before_schedule": 2, "batch_size_after_schedule": 0, "running_requests_id_list": [163, 164], "rest_time": [4.456257343292236, 4.258337020874023]}
goodput: 180, total_request: 180
{"batch_size": 0, "time": 1714900517.7724452, "queue_size_before_schedule": 0, "msg": "emptyqueue"}
{"batch_size": 3, "time": 1714900517.7735345, "high_priority_count": 3, "low_priority_count": 0, "queue_size_before_schedule": 3, "batch_size_after_schedule": 0, "running_requests_id_list": [165, 166, 167], "rest_time": [4.434271574020386, 4.434591293334961, 4.236510276794434]}
goodput: 183, total_request: 183
{"batch_size": 0, "time": 1714900517.7969449, "queue_size_before_schedule": 0, "msg": "emptyqueue"}
{"batch_size": 1, "time": 1714900518.1112983, "high_priority_count": 1, "low_priority_count": 0, "queue_size_before_schedule": 1, "batch_size_after_schedule": 0, "running_requests_id_list": [168], "rest_time": [4.754021167755127]}
goodput: 184, total_request: 184
{"batch_size": 0, "time": 1714900518.1349916, "queue_size_before_schedule": 0, "msg": "emptyqueue"}
{"batch_size": 9, "time": 1714900518.1362698, "high_priority_count": 9, "low_priority_count": 0, "queue_size_before_schedule": 9, "batch_size_after_schedule": 0, "running_requests_id_list": [169, 170, 171, 172, 173, 174, 175, 176, 177], "rest_time": [4.531487703323364, 4.732087135314941, 5.041616916656494, 3.2568178176879883, 3.9518380165100098, 3.1586644649505615, 3.555572748184204, 3.754120349884033, 4.449289321899414]}
goodput: 193, total_request: 193
{"batch_size": 0, "time": 1714900518.1845849, "queue_size_before_schedule": 0, "msg": "emptyqueue"}
{"batch_size": 1, "time": 1714900519.8495827, "high_priority_count": 1, "low_priority_count": 0, "queue_size_before_schedule": 1, "batch_size_after_schedule": 0, "running_requests_id_list": [178], "rest_time": [3.860935688018799]}
goodput: 194, total_request: 194
{"batch_size": 0, "time": 1714900519.876139, "queue_size_before_schedule": 0, "msg": "emptyqueue"}
{"batch_size": 1, "time": 1714900519.923253, "high_priority_count": 1, "low_priority_count": 0, "queue_size_before_schedule": 1, "batch_size_after_schedule": 0, "running_requests_id_list": [179], "rest_time": [4.654574155807495]}
goodput: 195, total_request: 195
{"batch_size": 0, "time": 1714900519.9498625, "queue_size_before_schedule": 0, "msg": "emptyqueue"}
{"batch_size": 1, "time": 1714900522.4747107, "high_priority_count": 1, "low_priority_count": 0, "queue_size_before_schedule": 1, "batch_size_after_schedule": 0, "running_requests_id_list": [180], "rest_time": [4.059400320053101]}
goodput: 196, total_request: 196
{"batch_size": 0, "time": 1714900522.498869, "queue_size_before_schedule": 0, "msg": "emptyqueue"}
{"batch_size": 1, "time": 1714900522.517013, "high_priority_count": 1, "low_priority_count": 0, "queue_size_before_schedule": 1, "batch_size_after_schedule": 0, "running_requests_id_list": [181], "rest_time": [4.952491998672485]}
goodput: 197, total_request: 197
{"batch_size": 0, "time": 1714900522.537947, "queue_size_before_schedule": 0, "msg": "emptyqueue"}
{"batch_size": 2, "time": 1714900522.6659193, "high_priority_count": 2, "low_priority_count": 0, "queue_size_before_schedule": 2, "batch_size_after_schedule": 0, "running_requests_id_list": [182, 183], "rest_time": [3.9605815410614014, 4.655161142349243]}
goodput: 199, total_request: 199
{"batch_size": 0, "time": 1714900522.707132, "queue_size_before_schedule": 0, "msg": "emptyqueue"}
{"batch_size": 2, "time": 1714900523.0025496, "high_priority_count": 2, "low_priority_count": 0, "queue_size_before_schedule": 2, "batch_size_after_schedule": 0, "running_requests_id_list": [184, 185], "rest_time": [4.257572889328003, 3.76222825050354]}
goodput: 201, total_request: 201
{"batch_size": 0, "time": 1714900523.0340178, "queue_size_before_schedule": 0, "msg": "emptyqueue"}
{"batch_size": 1, "time": 1714900524.102557, "high_priority_count": 1, "low_priority_count": 0, "queue_size_before_schedule": 1, "batch_size_after_schedule": 0, "running_requests_id_list": [186], "rest_time": [4.654752016067505]}
goodput: 202, total_request: 202
{"batch_size": 0, "time": 1714900524.133049, "queue_size_before_schedule": 0, "msg": "emptyqueue"}
{"batch_size": 1, "time": 1714900530.1181195, "high_priority_count": 1, "low_priority_count": 0, "queue_size_before_schedule": 1, "batch_size_after_schedule": 0, "running_requests_id_list": [187], "rest_time": [3.2659547328948975]}
goodput: 203, total_request: 203
{"batch_size": 0, "time": 1714900530.1497784, "queue_size_before_schedule": 0, "msg": "emptyqueue"}
{"batch_size": 1, "time": 1714900530.6616774, "high_priority_count": 1, "low_priority_count": 0, "queue_size_before_schedule": 1, "batch_size_after_schedule": 0, "running_requests_id_list": [188], "rest_time": [4.357489109039307]}
goodput: 204, total_request: 204
{"batch_size": 0, "time": 1714900530.690479, "queue_size_before_schedule": 0, "msg": "emptyqueue"}
{"batch_size": 1, "time": 1714900531.1526976, "high_priority_count": 1, "low_priority_count": 0, "queue_size_before_schedule": 1, "batch_size_after_schedule": 0, "running_requests_id_list": [189], "rest_time": [3.464782953262329]}
goodput: 205, total_request: 205
{"batch_size": 0, "time": 1714900531.1741421, "queue_size_before_schedule": 0, "msg": "emptyqueue"}
{"batch_size": 8, "time": 1714900531.175929, "high_priority_count": 8, "low_priority_count": 0, "queue_size_before_schedule": 8, "batch_size_after_schedule": 0, "running_requests_id_list": [190, 191, 192, 193, 194, 195, 196, 197], "rest_time": [4.937175035476685, 4.63995099067688, 3.450037956237793, 4.144436359405518, 4.342928886413574, 3.748143434524536, 3.4507906436920166, 3.649287462234497]}
goodput: 213, total_request: 213
{"batch_size": 0, "time": 1714900531.209935, "queue_size_before_schedule": 0, "msg": "emptyqueue"}
{"batch_size": 2, "time": 1714900532.5295746, "high_priority_count": 2, "low_priority_count": 0, "queue_size_before_schedule": 2, "batch_size_after_schedule": 0, "running_requests_id_list": [198, 199], "rest_time": [4.2581093311309814, 3.1675591468811035]}
goodput: 215, total_request: 215
{"batch_size": 0, "time": 1714900532.5532968, "queue_size_before_schedule": 0, "msg": "emptyqueue"}
{"batch_size": 6, "time": 1714900532.5544739, "high_priority_count": 6, "low_priority_count": 0, "queue_size_before_schedule": 6, "batch_size_after_schedule": 0, "running_requests_id_list": [200, 201, 202, 203, 204, 205], "rest_time": [4.239120960235596, 3.9419138431549072, 5.132197856903076, 4.1406731605529785, 4.240034103393555, 3.645181894302368]}
goodput: 221, total_request: 221
{"batch_size": 0, "time": 1714900532.582146, "queue_size_before_schedule": 0, "msg": "emptyqueue"}
{"batch_size": 2, "time": 1714900543.9761097, "high_priority_count": 2, "low_priority_count": 0, "queue_size_before_schedule": 2, "batch_size_after_schedule": 0, "running_requests_id_list": [206, 207], "rest_time": [4.654317378997803, 3.960657835006714]}
goodput: 223, total_request: 223
{"batch_size": 0, "time": 1714900544.010042, "queue_size_before_schedule": 0, "msg": "emptyqueue"}
{"batch_size": 1, "time": 1714900544.0106547, "high_priority_count": 1, "low_priority_count": 0, "queue_size_before_schedule": 1, "batch_size_after_schedule": 0, "running_requests_id_list": [208], "rest_time": [3.341150999069214]}
goodput: 224, total_request: 224
{"batch_size": 0, "time": 1714900544.026675, "queue_size_before_schedule": 0, "msg": "emptyqueue"}
{"batch_size": 3, "time": 1714900544.244325, "high_priority_count": 3, "low_priority_count": 0, "queue_size_before_schedule": 3, "batch_size_after_schedule": 0, "running_requests_id_list": [209, 210, 211], "rest_time": [5.050673723220825, 5.051285982131958, 4.555751085281372]}
goodput: 227, total_request: 228
{"batch_size": 1, "time": 1714900544.2693894, "high_priority_count": 1, "low_priority_count": 0, "queue_size_before_schedule": 1, "batch_size_after_schedule": 0, "running_requests_id_list": [212], "rest_time": [5.126245737075806]}
goodput: 228, total_request: 229
{"batch_size": 1, "time": 1714900544.285151, "high_priority_count": 1, "low_priority_count": 0, "queue_size_before_schedule": 1, "batch_size_after_schedule": 0, "running_requests_id_list": [213], "rest_time": [3.425738573074341]}
goodput: 229, total_request: 229
{"batch_size": 0, "time": 1714900544.301717, "queue_size_before_schedule": 0, "msg": "emptyqueue"}
{"batch_size": 3, "time": 1714900544.3025365, "high_priority_count": 3, "low_priority_count": 0, "queue_size_before_schedule": 3, "batch_size_after_schedule": 0, "running_requests_id_list": [214, 215, 216], "rest_time": [3.4579615592956543, 3.8548569679260254, 4.053359508514404]}
goodput: 232, total_request: 232
{"batch_size": 0, "time": 1714900544.3234527, "queue_size_before_schedule": 0, "msg": "emptyqueue"}
{"batch_size": 1, "time": 1714900544.7811604, "high_priority_count": 1, "low_priority_count": 0, "queue_size_before_schedule": 1, "batch_size_after_schedule": 0, "running_requests_id_list": [217], "rest_time": [4.060086011886597]}
goodput: 233, total_request: 233
{"batch_size": 0, "time": 1714900544.805008, "queue_size_before_schedule": 0, "msg": "emptyqueue"}
{"batch_size": 2, "time": 1714900554.249819, "high_priority_count": 2, "low_priority_count": 0, "queue_size_before_schedule": 2, "batch_size_after_schedule": 0, "running_requests_id_list": [218, 219], "rest_time": [4.059391021728516, 3.4649925231933594]}
goodput: 235, total_request: 236
{"batch_size": 1, "time": 1714900554.2851436, "high_priority_count": 1, "low_priority_count": 0, "queue_size_before_schedule": 1, "batch_size_after_schedule": 0, "running_requests_id_list": [220], "rest_time": [4.520905017852783]}
goodput: 236, total_request: 236
{"batch_size": 0, "time": 1714900554.3153715, "queue_size_before_schedule": 0, "msg": "emptyqueue"}
{"batch_size": 1, "time": 1714900560.146984, "high_priority_count": 1, "low_priority_count": 0, "queue_size_before_schedule": 1, "batch_size_after_schedule": 0, "running_requests_id_list": [221], "rest_time": [4.952211380004883]}
goodput: 237, total_request: 237
{"batch_size": 0, "time": 1714900560.176015, "queue_size_before_schedule": 0, "msg": "emptyqueue"}
{"batch_size": 1, "time": 1714900560.1807313, "high_priority_count": 1, "low_priority_count": 0, "queue_size_before_schedule": 1, "batch_size_after_schedule": 0, "running_requests_id_list": [222], "rest_time": [4.357511758804321]}
goodput: 238, total_request: 238
{"batch_size": 0, "time": 1714900560.2048144, "queue_size_before_schedule": 0, "msg": "emptyqueue"}
{"batch_size": 4, "time": 1714900560.2663898, "high_priority_count": 4, "low_priority_count": 0, "queue_size_before_schedule": 4, "batch_size_after_schedule": 0, "running_requests_id_list": [223, 224, 225, 226], "rest_time": [3.4641902446746826, 4.059614181518555, 4.159042596817017, 4.456842660903931]}
goodput: 242, total_request: 243
{"batch_size": 1, "time": 1714900560.2940261, "high_priority_count": 1, "low_priority_count": 0, "queue_size_before_schedule": 1, "batch_size_after_schedule": 0, "running_requests_id_list": [227], "rest_time": [3.834428310394287]}
goodput: 243, total_request: 243
{"batch_size": 0, "time": 1714900560.31455, "queue_size_before_schedule": 0, "msg": "emptyqueue"}
{"batch_size": 1, "time": 1714900561.0423672, "high_priority_count": 1, "low_priority_count": 0, "queue_size_before_schedule": 1, "batch_size_after_schedule": 0, "running_requests_id_list": [228], "rest_time": [3.8615524768829346]}
goodput: 244, total_request: 244
{"batch_size": 0, "time": 1714900561.0719714, "queue_size_before_schedule": 0, "msg": "emptyqueue"}
{"batch_size": 2, "time": 1714900561.0730596, "high_priority_count": 2, "low_priority_count": 0, "queue_size_before_schedule": 2, "batch_size_after_schedule": 0, "running_requests_id_list": [229, 230], "rest_time": [3.2365176677703857, 4.336529016494751]}
goodput: 246, total_request: 246
{"batch_size": 0, "time": 1714900561.101085, "queue_size_before_schedule": 0, "msg": "emptyqueue"}
{"batch_size": 1, "time": 1714900565.8359454, "high_priority_count": 1, "low_priority_count": 0, "queue_size_before_schedule": 1, "batch_size_after_schedule": 0, "running_requests_id_list": [231], "rest_time": [3.3652877807617188]}
goodput: 247, total_request: 247
{"batch_size": 0, "time": 1714900565.8641677, "queue_size_before_schedule": 0, "msg": "emptyqueue"}
{"batch_size": 5, "time": 1714900565.8788602, "high_priority_count": 5, "low_priority_count": 0, "queue_size_before_schedule": 5, "batch_size_after_schedule": 0, "running_requests_id_list": [232, 233, 234, 235, 236], "rest_time": [3.365267753601074, 3.2663872241973877, 3.663236379623413, 3.960899591445923, 3.5643343925476074]}
goodput: 252, total_request: 252
{"batch_size": 0, "time": 1714900565.9111726, "queue_size_before_schedule": 0, "msg": "emptyqueue"}
{"batch_size": 1, "time": 1714900574.9942179, "high_priority_count": 1, "low_priority_count": 0, "queue_size_before_schedule": 1, "batch_size_after_schedule": 0, "running_requests_id_list": [237], "rest_time": [3.167125701904297]}
goodput: 253, total_request: 253
{"batch_size": 0, "time": 1714900575.0226946, "queue_size_before_schedule": 0, "msg": "emptyqueue"}
{"batch_size": 1, "time": 1714900575.0257554, "high_priority_count": 1, "low_priority_count": 0, "queue_size_before_schedule": 1, "batch_size_after_schedule": 0, "running_requests_id_list": [238], "rest_time": [4.22721529006958]}
goodput: 254, total_request: 254
{"batch_size": 0, "time": 1714900575.055851, "queue_size_before_schedule": 0, "msg": "emptyqueue"}
{"batch_size": 1, "time": 1714900577.2366502, "high_priority_count": 1, "low_priority_count": 0, "queue_size_before_schedule": 1, "batch_size_after_schedule": 0, "running_requests_id_list": [239], "rest_time": [3.3652400970458984]}
goodput: 255, total_request: 255
{"batch_size": 0, "time": 1714900577.2607248, "queue_size_before_schedule": 0, "msg": "emptyqueue"}
{"batch_size": 8, "time": 1714900577.2637522, "high_priority_count": 8, "low_priority_count": 0, "queue_size_before_schedule": 8, "batch_size_after_schedule": 0, "running_requests_id_list": [240, 241, 242, 243, 244, 245, 246, 247], "rest_time": [3.6373660564422607, 4.7287681102752686, 3.9356541633605957, 3.2416903972625732, 4.829133987426758, 4.730175018310547, 3.4411087036132812, 3.937175750732422]}
goodput: 263, total_request: 263
{"batch_size": 0, "time": 1714900577.2950892, "queue_size_before_schedule": 0, "msg": "emptyqueue"}
{"batch_size": 1, "time": 1714900577.34414, "high_priority_count": 1, "low_priority_count": 0, "queue_size_before_schedule": 1, "batch_size_after_schedule": 0, "running_requests_id_list": [248], "rest_time": [5.150911808013916]}
goodput: 264, total_request: 264
{"batch_size": 0, "time": 1714900577.3664515, "queue_size_before_schedule": 0, "msg": "emptyqueue"}
{"batch_size": 2, "time": 1714900577.3671222, "high_priority_count": 2, "low_priority_count": 0, "queue_size_before_schedule": 2, "batch_size_after_schedule": 0, "running_requests_id_list": [249, 250], "rest_time": [3.548069477081299, 4.738569259643555]}
goodput: 266, total_request: 266
{"batch_size": 0, "time": 1714900577.3887377, "queue_size_before_schedule": 0, "msg": "emptyqueue"}
{"batch_size": 10, "time": 1714900577.390722, "high_priority_count": 10, "low_priority_count": 0, "queue_size_before_schedule": 10, "batch_size_after_schedule": 0, "running_requests_id_list": [251, 252, 253, 254, 255, 256, 257, 258, 259, 260], "rest_time": [3.450470447540283, 3.848278045654297, 3.4518022537231445, 4.939603805541992, 4.841129302978516, 3.254603624343872, 4.940807580947876, 4.848320245742798, 5.1462156772613525, 3.363375663757324]}
goodput: 276, total_request: 276
{"batch_size": 0, "time": 1714900577.4329908, "queue_size_before_schedule": 0, "msg": "emptyqueue"}
{"batch_size": 3, "time": 1714900577.4341419, "high_priority_count": 3, "low_priority_count": 0, "queue_size_before_schedule": 3, "batch_size_after_schedule": 0, "running_requests_id_list": [261, 262, 263], "rest_time": [3.639935255050659, 3.6402807235717773, 4.338341236114502]}
goodput: 279, total_request: 279
{"batch_size": 0, "time": 1714900577.4614532, "queue_size_before_schedule": 0, "msg": "emptyqueue"}
{"batch_size": 2, "time": 1714900577.4624438, "high_priority_count": 2, "low_priority_count": 0, "queue_size_before_schedule": 2, "batch_size_after_schedule": 0, "running_requests_id_list": [264, 265], "rest_time": [4.34958291053772, 3.358366012573242]}
goodput: 281, total_request: 281
{"batch_size": 0, "time": 1714900577.4825523, "queue_size_before_schedule": 0, "msg": "emptyqueue"}
{"batch_size": 1, "time": 1714900577.755196, "high_priority_count": 1, "low_priority_count": 0, "queue_size_before_schedule": 1, "batch_size_after_schedule": 0, "running_requests_id_list": [266], "rest_time": [4.655011177062988]}
goodput: 282, total_request: 283
{"batch_size": 1, "time": 1714900577.7860832, "high_priority_count": 1, "low_priority_count": 0, "queue_size_before_schedule": 1, "batch_size_after_schedule": 0, "running_requests_id_list": [267], "rest_time": [3.831169366836548]}
goodput: 283, total_request: 283
{"batch_size": 0, "time": 1714900577.8106658, "queue_size_before_schedule": 0, "msg": "emptyqueue"}
{"batch_size": 4, "time": 1714900577.8120427, "high_priority_count": 4, "low_priority_count": 0, "queue_size_before_schedule": 4, "batch_size_after_schedule": 0, "running_requests_id_list": [268, 269, 270, 271], "rest_time": [3.8425590991973877, 4.239689111709595, 4.841707468032837, 3.7572219371795654]}
goodput: 287, total_request: 287
{"batch_size": 0, "time": 1714900577.8452525, "queue_size_before_schedule": 0, "msg": "emptyqueue"}
{"batch_size": 1, "time": 1714900592.9643965, "high_priority_count": 1, "low_priority_count": 0, "queue_size_before_schedule": 1, "batch_size_after_schedule": 0, "running_requests_id_list": [272], "rest_time": [3.860919952392578]}
goodput: 288, total_request: 288
{"batch_size": 0, "time": 1714900592.99707, "queue_size_before_schedule": 0, "msg": "emptyqueue"}
{"batch_size": 2, "time": 1714900592.9985108, "high_priority_count": 2, "low_priority_count": 0, "queue_size_before_schedule": 2, "batch_size_after_schedule": 0, "running_requests_id_list": [273, 274], "rest_time": [4.918837308883667, 4.225698471069336]}
goodput: 290, total_request: 290
{"batch_size": 0, "time": 1714900593.0208647, "queue_size_before_schedule": 0, "msg": "emptyqueue"}
{"batch_size": 2, "time": 1714900593.6155748, "high_priority_count": 2, "low_priority_count": 0, "queue_size_before_schedule": 2, "batch_size_after_schedule": 0, "running_requests_id_list": [275, 276], "rest_time": [5.051012992858887, 4.853222370147705]}
goodput: 292, total_request: 292
{"batch_size": 0, "time": 1714900593.6412835, "queue_size_before_schedule": 0, "msg": "emptyqueue"}
{"batch_size": 1, "time": 1714900599.665968, "high_priority_count": 1, "low_priority_count": 0, "queue_size_before_schedule": 1, "batch_size_after_schedule": 0, "running_requests_id_list": [277], "rest_time": [4.059866905212402]}
goodput: 293, total_request: 293
{"batch_size": 0, "time": 1714900599.6873922, "queue_size_before_schedule": 0, "msg": "emptyqueue"}
{"batch_size": 4, "time": 1714900599.688325, "high_priority_count": 4, "low_priority_count": 0, "queue_size_before_schedule": 4, "batch_size_after_schedule": 0, "running_requests_id_list": [278, 279, 280, 281], "rest_time": [4.53395676612854, 4.0384602546691895, 4.9312920570373535, 3.146435499191284]}
goodput: 297, total_request: 297
{"batch_size": 0, "time": 1714900599.7147145, "queue_size_before_schedule": 0, "msg": "emptyqueue"}
{"batch_size": 3, "time": 1714900599.7154706, "high_priority_count": 3, "low_priority_count": 0, "queue_size_before_schedule": 3, "batch_size_after_schedule": 0, "running_requests_id_list": [282, 283, 284], "rest_time": [4.051391124725342, 4.250066757202148, 4.845300674438477]}
goodput: 300, total_request: 300
{"batch_size": 0, "time": 1714900599.7399843, "queue_size_before_schedule": 0, "msg": "emptyqueue"}
{"batch_size": 1, "time": 1714900599.811068, "high_priority_count": 1, "low_priority_count": 0, "queue_size_before_schedule": 1, "batch_size_after_schedule": 0, "running_requests_id_list": [285], "rest_time": [4.059837818145752]}
goodput: 301, total_request: 301
{"batch_size": 0, "time": 1714900599.8368132, "queue_size_before_schedule": 0, "msg": "emptyqueue"}
{"batch_size": 5, "time": 1714900599.8370152, "high_priority_count": 5, "low_priority_count": 0, "queue_size_before_schedule": 5, "batch_size_after_schedule": 0, "running_requests_id_list": [286, 287, 288, 289, 290], "rest_time": [3.1641945838928223, 4.75137996673584, 4.15662407875061, 3.561976194381714, 5.149109840393066]}
goodput: 306, total_request: 306
{"batch_size": 0, "time": 1714900599.8652644, "queue_size_before_schedule": 0, "msg": "emptyqueue"}
{"batch_size": 1, "time": 1714900599.8657823, "high_priority_count": 1, "low_priority_count": 0, "queue_size_before_schedule": 1, "batch_size_after_schedule": 0, "running_requests_id_list": [291], "rest_time": [3.4616940021514893]}
goodput: 307, total_request: 307
{"batch_size": 0, "time": 1714900599.888895, "queue_size_before_schedule": 0, "msg": "emptyqueue"}
{"batch_size": 4, "time": 1714900599.8902438, "high_priority_count": 4, "low_priority_count": 0, "queue_size_before_schedule": 4, "batch_size_after_schedule": 0, "running_requests_id_list": [292, 293, 294, 295], "rest_time": [5.028771162033081, 3.938133478164673, 4.533704042434692, 3.1455459594726562]}
goodput: 311, total_request: 311
{"batch_size": 0, "time": 1714900599.9143236, "queue_size_before_schedule": 0, "msg": "emptyqueue"}
{"batch_size": 2, "time": 1714900609.833977, "high_priority_count": 2, "low_priority_count": 0, "queue_size_before_schedule": 2, "batch_size_after_schedule": 0, "running_requests_id_list": [296, 297], "rest_time": [5.051040410995483, 3.960876941680908]}
goodput: 313, total_request: 313
{"batch_size": 0, "time": 1714900609.8652086, "queue_size_before_schedule": 0, "msg": "emptyqueue"}
{"batch_size": 4, "time": 1714900609.8695452, "high_priority_count": 4, "low_priority_count": 0, "queue_size_before_schedule": 4, "batch_size_after_schedule": 0, "running_requests_id_list": [298, 299, 300, 301], "rest_time": [3.829340934753418, 4.424870252609253, 4.821864128112793, 5.129291772842407]}
goodput: 317, total_request: 317
{"batch_size": 0, "time": 1714900609.8900576, "queue_size_before_schedule": 0, "msg": "emptyqueue"}
{"batch_size": 1, "time": 1714900622.2399125, "high_priority_count": 1, "low_priority_count": 0, "queue_size_before_schedule": 1, "batch_size_after_schedule": 0, "running_requests_id_list": [302], "rest_time": [3.1669440269470215]}
goodput: 318, total_request: 318
{"batch_size": 0, "time": 1714900622.2746904, "queue_size_before_schedule": 0, "msg": "emptyqueue"}
{"batch_size": 1, "time": 1714900622.4150937, "high_priority_count": 1, "low_priority_count": 0, "queue_size_before_schedule": 1, "batch_size_after_schedule": 0, "running_requests_id_list": [303], "rest_time": [4.258124828338623]}
goodput: 319, total_request: 322
{"batch_size": 3, "time": 1714900622.4445066, "high_priority_count": 3, "low_priority_count": 0, "queue_size_before_schedule": 3, "batch_size_after_schedule": 0, "running_requests_id_list": [304, 305, 306], "rest_time": [3.535024642944336, 3.1386265754699707, 4.130621433258057]}
goodput: 322, total_request: 322
{"batch_size": 0, "time": 1714900622.467867, "queue_size_before_schedule": 0, "msg": "emptyqueue"}
{"batch_size": 2, "time": 1714900622.625167, "high_priority_count": 2, "low_priority_count": 0, "queue_size_before_schedule": 2, "batch_size_after_schedule": 0, "running_requests_id_list": [307, 308], "rest_time": [4.555546760559082, 5.151063442230225]}
goodput: 324, total_request: 324
{"batch_size": 0, "time": 1714900622.6582625, "queue_size_before_schedule": 0, "msg": "emptyqueue"}
{"batch_size": 1, "time": 1714900622.6587136, "high_priority_count": 1, "low_priority_count": 0, "queue_size_before_schedule": 1, "batch_size_after_schedule": 0, "running_requests_id_list": [309], "rest_time": [4.9222166538238525]}
goodput: 325, total_request: 325
{"batch_size": 0, "time": 1714900622.6759953, "queue_size_before_schedule": 0, "msg": "emptyqueue"}
{"batch_size": 1, "time": 1714900623.5478923, "high_priority_count": 1, "low_priority_count": 0, "queue_size_before_schedule": 1, "batch_size_after_schedule": 0, "running_requests_id_list": [310], "rest_time": [3.563753366470337]}
goodput: 326, total_request: 326
{"batch_size": 0, "time": 1714900623.5718856, "queue_size_before_schedule": 0, "msg": "emptyqueue"}
{"batch_size": 2, "time": 1714900641.2543008, "high_priority_count": 2, "low_priority_count": 0, "queue_size_before_schedule": 2, "batch_size_after_schedule": 0, "running_requests_id_list": [311, 312], "rest_time": [3.4636430740356445, 5.051345109939575]}
goodput: 328, total_request: 328
{"batch_size": 0, "time": 1714900641.2981906, "queue_size_before_schedule": 0, "msg": "emptyqueue"}
{"batch_size": 1, "time": 1714900641.2984529, "high_priority_count": 1, "low_priority_count": 0, "queue_size_before_schedule": 1, "batch_size_after_schedule": 0, "running_requests_id_list": [313], "rest_time": [3.8475301265716553]}
goodput: 329, total_request: 329
{"batch_size": 0, "time": 1714900641.3281913, "queue_size_before_schedule": 0, "msg": "emptyqueue"}
{"batch_size": 1, "time": 1714900642.4772778, "high_priority_count": 1, "low_priority_count": 0, "queue_size_before_schedule": 1, "batch_size_after_schedule": 0, "running_requests_id_list": [314], "rest_time": [3.960486888885498]}
goodput: 330, total_request: 330
{"batch_size": 0, "time": 1714900642.5038745, "queue_size_before_schedule": 0, "msg": "emptyqueue"}
{"batch_size": 8, "time": 1714900642.506738, "high_priority_count": 8, "low_priority_count": 0, "queue_size_before_schedule": 8, "batch_size_after_schedule": 0, "running_requests_id_list": [315, 316, 317, 318, 319, 320, 321, 322], "rest_time": [4.427724599838257, 3.634705066680908, 3.1392176151275635, 3.9329445362091064, 4.627441644668579, 4.6276984214782715, 4.231260061264038, 3.5591461658477783]}
goodput: 338, total_request: 338
{"batch_size": 0, "time": 1714900642.5481026, "queue_size_before_schedule": 0, "msg": "emptyqueue"}
{"batch_size": 2, "time": 1714900642.5607874, "high_priority_count": 2, "low_priority_count": 0, "queue_size_before_schedule": 2, "batch_size_after_schedule": 0, "running_requests_id_list": [323, 324], "rest_time": [3.8613462448120117, 4.456784963607788]}
goodput: 340, total_request: 340
{"batch_size": 0, "time": 1714900642.5861392, "queue_size_before_schedule": 0, "msg": "emptyqueue"}
{"batch_size": 1, "time": 1714900642.5870092, "high_priority_count": 1, "low_priority_count": 0, "queue_size_before_schedule": 1, "batch_size_after_schedule": 0, "running_requests_id_list": [325], "rest_time": [4.138615608215332]}
goodput: 341, total_request: 341
{"batch_size": 0, "time": 1714900642.6101274, "queue_size_before_schedule": 0, "msg": "emptyqueue"}
{"batch_size": 1, "time": 1714900643.1285584, "high_priority_count": 1, "low_priority_count": 0, "queue_size_before_schedule": 1, "batch_size_after_schedule": 0, "running_requests_id_list": [326], "rest_time": [5.150334119796753]}
goodput: 342, total_request: 342
{"batch_size": 0, "time": 1714900643.1603842, "queue_size_before_schedule": 0, "msg": "emptyqueue"}
{"batch_size": 1, "time": 1714900643.2058332, "high_priority_count": 1, "low_priority_count": 0, "queue_size_before_schedule": 1, "batch_size_after_schedule": 0, "running_requests_id_list": [327], "rest_time": [4.555646181106567]}
goodput: 343, total_request: 347
{"batch_size": 4, "time": 1714900643.232991, "high_priority_count": 4, "low_priority_count": 0, "queue_size_before_schedule": 4, "batch_size_after_schedule": 0, "running_requests_id_list": [328, 329, 330, 331], "rest_time": [4.826568603515625, 5.02526330947876, 3.4387195110321045, 4.0340564250946045]}
goodput: 347, total_request: 347
{"batch_size": 0, "time": 1714900643.2675443, "queue_size_before_schedule": 0, "msg": "emptyqueue"}
{"batch_size": 11, "time": 1714900643.2704158, "high_priority_count": 11, "low_priority_count": 0, "queue_size_before_schedule": 11, "batch_size_after_schedule": 0, "running_requests_id_list": [332, 333, 334, 335, 336, 337, 338, 339, 340, 341, 342], "rest_time": [4.935228586196899, 3.3493945598602295, 5.035998344421387, 4.2428014278411865, 4.937554836273193, 4.441869258880615, 3.251955509185791, 3.748000144958496, 4.144883394241333, 4.740130662918091, 4.7403178215026855]}
goodput: 358, total_request: 358
{"batch_size": 0, "time": 1714900643.317417, "queue_size_before_schedule": 0, "msg": "emptyqueue"}
{"batch_size": 4, "time": 1714900643.4679852, "high_priority_count": 4, "low_priority_count": 0, "queue_size_before_schedule": 4, "batch_size_after_schedule": 0, "running_requests_id_list": [343, 344, 345, 346], "rest_time": [3.463925361633301, 4.852828502655029, 4.158871412277222, 4.059913396835327]}
goodput: 362, total_request: 362
{"batch_size": 0, "time": 1714900643.5086489, "queue_size_before_schedule": 0, "msg": "emptyqueue"}
{"batch_size": 3, "time": 1714900643.6006238, "high_priority_count": 3, "low_priority_count": 0, "queue_size_before_schedule": 3, "batch_size_after_schedule": 0, "running_requests_id_list": [347, 348, 349], "rest_time": [4.356295108795166, 4.456112623214722, 3.7622265815734863]}
goodput: 365, total_request: 365
{"batch_size": 0, "time": 1714900643.6355572, "queue_size_before_schedule": 0, "msg": "emptyqueue"}
{"batch_size": 1, "time": 1714900643.6363382, "high_priority_count": 1, "low_priority_count": 0, "queue_size_before_schedule": 1, "batch_size_after_schedule": 0, "running_requests_id_list": [350], "rest_time": [3.761404514312744]}
goodput: 366, total_request: 366
{"batch_size": 0, "time": 1714900643.6613076, "queue_size_before_schedule": 0, "msg": "emptyqueue"}
{"batch_size": 1, "time": 1714900643.792239, "high_priority_count": 1, "low_priority_count": 0, "queue_size_before_schedule": 1, "batch_size_after_schedule": 0, "running_requests_id_list": [351], "rest_time": [3.8614745140075684]}
goodput: 367, total_request: 374
{"batch_size": 7, "time": 1714900643.8181448, "high_priority_count": 7, "low_priority_count": 0, "queue_size_before_schedule": 7, "batch_size_after_schedule": 0, "running_requests_id_list": [352, 353, 354, 355, 356, 357, 358], "rest_time": [3.93530011177063, 4.43148946762085, 3.836869239807129, 4.729860305786133, 4.631026268005371, 3.937053680419922, 3.441486120223999]}
goodput: 374, total_request: 375
{"batch_size": 1, "time": 1714900643.8614259, "high_priority_count": 1, "low_priority_count": 0, "queue_size_before_schedule": 1, "batch_size_after_schedule": 0, "running_requests_id_list": [359], "rest_time": [3.7011067867279053]}
goodput: 375, total_request: 375
{"batch_size": 0, "time": 1714900643.889138, "queue_size_before_schedule": 0, "msg": "emptyqueue"}
{"batch_size": 1, "time": 1714900645.515933, "high_priority_count": 1, "low_priority_count": 0, "queue_size_before_schedule": 1, "batch_size_after_schedule": 0, "running_requests_id_list": [360], "rest_time": [4.853027105331421]}
goodput: 376, total_request: 376
{"batch_size": 0, "time": 1714900645.5534863, "queue_size_before_schedule": 0, "msg": "emptyqueue"}
{"batch_size": 2, "time": 1714900654.242206, "high_priority_count": 2, "low_priority_count": 0, "queue_size_before_schedule": 2, "batch_size_after_schedule": 0, "running_requests_id_list": [361, 362], "rest_time": [3.860888957977295, 5.150954246520996]}
goodput: 378, total_request: 378
{"batch_size": 0, "time": 1714900654.274912, "queue_size_before_schedule": 0, "msg": "emptyqueue"}
{"batch_size": 3, "time": 1714900658.3127863, "high_priority_count": 3, "low_priority_count": 0, "queue_size_before_schedule": 3, "batch_size_after_schedule": 0, "running_requests_id_list": [363, 364, 365], "rest_time": [3.3646442890167236, 4.753965139389038, 4.952631235122681]}
goodput: 381, total_request: 382
{"batch_size": 1, "time": 1714900658.3523278, "high_priority_count": 1, "low_priority_count": 0, "queue_size_before_schedule": 1, "batch_size_after_schedule": 0, "running_requests_id_list": [366], "rest_time": [4.417559623718262]}
goodput: 382, total_request: 382
{"batch_size": 0, "time": 1714900658.3686018, "queue_size_before_schedule": 0, "msg": "emptyqueue"}
{"batch_size": 2, "time": 1714900659.4353456, "high_priority_count": 2, "low_priority_count": 0, "queue_size_before_schedule": 2, "batch_size_after_schedule": 0, "running_requests_id_list": [367, 368], "rest_time": [3.5635762214660645, 3.5641396045684814]}
goodput: 384, total_request: 384
{"batch_size": 0, "time": 1714900659.4657376, "queue_size_before_schedule": 0, "msg": "emptyqueue"}
{"batch_size": 1, "time": 1714900661.1151006, "high_priority_count": 1, "low_priority_count": 0, "queue_size_before_schedule": 1, "batch_size_after_schedule": 0, "running_requests_id_list": [369], "rest_time": [4.355560064315796]}
goodput: 385, total_request: 385
{"batch_size": 0, "time": 1714900661.145629, "queue_size_before_schedule": 0, "msg": "emptyqueue"}
{"batch_size": 1, "time": 1714900669.7748935, "high_priority_count": 1, "low_priority_count": 0, "queue_size_before_schedule": 1, "batch_size_after_schedule": 0, "running_requests_id_list": [370], "rest_time": [4.851646423339844]}
goodput: 386, total_request: 386
{"batch_size": 0, "time": 1714900669.8118665, "queue_size_before_schedule": 0, "msg": "emptyqueue"}
{"batch_size": 2, "time": 1714900669.8120308, "high_priority_count": 2, "low_priority_count": 0, "queue_size_before_schedule": 2, "batch_size_after_schedule": 0, "running_requests_id_list": [371, 372], "rest_time": [5.136938810348511, 3.253197431564331]}
goodput: 388, total_request: 388
{"batch_size": 0, "time": 1714900669.8491163, "queue_size_before_schedule": 0, "msg": "emptyqueue"}
{"batch_size": 2, "time": 1714900673.3405936, "high_priority_count": 2, "low_priority_count": 0, "queue_size_before_schedule": 2, "batch_size_after_schedule": 0, "running_requests_id_list": [373, 374], "rest_time": [3.662017583847046, 3.2664794921875]}
goodput: 390, total_request: 390
{"batch_size": 0, "time": 1714900673.376863, "queue_size_before_schedule": 0, "msg": "emptyqueue"}
{"batch_size": 2, "time": 1714900673.5732443, "high_priority_count": 2, "low_priority_count": 0, "queue_size_before_schedule": 2, "batch_size_after_schedule": 0, "running_requests_id_list": [375, 376], "rest_time": [5.051072597503662, 5.051614999771118]}
goodput: 392, total_request: 392
{"batch_size": 0, "time": 1714900673.604053, "queue_size_before_schedule": 0, "msg": "emptyqueue"}
{"batch_size": 4, "time": 1714900674.4052587, "high_priority_count": 4, "low_priority_count": 0, "queue_size_before_schedule": 4, "batch_size_after_schedule": 0, "running_requests_id_list": [377, 378, 379, 380], "rest_time": [3.8609561920166016, 4.059695720672607, 4.85333514213562, 4.060150384902954]}
goodput: 396, total_request: 396
{"batch_size": 0, "time": 1714900674.4547145, "queue_size_before_schedule": 0, "msg": "emptyqueue"}
{"batch_size": 2, "time": 1714900674.4553423, "high_priority_count": 2, "low_priority_count": 0, "queue_size_before_schedule": 2, "batch_size_after_schedule": 0, "running_requests_id_list": [381, 382], "rest_time": [3.1192080974578857, 5.006969690322876]}
goodput: 398, total_request: 398
{"batch_size": 0, "time": 1714900674.480655, "queue_size_before_schedule": 0, "msg": "emptyqueue"}
{"batch_size": 5, "time": 1714900686.6280267, "high_priority_count": 5, "low_priority_count": 0, "queue_size_before_schedule": 5, "batch_size_after_schedule": 0, "running_requests_id_list": [383, 384, 385, 386, 387], "rest_time": [3.5612759590148926, 4.851431608200073, 5.149628400802612, 4.7532267570495605, 3.464360237121582]}
goodput: 403, total_request: 403
{"batch_size": 0, "time": 1714900686.6687517, "queue_size_before_schedule": 0, "msg": "emptyqueue"}
{"batch_size": 1, "time": 1714900687.0626345, "high_priority_count": 1, "low_priority_count": 0, "queue_size_before_schedule": 1, "batch_size_after_schedule": 0, "running_requests_id_list": [388], "rest_time": [4.1588051319122314]}
goodput: 404, total_request: 404
{"batch_size": 0, "time": 1714900687.089164, "queue_size_before_schedule": 0, "msg": "emptyqueue"}
{"batch_size": 1, "time": 1714900693.4178934, "high_priority_count": 1, "low_priority_count": 0, "queue_size_before_schedule": 1, "batch_size_after_schedule": 0, "running_requests_id_list": [389], "rest_time": [3.26578950881958]}
goodput: 405, total_request: 405
{"batch_size": 0, "time": 1714900693.442777, "queue_size_before_schedule": 0, "msg": "emptyqueue"}
{"batch_size": 5, "time": 1714900695.6905873, "high_priority_count": 5, "low_priority_count": 0, "queue_size_before_schedule": 5, "batch_size_after_schedule": 0, "running_requests_id_list": [390, 391, 392, 393, 394], "rest_time": [5.14940619468689, 3.5632593631744385, 3.5636117458343506, 4.754007816314697, 4.7543044090271]}
goodput: 410, total_request: 410
{"batch_size": 0, "time": 1714900695.7485323, "queue_size_before_schedule": 0, "msg": "emptyqueue"}
{"batch_size": 5, "time": 1714900695.8087785, "high_priority_count": 5, "low_priority_count": 0, "queue_size_before_schedule": 5, "batch_size_after_schedule": 0, "running_requests_id_list": [395, 396, 397, 398, 399], "rest_time": [4.6532135009765625, 4.157970190048218, 4.455867528915405, 3.9603781700134277, 4.258242845535278]}
goodput: 415, total_request: 415
{"batch_size": 0, "time": 1714900695.840026, "queue_size_before_schedule": 0, "msg": "emptyqueue"}
{"batch_size": 1, "time": 1714900696.1915567, "high_priority_count": 1, "low_priority_count": 0, "queue_size_before_schedule": 1, "batch_size_after_schedule": 0, "running_requests_id_list": [400], "rest_time": [5.150515794754028]}
goodput: 416, total_request: 416
{"batch_size": 0, "time": 1714900696.2232032, "queue_size_before_schedule": 0, "msg": "emptyqueue"}
{"batch_size": 1, "time": 1714900696.224099, "high_priority_count": 1, "low_priority_count": 0, "queue_size_before_schedule": 1, "batch_size_after_schedule": 0, "running_requests_id_list": [401], "rest_time": [3.734454393386841]}
goodput: 417, total_request: 417
{"batch_size": 0, "time": 1714900696.2498734, "queue_size_before_schedule": 0, "msg": "emptyqueue"}
{"batch_size": 1, "time": 1714900696.2763085, "high_priority_count": 1, "low_priority_count": 0, "queue_size_before_schedule": 1, "batch_size_after_schedule": 0, "running_requests_id_list": [402], "rest_time": [4.059841156005859]}
goodput: 418, total_request: 418
{"batch_size": 0, "time": 1714900696.30288, "queue_size_before_schedule": 0, "msg": "emptyqueue"}
{"batch_size": 2, "time": 1714900696.7342336, "high_priority_count": 2, "low_priority_count": 0, "queue_size_before_schedule": 2, "batch_size_after_schedule": 0, "running_requests_id_list": [403, 404], "rest_time": [4.654482364654541, 3.464970588684082]}
goodput: 420, total_request: 423
{"batch_size": 3, "time": 1714900696.7645402, "high_priority_count": 3, "low_priority_count": 0, "queue_size_before_schedule": 3, "batch_size_after_schedule": 0, "running_requests_id_list": [405, 406, 407], "rest_time": [5.021791458129883, 4.3278467655181885, 4.923235654830933]}
goodput: 423, total_request: 423
{"batch_size": 0, "time": 1714900696.787657, "queue_size_before_schedule": 0, "msg": "emptyqueue"}
{"batch_size": 2, "time": 1714900696.8254058, "high_priority_count": 2, "low_priority_count": 0, "queue_size_before_schedule": 2, "batch_size_after_schedule": 0, "running_requests_id_list": [408, 409], "rest_time": [4.852981090545654, 4.159210920333862]}
goodput: 425, total_request: 425
{"batch_size": 0, "time": 1714900696.851935, "queue_size_before_schedule": 0, "msg": "emptyqueue"}
{"batch_size": 2, "time": 1714900698.777535, "high_priority_count": 2, "low_priority_count": 0, "queue_size_before_schedule": 2, "batch_size_after_schedule": 0, "running_requests_id_list": [410, 411], "rest_time": [3.3653459548950195, 3.266552686691284]}
goodput: 427, total_request: 427
{"batch_size": 0, "time": 1714900698.813463, "queue_size_before_schedule": 0, "msg": "emptyqueue"}
{"batch_size": 3, "time": 1714900702.1250498, "high_priority_count": 3, "low_priority_count": 0, "queue_size_before_schedule": 3, "batch_size_after_schedule": 0, "running_requests_id_list": [412, 413, 414], "rest_time": [4.257117033004761, 3.46458101272583, 4.357499599456787]}
goodput: 430, total_request: 430
{"batch_size": 0, "time": 1714900702.161661, "queue_size_before_schedule": 0, "msg": "emptyqueue"}
{"batch_size": 2, "time": 1714900706.6579623, "high_priority_count": 2, "low_priority_count": 0, "queue_size_before_schedule": 2, "batch_size_after_schedule": 0, "running_requests_id_list": [415, 416], "rest_time": [3.5632245540618896, 3.266357183456421]}
goodput: 432, total_request: 432
{"batch_size": 0, "time": 1714900706.6894903, "queue_size_before_schedule": 0, "msg": "emptyqueue"}
{"batch_size": 2, "time": 1714900706.6904857, "high_priority_count": 2, "low_priority_count": 0, "queue_size_before_schedule": 2, "batch_size_after_schedule": 0, "running_requests_id_list": [417, 418], "rest_time": [4.824544191360474, 3.1388919353485107]}
goodput: 434, total_request: 434
{"batch_size": 0, "time": 1714900706.7154853, "queue_size_before_schedule": 0, "msg": "emptyqueue"}
{"batch_size": 1, "time": 1714900708.1359143, "high_priority_count": 1, "low_priority_count": 0, "queue_size_before_schedule": 1, "batch_size_after_schedule": 0, "running_requests_id_list": [419], "rest_time": [3.8612489700317383]}
goodput: 435, total_request: 435
{"batch_size": 0, "time": 1714900708.1644375, "queue_size_before_schedule": 0, "msg": "emptyqueue"}
{"batch_size": 1, "time": 1714900710.465886, "high_priority_count": 1, "low_priority_count": 0, "queue_size_before_schedule": 1, "batch_size_after_schedule": 0, "running_requests_id_list": [420], "rest_time": [3.5633487701416016]}
goodput: 436, total_request: 436
{"batch_size": 0, "time": 1714900710.4938138, "queue_size_before_schedule": 0, "msg": "emptyqueue"}
{"batch_size": 3, "time": 1714900710.4956198, "high_priority_count": 3, "low_priority_count": 0, "queue_size_before_schedule": 3, "batch_size_after_schedule": 0, "running_requests_id_list": [421, 422, 423], "rest_time": [3.4357869625091553, 3.634652614593506, 3.7341468334198]}
goodput: 439, total_request: 439
{"batch_size": 0, "time": 1714900710.5164995, "queue_size_before_schedule": 0, "msg": "emptyqueue"}
{"batch_size": 1, "time": 1714900713.5577714, "high_priority_count": 1, "low_priority_count": 0, "queue_size_before_schedule": 1, "batch_size_after_schedule": 0, "running_requests_id_list": [424], "rest_time": [3.4642796516418457]}
goodput: 440, total_request: 440
{"batch_size": 0, "time": 1714900713.5834088, "queue_size_before_schedule": 0, "msg": "emptyqueue"}
{"batch_size": 1, "time": 1714900713.637084, "high_priority_count": 1, "low_priority_count": 0, "queue_size_before_schedule": 1, "batch_size_after_schedule": 0, "running_requests_id_list": [425], "rest_time": [3.365553855895996]}
goodput: 441, total_request: 441
{"batch_size": 0, "time": 1714900713.6614637, "queue_size_before_schedule": 0, "msg": "emptyqueue"}
{"batch_size": 1, "time": 1714900713.6616945, "high_priority_count": 1, "low_priority_count": 0, "queue_size_before_schedule": 1, "batch_size_after_schedule": 0, "running_requests_id_list": [426], "rest_time": [3.9386096000671387]}
goodput: 442, total_request: 442
{"batch_size": 0, "time": 1714900713.6867068, "queue_size_before_schedule": 0, "msg": "emptyqueue"}
{"batch_size": 1, "time": 1714900713.970303, "high_priority_count": 1, "low_priority_count": 0, "queue_size_before_schedule": 1, "batch_size_after_schedule": 0, "running_requests_id_list": [427], "rest_time": [3.266347885131836]}
goodput: 443, total_request: 443
{"batch_size": 0, "time": 1714900713.9979942, "queue_size_before_schedule": 0, "msg": "emptyqueue"}
{"batch_size": 2, "time": 1714900714.170528, "high_priority_count": 2, "low_priority_count": 0, "queue_size_before_schedule": 2, "batch_size_after_schedule": 0, "running_requests_id_list": [428, 429], "rest_time": [3.5634849071502686, 3.1673784255981445]}
goodput: 445, total_request: 445
{"batch_size": 0, "time": 1714900714.1984267, "queue_size_before_schedule": 0, "msg": "emptyqueue"}
{"batch_size": 3, "time": 1714900714.1998475, "high_priority_count": 3, "low_priority_count": 0, "queue_size_before_schedule": 3, "batch_size_after_schedule": 0, "running_requests_id_list": [430, 431, 432], "rest_time": [4.4278013706207275, 5.023219108581543, 4.038060665130615]}
goodput: 448, total_request: 448
{"batch_size": 0, "time": 1714900714.2302132, "queue_size_before_schedule": 0, "msg": "emptyqueue"}
{"batch_size": 2, "time": 1714900715.479412, "high_priority_count": 2, "low_priority_count": 0, "queue_size_before_schedule": 2, "batch_size_after_schedule": 0, "running_requests_id_list": [433, 434], "rest_time": [3.662947654724121, 3.266777753829956]}
goodput: 450, total_request: 450
{"batch_size": 0, "time": 1714900715.5103714, "queue_size_before_schedule": 0, "msg": "emptyqueue"}
{"batch_size": 1, "time": 1714900715.9276628, "high_priority_count": 1, "low_priority_count": 0, "queue_size_before_schedule": 1, "batch_size_after_schedule": 0, "running_requests_id_list": [435], "rest_time": [3.861171007156372]}
goodput: 451, total_request: 452
{"batch_size": 1, "time": 1714900715.9501526, "high_priority_count": 1, "low_priority_count": 0, "queue_size_before_schedule": 1, "batch_size_after_schedule": 0, "running_requests_id_list": [436], "rest_time": [3.938694477081299]}
goodput: 452, total_request: 452
{"batch_size": 0, "time": 1714900715.9741435, "queue_size_before_schedule": 0, "msg": "emptyqueue"}
{"batch_size": 3, "time": 1714900717.4700794, "high_priority_count": 3, "low_priority_count": 0, "queue_size_before_schedule": 3, "batch_size_after_schedule": 0, "running_requests_id_list": [437, 438, 439], "rest_time": [5.150001764297485, 3.861294746398926, 3.464884042739868]}
goodput: 455, total_request: 455
{"batch_size": 0, "time": 1714900717.5083785, "queue_size_before_schedule": 0, "msg": "emptyqueue"}
{"batch_size": 1, "time": 1714900732.5436187, "high_priority_count": 1, "low_priority_count": 0, "queue_size_before_schedule": 1, "batch_size_after_schedule": 0, "running_requests_id_list": [440], "rest_time": [4.356419563293457]}
goodput: 456, total_request: 456
{"batch_size": 0, "time": 1714900732.5781717, "queue_size_before_schedule": 0, "msg": "emptyqueue"}
{"batch_size": 1, "time": 1714900733.7672966, "high_priority_count": 1, "low_priority_count": 0, "queue_size_before_schedule": 1, "batch_size_after_schedule": 0, "running_requests_id_list": [441], "rest_time": [3.4646434783935547]}
goodput: 457, total_request: 458
{"batch_size": 1, "time": 1714900733.7952478, "high_priority_count": 1, "low_priority_count": 0, "queue_size_before_schedule": 1, "batch_size_after_schedule": 0, "running_requests_id_list": [442], "rest_time": [3.7348358631134033]}
goodput: 458, total_request: 458
{"batch_size": 0, "time": 1714900733.8171568, "queue_size_before_schedule": 0, "msg": "emptyqueue"}
{"batch_size": 1, "time": 1714900733.918269, "high_priority_count": 1, "low_priority_count": 0, "queue_size_before_schedule": 1, "batch_size_after_schedule": 0, "running_requests_id_list": [443], "rest_time": [5.150875568389893]}
goodput: 459, total_request: 459
{"batch_size": 0, "time": 1714900733.943524, "queue_size_before_schedule": 0, "msg": "emptyqueue"}
{"batch_size": 3, "time": 1714900733.9449668, "high_priority_count": 3, "low_priority_count": 0, "queue_size_before_schedule": 3, "batch_size_after_schedule": 0, "running_requests_id_list": [444, 445, 446], "rest_time": [3.850919485092163, 5.041537523269653, 3.15854811668396]}
goodput: 462, total_request: 462
{"batch_size": 0, "time": 1714900733.9740813, "queue_size_before_schedule": 0, "msg": "emptyqueue"}
{"batch_size": 1, "time": 1714900734.0121496, "high_priority_count": 1, "low_priority_count": 0, "queue_size_before_schedule": 1, "batch_size_after_schedule": 0, "running_requests_id_list": [447], "rest_time": [3.663271427154541]}
goodput: 463, total_request: 463
{"batch_size": 0, "time": 1714900734.039775, "queue_size_before_schedule": 0, "msg": "emptyqueue"}
{"batch_size": 2, "time": 1714900734.2215552, "high_priority_count": 2, "low_priority_count": 0, "queue_size_before_schedule": 2, "batch_size_after_schedule": 0, "running_requests_id_list": [448, 449], "rest_time": [4.257877349853516, 4.060094118118286]}
goodput: 465, total_request: 471
{"batch_size": 6, "time": 1714900734.2532492, "high_priority_count": 6, "low_priority_count": 0, "queue_size_before_schedule": 6, "batch_size_after_schedule": 0, "running_requests_id_list": [450, 451, 452, 453, 454, 455], "rest_time": [5.0204832553863525, 3.8306519985198975, 3.632542610168457, 3.9302854537963867, 4.228013515472412, 4.525748014450073]}
goodput: 471, total_request: 471
{"batch_size": 0, "time": 1714900734.286453, "queue_size_before_schedule": 0, "msg": "emptyqueue"}
{"batch_size": 1, "time": 1714900734.2881684, "high_priority_count": 1, "low_priority_count": 0, "queue_size_before_schedule": 1, "batch_size_after_schedule": 0, "running_requests_id_list": [456], "rest_time": [3.1674108505249023]}
goodput: 472, total_request: 472
{"batch_size": 0, "time": 1714900734.3137517, "queue_size_before_schedule": 0, "msg": "emptyqueue"}
{"batch_size": 1, "time": 1714900734.3681164, "high_priority_count": 1, "low_priority_count": 0, "queue_size_before_schedule": 1, "batch_size_after_schedule": 0, "running_requests_id_list": [457], "rest_time": [3.960705280303955]}
goodput: 473, total_request: 477
{"batch_size": 4, "time": 1714900734.3933032, "high_priority_count": 4, "low_priority_count": 0, "queue_size_before_schedule": 4, "batch_size_after_schedule": 0, "running_requests_id_list": [458, 459, 460, 461], "rest_time": [5.026944398880005, 3.737990379333496, 4.13513970375061, 5.028087139129639]}
goodput: 477, total_request: 477
{"batch_size": 0, "time": 1714900734.4299085, "queue_size_before_schedule": 0, "msg": "emptyqueue"}
{"batch_size": 1, "time": 1714900735.3883405, "high_priority_count": 1, "low_priority_count": 0, "queue_size_before_schedule": 1, "batch_size_after_schedule": 0, "running_requests_id_list": [462], "rest_time": [3.365469217300415]}
goodput: 478, total_request: 478
{"batch_size": 0, "time": 1714900735.4184678, "queue_size_before_schedule": 0, "msg": "emptyqueue"}
{"batch_size": 5, "time": 1714900735.4208875, "high_priority_count": 5, "low_priority_count": 0, "queue_size_before_schedule": 5, "batch_size_after_schedule": 0, "running_requests_id_list": [463, 464, 465, 466, 467], "rest_time": [3.135237216949463, 5.0201256275177, 4.5245630741119385, 3.1365227699279785, 5.021091461181641]}
goodput: 483, total_request: 483
{"batch_size": 0, "time": 1714900735.4556842, "queue_size_before_schedule": 0, "msg": "emptyqueue"}
{"batch_size": 1, "time": 1714900735.4833226, "high_priority_count": 1, "low_priority_count": 0, "queue_size_before_schedule": 1, "batch_size_after_schedule": 0, "running_requests_id_list": [468], "rest_time": [3.7623627185821533]}
goodput: 484, total_request: 484
{"batch_size": 0, "time": 1714900735.5148067, "queue_size_before_schedule": 0, "msg": "emptyqueue"}
{"batch_size": 1, "time": 1714900740.1793642, "high_priority_count": 1, "low_priority_count": 0, "queue_size_before_schedule": 1, "batch_size_after_schedule": 0, "running_requests_id_list": [469], "rest_time": [3.2660911083221436]}
goodput: 485, total_request: 485
{"batch_size": 0, "time": 1714900740.2086346, "queue_size_before_schedule": 0, "msg": "emptyqueue"}
{"batch_size": 2, "time": 1714900740.209281, "high_priority_count": 2, "low_priority_count": 0, "queue_size_before_schedule": 2, "batch_size_after_schedule": 0, "running_requests_id_list": [470, 471], "rest_time": [4.328493595123291, 4.924022912979126]}
goodput: 487, total_request: 487
{"batch_size": 0, "time": 1714900740.2316868, "queue_size_before_schedule": 0, "msg": "emptyqueue"}
{"batch_size": 1, "time": 1714900743.6589587, "high_priority_count": 1, "low_priority_count": 0, "queue_size_before_schedule": 1, "batch_size_after_schedule": 0, "running_requests_id_list": [472], "rest_time": [4.45598292350769]}
goodput: 488, total_request: 488
{"batch_size": 0, "time": 1714900743.6835825, "queue_size_before_schedule": 0, "msg": "emptyqueue"}
{"batch_size": 1, "time": 1714900743.7320905, "high_priority_count": 1, "low_priority_count": 0, "queue_size_before_schedule": 1, "batch_size_after_schedule": 0, "running_requests_id_list": [473], "rest_time": [4.059980154037476]}
goodput: 489, total_request: 489
{"batch_size": 0, "time": 1714900743.7536292, "queue_size_before_schedule": 0, "msg": "emptyqueue"}
{"batch_size": 1, "time": 1714900747.2453556, "high_priority_count": 1, "low_priority_count": 0, "queue_size_before_schedule": 1, "batch_size_after_schedule": 0, "running_requests_id_list": [474], "rest_time": [3.5635716915130615]}
goodput: 490, total_request: 490
{"batch_size": 0, "time": 1714900747.2763786, "queue_size_before_schedule": 0, "msg": "emptyqueue"}
{"batch_size": 4, "time": 1714900748.7269387, "high_priority_count": 4, "low_priority_count": 0, "queue_size_before_schedule": 4, "batch_size_after_schedule": 0, "running_requests_id_list": [475, 476, 477, 478], "rest_time": [4.851591348648071, 3.4639499187469482, 3.365172863006592, 5.150648832321167]}
goodput: 494, total_request: 494
{"batch_size": 0, "time": 1714900748.7662106, "queue_size_before_schedule": 0, "msg": "emptyqueue"}
{"batch_size": 1, "time": 1714900748.8242245, "high_priority_count": 1, "low_priority_count": 0, "queue_size_before_schedule": 1, "batch_size_after_schedule": 0, "running_requests_id_list": [479], "rest_time": [4.456243515014648]}
goodput: 495, total_request: 497
{"batch_size": 2, "time": 1714900748.850736, "high_priority_count": 2, "low_priority_count": 0, "queue_size_before_schedule": 2, "batch_size_after_schedule": 0, "running_requests_id_list": [480, 481], "rest_time": [4.6288902759552, 3.5382583141326904]}
goodput: 497, total_request: 509
{"batch_size": 12, "time": 1714900748.8812954, "high_priority_count": 12, "low_priority_count": 0, "queue_size_before_schedule": 12, "batch_size_after_schedule": 0, "running_requests_id_list": [482, 483, 484, 485, 486, 487, 488, 489, 490, 491, 492, 493], "rest_time": [4.006978988647461, 3.5115420818328857, 4.801050901412964, 4.904030799865723, 4.408413648605347, 4.410892724990845, 3.3203485012054443, 3.4197707176208496, 4.015183687210083, 4.3155999183654785, 4.613391399383545, 3.334432601928711]}
goodput: 509, total_request: 509
{"batch_size": 0, "time": 1714900748.9385433, "queue_size_before_schedule": 0, "msg": "emptyqueue"}
{"batch_size": 1, "time": 1714900749.0828824, "high_priority_count": 1, "low_priority_count": 0, "queue_size_before_schedule": 1, "batch_size_after_schedule": 0, "running_requests_id_list": [494], "rest_time": [5.051415205001831]}
goodput: 510, total_request: 510
{"batch_size": 0, "time": 1714900749.114902, "queue_size_before_schedule": 0, "msg": "emptyqueue"}
{"batch_size": 2, "time": 1714900749.1160178, "high_priority_count": 2, "low_priority_count": 0, "queue_size_before_schedule": 2, "batch_size_after_schedule": 0, "running_requests_id_list": [495, 496], "rest_time": [3.729766368865967, 4.523672342300415]}
goodput: 512, total_request: 512
{"batch_size": 0, "time": 1714900749.1465788, "queue_size_before_schedule": 0, "msg": "emptyqueue"}
{"batch_size": 1, "time": 1714900754.1975381, "high_priority_count": 1, "low_priority_count": 0, "queue_size_before_schedule": 1, "batch_size_after_schedule": 0, "running_requests_id_list": [497], "rest_time": [4.753526449203491]}
goodput: 513, total_request: 513
{"batch_size": 0, "time": 1714900754.2290998, "queue_size_before_schedule": 0, "msg": "emptyqueue"}
{"batch_size": 2, "time": 1714900754.2645452, "high_priority_count": 2, "low_priority_count": 0, "queue_size_before_schedule": 2, "batch_size_after_schedule": 0, "running_requests_id_list": [498, 499], "rest_time": [4.654122591018677, 3.9603490829467773]}
goodput: 515, total_request: 515
