0号worker ---- good : 0 --- finish: 0 --- id: -1  
0号worker ---- good : 0 --- finish: 0 --- id: -1 -1 -1 -1  
0号worker ---- good : 1 --- finish: 1 --- id: 0  
0号worker ---- good : 2 --- finish: 2 --- id: 2  
0号worker ---- good : 2 --- finish: 3 --- id: 1  
0号worker ---- good : 3 --- finish: 4 --- id: 4  
0号worker ---- good : 3 --- finish: 5 --- id: 6  
0号worker ---- good : 4 --- finish: 6 --- id: 10  
0号worker ---- good : 5 --- finish: 7 --- id: 15  
0号worker ---- good : 5 --- finish: 8 --- id: 18  
0号worker ---- good : 6 --- finish: 9 --- id: 20  
0号worker ---- good : 7 --- finish: 10 --- id: 32  
0号worker ---- good : 8 --- finish: 11 --- id: 33  
0号worker ---- good : 9 --- finish: 12 --- id: 43  
0号worker ---- good : 9 --- finish: 13 --- id: 40  
0号worker ---- good : 10 --- finish: 15 --- id: 53 54  
0号worker ---- good : 10 --- finish: 16 --- id: 55  
0号worker ---- good : 11 --- finish: 17 --- id: 56  
0号worker ---- good : 13 --- finish: 19 --- id: 65 66  
0号worker ---- good : 13 --- finish: 20 --- id: 71  
0号worker ---- good : 14 --- finish: 21 --- id: 77  
0号worker ---- good : 15 --- finish: 22 --- id: 78  
0号worker ---- good : 15 --- finish: 23 --- id: 83  
0号worker ---- good : 15 --- finish: 24 --- id: 86  
0号worker ---- good : 16 --- finish: 25 --- id: 107  
0号worker ---- good : 16 --- finish: 26 --- id: 113  
0号worker ---- good : 17 --- finish: 27 --- id: 121  
0号worker ---- good : 18 --- finish: 28 --- id: 120  
0号worker ---- good : 18 --- finish: 29 --- id: 123  
0号worker ---- good : 19 --- finish: 30 --- id: 128  
0号worker ---- good : 20 --- finish: 31 --- id: 126  
0号worker ---- good : 21 --- finish: 32 --- id: 129  
0号worker ---- good : 22 --- finish: 33 --- id: 130  
0号worker ---- good : 23 --- finish: 34 --- id: 134  
0号worker ---- good : 24 --- finish: 35 --- id: 136  
0号worker ---- good : 24 --- finish: 36 --- id: 138  
0号worker ---- good : 25 --- finish: 37 --- id: 140  
0号worker ---- good : 26 --- finish: 38 --- id: 142  
0号worker ---- good : 27 --- finish: 39 --- id: 144  
0号worker ---- good : 27 --- finish: 40 --- id: 147  
0号worker ---- good : 28 --- finish: 42 --- id: 171 176  
0号worker ---- good : 28 --- finish: 43 --- id: 173  
0号worker ---- good : 28 --- finish: 44 --- id: 179  
0号worker ---- good : 29 --- finish: 45 --- id: 180  
0号worker ---- good : 30 --- finish: 46 --- id: 181  
0号worker ---- good : 30 --- finish: 47 --- id: 198  
0号worker ---- good : 31 --- finish: 48 --- id: 199  
0号worker ---- good : 33 --- finish: 50 --- id: 201 205  
0号worker ---- good : 34 --- finish: 51 --- id: 206  
0号worker ---- good : 35 --- finish: 52 --- id: 213  
0号worker ---- good : 36 --- finish: 53 --- id: 211  
0号worker ---- good : 36 --- finish: 54 --- id: 212  
0号worker ---- good : 38 --- finish: 56 --- id: 215 218  
0号worker ---- good : 39 --- finish: 57 --- id: 223  
0号worker ---- good : 40 --- finish: 58 --- id: 224  
0号worker ---- good : 40 --- finish: 59 --- id: 229  
0号worker ---- good : 41 --- finish: 60 --- id: 231  
0号worker ---- good : 43 --- finish: 62 --- id: 230 243  
0号worker ---- good : 43 --- finish: 63 --- id: 237  
0号worker ---- good : 44 --- finish: 64 --- id: 257  
0号worker ---- good : 45 --- finish: 65 --- id: 258  
0号worker ---- good : 45 --- finish: 66 --- id: 264  
0号worker ---- good : 46 --- finish: 67 --- id: 265  
0号worker ---- good : 48 --- finish: 69 --- id: 267 268  
0号worker ---- good : 48 --- finish: 70 --- id: 269  
0号worker ---- good : 50 --- finish: 72 --- id: 271 277  
0号worker ---- good : 50 --- finish: 73 --- id: 280  
0号worker ---- good : 51 --- finish: 74 --- id: 290  
0号worker ---- good : 52 --- finish: 75 --- id: 289  
0号worker ---- good : 53 --- finish: 76 --- id: 295  
0号worker ---- good : 54 --- finish: 77 --- id: 297  
0号worker ---- good : 54 --- finish: 78 --- id: 299  
0号worker ---- good : 55 --- finish: 79 --- id: 304  
0号worker ---- good : 56 --- finish: 80 --- id: 305  
0号worker ---- good : 56 --- finish: 82 --- id: 309 310  
0号worker ---- good : 57 --- finish: 83 --- id: 335  
0号worker ---- good : 59 --- finish: 85 --- id: 326 330  
0号worker ---- good : 59 --- finish: 86 --- id: 336  
0号worker ---- good : 59 --- finish: 87 --- id: 353  
0号worker ---- good : 60 --- finish: 88 --- id: 355  
0号worker ---- good : 61 --- finish: 89 --- id: 354  
0号worker ---- good : 62 --- finish: 90 --- id: 356  
0号worker ---- good : 63 --- finish: 91 --- id: 359  
0号worker ---- good : 64 --- finish: 92 --- id: 362  
0号worker ---- good : 65 --- finish: 93 --- id: 363  
0号worker ---- good : 66 --- finish: 94 --- id: 365  
0号worker ---- good : 67 --- finish: 95 --- id: 367  
0号worker ---- good : 67 --- finish: 96 --- id: 366  
0号worker ---- good : 68 --- finish: 97 --- id: 376  
0号worker ---- good : 69 --- finish: 98 --- id: 380  
0号worker ---- good : 70 --- finish: 99 --- id: 381  
0号worker ---- good : 71 --- finish: 100 --- id: 382  
0号worker ---- good : 72 --- finish: 101 --- id: 385  
0号worker ---- good : 73 --- finish: 103 --- id: 393 402  
0号worker ---- good : 74 --- finish: 104 --- id: 403  
0号worker ---- good : 75 --- finish: 105 --- id: 404  
0号worker ---- good : 76 --- finish: 106 --- id: 408  
0号worker ---- good : 77 --- finish: 107 --- id: 411  
0号worker ---- good : 78 --- finish: 108 --- id: 415  
0号worker ---- good : 79 --- finish: 110 --- id: 420 427  
0号worker ---- good : 79 --- finish: 111 --- id: 428  
0号worker ---- good : 79 --- finish: 114 --- id: 431 437 443  
0号worker ---- good : 79 --- finish: 115 --- id: 455  
0号worker ---- good : 80 --- finish: 116 --- id: 461  
0号worker ---- good : 80 --- finish: 117 --- id: 462  
0号worker ---- good : 80 --- finish: 118 --- id: 463  
0号worker ---- good : 80 --- finish: 119 --- id: 465  
0号worker ---- good : 81 --- finish: 120 --- id: 488  
0号worker ---- good : 81 --- finish: 121 --- id: 487  
