0号worker ---- good : 0 --- finish: 0 --- id: -1  
0号worker ---- good : 0 --- finish: 0 --- id: -1 -1 -1 -1  
0号worker ---- good : 1 --- finish: 1 --- id: 0  
0号worker ---- good : 1 --- finish: 2 --- id: 2  
0号worker ---- good : 2 --- finish: 3 --- id: 4  
0号worker ---- good : 3 --- finish: 4 --- id: 6  
0号worker ---- good : 4 --- finish: 5 --- id: 10  
0号worker ---- good : 4 --- finish: 6 --- id: 15  
0号worker ---- good : 5 --- finish: 7 --- id: 29  
0号worker ---- good : 5 --- finish: 8 --- id: 24  
0号worker ---- good : 6 --- finish: 9 --- id: 33  
0号worker ---- good : 7 --- finish: 10 --- id: 34  
0号worker ---- good : 8 --- finish: 11 --- id: 43  
0号worker ---- good : 8 --- finish: 13 --- id: 42 45  
0号worker ---- good : 8 --- finish: 14 --- id: 55  
0号worker ---- good : 10 --- finish: 16 --- id: 65 66  
0号worker ---- good : 11 --- finish: 17 --- id: 61  
0号worker ---- good : 12 --- finish: 18 --- id: 67  
0号worker ---- good : 12 --- finish: 19 --- id: 77  
0号worker ---- good : 13 --- finish: 20 --- id: 79  
0号worker ---- good : 15 --- finish: 22 --- id: 82 84  
0号worker ---- good : 16 --- finish: 24 --- id: 88 109  
0号worker ---- good : 16 --- finish: 25 --- id: 90  
0号worker ---- good : 17 --- finish: 26 --- id: 113  
0号worker ---- good : 17 --- finish: 28 --- id: 111 117  
0号worker ---- good : 18 --- finish: 29 --- id: 125  
0号worker ---- good : 18 --- finish: 30 --- id: 124  
0号worker ---- good : 19 --- finish: 31 --- id: 130  
0号worker ---- good : 20 --- finish: 32 --- id: 129  
0号worker ---- good : 21 --- finish: 33 --- id: 131  
0号worker ---- good : 21 --- finish: 34 --- id: 136  
0号worker ---- good : 22 --- finish: 35 --- id: 137  
0号worker ---- good : 23 --- finish: 36 --- id: 138  
0号worker ---- good : 23 --- finish: 37 --- id: 141  
0号worker ---- good : 24 --- finish: 38 --- id: 143  
0号worker ---- good : 25 --- finish: 39 --- id: 145  
0号worker ---- good : 26 --- finish: 40 --- id: 144  
0号worker ---- good : 26 --- finish: 41 --- id: 149  
0号worker ---- good : 26 --- finish: 42 --- id: 175  
0号worker ---- good : 27 --- finish: 44 --- id: 178 182  
0号worker ---- good : 28 --- finish: 45 --- id: 184  
0号worker ---- good : 29 --- finish: 46 --- id: 185  
0号worker ---- good : 31 --- finish: 48 --- id: 186 196  
0号worker ---- good : 32 --- finish: 49 --- id: 204  
0号worker ---- good : 32 --- finish: 50 --- id: 205  
0号worker ---- good : 33 --- finish: 51 --- id: 217  
0号worker ---- good : 33 --- finish: 52 --- id: 215  
0号worker ---- good : 34 --- finish: 53 --- id: 218  
0号worker ---- good : 34 --- finish: 54 --- id: 224  
0号worker ---- good : 34 --- finish: 55 --- id: 228  
0号worker ---- good : 35 --- finish: 56 --- id: 235  
0号worker ---- good : 36 --- finish: 57 --- id: 234  
0号worker ---- good : 39 --- finish: 60 --- id: 245 252 256  
0号worker ---- good : 39 --- finish: 61 --- id: 266  
0号worker ---- good : 40 --- finish: 62 --- id: 269  
0号worker ---- good : 41 --- finish: 63 --- id: 271  
0号worker ---- good : 41 --- finish: 64 --- id: 270  
0号worker ---- good : 42 --- finish: 65 --- id: 274  
0号worker ---- good : 42 --- finish: 66 --- id: 281  
0号worker ---- good : 43 --- finish: 67 --- id: 293  
0号worker ---- good : 44 --- finish: 68 --- id: 297  
0号worker ---- good : 44 --- finish: 69 --- id: 294  
0号worker ---- good : 45 --- finish: 70 --- id: 299  
0号worker ---- good : 47 --- finish: 72 --- id: 300 305  
0号worker ---- good : 47 --- finish: 73 --- id: 303  
0号worker ---- good : 48 --- finish: 74 --- id: 308  
0号worker ---- good : 49 --- finish: 75 --- id: 315  
0号worker ---- good : 49 --- finish: 76 --- id: 312  
0号worker ---- good : 50 --- finish: 77 --- id: 335  
0号worker ---- good : 51 --- finish: 78 --- id: 330  
0号worker ---- good : 51 --- finish: 79 --- id: 351  
0号worker ---- good : 52 --- finish: 80 --- id: 358  
0号worker ---- good : 53 --- finish: 81 --- id: 359  
0号worker ---- good : 54 --- finish: 82 --- id: 362  
0号worker ---- good : 54 --- finish: 83 --- id: 363  
0号worker ---- good : 55 --- finish: 84 --- id: 367  
0号worker ---- good : 56 --- finish: 85 --- id: 368  
0号worker ---- good : 56 --- finish: 86 --- id: 369  
0号worker ---- good : 56 --- finish: 87 --- id: 375  
0号worker ---- good : 57 --- finish: 88 --- id: 381  
0号worker ---- good : 58 --- finish: 89 --- id: 380  
0号worker ---- good : 59 --- finish: 90 --- id: 386  
0号worker ---- good : 61 --- finish: 92 --- id: 391 395  
0号worker ---- good : 62 --- finish: 93 --- id: 388  
0号worker ---- good : 62 --- finish: 94 --- id: 403  
0号worker ---- good : 63 --- finish: 95 --- id: 411  
0号worker ---- good : 63 --- finish: 96 --- id: 409  
0号worker ---- good : 63 --- finish: 97 --- id: 415  
0号worker ---- good : 64 --- finish: 98 --- id: 421  
0号worker ---- good : 64 --- finish: 99 --- id: 427  
0号worker ---- good : 64 --- finish: 100 --- id: 433  
0号worker ---- good : 65 --- finish: 101 --- id: 436  
0号worker ---- good : 67 --- finish: 103 --- id: 437 443  
0号worker ---- good : 70 --- finish: 106 --- id: 440 456 461  
0号worker ---- good : 71 --- finish: 107 --- id: 462  
0号worker ---- good : 72 --- finish: 108 --- id: 467  
0号worker ---- good : 73 --- finish: 109 --- id: 468  
0号worker ---- good : 74 --- finish: 110 --- id: 470  
0号worker ---- good : 74 --- finish: 111 --- id: 488  
0号worker ---- good : 75 --- finish: 112 --- id: 493  
0号worker ---- good : 75 --- finish: 113 --- id: 497  
