0号worker ---- good : 0 --- finish: 0 --- id: -1  
0号worker ---- good : 0 --- finish: 0 --- id: -1 -1 -1 -1  
0号worker ---- good : 1 --- finish: 1 --- id: 0  
0号worker ---- good : 2 --- finish: 2 --- id: 2  
0号worker ---- good : 2 --- finish: 3 --- id: 1  
0号worker ---- good : 3 --- finish: 4 --- id: 4  
0号worker ---- good : 4 --- finish: 5 --- id: 6  
0号worker ---- good : 5 --- finish: 6 --- id: 11  
0号worker ---- good : 6 --- finish: 7 --- id: 15  
0号worker ---- good : 6 --- finish: 9 --- id: 10 18  
0号worker ---- good : 7 --- finish: 10 --- id: 29  
0号worker ---- good : 8 --- finish: 11 --- id: 34  
0号worker ---- good : 9 --- finish: 12 --- id: 35  
0号worker ---- good : 11 --- finish: 14 --- id: 53 54  
0号worker ---- good : 11 --- finish: 15 --- id: 55  
0号worker ---- good : 11 --- finish: 16 --- id: 57  
0号worker ---- good : 13 --- finish: 18 --- id: 65 66  
0号worker ---- good : 13 --- finish: 19 --- id: 75  
0号worker ---- good : 14 --- finish: 20 --- id: 81  
0号worker ---- good : 16 --- finish: 22 --- id: 82 84  
0号worker ---- good : 16 --- finish: 23 --- id: 87  
0号worker ---- good : 16 --- finish: 25 --- id: 103 107  
0号worker ---- good : 17 --- finish: 26 --- id: 113  
0号worker ---- good : 17 --- finish: 27 --- id: 116  
0号worker ---- good : 18 --- finish: 28 --- id: 125  
0号worker ---- good : 19 --- finish: 29 --- id: 129  
0号worker ---- good : 20 --- finish: 30 --- id: 131  
0号worker ---- good : 21 --- finish: 31 --- id: 133  
0号worker ---- good : 22 --- finish: 32 --- id: 138  
0号worker ---- good : 22 --- finish: 33 --- id: 136  
0号worker ---- good : 23 --- finish: 34 --- id: 139  
0号worker ---- good : 24 --- finish: 35 --- id: 140  
0号worker ---- good : 24 --- finish: 36 --- id: 143  
0号worker ---- good : 25 --- finish: 37 --- id: 145  
0号worker ---- good : 26 --- finish: 38 --- id: 148  
0号worker ---- good : 28 --- finish: 40 --- id: 150 166  
0号worker ---- good : 28 --- finish: 42 --- id: 171 176  
0号worker ---- good : 29 --- finish: 43 --- id: 184  
0号worker ---- good : 30 --- finish: 44 --- id: 187  
0号worker ---- good : 31 --- finish: 45 --- id: 195  
0号worker ---- good : 31 --- finish: 46 --- id: 192  
0号worker ---- good : 32 --- finish: 47 --- id: 207  
0号worker ---- good : 33 --- finish: 48 --- id: 210  
0号worker ---- good : 33 --- finish: 49 --- id: 216  
0号worker ---- good : 34 --- finish: 50 --- id: 219  
0号worker ---- good : 35 --- finish: 51 --- id: 218  
0号worker ---- good : 36 --- finish: 52 --- id: 224  
0号worker ---- good : 37 --- finish: 53 --- id: 223  
0号worker ---- good : 37 --- finish: 54 --- id: 229  
0号worker ---- good : 37 --- finish: 55 --- id: 231  
0号worker ---- good : 38 --- finish: 56 --- id: 238  
0号worker ---- good : 39 --- finish: 57 --- id: 237  
0号worker ---- good : 39 --- finish: 60 --- id: 245 252 256  
0号worker ---- good : 40 --- finish: 61 --- id: 272  
0号worker ---- good : 41 --- finish: 62 --- id: 274  
0号worker ---- good : 41 --- finish: 63 --- id: 276  
0号worker ---- good : 42 --- finish: 64 --- id: 280  
0号worker ---- good : 43 --- finish: 65 --- id: 297  
0号worker ---- good : 44 --- finish: 66 --- id: 300  
0号worker ---- good : 45 --- finish: 67 --- id: 302  
0号worker ---- good : 46 --- finish: 68 --- id: 305  
0号worker ---- good : 46 --- finish: 69 --- id: 310  
0号worker ---- good : 47 --- finish: 70 --- id: 311  
0号worker ---- good : 49 --- finish: 72 --- id: 312 336  
0号worker ---- good : 51 --- finish: 75 --- id: 314 333 354  
0号worker ---- good : 52 --- finish: 76 --- id: 360  
0号worker ---- good : 53 --- finish: 77 --- id: 362  
0号worker ---- good : 54 --- finish: 78 --- id: 361  
0号worker ---- good : 56 --- finish: 80 --- id: 363 368  
0号worker ---- good : 57 --- finish: 81 --- id: 369  
0号worker ---- good : 58 --- finish: 82 --- id: 370  
0号worker ---- good : 59 --- finish: 83 --- id: 371  
0号worker ---- good : 60 --- finish: 84 --- id: 374  
0号worker ---- good : 60 --- finish: 85 --- id: 375  
0号worker ---- good : 61 --- finish: 86 --- id: 383  
0号worker ---- good : 62 --- finish: 87 --- id: 385  
0号worker ---- good : 62 --- finish: 88 --- id: 388  
0号worker ---- good : 64 --- finish: 90 --- id: 389 405  
0号worker ---- good : 66 --- finish: 92 --- id: 399 411  
0号worker ---- good : 67 --- finish: 93 --- id: 410  
0号worker ---- good : 68 --- finish: 94 --- id: 414  
0号worker ---- good : 69 --- finish: 95 --- id: 416  
0号worker ---- good : 70 --- finish: 96 --- id: 419  
0号worker ---- good : 70 --- finish: 97 --- id: 420  
0号worker ---- good : 71 --- finish: 99 --- id: 427 439  
0号worker ---- good : 72 --- finish: 100 --- id: 440  
0号worker ---- good : 73 --- finish: 101 --- id: 452  
0号worker ---- good : 73 --- finish: 102 --- id: 460  
0号worker ---- good : 74 --- finish: 103 --- id: 471  
0号worker ---- good : 74 --- finish: 104 --- id: 470  
0号worker ---- good : 74 --- finish: 105 --- id: 473  
0号worker ---- good : 75 --- finish: 106 --- id: 493  
0号worker ---- good : 76 --- finish: 107 --- id: 498  
0号worker ---- good : 76 --- finish: 108 --- id: 499  
