0号worker ---- good : 0 --- finish: 0 --- id: -1  
0号worker ---- good : 0 --- finish: 0 --- id: -1 -1 -1 -1  
0号worker ---- good : 1 --- finish: 1 --- id: 0  
0号worker ---- good : 2 --- finish: 2 --- id: 2  
0号worker ---- good : 2 --- finish: 3 --- id: 1  
0号worker ---- good : 3 --- finish: 4 --- id: 4  
0号worker ---- good : 4 --- finish: 5 --- id: 6  
0号worker ---- good : 4 --- finish: 6 --- id: 9  
0号worker ---- good : 5 --- finish: 7 --- id: 10  
0号worker ---- good : 6 --- finish: 8 --- id: 11  
0号worker ---- good : 6 --- finish: 9 --- id: 12  
0号worker ---- good : 7 --- finish: 10 --- id: 20  
0号worker ---- good : 7 --- finish: 11 --- id: 22  
0号worker ---- good : 8 --- finish: 12 --- id: 30  
0号worker ---- good : 9 --- finish: 13 --- id: 32  
0号worker ---- good : 9 --- finish: 14 --- id: 34  
0号worker ---- good : 10 --- finish: 15 --- id: 48  
0号worker ---- good : 10 --- finish: 16 --- id: 49  
0号worker ---- good : 11 --- finish: 17 --- id: 52  
0号worker ---- good : 13 --- finish: 19 --- id: 53 54  
0号worker ---- good : 13 --- finish: 20 --- id: 55  
0号worker ---- good : 13 --- finish: 21 --- id: 61  
0号worker ---- good : 14 --- finish: 22 --- id: 69  
0号worker ---- good : 15 --- finish: 23 --- id: 73  
0号worker ---- good : 16 --- finish: 24 --- id: 75  
0号worker ---- good : 16 --- finish: 25 --- id: 78  
0号worker ---- good : 18 --- finish: 27 --- id: 80 92  
0号worker ---- good : 18 --- finish: 28 --- id: 86  
0号worker ---- good : 18 --- finish: 29 --- id: 97  
0号worker ---- good : 20 --- finish: 31 --- id: 103 107  
0号worker ---- good : 20 --- finish: 32 --- id: 104  
0号worker ---- good : 21 --- finish: 34 --- id: 110 114  
0号worker ---- good : 22 --- finish: 35 --- id: 115  
0号worker ---- good : 23 --- finish: 36 --- id: 116  
0号worker ---- good : 23 --- finish: 37 --- id: 119  
0号worker ---- good : 24 --- finish: 38 --- id: 121  
0号worker ---- good : 25 --- finish: 39 --- id: 122  
0号worker ---- good : 25 --- finish: 40 --- id: 123  
0号worker ---- good : 26 --- finish: 41 --- id: 125  
0号worker ---- good : 26 --- finish: 42 --- id: 130  
0号worker ---- good : 27 --- finish: 43 --- id: 133  
0号worker ---- good : 28 --- finish: 44 --- id: 138  
0号worker ---- good : 29 --- finish: 45 --- id: 134  
0号worker ---- good : 30 --- finish: 46 --- id: 144  
0号worker ---- good : 30 --- finish: 47 --- id: 150  
0号worker ---- good : 31 --- finish: 48 --- id: 162  
0号worker ---- good : 33 --- finish: 50 --- id: 165 168  
0号worker ---- good : 33 --- finish: 51 --- id: 167  
0号worker ---- good : 34 --- finish: 52 --- id: 171  
0号worker ---- good : 35 --- finish: 53 --- id: 172  
0号worker ---- good : 36 --- finish: 54 --- id: 173  
0号worker ---- good : 36 --- finish: 55 --- id: 182  
0号worker ---- good : 37 --- finish: 56 --- id: 189  
0号worker ---- good : 38 --- finish: 57 --- id: 190  
0号worker ---- good : 38 --- finish: 58 --- id: 191  
0号worker ---- good : 39 --- finish: 59 --- id: 199  
0号worker ---- good : 40 --- finish: 60 --- id: 201  
0号worker ---- good : 41 --- finish: 61 --- id: 202  
0号worker ---- good : 42 --- finish: 62 --- id: 203  
0号worker ---- good : 43 --- finish: 63 --- id: 205  
0号worker ---- good : 44 --- finish: 64 --- id: 210  
0号worker ---- good : 45 --- finish: 65 --- id: 211  
0号worker ---- good : 46 --- finish: 66 --- id: 214  
0号worker ---- good : 46 --- finish: 67 --- id: 219  
0号worker ---- good : 47 --- finish: 68 --- id: 220  
0号worker ---- good : 48 --- finish: 69 --- id: 221  
0号worker ---- good : 49 --- finish: 71 --- id: 222 246  
0号worker ---- good : 49 --- finish: 72 --- id: 243  
0号worker ---- good : 50 --- finish: 73 --- id: 252  
0号worker ---- good : 51 --- finish: 74 --- id: 254  
0号worker ---- good : 51 --- finish: 75 --- id: 253  
0号worker ---- good : 52 --- finish: 76 --- id: 256  
0号worker ---- good : 53 --- finish: 77 --- id: 258  
0号worker ---- good : 53 --- finish: 78 --- id: 259  
0号worker ---- good : 54 --- finish: 81 --- id: 267 268 276  
0号worker ---- good : 55 --- finish: 82 --- id: 281  
0号worker ---- good : 56 --- finish: 83 --- id: 284  
0号worker ---- good : 57 --- finish: 85 --- id: 283 291  
0号worker ---- good : 57 --- finish: 86 --- id: 290  
0号worker ---- good : 58 --- finish: 88 --- id: 300 305  
0号worker ---- good : 59 --- finish: 90 --- id: 308 325  
0号worker ---- good : 59 --- finish: 91 --- id: 323  
0号worker ---- good : 60 --- finish: 92 --- id: 336  
0号worker ---- good : 61 --- finish: 93 --- id: 337  
0号worker ---- good : 62 --- finish: 94 --- id: 338  
0号worker ---- good : 63 --- finish: 95 --- id: 341  
0号worker ---- good : 63 --- finish: 96 --- id: 342  
0号worker ---- good : 63 --- finish: 97 --- id: 344  
0号worker ---- good : 64 --- finish: 98 --- id: 345  
0号worker ---- good : 65 --- finish: 99 --- id: 347  
0号worker ---- good : 66 --- finish: 100 --- id: 349  
0号worker ---- good : 67 --- finish: 101 --- id: 355  
0号worker ---- good : 68 --- finish: 102 --- id: 357  
0号worker ---- good : 69 --- finish: 103 --- id: 359  
0号worker ---- good : 69 --- finish: 104 --- id: 358  
0号worker ---- good : 70 --- finish: 105 --- id: 363  
0号worker ---- good : 71 --- finish: 106 --- id: 367  
0号worker ---- good : 71 --- finish: 107 --- id: 371  
0号worker ---- good : 72 --- finish: 108 --- id: 375  
0号worker ---- good : 72 --- finish: 109 --- id: 380  
0号worker ---- good : 72 --- finish: 110 --- id: 382  
0号worker ---- good : 72 --- finish: 111 --- id: 386  
0号worker ---- good : 72 --- finish: 112 --- id: 388  
0号worker ---- good : 73 --- finish: 113 --- id: 395  
0号worker ---- good : 74 --- finish: 114 --- id: 396  
0号worker ---- good : 74 --- finish: 115 --- id: 397  
0号worker ---- good : 74 --- finish: 116 --- id: 401  
0号worker ---- good : 74 --- finish: 117 --- id: 407  
0号worker ---- good : 75 --- finish: 118 --- id: 412  
0号worker ---- good : 75 --- finish: 119 --- id: 415  
0号worker ---- good : 75 --- finish: 120 --- id: 419  
0号worker ---- good : 75 --- finish: 121 --- id: 430  
0号worker ---- good : 76 --- finish: 122 --- id: 439  
0号worker ---- good : 77 --- finish: 123 --- id: 442  
0号worker ---- good : 77 --- finish: 124 --- id: 443  
0号worker ---- good : 78 --- finish: 125 --- id: 444  
0号worker ---- good : 78 --- finish: 126 --- id: 458  
0号worker ---- good : 79 --- finish: 127 --- id: 463  
0号worker ---- good : 80 --- finish: 128 --- id: 467  
0号worker ---- good : 80 --- finish: 129 --- id: 468  
0号worker ---- good : 80 --- finish: 130 --- id: 480  
0号worker ---- good : 81 --- finish: 131 --- id: 488  
0号worker ---- good : 82 --- finish: 132 --- id: 491  
0号worker ---- good : 82 --- finish: 133 --- id: 494  
