{"batch_size": 1, "time": 1714360380.2531173, "high_priority_count": 1, "low_priority_count": 0, "queue_size_before_schedule": 1, "batch_size_after_schedule": 0, "running_requests_id_list": [-1], "rest_time": [9994.831107378006]}
goodput: 1, total_request: 1
{"batch_size": 0, "time": 1714360381.4090507, "queue_size_before_schedule": 0, "msg": "emptyqueue"}
{"batch_size": 3, "time": 1714360381.436569, "high_priority_count": 3, "low_priority_count": 0, "queue_size_before_schedule": 3, "batch_size_after_schedule": 0, "running_requests_id_list": [-1, -1, -1], "rest_time": [9993.95088505745, 9994.2515437603, 9994.552189588547]}
goodput: 4, total_request: 4
{"batch_size": 0, "time": 1714360382.088937, "queue_size_before_schedule": 0, "msg": "emptyqueue"}
{"batch_size": 1, "time": 1714360384.1154394, "high_priority_count": 1, "low_priority_count": 0, "queue_size_before_schedule": 1, "batch_size_after_schedule": 0, "running_requests_id_list": [-1], "rest_time": [9995.180651426315]}
goodput: 5, total_request: 5
{"batch_size": 0, "time": 1714360384.285284, "queue_size_before_schedule": 0, "msg": "emptyqueue"}
{"batch_size": 1, "time": 1714360384.3096156, "high_priority_count": 1, "low_priority_count": 0, "queue_size_before_schedule": 1, "batch_size_after_schedule": 0, "running_requests_id_list": [-1], "rest_time": [9994.685826063156]}
goodput: 6, total_request: 6
{"batch_size": 0, "time": 1714360384.4111671, "queue_size_before_schedule": 0, "msg": "emptyqueue"}
{"batch_size": 2, "time": 1714360384.4264286, "high_priority_count": 2, "low_priority_count": 0, "queue_size_before_schedule": 2, "batch_size_after_schedule": 0, "running_requests_id_list": [-1, -1], "rest_time": [9994.268540143967, 9993.968032360077]}
goodput: 8, total_request: 8
{"batch_size": 0, "time": 1714360384.7047691, "queue_size_before_schedule": 0, "msg": "emptyqueue"}
{"batch_size": 1, "time": 1714360387.93303, "high_priority_count": 1, "low_priority_count": 0, "queue_size_before_schedule": 1, "batch_size_after_schedule": 0, "running_requests_id_list": [-1], "rest_time": [9990.160487890244]}
goodput: 9, total_request: 9
{"batch_size": 0, "time": 1714360388.0705934, "queue_size_before_schedule": 0, "msg": "emptyqueue"}
{"batch_size": 3, "time": 1714360388.138685, "high_priority_count": 3, "low_priority_count": 0, "queue_size_before_schedule": 3, "batch_size_after_schedule": 0, "running_requests_id_list": [-1, -1, -1], "rest_time": [9989.654185533524, 9989.353497982025, 9989.052873134613]}
goodput: 12, total_request: 12
{"batch_size": 0, "time": 1714360388.5193083, "queue_size_before_schedule": 0, "msg": "emptyqueue"}
{"batch_size": 1, "time": 1714360390.9165485, "high_priority_count": 1, "low_priority_count": 0, "queue_size_before_schedule": 1, "batch_size_after_schedule": 0, "running_requests_id_list": [-1], "rest_time": [9985.974380731583]}
goodput: 13, total_request: 13
{"batch_size": 0, "time": 1714360391.0655217, "queue_size_before_schedule": 0, "msg": "emptyqueue"}
{"batch_size": 2, "time": 1714360391.210557, "high_priority_count": 2, "low_priority_count": 0, "queue_size_before_schedule": 2, "batch_size_after_schedule": 0, "running_requests_id_list": [-1, -1], "rest_time": [9985.3796646595, 9985.078822135925]}
goodput: 15, total_request: 15
{"batch_size": 0, "time": 1714360391.3811028, "queue_size_before_schedule": 0, "msg": "emptyqueue"}
{"batch_size": 1, "time": 1714360401.5968924, "high_priority_count": 1, "low_priority_count": 0, "queue_size_before_schedule": 1, "batch_size_after_schedule": 0, "running_requests_id_list": [2], "rest_time": [0.6106381416320801]}
goodput: 16, total_request: 16
{"batch_size": 0, "time": 1714360401.734193, "queue_size_before_schedule": 0, "msg": "emptyqueue"}
{"batch_size": 1, "time": 1714360401.810788, "high_priority_count": 1, "low_priority_count": 0, "queue_size_before_schedule": 1, "batch_size_after_schedule": 0, "running_requests_id_list": [3], "rest_time": [0.661177396774292]}
goodput: 17, total_request: 17
{"batch_size": 0, "time": 1714360402.021291, "queue_size_before_schedule": 0, "msg": "emptyqueue"}
{"batch_size": 1, "time": 1714360402.155815, "high_priority_count": 1, "low_priority_count": 0, "queue_size_before_schedule": 1, "batch_size_after_schedule": 0, "running_requests_id_list": [0], "rest_time": [1.0901241302490234]}
goodput: 18, total_request: 18
{"batch_size": 0, "time": 1714360402.3007607, "queue_size_before_schedule": 0, "msg": "emptyqueue"}
{"batch_size": 1, "time": 1714360402.3305938, "high_priority_count": 1, "low_priority_count": 0, "queue_size_before_schedule": 1, "batch_size_after_schedule": 0, "running_requests_id_list": [1], "rest_time": [1.1965985298156738]}
goodput: 19, total_request: 19
{"batch_size": 0, "time": 1714360402.4076679, "queue_size_before_schedule": 0, "msg": "emptyqueue"}
{"batch_size": 1, "time": 1714360433.834223, "high_priority_count": 1, "low_priority_count": 0, "queue_size_before_schedule": 1, "batch_size_after_schedule": 0, "running_requests_id_list": [4], "rest_time": [2.1681976318359375]}
goodput: 20, total_request: 20
{"batch_size": 0, "time": 1714360433.9645686, "queue_size_before_schedule": 0, "msg": "emptyqueue"}
{"batch_size": 1, "time": 1714360436.7742984, "high_priority_count": 1, "low_priority_count": 0, "queue_size_before_schedule": 1, "batch_size_after_schedule": 0, "running_requests_id_list": [5], "rest_time": [0.8536679744720459]}
goodput: 21, total_request: 21
{"batch_size": 0, "time": 1714360436.9522114, "queue_size_before_schedule": 0, "msg": "emptyqueue"}
{"batch_size": 1, "time": 1714360437.129193, "high_priority_count": 1, "low_priority_count": 0, "queue_size_before_schedule": 1, "batch_size_after_schedule": 0, "running_requests_id_list": [6], "rest_time": [0.6816222667694092]}
goodput: 22, total_request: 22
{"batch_size": 0, "time": 1714360437.2732918, "queue_size_before_schedule": 0, "msg": "emptyqueue"}
{"batch_size": 1, "time": 1714360437.6764188, "high_priority_count": 1, "low_priority_count": 0, "queue_size_before_schedule": 1, "batch_size_after_schedule": 0, "running_requests_id_list": [8], "rest_time": [0.9270908832550049]}
goodput: 23, total_request: 23
{"batch_size": 0, "time": 1714360437.7902682, "queue_size_before_schedule": 0, "msg": "emptyqueue"}
{"batch_size": 1, "time": 1714360437.7929904, "high_priority_count": 1, "low_priority_count": 0, "queue_size_before_schedule": 1, "batch_size_after_schedule": 0, "running_requests_id_list": [7], "rest_time": [0.8983242511749268]}
goodput: 24, total_request: 24
{"batch_size": 0, "time": 1714360437.874856, "queue_size_before_schedule": 0, "msg": "emptyqueue"}
{"batch_size": 1, "time": 1714360494.7892933, "high_priority_count": 1, "low_priority_count": 0, "queue_size_before_schedule": 1, "batch_size_after_schedule": 0, "running_requests_id_list": [12], "rest_time": [0.6830523014068604]}
goodput: 25, total_request: 25
{"batch_size": 0, "time": 1714360494.949546, "queue_size_before_schedule": 0, "msg": "emptyqueue"}
{"batch_size": 1, "time": 1714360495.2472308, "high_priority_count": 1, "low_priority_count": 0, "queue_size_before_schedule": 1, "batch_size_after_schedule": 0, "running_requests_id_list": [10], "rest_time": [0.6642324924468994]}
goodput: 26, total_request: 26
{"batch_size": 0, "time": 1714360495.438944, "queue_size_before_schedule": 0, "msg": "emptyqueue"}
{"batch_size": 1, "time": 1714360495.452918, "high_priority_count": 1, "low_priority_count": 0, "queue_size_before_schedule": 1, "batch_size_after_schedule": 0, "running_requests_id_list": [13], "rest_time": [0.459714412689209]}
goodput: 27, total_request: 27
{"batch_size": 0, "time": 1714360495.5807753, "queue_size_before_schedule": 0, "msg": "emptyqueue"}
{"batch_size": 1, "time": 1714360495.6710553, "high_priority_count": 1, "low_priority_count": 0, "queue_size_before_schedule": 1, "batch_size_after_schedule": 0, "running_requests_id_list": [11], "rest_time": [0.7692492008209229]}
goodput: 28, total_request: 28
{"batch_size": 0, "time": 1714360495.7896328, "queue_size_before_schedule": 0, "msg": "emptyqueue"}
{"batch_size": 1, "time": 1714360496.693525, "high_priority_count": 1, "low_priority_count": 0, "queue_size_before_schedule": 1, "batch_size_after_schedule": 0, "running_requests_id_list": [16], "rest_time": [0.18970656394958496]}
goodput: 29, total_request: 29
{"batch_size": 0, "time": 1714360496.8489392, "queue_size_before_schedule": 0, "msg": "emptyqueue"}
{"batch_size": 1, "time": 1714360516.4795997, "high_priority_count": 1, "low_priority_count": 0, "queue_size_before_schedule": 1, "batch_size_after_schedule": 0, "running_requests_id_list": [19], "rest_time": [0.8944828510284424]}
goodput: 30, total_request: 30
{"batch_size": 0, "time": 1714360516.6201894, "queue_size_before_schedule": 0, "msg": "emptyqueue"}
{"batch_size": 1, "time": 1714360516.629748, "high_priority_count": 1, "low_priority_count": 0, "queue_size_before_schedule": 1, "batch_size_after_schedule": 0, "running_requests_id_list": [20], "rest_time": [0.8330450057983398]}
goodput: 31, total_request: 31
{"batch_size": 0, "time": 1714360516.7514102, "queue_size_before_schedule": 0, "msg": "emptyqueue"}
{"batch_size": 1, "time": 1714360517.7472422, "high_priority_count": 1, "low_priority_count": 0, "queue_size_before_schedule": 1, "batch_size_after_schedule": 0, "running_requests_id_list": [22], "rest_time": [0.8460748195648193]}
goodput: 32, total_request: 32
{"batch_size": 0, "time": 1714360517.8854985, "queue_size_before_schedule": 0, "msg": "emptyqueue"}
{"batch_size": 1, "time": 1714360517.8893433, "high_priority_count": 1, "low_priority_count": 0, "queue_size_before_schedule": 1, "batch_size_after_schedule": 0, "running_requests_id_list": [21], "rest_time": [0.709998369216919]}
goodput: 33, total_request: 33
{"batch_size": 0, "time": 1714360518.1186125, "queue_size_before_schedule": 0, "msg": "emptyqueue"}
{"batch_size": 1, "time": 1714360519.0195851, "high_priority_count": 1, "low_priority_count": 0, "queue_size_before_schedule": 1, "batch_size_after_schedule": 0, "running_requests_id_list": [32], "rest_time": [1.9784250259399414]}
goodput: 34, total_request: 34
{"batch_size": 0, "time": 1714360519.0996666, "queue_size_before_schedule": 0, "msg": "emptyqueue"}
{"batch_size": 1, "time": 1714360521.0257492, "high_priority_count": 1, "low_priority_count": 0, "queue_size_before_schedule": 1, "batch_size_after_schedule": 0, "running_requests_id_list": [33], "rest_time": [3.124253988265991]}
goodput: 35, total_request: 35
{"batch_size": 0, "time": 1714360521.1156912, "queue_size_before_schedule": 0, "msg": "emptyqueue"}
{"batch_size": 1, "time": 1714360573.1162884, "high_priority_count": 1, "low_priority_count": 0, "queue_size_before_schedule": 1, "batch_size_after_schedule": 0, "running_requests_id_list": [34], "rest_time": [3.1768972873687744]}
goodput: 36, total_request: 36
{"batch_size": 0, "time": 1714360573.2067423, "queue_size_before_schedule": 0, "msg": "emptyqueue"}
{"batch_size": 1, "time": 1714360627.31552, "high_priority_count": 1, "low_priority_count": 0, "queue_size_before_schedule": 1, "batch_size_after_schedule": 0, "running_requests_id_list": [35], "rest_time": [1.3585138320922852]}
goodput: 37, total_request: 37
{"batch_size": 0, "time": 1714360627.4300604, "queue_size_before_schedule": 0, "msg": "emptyqueue"}
{"batch_size": 1, "time": 1714360627.438089, "high_priority_count": 1, "low_priority_count": 0, "queue_size_before_schedule": 1, "batch_size_after_schedule": 0, "running_requests_id_list": [37], "rest_time": [0.42976880073547363]}
goodput: 38, total_request: 38
{"batch_size": 0, "time": 1714360627.5493405, "queue_size_before_schedule": 0, "msg": "emptyqueue"}
{"batch_size": 1, "time": 1714360627.557802, "high_priority_count": 1, "low_priority_count": 0, "queue_size_before_schedule": 1, "batch_size_after_schedule": 0, "running_requests_id_list": [38], "rest_time": [0.3985135555267334]}
goodput: 39, total_request: 39
{"batch_size": 0, "time": 1714360627.6862721, "queue_size_before_schedule": 0, "msg": "emptyqueue"}
{"batch_size": 1, "time": 1714360627.9659295, "high_priority_count": 1, "low_priority_count": 0, "queue_size_before_schedule": 1, "batch_size_after_schedule": 0, "running_requests_id_list": [36], "rest_time": [0.517470121383667]}
goodput: 40, total_request: 40
{"batch_size": 0, "time": 1714360628.1013083, "queue_size_before_schedule": 0, "msg": "emptyqueue"}
{"batch_size": 1, "time": 1714360630.1617677, "high_priority_count": 1, "low_priority_count": 0, "queue_size_before_schedule": 1, "batch_size_after_schedule": 0, "running_requests_id_list": [55], "rest_time": [1.7162492275238037]}
goodput: 41, total_request: 41
{"batch_size": 0, "time": 1714360630.23874, "queue_size_before_schedule": 0, "msg": "emptyqueue"}
{"batch_size": 1, "time": 1714360635.7284834, "high_priority_count": 1, "low_priority_count": 0, "queue_size_before_schedule": 1, "batch_size_after_schedule": 0, "running_requests_id_list": [56], "rest_time": [2.2244961261749268]}
goodput: 42, total_request: 42
{"batch_size": 0, "time": 1714360635.8055067, "queue_size_before_schedule": 0, "msg": "emptyqueue"}
{"batch_size": 1, "time": 1714360643.3400471, "high_priority_count": 1, "low_priority_count": 0, "queue_size_before_schedule": 1, "batch_size_after_schedule": 0, "running_requests_id_list": [57], "rest_time": [2.179494857788086]}
goodput: 43, total_request: 43
{"batch_size": 0, "time": 1714360643.4886417, "queue_size_before_schedule": 0, "msg": "emptyqueue"}
{"batch_size": 1, "time": 1714360643.733818, "high_priority_count": 1, "low_priority_count": 0, "queue_size_before_schedule": 1, "batch_size_after_schedule": 0, "running_requests_id_list": [58], "rest_time": [2.187251329421997]}
goodput: 44, total_request: 44
{"batch_size": 0, "time": 1714360643.8222275, "queue_size_before_schedule": 0, "msg": "emptyqueue"}
{"batch_size": 2, "time": 1714360672.0304906, "high_priority_count": 2, "low_priority_count": 0, "queue_size_before_schedule": 2, "batch_size_after_schedule": 0, "running_requests_id_list": [59, 60], "rest_time": [0.6752076148986816, 0.67582106590271]}
goodput: 46, total_request: 46
{"batch_size": 0, "time": 1714360672.4657323, "queue_size_before_schedule": 0, "msg": "emptyqueue"}
{"batch_size": 1, "time": 1714360672.5569594, "high_priority_count": 1, "low_priority_count": 0, "queue_size_before_schedule": 1, "batch_size_after_schedule": 0, "running_requests_id_list": [61], "rest_time": [0.6776342391967773]}
goodput: 47, total_request: 47
{"batch_size": 0, "time": 1714360672.683798, "queue_size_before_schedule": 0, "msg": "emptyqueue"}
{"batch_size": 1, "time": 1714360672.878619, "high_priority_count": 1, "low_priority_count": 0, "queue_size_before_schedule": 1, "batch_size_after_schedule": 0, "running_requests_id_list": [62], "rest_time": [0.6018414497375488]}
goodput: 48, total_request: 48
{"batch_size": 0, "time": 1714360672.9984171, "queue_size_before_schedule": 0, "msg": "emptyqueue"}
{"batch_size": 1, "time": 1714360674.1407962, "high_priority_count": 1, "low_priority_count": 0, "queue_size_before_schedule": 1, "batch_size_after_schedule": 0, "running_requests_id_list": [67], "rest_time": [0.22869062423706055]}
goodput: 49, total_request: 49
{"batch_size": 0, "time": 1714360674.2310808, "queue_size_before_schedule": 0, "msg": "emptyqueue"}
{"batch_size": 1, "time": 1714360680.5355198, "high_priority_count": 1, "low_priority_count": 0, "queue_size_before_schedule": 1, "batch_size_after_schedule": 0, "running_requests_id_list": [68], "rest_time": [1.550170660018921]}
goodput: 50, total_request: 50
{"batch_size": 0, "time": 1714360680.6733155, "queue_size_before_schedule": 0, "msg": "emptyqueue"}
{"batch_size": 1, "time": 1714360680.9334216, "high_priority_count": 1, "low_priority_count": 0, "queue_size_before_schedule": 1, "batch_size_after_schedule": 0, "running_requests_id_list": [69], "rest_time": [2.3855855464935303]}
goodput: 51, total_request: 51
{"batch_size": 0, "time": 1714360681.15274, "queue_size_before_schedule": 0, "msg": "emptyqueue"}
{"batch_size": 1, "time": 1714360683.1893315, "high_priority_count": 1, "low_priority_count": 0, "queue_size_before_schedule": 1, "batch_size_after_schedule": 0, "running_requests_id_list": [70], "rest_time": [0.8619377613067627]}
goodput: 52, total_request: 52
{"batch_size": 0, "time": 1714360683.3221588, "queue_size_before_schedule": 0, "msg": "emptyqueue"}
{"batch_size": 1, "time": 1714360683.9034758, "high_priority_count": 1, "low_priority_count": 0, "queue_size_before_schedule": 1, "batch_size_after_schedule": 0, "running_requests_id_list": [71], "rest_time": [0.9404633045196533]}
goodput: 53, total_request: 53
{"batch_size": 0, "time": 1714360684.1255872, "queue_size_before_schedule": 0, "msg": "emptyqueue"}
{"batch_size": 1, "time": 1714360684.330067, "high_priority_count": 1, "low_priority_count": 0, "queue_size_before_schedule": 1, "batch_size_after_schedule": 0, "running_requests_id_list": [72], "rest_time": [0.5829458236694336]}
goodput: 54, total_request: 54
{"batch_size": 0, "time": 1714360684.508715, "queue_size_before_schedule": 0, "msg": "emptyqueue"}
{"batch_size": 1, "time": 1714360685.1213424, "high_priority_count": 1, "low_priority_count": 0, "queue_size_before_schedule": 1, "batch_size_after_schedule": 0, "running_requests_id_list": [73], "rest_time": [0.6723012924194336]}
goodput: 55, total_request: 55
{"batch_size": 0, "time": 1714360685.2908487, "queue_size_before_schedule": 0, "msg": "emptyqueue"}
{"batch_size": 1, "time": 1714360685.8136184, "high_priority_count": 1, "low_priority_count": 0, "queue_size_before_schedule": 1, "batch_size_after_schedule": 0, "running_requests_id_list": [76], "rest_time": [0.48706960678100586]}
goodput: 56, total_request: 56
{"batch_size": 0, "time": 1714360685.9362462, "queue_size_before_schedule": 0, "msg": "emptyqueue"}
{"batch_size": 1, "time": 1714360686.8389418, "high_priority_count": 1, "low_priority_count": 0, "queue_size_before_schedule": 1, "batch_size_after_schedule": 0, "running_requests_id_list": [79], "rest_time": [1.1539154052734375]}
goodput: 57, total_request: 57
{"batch_size": 0, "time": 1714360686.9230552, "queue_size_before_schedule": 0, "msg": "emptyqueue"}
{"batch_size": 1, "time": 1714360686.9255147, "high_priority_count": 1, "low_priority_count": 0, "queue_size_before_schedule": 1, "batch_size_after_schedule": 0, "running_requests_id_list": [78], "rest_time": [0.33544397354125977]}
goodput: 58, total_request: 58
{"batch_size": 0, "time": 1714360687.0017495, "queue_size_before_schedule": 0, "msg": "emptyqueue"}
{"batch_size": 1, "time": 1714360735.70436, "high_priority_count": 1, "low_priority_count": 0, "queue_size_before_schedule": 1, "batch_size_after_schedule": 0, "running_requests_id_list": [80], "rest_time": [0.9322628974914551]}
goodput: 59, total_request: 59
{"batch_size": 0, "time": 1714360735.9039917, "queue_size_before_schedule": 0, "msg": "emptyqueue"}
{"batch_size": 1, "time": 1714360736.350541, "high_priority_count": 1, "low_priority_count": 0, "queue_size_before_schedule": 1, "batch_size_after_schedule": 0, "running_requests_id_list": [81], "rest_time": [1.0789241790771484]}
goodput: 60, total_request: 60
{"batch_size": 0, "time": 1714360736.4840822, "queue_size_before_schedule": 0, "msg": "emptyqueue"}
{"batch_size": 1, "time": 1714360736.617897, "high_priority_count": 1, "low_priority_count": 0, "queue_size_before_schedule": 1, "batch_size_after_schedule": 0, "running_requests_id_list": [82], "rest_time": [0.45486950874328613]}
goodput: 61, total_request: 61
{"batch_size": 0, "time": 1714360736.857837, "queue_size_before_schedule": 0, "msg": "emptyqueue"}
{"batch_size": 1, "time": 1714360737.819699, "high_priority_count": 1, "low_priority_count": 0, "queue_size_before_schedule": 1, "batch_size_after_schedule": 0, "running_requests_id_list": [83], "rest_time": [0.6633729934692383]}
goodput: 62, total_request: 62
{"batch_size": 0, "time": 1714360737.9499888, "queue_size_before_schedule": 0, "msg": "emptyqueue"}
{"batch_size": 1, "time": 1714360739.0452387, "high_priority_count": 1, "low_priority_count": 0, "queue_size_before_schedule": 1, "batch_size_after_schedule": 0, "running_requests_id_list": [89], "rest_time": [0.5280561447143555]}
goodput: 63, total_request: 63
{"batch_size": 0, "time": 1714360739.1280005, "queue_size_before_schedule": 0, "msg": "emptyqueue"}
{"batch_size": 1, "time": 1714360756.2797902, "high_priority_count": 1, "low_priority_count": 0, "queue_size_before_schedule": 1, "batch_size_after_schedule": 0, "running_requests_id_list": [90], "rest_time": [1.0861167907714844]}
goodput: 64, total_request: 64
{"batch_size": 0, "time": 1714360756.4309762, "queue_size_before_schedule": 0, "msg": "emptyqueue"}
{"batch_size": 1, "time": 1714360756.5296695, "high_priority_count": 1, "low_priority_count": 0, "queue_size_before_schedule": 1, "batch_size_after_schedule": 0, "running_requests_id_list": [93], "rest_time": [0.4840550422668457]}
goodput: 65, total_request: 65
{"batch_size": 0, "time": 1714360756.664138, "queue_size_before_schedule": 0, "msg": "emptyqueue"}
{"batch_size": 1, "time": 1714360756.7263649, "high_priority_count": 1, "low_priority_count": 0, "queue_size_before_schedule": 1, "batch_size_after_schedule": 0, "running_requests_id_list": [91], "rest_time": [0.9065804481506348]}
goodput: 66, total_request: 66
{"batch_size": 0, "time": 1714360756.8465178, "queue_size_before_schedule": 0, "msg": "emptyqueue"}
{"batch_size": 1, "time": 1714360757.4931026, "high_priority_count": 1, "low_priority_count": 0, "queue_size_before_schedule": 1, "batch_size_after_schedule": 0, "running_requests_id_list": [92], "rest_time": [0.5762741565704346]}
goodput: 67, total_request: 67
{"batch_size": 0, "time": 1714360757.6489332, "queue_size_before_schedule": 0, "msg": "emptyqueue"}
{"batch_size": 1, "time": 1714360758.4836528, "high_priority_count": 1, "low_priority_count": 0, "queue_size_before_schedule": 1, "batch_size_after_schedule": 0, "running_requests_id_list": [108], "rest_time": [0.1612691879272461]}
goodput: 68, total_request: 68
{"batch_size": 0, "time": 1714360758.577343, "queue_size_before_schedule": 0, "msg": "emptyqueue"}
{"batch_size": 1, "time": 1714360779.5136251, "high_priority_count": 1, "low_priority_count": 0, "queue_size_before_schedule": 1, "batch_size_after_schedule": 0, "running_requests_id_list": [111], "rest_time": [0.6680417060852051]}
goodput: 69, total_request: 69
{"batch_size": 0, "time": 1714360779.7366385, "queue_size_before_schedule": 0, "msg": "emptyqueue"}
{"batch_size": 1, "time": 1714360780.0739694, "high_priority_count": 1, "low_priority_count": 0, "queue_size_before_schedule": 1, "batch_size_after_schedule": 0, "running_requests_id_list": [112], "rest_time": [0.9882066249847412]}
goodput: 70, total_request: 70
{"batch_size": 0, "time": 1714360780.2106953, "queue_size_before_schedule": 0, "msg": "emptyqueue"}
{"batch_size": 1, "time": 1714360780.252052, "high_priority_count": 1, "low_priority_count": 0, "queue_size_before_schedule": 1, "batch_size_after_schedule": 0, "running_requests_id_list": [114], "rest_time": [0.8999786376953125]}
goodput: 71, total_request: 71
{"batch_size": 0, "time": 1714360780.3711767, "queue_size_before_schedule": 0, "msg": "emptyqueue"}
{"batch_size": 1, "time": 1714360780.4778788, "high_priority_count": 1, "low_priority_count": 0, "queue_size_before_schedule": 1, "batch_size_after_schedule": 0, "running_requests_id_list": [113], "rest_time": [1.290053129196167]}
goodput: 72, total_request: 72
{"batch_size": 0, "time": 1714360780.5564954, "queue_size_before_schedule": 0, "msg": "emptyqueue"}
{"batch_size": 1, "time": 1714360784.6549754, "high_priority_count": 1, "low_priority_count": 0, "queue_size_before_schedule": 1, "batch_size_after_schedule": 0, "running_requests_id_list": [117], "rest_time": [0.9268198013305664]}
goodput: 73, total_request: 73
{"batch_size": 0, "time": 1714360784.8888273, "queue_size_before_schedule": 0, "msg": "emptyqueue"}
{"batch_size": 1, "time": 1714360784.8979475, "high_priority_count": 1, "low_priority_count": 0, "queue_size_before_schedule": 1, "batch_size_after_schedule": 0, "running_requests_id_list": [118], "rest_time": [0.6857073307037354]}
goodput: 74, total_request: 74
{"batch_size": 0, "time": 1714360785.0801444, "queue_size_before_schedule": 0, "msg": "emptyqueue"}
{"batch_size": 1, "time": 1714360786.1890552, "high_priority_count": 1, "low_priority_count": 0, "queue_size_before_schedule": 1, "batch_size_after_schedule": 0, "running_requests_id_list": [120], "rest_time": [0.6289002895355225]}
goodput: 75, total_request: 75
{"batch_size": 0, "time": 1714360786.3289917, "queue_size_before_schedule": 0, "msg": "emptyqueue"}
{"batch_size": 1, "time": 1714360786.45139, "high_priority_count": 1, "low_priority_count": 0, "queue_size_before_schedule": 1, "batch_size_after_schedule": 0, "running_requests_id_list": [119], "rest_time": [0.7125158309936523]}
goodput: 76, total_request: 76
{"batch_size": 0, "time": 1714360786.5861995, "queue_size_before_schedule": 0, "msg": "emptyqueue"}
{"batch_size": 1, "time": 1714360787.533864, "high_priority_count": 1, "low_priority_count": 0, "queue_size_before_schedule": 1, "batch_size_after_schedule": 0, "running_requests_id_list": [123], "rest_time": [0.28829169273376465]}
goodput: 77, total_request: 77
{"batch_size": 0, "time": 1714360787.698221, "queue_size_before_schedule": 0, "msg": "emptyqueue"}
{"batch_size": 1, "time": 1714360787.7002654, "high_priority_count": 1, "low_priority_count": 0, "queue_size_before_schedule": 1, "batch_size_after_schedule": 0, "running_requests_id_list": [124], "rest_time": [0.2143263816833496]}
goodput: 78, total_request: 78
{"batch_size": 0, "time": 1714360787.7792888, "queue_size_before_schedule": 0, "msg": "emptyqueue"}
{"batch_size": 1, "time": 1714360817.7189744, "high_priority_count": 1, "low_priority_count": 0, "queue_size_before_schedule": 1, "batch_size_after_schedule": 0, "running_requests_id_list": [127], "rest_time": [0.6884138584136963]}
goodput: 79, total_request: 79
{"batch_size": 0, "time": 1714360817.958328, "queue_size_before_schedule": 0, "msg": "emptyqueue"}
{"batch_size": 1, "time": 1714360818.1896255, "high_priority_count": 1, "low_priority_count": 0, "queue_size_before_schedule": 1, "batch_size_after_schedule": 0, "running_requests_id_list": [128], "rest_time": [0.5698769092559814]}
goodput: 80, total_request: 80
{"batch_size": 0, "time": 1714360818.325025, "queue_size_before_schedule": 0, "msg": "emptyqueue"}
{"batch_size": 1, "time": 1714360818.3487742, "high_priority_count": 1, "low_priority_count": 0, "queue_size_before_schedule": 1, "batch_size_after_schedule": 0, "running_requests_id_list": [126], "rest_time": [0.7625241279602051]}
goodput: 81, total_request: 81
{"batch_size": 0, "time": 1714360818.470196, "queue_size_before_schedule": 0, "msg": "emptyqueue"}
{"batch_size": 1, "time": 1714360818.5222359, "high_priority_count": 1, "low_priority_count": 0, "queue_size_before_schedule": 1, "batch_size_after_schedule": 0, "running_requests_id_list": [125], "rest_time": [1.0285985469818115]}
goodput: 82, total_request: 82
{"batch_size": 0, "time": 1714360818.5983377, "queue_size_before_schedule": 0, "msg": "emptyqueue"}
{"batch_size": 1, "time": 1714360872.0286875, "high_priority_count": 1, "low_priority_count": 0, "queue_size_before_schedule": 1, "batch_size_after_schedule": 0, "running_requests_id_list": [133], "rest_time": [1.0996410846710205]}
goodput: 83, total_request: 83
{"batch_size": 0, "time": 1714360872.2568212, "queue_size_before_schedule": 0, "msg": "emptyqueue"}
{"batch_size": 1, "time": 1714360872.2632287, "high_priority_count": 1, "low_priority_count": 0, "queue_size_before_schedule": 1, "batch_size_after_schedule": 0, "running_requests_id_list": [131], "rest_time": [1.3921196460723877]}
goodput: 84, total_request: 84
{"batch_size": 0, "time": 1714360872.3972168, "queue_size_before_schedule": 0, "msg": "emptyqueue"}
{"batch_size": 1, "time": 1714360872.4071336, "high_priority_count": 1, "low_priority_count": 0, "queue_size_before_schedule": 1, "batch_size_after_schedule": 0, "running_requests_id_list": [132], "rest_time": [1.5127661228179932]}
goodput: 85, total_request: 85
{"batch_size": 0, "time": 1714360872.4855573, "queue_size_before_schedule": 0, "msg": "emptyqueue"}
{"batch_size": 1, "time": 1714360892.7127392, "high_priority_count": 1, "low_priority_count": 0, "queue_size_before_schedule": 1, "batch_size_after_schedule": 0, "running_requests_id_list": [136], "rest_time": [0.6234045028686523]}
goodput: 86, total_request: 86
{"batch_size": 0, "time": 1714360892.8541017, "queue_size_before_schedule": 0, "msg": "emptyqueue"}
{"batch_size": 1, "time": 1714360892.8639343, "high_priority_count": 1, "low_priority_count": 0, "queue_size_before_schedule": 1, "batch_size_after_schedule": 0, "running_requests_id_list": [137], "rest_time": [0.4965386390686035]}
goodput: 87, total_request: 87
{"batch_size": 0, "time": 1714360892.9883282, "queue_size_before_schedule": 0, "msg": "emptyqueue"}
{"batch_size": 1, "time": 1714360893.5127022, "high_priority_count": 1, "low_priority_count": 0, "queue_size_before_schedule": 1, "batch_size_after_schedule": 0, "running_requests_id_list": [135], "rest_time": [1.2312641143798828]}
goodput: 88, total_request: 88
{"batch_size": 0, "time": 1714360893.625434, "queue_size_before_schedule": 0, "msg": "emptyqueue"}
{"batch_size": 1, "time": 1714360893.6289623, "high_priority_count": 1, "low_priority_count": 0, "queue_size_before_schedule": 1, "batch_size_after_schedule": 0, "running_requests_id_list": [134], "rest_time": [1.3450655937194824]}
goodput: 89, total_request: 89
{"batch_size": 0, "time": 1714360893.8191981, "queue_size_before_schedule": 0, "msg": "emptyqueue"}
{"batch_size": 1, "time": 1714360960.266623, "high_priority_count": 1, "low_priority_count": 0, "queue_size_before_schedule": 1, "batch_size_after_schedule": 0, "running_requests_id_list": [141], "rest_time": [1.4129083156585693]}
goodput: 90, total_request: 90
{"batch_size": 0, "time": 1714360960.497001, "queue_size_before_schedule": 0, "msg": "emptyqueue"}
{"batch_size": 1, "time": 1714360960.5039337, "high_priority_count": 1, "low_priority_count": 0, "queue_size_before_schedule": 1, "batch_size_after_schedule": 0, "running_requests_id_list": [140], "rest_time": [1.527433156967163]}
goodput: 91, total_request: 91
{"batch_size": 0, "time": 1714360960.6908247, "queue_size_before_schedule": 0, "msg": "emptyqueue"}
{"batch_size": 1, "time": 1714360960.7633662, "high_priority_count": 1, "low_priority_count": 0, "queue_size_before_schedule": 1, "batch_size_after_schedule": 0, "running_requests_id_list": [139], "rest_time": [1.7067477703094482]}
goodput: 92, total_request: 92
{"batch_size": 0, "time": 1714360960.95652, "queue_size_before_schedule": 0, "msg": "emptyqueue"}
{"batch_size": 1, "time": 1714360962.6919394, "high_priority_count": 1, "low_priority_count": 0, "queue_size_before_schedule": 1, "batch_size_after_schedule": 0, "running_requests_id_list": [143], "rest_time": [1.1383750438690186]}
goodput: 93, total_request: 93
{"batch_size": 0, "time": 1714360962.8210669, "queue_size_before_schedule": 0, "msg": "emptyqueue"}
{"batch_size": 1, "time": 1714360962.9653156, "high_priority_count": 1, "low_priority_count": 0, "queue_size_before_schedule": 1, "batch_size_after_schedule": 0, "running_requests_id_list": [144], "rest_time": [1.305419921875]}
goodput: 94, total_request: 94
{"batch_size": 0, "time": 1714360963.0891967, "queue_size_before_schedule": 0, "msg": "emptyqueue"}
{"batch_size": 1, "time": 1714360963.163585, "high_priority_count": 1, "low_priority_count": 0, "queue_size_before_schedule": 1, "batch_size_after_schedule": 0, "running_requests_id_list": [142], "rest_time": [1.6330556869506836]}
goodput: 95, total_request: 95
{"batch_size": 0, "time": 1714360963.2432792, "queue_size_before_schedule": 0, "msg": "emptyqueue"}
{"batch_size": 1, "time": 1714361006.5006785, "high_priority_count": 1, "low_priority_count": 0, "queue_size_before_schedule": 1, "batch_size_after_schedule": 0, "running_requests_id_list": [145], "rest_time": [2.0914254188537598]}
goodput: 96, total_request: 96
{"batch_size": 0, "time": 1714361006.6531098, "queue_size_before_schedule": 0, "msg": "emptyqueue"}
{"batch_size": 1, "time": 1714361019.05025, "high_priority_count": 1, "low_priority_count": 0, "queue_size_before_schedule": 1, "batch_size_after_schedule": 0, "running_requests_id_list": [147], "rest_time": [0.6518571376800537]}
goodput: 97, total_request: 97
{"batch_size": 0, "time": 1714361019.2089415, "queue_size_before_schedule": 0, "msg": "emptyqueue"}
{"batch_size": 1, "time": 1714361019.2177453, "high_priority_count": 1, "low_priority_count": 0, "queue_size_before_schedule": 1, "batch_size_after_schedule": 0, "running_requests_id_list": [146], "rest_time": [0.5720806121826172]}
goodput: 98, total_request: 98
{"batch_size": 0, "time": 1714361019.4639673, "queue_size_before_schedule": 0, "msg": "emptyqueue"}
{"batch_size": 1, "time": 1714361019.8193405, "high_priority_count": 1, "low_priority_count": 0, "queue_size_before_schedule": 1, "batch_size_after_schedule": 0, "running_requests_id_list": [148], "rest_time": [0.6752080917358398]}
goodput: 99, total_request: 99
{"batch_size": 0, "time": 1714361019.939019, "queue_size_before_schedule": 0, "msg": "emptyqueue"}
{"batch_size": 1, "time": 1714361020.0149958, "high_priority_count": 1, "low_priority_count": 0, "queue_size_before_schedule": 1, "batch_size_after_schedule": 0, "running_requests_id_list": [149], "rest_time": [0.6559135913848877]}
goodput: 100, total_request: 100
{"batch_size": 0, "time": 1714361020.136729, "queue_size_before_schedule": 0, "msg": "emptyqueue"}
{"batch_size": 1, "time": 1714361021.8609986, "high_priority_count": 1, "low_priority_count": 0, "queue_size_before_schedule": 1, "batch_size_after_schedule": 0, "running_requests_id_list": [153], "rest_time": [0.57240891456604]}
goodput: 101, total_request: 101
{"batch_size": 0, "time": 1714361021.9604874, "queue_size_before_schedule": 0, "msg": "emptyqueue"}
{"batch_size": 1, "time": 1714361025.1471221, "high_priority_count": 1, "low_priority_count": 0, "queue_size_before_schedule": 1, "batch_size_after_schedule": 0, "running_requests_id_list": [155], "rest_time": [0.619793176651001]}
goodput: 102, total_request: 102
{"batch_size": 0, "time": 1714361025.2937353, "queue_size_before_schedule": 0, "msg": "emptyqueue"}
{"batch_size": 1, "time": 1714361025.301507, "high_priority_count": 1, "low_priority_count": 0, "queue_size_before_schedule": 1, "batch_size_after_schedule": 0, "running_requests_id_list": [157], "rest_time": [0.5542244911193848]}
goodput: 103, total_request: 103
{"batch_size": 0, "time": 1714361025.4583964, "queue_size_before_schedule": 0, "msg": "emptyqueue"}
{"batch_size": 1, "time": 1714361026.011331, "high_priority_count": 1, "low_priority_count": 0, "queue_size_before_schedule": 1, "batch_size_after_schedule": 0, "running_requests_id_list": [158], "rest_time": [0.6369085311889648]}
goodput: 104, total_request: 104
{"batch_size": 0, "time": 1714361026.1339042, "queue_size_before_schedule": 0, "msg": "emptyqueue"}
{"batch_size": 1, "time": 1714361026.6392636, "high_priority_count": 1, "low_priority_count": 0, "queue_size_before_schedule": 1, "batch_size_after_schedule": 0, "running_requests_id_list": [156], "rest_time": [0.7125566005706787]}
goodput: 105, total_request: 105
{"batch_size": 0, "time": 1714361026.9024816, "queue_size_before_schedule": 0, "msg": "emptyqueue"}
{"batch_size": 1, "time": 1714361028.956067, "high_priority_count": 1, "low_priority_count": 0, "queue_size_before_schedule": 1, "batch_size_after_schedule": 0, "running_requests_id_list": [168], "rest_time": [0.6499686241149902]}
goodput: 106, total_request: 106
{"batch_size": 0, "time": 1714361029.0988572, "queue_size_before_schedule": 0, "msg": "emptyqueue"}
{"batch_size": 1, "time": 1714361033.93308, "high_priority_count": 1, "low_priority_count": 0, "queue_size_before_schedule": 1, "batch_size_after_schedule": 0, "running_requests_id_list": [178], "rest_time": [2.1128127574920654]}
goodput: 107, total_request: 107
{"batch_size": 0, "time": 1714361034.0678139, "queue_size_before_schedule": 0, "msg": "emptyqueue"}
{"batch_size": 1, "time": 1714361034.5006592, "high_priority_count": 1, "low_priority_count": 0, "queue_size_before_schedule": 1, "batch_size_after_schedule": 0, "running_requests_id_list": [179], "rest_time": [2.5555520057678223]}
goodput: 108, total_request: 108
{"batch_size": 0, "time": 1714361034.579052, "queue_size_before_schedule": 0, "msg": "emptyqueue"}
{"batch_size": 1, "time": 1714361045.5718606, "high_priority_count": 1, "low_priority_count": 0, "queue_size_before_schedule": 1, "batch_size_after_schedule": 0, "running_requests_id_list": [180], "rest_time": [1.5819814205169678]}
goodput: 109, total_request: 109
{"batch_size": 0, "time": 1714361045.7205198, "queue_size_before_schedule": 0, "msg": "emptyqueue"}
{"batch_size": 1, "time": 1714361046.7114751, "high_priority_count": 1, "low_priority_count": 0, "queue_size_before_schedule": 1, "batch_size_after_schedule": 0, "running_requests_id_list": [181], "rest_time": [1.4111683368682861]}
goodput: 110, total_request: 110
{"batch_size": 0, "time": 1714361046.8473234, "queue_size_before_schedule": 0, "msg": "emptyqueue"}
{"batch_size": 1, "time": 1714361047.195404, "high_priority_count": 1, "low_priority_count": 0, "queue_size_before_schedule": 1, "batch_size_after_schedule": 0, "running_requests_id_list": [182], "rest_time": [0.6655092239379883]}
goodput: 111, total_request: 111
{"batch_size": 0, "time": 1714361047.3243294, "queue_size_before_schedule": 0, "msg": "emptyqueue"}
{"batch_size": 1, "time": 1714361047.6246994, "high_priority_count": 1, "low_priority_count": 0, "queue_size_before_schedule": 1, "batch_size_after_schedule": 0, "running_requests_id_list": [183], "rest_time": [0.8529317378997803]}
goodput: 112, total_request: 112
{"batch_size": 0, "time": 1714361047.758106, "queue_size_before_schedule": 0, "msg": "emptyqueue"}
{"batch_size": 1, "time": 1714361048.34228, "high_priority_count": 1, "low_priority_count": 0, "queue_size_before_schedule": 1, "batch_size_after_schedule": 0, "running_requests_id_list": [184], "rest_time": [1.181410789489746]}
goodput: 113, total_request: 113
{"batch_size": 0, "time": 1714361048.4678748, "queue_size_before_schedule": 0, "msg": "emptyqueue"}
{"batch_size": 1, "time": 1714361048.566376, "high_priority_count": 1, "low_priority_count": 0, "queue_size_before_schedule": 1, "batch_size_after_schedule": 0, "running_requests_id_list": [185], "rest_time": [0.5179078578948975]}
goodput: 114, total_request: 114
{"batch_size": 0, "time": 1714361048.6412654, "queue_size_before_schedule": 0, "msg": "emptyqueue"}
{"batch_size": 1, "time": 1714361051.5074265, "high_priority_count": 1, "low_priority_count": 0, "queue_size_before_schedule": 1, "batch_size_after_schedule": 0, "running_requests_id_list": [186], "rest_time": [2.9506571292877197]}
goodput: 115, total_request: 115
{"batch_size": 0, "time": 1714361051.593871, "queue_size_before_schedule": 0, "msg": "emptyqueue"}
{"batch_size": 1, "time": 1714361076.173304, "high_priority_count": 1, "low_priority_count": 0, "queue_size_before_schedule": 1, "batch_size_after_schedule": 0, "running_requests_id_list": [187], "rest_time": [2.089944362640381]}
goodput: 116, total_request: 116
{"batch_size": 0, "time": 1714361076.2901099, "queue_size_before_schedule": 0, "msg": "emptyqueue"}
{"batch_size": 1, "time": 1714361078.7627137, "high_priority_count": 1, "low_priority_count": 0, "queue_size_before_schedule": 1, "batch_size_after_schedule": 0, "running_requests_id_list": [188], "rest_time": [2.7339038848876953]}
goodput: 117, total_request: 117
{"batch_size": 0, "time": 1714361078.9024825, "queue_size_before_schedule": 0, "msg": "emptyqueue"}
{"batch_size": 1, "time": 1714361081.929749, "high_priority_count": 1, "low_priority_count": 0, "queue_size_before_schedule": 1, "batch_size_after_schedule": 0, "running_requests_id_list": [189], "rest_time": [0.8190762996673584]}
goodput: 118, total_request: 118
{"batch_size": 0, "time": 1714361082.0665872, "queue_size_before_schedule": 0, "msg": "emptyqueue"}
{"batch_size": 1, "time": 1714361082.198528, "high_priority_count": 1, "low_priority_count": 0, "queue_size_before_schedule": 1, "batch_size_after_schedule": 0, "running_requests_id_list": [192], "rest_time": [0.5841555595397949]}
goodput: 119, total_request: 119
{"batch_size": 0, "time": 1714361082.3198843, "queue_size_before_schedule": 0, "msg": "emptyqueue"}
{"batch_size": 1, "time": 1714361082.8734899, "high_priority_count": 1, "low_priority_count": 0, "queue_size_before_schedule": 1, "batch_size_after_schedule": 0, "running_requests_id_list": [191], "rest_time": [0.965085506439209]}
goodput: 120, total_request: 120
{"batch_size": 0, "time": 1714361083.0338018, "queue_size_before_schedule": 0, "msg": "emptyqueue"}
{"batch_size": 1, "time": 1714361083.0364976, "high_priority_count": 1, "low_priority_count": 0, "queue_size_before_schedule": 1, "batch_size_after_schedule": 0, "running_requests_id_list": [190], "rest_time": [1.0654511451721191]}
goodput: 121, total_request: 121
{"batch_size": 0, "time": 1714361083.1171129, "queue_size_before_schedule": 0, "msg": "emptyqueue"}
{"batch_size": 1, "time": 1714361087.505102, "high_priority_count": 1, "low_priority_count": 0, "queue_size_before_schedule": 1, "batch_size_after_schedule": 0, "running_requests_id_list": [199], "rest_time": [0.7129714488983154]}
goodput: 122, total_request: 122
{"batch_size": 0, "time": 1714361087.662788, "queue_size_before_schedule": 0, "msg": "emptyqueue"}
{"batch_size": 1, "time": 1714361088.2759218, "high_priority_count": 1, "low_priority_count": 0, "queue_size_before_schedule": 1, "batch_size_after_schedule": 0, "running_requests_id_list": [201], "rest_time": [0.6689844131469727]}
goodput: 123, total_request: 123
{"batch_size": 0, "time": 1714361088.411988, "queue_size_before_schedule": 0, "msg": "emptyqueue"}
{"batch_size": 1, "time": 1714361088.4204388, "high_priority_count": 1, "low_priority_count": 0, "queue_size_before_schedule": 1, "batch_size_after_schedule": 0, "running_requests_id_list": [198], "rest_time": [0.7651760578155518]}
goodput: 124, total_request: 124
{"batch_size": 0, "time": 1714361088.5599623, "queue_size_before_schedule": 0, "msg": "emptyqueue"}
{"batch_size": 1, "time": 1714361088.5672462, "high_priority_count": 1, "low_priority_count": 0, "queue_size_before_schedule": 1, "batch_size_after_schedule": 0, "running_requests_id_list": [200], "rest_time": [0.6414134502410889]}
goodput: 125, total_request: 125
{"batch_size": 0, "time": 1714361088.6973383, "queue_size_before_schedule": 0, "msg": "emptyqueue"}
{"batch_size": 1, "time": 1714361089.569119, "high_priority_count": 1, "low_priority_count": 0, "queue_size_before_schedule": 1, "batch_size_after_schedule": 0, "running_requests_id_list": [202], "rest_time": [0.4321725368499756]}
goodput: 126, total_request: 126
{"batch_size": 0, "time": 1714361089.650916, "queue_size_before_schedule": 0, "msg": "emptyqueue"}
{"batch_size": 1, "time": 1714361135.2245135, "high_priority_count": 1, "low_priority_count": 0, "queue_size_before_schedule": 1, "batch_size_after_schedule": 0, "running_requests_id_list": [208], "rest_time": [0.8974335193634033]}
goodput: 127, total_request: 127
{"batch_size": 0, "time": 1714361135.3593123, "queue_size_before_schedule": 0, "msg": "emptyqueue"}
{"batch_size": 1, "time": 1714361135.557296, "high_priority_count": 1, "low_priority_count": 0, "queue_size_before_schedule": 1, "batch_size_after_schedule": 0, "running_requests_id_list": [207], "rest_time": [1.0514922142028809]}
goodput: 128, total_request: 128
{"batch_size": 0, "time": 1714361135.6893091, "queue_size_before_schedule": 0, "msg": "emptyqueue"}
{"batch_size": 1, "time": 1714361136.1100478, "high_priority_count": 1, "low_priority_count": 0, "queue_size_before_schedule": 1, "batch_size_after_schedule": 0, "running_requests_id_list": [206], "rest_time": [1.1141383647918701]}
goodput: 129, total_request: 129
{"batch_size": 0, "time": 1714361136.245537, "queue_size_before_schedule": 0, "msg": "emptyqueue"}
{"batch_size": 1, "time": 1714361137.846864, "high_priority_count": 1, "low_priority_count": 0, "queue_size_before_schedule": 1, "batch_size_after_schedule": 0, "running_requests_id_list": [209], "rest_time": [0.8425271511077881]}
goodput: 130, total_request: 130
{"batch_size": 0, "time": 1714361137.975262, "queue_size_before_schedule": 0, "msg": "emptyqueue"}
{"batch_size": 1, "time": 1714361138.6661344, "high_priority_count": 1, "low_priority_count": 0, "queue_size_before_schedule": 1, "batch_size_after_schedule": 0, "running_requests_id_list": [217], "rest_time": [1.3791143894195557]}
goodput: 131, total_request: 131
{"batch_size": 0, "time": 1714361138.752708, "queue_size_before_schedule": 0, "msg": "emptyqueue"}
{"batch_size": 1, "time": 1714361177.82874, "high_priority_count": 1, "low_priority_count": 0, "queue_size_before_schedule": 1, "batch_size_after_schedule": 0, "running_requests_id_list": [219], "rest_time": [1.1374797821044922]}
goodput: 132, total_request: 132
{"batch_size": 0, "time": 1714361177.980128, "queue_size_before_schedule": 0, "msg": "emptyqueue"}
{"batch_size": 1, "time": 1714361178.0386412, "high_priority_count": 1, "low_priority_count": 0, "queue_size_before_schedule": 1, "batch_size_after_schedule": 0, "running_requests_id_list": [218], "rest_time": [1.4552066326141357]}
goodput: 133, total_request: 133
{"batch_size": 0, "time": 1714361178.1651783, "queue_size_before_schedule": 0, "msg": "emptyqueue"}
{"batch_size": 1, "time": 1714361178.2885628, "high_priority_count": 1, "low_priority_count": 0, "queue_size_before_schedule": 1, "batch_size_after_schedule": 0, "running_requests_id_list": [220], "rest_time": [1.6463048458099365]}
goodput: 134, total_request: 134
{"batch_size": 0, "time": 1714361178.3679762, "queue_size_before_schedule": 0, "msg": "emptyqueue"}
{"batch_size": 3, "time": 1714361203.3861294, "high_priority_count": 3, "low_priority_count": 0, "queue_size_before_schedule": 3, "batch_size_after_schedule": 0, "running_requests_id_list": [221, 222, 223], "rest_time": [1.4684391021728516, 1.0810925960540771, 0.6420104503631592]}
goodput: 137, total_request: 137
{"batch_size": 0, "time": 1714361203.9473052, "queue_size_before_schedule": 0, "msg": "emptyqueue"}
{"batch_size": 1, "time": 1714361203.9495263, "high_priority_count": 1, "low_priority_count": 0, "queue_size_before_schedule": 1, "batch_size_after_schedule": 0, "running_requests_id_list": [224], "rest_time": [0.607109546661377]}
goodput: 138, total_request: 138
{"batch_size": 0, "time": 1714361204.0312169, "queue_size_before_schedule": 0, "msg": "emptyqueue"}
{"batch_size": 1, "time": 1714361205.8987026, "high_priority_count": 1, "low_priority_count": 0, "queue_size_before_schedule": 1, "batch_size_after_schedule": 0, "running_requests_id_list": [229], "rest_time": [1.186558723449707]}
goodput: 139, total_request: 139
{"batch_size": 0, "time": 1714361206.0302615, "queue_size_before_schedule": 0, "msg": "emptyqueue"}
{"batch_size": 1, "time": 1714361206.108888, "high_priority_count": 1, "low_priority_count": 0, "queue_size_before_schedule": 1, "batch_size_after_schedule": 0, "running_requests_id_list": [228], "rest_time": [1.5031170845031738]}
goodput: 140, total_request: 140
{"batch_size": 0, "time": 1714361206.2270858, "queue_size_before_schedule": 0, "msg": "emptyqueue"}
{"batch_size": 1, "time": 1714361206.3559551, "high_priority_count": 1, "low_priority_count": 0, "queue_size_before_schedule": 1, "batch_size_after_schedule": 0, "running_requests_id_list": [230], "rest_time": [1.7340874671936035]}
goodput: 141, total_request: 141
{"batch_size": 0, "time": 1714361206.4378877, "queue_size_before_schedule": 0, "msg": "emptyqueue"}
{"batch_size": 1, "time": 1714361226.093536, "high_priority_count": 1, "low_priority_count": 0, "queue_size_before_schedule": 1, "batch_size_after_schedule": 0, "running_requests_id_list": [231], "rest_time": [1.0451583862304688]}
goodput: 142, total_request: 142
{"batch_size": 0, "time": 1714361226.2444165, "queue_size_before_schedule": 0, "msg": "emptyqueue"}
{"batch_size": 1, "time": 1714361226.6837838, "high_priority_count": 1, "low_priority_count": 0, "queue_size_before_schedule": 1, "batch_size_after_schedule": 0, "running_requests_id_list": [233], "rest_time": [0.5436484813690186]}
goodput: 143, total_request: 143
{"batch_size": 0, "time": 1714361226.8606455, "queue_size_before_schedule": 0, "msg": "emptyqueue"}
{"batch_size": 1, "time": 1714361226.8685062, "high_priority_count": 1, "low_priority_count": 0, "queue_size_before_schedule": 1, "batch_size_after_schedule": 0, "running_requests_id_list": [232], "rest_time": [0.4464588165283203]}
goodput: 144, total_request: 144
{"batch_size": 0, "time": 1714361226.9928987, "queue_size_before_schedule": 0, "msg": "emptyqueue"}
{"batch_size": 1, "time": 1714361227.0036373, "high_priority_count": 1, "low_priority_count": 0, "queue_size_before_schedule": 1, "batch_size_after_schedule": 0, "running_requests_id_list": [234], "rest_time": [0.5761299133300781]}
goodput: 145, total_request: 145
{"batch_size": 0, "time": 1714361227.0874114, "queue_size_before_schedule": 0, "msg": "emptyqueue"}
{"batch_size": 1, "time": 1714361263.575713, "high_priority_count": 1, "low_priority_count": 0, "queue_size_before_schedule": 1, "batch_size_after_schedule": 0, "running_requests_id_list": [237], "rest_time": [1.5422885417938232]}
goodput: 146, total_request: 146
{"batch_size": 0, "time": 1714361263.740175, "queue_size_before_schedule": 0, "msg": "emptyqueue"}
{"batch_size": 1, "time": 1714361263.9141693, "high_priority_count": 1, "low_priority_count": 0, "queue_size_before_schedule": 1, "batch_size_after_schedule": 0, "running_requests_id_list": [238], "rest_time": [2.1724979877471924]}
goodput: 147, total_request: 147
{"batch_size": 0, "time": 1714361264.012606, "queue_size_before_schedule": 0, "msg": "emptyqueue"}
{"batch_size": 1, "time": 1714361273.9490402, "high_priority_count": 1, "low_priority_count": 0, "queue_size_before_schedule": 1, "batch_size_after_schedule": 0, "running_requests_id_list": [239], "rest_time": [0.683408260345459]}
goodput: 148, total_request: 148
{"batch_size": 0, "time": 1714361274.100738, "queue_size_before_schedule": 0, "msg": "emptyqueue"}
{"batch_size": 1, "time": 1714361274.3829296, "high_priority_count": 1, "low_priority_count": 0, "queue_size_before_schedule": 1, "batch_size_after_schedule": 0, "running_requests_id_list": [240], "rest_time": [0.518028974533081]}
goodput: 149, total_request: 149
{"batch_size": 0, "time": 1714361274.52058, "queue_size_before_schedule": 0, "msg": "emptyqueue"}
{"batch_size": 1, "time": 1714361274.6531088, "high_priority_count": 1, "low_priority_count": 0, "queue_size_before_schedule": 1, "batch_size_after_schedule": 0, "running_requests_id_list": [242], "rest_time": [0.512643575668335]}
goodput: 150, total_request: 150
{"batch_size": 0, "time": 1714361274.7744033, "queue_size_before_schedule": 0, "msg": "emptyqueue"}
{"batch_size": 1, "time": 1714361275.2808392, "high_priority_count": 1, "low_priority_count": 0, "queue_size_before_schedule": 1, "batch_size_after_schedule": 0, "running_requests_id_list": [241], "rest_time": [0.5888502597808838]}
goodput: 151, total_request: 151
{"batch_size": 0, "time": 1714361275.4036005, "queue_size_before_schedule": 0, "msg": "emptyqueue"}
{"batch_size": 1, "time": 1714361277.1682408, "high_priority_count": 1, "low_priority_count": 0, "queue_size_before_schedule": 1, "batch_size_after_schedule": 0, "running_requests_id_list": [271], "rest_time": [0.16237139701843262]}
goodput: 151, total_request: 152
{"batch_size": 0, "time": 1714361277.378407, "queue_size_before_schedule": 0, "msg": "emptyqueue"}
{"batch_size": 1, "time": 1714361277.4129467, "high_priority_count": 1, "low_priority_count": 0, "queue_size_before_schedule": 1, "batch_size_after_schedule": 0, "running_requests_id_list": [266], "rest_time": [0.5009658336639404]}
goodput: 152, total_request: 153
{"batch_size": 0, "time": 1714361277.718165, "queue_size_before_schedule": 0, "msg": "emptyqueue"}
{"batch_size": 1, "time": 1714361339.075699, "high_priority_count": 1, "low_priority_count": 0, "queue_size_before_schedule": 1, "batch_size_after_schedule": 0, "running_requests_id_list": [272], "rest_time": [1.4953904151916504]}
goodput: 153, total_request: 154
{"batch_size": 0, "time": 1714361339.2311056, "queue_size_before_schedule": 0, "msg": "emptyqueue"}
{"batch_size": 1, "time": 1714361339.4102414, "high_priority_count": 1, "low_priority_count": 0, "queue_size_before_schedule": 1, "batch_size_after_schedule": 0, "running_requests_id_list": [274], "rest_time": [1.5176267623901367]}
goodput: 154, total_request: 155
{"batch_size": 0, "time": 1714361339.5731156, "queue_size_before_schedule": 0, "msg": "emptyqueue"}
{"batch_size": 1, "time": 1714361339.697582, "high_priority_count": 1, "low_priority_count": 0, "queue_size_before_schedule": 1, "batch_size_after_schedule": 0, "running_requests_id_list": [273], "rest_time": [1.8431103229522705]}
goodput: 155, total_request: 156
{"batch_size": 0, "time": 1714361339.7740173, "queue_size_before_schedule": 0, "msg": "emptyqueue"}
{"batch_size": 1, "time": 1714361341.7773635, "high_priority_count": 1, "low_priority_count": 0, "queue_size_before_schedule": 1, "batch_size_after_schedule": 0, "running_requests_id_list": [276], "rest_time": [2.3822550773620605]}
goodput: 156, total_request: 157
{"batch_size": 0, "time": 1714361341.9010153, "queue_size_before_schedule": 0, "msg": "emptyqueue"}
{"batch_size": 1, "time": 1714361341.9038992, "high_priority_count": 1, "low_priority_count": 0, "queue_size_before_schedule": 1, "batch_size_after_schedule": 0, "running_requests_id_list": [275], "rest_time": [2.4313063621520996]}
goodput: 157, total_request: 158
{"batch_size": 0, "time": 1714361341.9810896, "queue_size_before_schedule": 0, "msg": "emptyqueue"}
{"batch_size": 2, "time": 1714361367.9747162, "high_priority_count": 2, "low_priority_count": 0, "queue_size_before_schedule": 2, "batch_size_after_schedule": 0, "running_requests_id_list": [277, 279], "rest_time": [0.6895051002502441, 0.6903042793273926]}
goodput: 159, total_request: 160
{"batch_size": 0, "time": 1714361368.2552044, "queue_size_before_schedule": 0, "msg": "emptyqueue"}
{"batch_size": 1, "time": 1714361368.420835, "high_priority_count": 1, "low_priority_count": 0, "queue_size_before_schedule": 1, "batch_size_after_schedule": 0, "running_requests_id_list": [278], "rest_time": [0.6839079856872559]}
goodput: 160, total_request: 161
{"batch_size": 0, "time": 1714361368.6008706, "queue_size_before_schedule": 0, "msg": "emptyqueue"}
{"batch_size": 1, "time": 1714361368.8340526, "high_priority_count": 1, "low_priority_count": 0, "queue_size_before_schedule": 1, "batch_size_after_schedule": 0, "running_requests_id_list": [280], "rest_time": [0.6234040260314941]}
goodput: 161, total_request: 162
{"batch_size": 0, "time": 1714361368.9674947, "queue_size_before_schedule": 0, "msg": "emptyqueue"}
{"batch_size": 1, "time": 1714361370.1760285, "high_priority_count": 1, "low_priority_count": 0, "queue_size_before_schedule": 1, "batch_size_after_schedule": 0, "running_requests_id_list": [292], "rest_time": [0.19205331802368164]}
goodput: 162, total_request: 163
{"batch_size": 0, "time": 1714361370.3167818, "queue_size_before_schedule": 0, "msg": "emptyqueue"}
{"batch_size": 1, "time": 1714361410.1152418, "high_priority_count": 1, "low_priority_count": 0, "queue_size_before_schedule": 1, "batch_size_after_schedule": 0, "running_requests_id_list": [297], "rest_time": [0.8073582649230957]}
goodput: 163, total_request: 164
{"batch_size": 0, "time": 1714361410.3902802, "queue_size_before_schedule": 0, "msg": "emptyqueue"}
{"batch_size": 1, "time": 1714361410.398983, "high_priority_count": 1, "low_priority_count": 0, "queue_size_before_schedule": 1, "batch_size_after_schedule": 0, "running_requests_id_list": [298], "rest_time": [0.44782400131225586]}
goodput: 164, total_request: 165
{"batch_size": 0, "time": 1714361410.5301464, "queue_size_before_schedule": 0, "msg": "emptyqueue"}
{"batch_size": 1, "time": 1714361410.6638765, "high_priority_count": 1, "low_priority_count": 0, "queue_size_before_schedule": 1, "batch_size_after_schedule": 0, "running_requests_id_list": [299], "rest_time": [0.7113113403320312]}
goodput: 165, total_request: 166
{"batch_size": 0, "time": 1714361410.786659, "queue_size_before_schedule": 0, "msg": "emptyqueue"}
{"batch_size": 1, "time": 1714361410.8478441, "high_priority_count": 1, "low_priority_count": 0, "queue_size_before_schedule": 1, "batch_size_after_schedule": 0, "running_requests_id_list": [296], "rest_time": [1.042370080947876]}
goodput: 166, total_request: 167
{"batch_size": 0, "time": 1714361410.9240596, "queue_size_before_schedule": 0, "msg": "emptyqueue"}
{"batch_size": 1, "time": 1714361460.1240354, "high_priority_count": 1, "low_priority_count": 0, "queue_size_before_schedule": 1, "batch_size_after_schedule": 0, "running_requests_id_list": [302], "rest_time": [1.7690412998199463]}
goodput: 167, total_request: 168
{"batch_size": 0, "time": 1714361460.2587597, "queue_size_before_schedule": 0, "msg": "emptyqueue"}
{"batch_size": 1, "time": 1714361462.1410818, "high_priority_count": 1, "low_priority_count": 0, "queue_size_before_schedule": 1, "batch_size_after_schedule": 0, "running_requests_id_list": [305], "rest_time": [0.4808988571166992]}
goodput: 168, total_request: 169
{"batch_size": 0, "time": 1714361462.3195512, "queue_size_before_schedule": 0, "msg": "emptyqueue"}
{"batch_size": 1, "time": 1714361462.5040488, "high_priority_count": 1, "low_priority_count": 0, "queue_size_before_schedule": 1, "batch_size_after_schedule": 0, "running_requests_id_list": [304], "rest_time": [0.46957945823669434]}
goodput: 169, total_request: 170
{"batch_size": 0, "time": 1714361462.6754634, "queue_size_before_schedule": 0, "msg": "emptyqueue"}
{"batch_size": 1, "time": 1714361463.0069218, "high_priority_count": 1, "low_priority_count": 0, "queue_size_before_schedule": 1, "batch_size_after_schedule": 0, "running_requests_id_list": [303], "rest_time": [0.5822224617004395]}
goodput: 170, total_request: 171
{"batch_size": 0, "time": 1714361463.1666389, "queue_size_before_schedule": 0, "msg": "emptyqueue"}
{"batch_size": 1, "time": 1714361463.3009014, "high_priority_count": 1, "low_priority_count": 0, "queue_size_before_schedule": 1, "batch_size_after_schedule": 0, "running_requests_id_list": [306], "rest_time": [0.2016615867614746]}
goodput: 171, total_request: 172
{"batch_size": 0, "time": 1714361463.44187, "queue_size_before_schedule": 0, "msg": "emptyqueue"}
{"batch_size": 1, "time": 1714361465.1736934, "high_priority_count": 1, "low_priority_count": 0, "queue_size_before_schedule": 1, "batch_size_after_schedule": 0, "running_requests_id_list": [308], "rest_time": [0.07876467704772949]}
goodput: 171, total_request: 173
{"batch_size": 0, "time": 1714361465.3184721, "queue_size_before_schedule": 0, "msg": "emptyqueue"}
{"batch_size": 1, "time": 1714361465.7358649, "high_priority_count": 1, "low_priority_count": 0, "queue_size_before_schedule": 1, "batch_size_after_schedule": 0, "running_requests_id_list": [310], "rest_time": [1.9485292434692383]}
goodput: 172, total_request: 174
{"batch_size": 0, "time": 1714361465.8857405, "queue_size_before_schedule": 0, "msg": "emptyqueue"}
{"batch_size": 1, "time": 1714361540.119506, "high_priority_count": 1, "low_priority_count": 0, "queue_size_before_schedule": 1, "batch_size_after_schedule": 0, "running_requests_id_list": [311], "rest_time": [1.2946605682373047]}
goodput: 173, total_request: 175
{"batch_size": 0, "time": 1714361540.3028731, "queue_size_before_schedule": 0, "msg": "emptyqueue"}
{"batch_size": 1, "time": 1714361540.4962919, "high_priority_count": 1, "low_priority_count": 0, "queue_size_before_schedule": 1, "batch_size_after_schedule": 0, "running_requests_id_list": [313], "rest_time": [1.3964498043060303]}
goodput: 174, total_request: 176
{"batch_size": 0, "time": 1714361540.6392736, "queue_size_before_schedule": 0, "msg": "emptyqueue"}
{"batch_size": 1, "time": 1714361540.7461908, "high_priority_count": 1, "low_priority_count": 0, "queue_size_before_schedule": 1, "batch_size_after_schedule": 0, "running_requests_id_list": [312], "rest_time": [2.0771358013153076]}
goodput: 175, total_request: 177
{"batch_size": 0, "time": 1714361540.8235736, "queue_size_before_schedule": 0, "msg": "emptyqueue"}
{"batch_size": 1, "time": 1714361545.7133825, "high_priority_count": 1, "low_priority_count": 0, "queue_size_before_schedule": 1, "batch_size_after_schedule": 0, "running_requests_id_list": [317], "rest_time": [0.5287954807281494]}
goodput: 176, total_request: 178
{"batch_size": 0, "time": 1714361545.9685133, "queue_size_before_schedule": 0, "msg": "emptyqueue"}
{"batch_size": 1, "time": 1714361546.0527287, "high_priority_count": 1, "low_priority_count": 0, "queue_size_before_schedule": 1, "batch_size_after_schedule": 0, "running_requests_id_list": [316], "rest_time": [0.6289381980895996]}
goodput: 177, total_request: 179
{"batch_size": 0, "time": 1714361546.2216115, "queue_size_before_schedule": 0, "msg": "emptyqueue"}
{"batch_size": 1, "time": 1714361546.2510045, "high_priority_count": 1, "low_priority_count": 0, "queue_size_before_schedule": 1, "batch_size_after_schedule": 0, "running_requests_id_list": [314], "rest_time": [0.6932013034820557]}
goodput: 178, total_request: 180
{"batch_size": 0, "time": 1714361546.395846, "queue_size_before_schedule": 0, "msg": "emptyqueue"}
{"batch_size": 1, "time": 1714361546.5737286, "high_priority_count": 1, "low_priority_count": 0, "queue_size_before_schedule": 1, "batch_size_after_schedule": 0, "running_requests_id_list": [315], "rest_time": [0.8118257522583008]}
goodput: 179, total_request: 181
{"batch_size": 0, "time": 1714361546.7202132, "queue_size_before_schedule": 0, "msg": "emptyqueue"}
{"batch_size": 1, "time": 1714361549.8699791, "high_priority_count": 1, "low_priority_count": 0, "queue_size_before_schedule": 1, "batch_size_after_schedule": 0, "running_requests_id_list": [327], "rest_time": [0.620807409286499]}
goodput: 180, total_request: 182
{"batch_size": 0, "time": 1714361550.0676405, "queue_size_before_schedule": 0, "msg": "emptyqueue"}
{"batch_size": 1, "time": 1714361550.1126301, "high_priority_count": 1, "low_priority_count": 0, "queue_size_before_schedule": 1, "batch_size_after_schedule": 0, "running_requests_id_list": [326], "rest_time": [0.5854606628417969]}
goodput: 181, total_request: 183
{"batch_size": 0, "time": 1714361550.2645168, "queue_size_before_schedule": 0, "msg": "emptyqueue"}
{"batch_size": 1, "time": 1714361550.2712948, "high_priority_count": 1, "low_priority_count": 0, "queue_size_before_schedule": 1, "batch_size_after_schedule": 0, "running_requests_id_list": [328], "rest_time": [0.4839167594909668]}
goodput: 182, total_request: 184
{"batch_size": 0, "time": 1714361550.4180233, "queue_size_before_schedule": 0, "msg": "emptyqueue"}
{"batch_size": 1, "time": 1714361550.515293, "high_priority_count": 1, "low_priority_count": 0, "queue_size_before_schedule": 1, "batch_size_after_schedule": 0, "running_requests_id_list": [332], "rest_time": [0.5205943584442139]}
goodput: 183, total_request: 185
{"batch_size": 0, "time": 1714361550.6457636, "queue_size_before_schedule": 0, "msg": "emptyqueue"}
{"batch_size": 1, "time": 1714361552.5560005, "high_priority_count": 1, "low_priority_count": 0, "queue_size_before_schedule": 1, "batch_size_after_schedule": 0, "running_requests_id_list": [353], "rest_time": [0.26972508430480957]}
goodput: 184, total_request: 186
{"batch_size": 0, "time": 1714361552.6460605, "queue_size_before_schedule": 0, "msg": "emptyqueue"}
{"batch_size": 1, "time": 1714361557.3109376, "high_priority_count": 1, "low_priority_count": 0, "queue_size_before_schedule": 1, "batch_size_after_schedule": 0, "running_requests_id_list": [360], "rest_time": [3.0366852283477783]}
goodput: 185, total_request: 187
{"batch_size": 0, "time": 1714361557.4089575, "queue_size_before_schedule": 0, "msg": "emptyqueue"}
{"batch_size": 1, "time": 1714361593.9394011, "high_priority_count": 1, "low_priority_count": 0, "queue_size_before_schedule": 1, "batch_size_after_schedule": 0, "running_requests_id_list": [361], "rest_time": [1.8834960460662842]}
goodput: 186, total_request: 188
{"batch_size": 0, "time": 1714361594.0974984, "queue_size_before_schedule": 0, "msg": "emptyqueue"}
{"batch_size": 1, "time": 1714361594.3080685, "high_priority_count": 1, "low_priority_count": 0, "queue_size_before_schedule": 1, "batch_size_after_schedule": 0, "running_requests_id_list": [362], "rest_time": [2.6595301628112793]}
goodput: 187, total_request: 189
{"batch_size": 0, "time": 1714361594.401676, "queue_size_before_schedule": 0, "msg": "emptyqueue"}
{"batch_size": 1, "time": 1714361611.6131952, "high_priority_count": 1, "low_priority_count": 0, "queue_size_before_schedule": 1, "batch_size_after_schedule": 0, "running_requests_id_list": [363], "rest_time": [0.7244739532470703]}
goodput: 188, total_request: 190
{"batch_size": 0, "time": 1714361611.8631163, "queue_size_before_schedule": 0, "msg": "emptyqueue"}
{"batch_size": 1, "time": 1714361612.3469026, "high_priority_count": 1, "low_priority_count": 0, "queue_size_before_schedule": 1, "batch_size_after_schedule": 0, "running_requests_id_list": [366], "rest_time": [0.9602203369140625]}
goodput: 189, total_request: 191
{"batch_size": 0, "time": 1714361612.4876738, "queue_size_before_schedule": 0, "msg": "emptyqueue"}
{"batch_size": 1, "time": 1714361612.496398, "high_priority_count": 1, "low_priority_count": 0, "queue_size_before_schedule": 1, "batch_size_after_schedule": 0, "running_requests_id_list": [364], "rest_time": [1.0742030143737793]}
goodput: 190, total_request: 192
{"batch_size": 0, "time": 1714361612.6280243, "queue_size_before_schedule": 0, "msg": "emptyqueue"}
{"batch_size": 1, "time": 1714361612.630198, "high_priority_count": 1, "low_priority_count": 0, "queue_size_before_schedule": 1, "batch_size_after_schedule": 0, "running_requests_id_list": [365], "rest_time": [1.1167664527893066]}
goodput: 191, total_request: 193
{"batch_size": 0, "time": 1714361612.703846, "queue_size_before_schedule": 0, "msg": "emptyqueue"}
{"batch_size": 1, "time": 1714361615.4153223, "high_priority_count": 1, "low_priority_count": 0, "queue_size_before_schedule": 1, "batch_size_after_schedule": 0, "running_requests_id_list": [367], "rest_time": [1.770932674407959]}
goodput: 192, total_request: 194
{"batch_size": 0, "time": 1714361615.5116491, "queue_size_before_schedule": 0, "msg": "emptyqueue"}
{"batch_size": 1, "time": 1714361615.5142035, "high_priority_count": 1, "low_priority_count": 0, "queue_size_before_schedule": 1, "batch_size_after_schedule": 0, "running_requests_id_list": [368], "rest_time": [1.6727678775787354]}
goodput: 193, total_request: 195
{"batch_size": 0, "time": 1714361615.5915146, "queue_size_before_schedule": 0, "msg": "emptyqueue"}
{"batch_size": 1, "time": 1714361622.170945, "high_priority_count": 1, "low_priority_count": 0, "queue_size_before_schedule": 1, "batch_size_after_schedule": 0, "running_requests_id_list": [369], "rest_time": [2.7110097408294678]}
goodput: 194, total_request: 196
{"batch_size": 0, "time": 1714361622.3340855, "queue_size_before_schedule": 0, "msg": "emptyqueue"}
{"batch_size": 1, "time": 1714361658.920737, "high_priority_count": 1, "low_priority_count": 0, "queue_size_before_schedule": 1, "batch_size_after_schedule": 0, "running_requests_id_list": [372], "rest_time": [1.1833159923553467]}
goodput: 195, total_request: 197
{"batch_size": 0, "time": 1714361659.0806608, "queue_size_before_schedule": 0, "msg": "emptyqueue"}
{"batch_size": 1, "time": 1714361659.4491909, "high_priority_count": 1, "low_priority_count": 0, "queue_size_before_schedule": 1, "batch_size_after_schedule": 0, "running_requests_id_list": [370], "rest_time": [1.9615116119384766]}
goodput: 196, total_request: 198
{"batch_size": 0, "time": 1714361659.5834632, "queue_size_before_schedule": 0, "msg": "emptyqueue"}
{"batch_size": 1, "time": 1714361659.7140772, "high_priority_count": 1, "low_priority_count": 0, "queue_size_before_schedule": 1, "batch_size_after_schedule": 0, "running_requests_id_list": [371], "rest_time": [2.0618343353271484]}
goodput: 197, total_request: 199
{"batch_size": 0, "time": 1714361659.801329, "queue_size_before_schedule": 0, "msg": "emptyqueue"}
{"batch_size": 1, "time": 1714361673.4441748, "high_priority_count": 1, "low_priority_count": 0, "queue_size_before_schedule": 1, "batch_size_after_schedule": 0, "running_requests_id_list": [374], "rest_time": [1.4105067253112793]}
goodput: 198, total_request: 200
{"batch_size": 0, "time": 1714361673.5928361, "queue_size_before_schedule": 0, "msg": "emptyqueue"}
{"batch_size": 1, "time": 1714361673.708497, "high_priority_count": 1, "low_priority_count": 0, "queue_size_before_schedule": 1, "batch_size_after_schedule": 0, "running_requests_id_list": [373], "rest_time": [1.4978058338165283]}
goodput: 199, total_request: 201
{"batch_size": 0, "time": 1714361673.8701591, "queue_size_before_schedule": 0, "msg": "emptyqueue"}
{"batch_size": 2, "time": 1714361675.3786206, "high_priority_count": 2, "low_priority_count": 0, "queue_size_before_schedule": 2, "batch_size_after_schedule": 0, "running_requests_id_list": [375, 376], "rest_time": [2.025829792022705, 2.026188611984253]}
goodput: 201, total_request: 203
{"batch_size": 0, "time": 1714361675.6923203, "queue_size_before_schedule": 0, "msg": "emptyqueue"}
{"batch_size": 1, "time": 1714361679.0594013, "high_priority_count": 1, "low_priority_count": 0, "queue_size_before_schedule": 1, "batch_size_after_schedule": 0, "running_requests_id_list": [377], "rest_time": [0.7526156902313232]}
goodput: 202, total_request: 204
{"batch_size": 0, "time": 1714361679.237964, "queue_size_before_schedule": 0, "msg": "emptyqueue"}
{"batch_size": 1, "time": 1714361679.2601843, "high_priority_count": 1, "low_priority_count": 0, "queue_size_before_schedule": 1, "batch_size_after_schedule": 0, "running_requests_id_list": [378], "rest_time": [0.7284090518951416]}
goodput: 203, total_request: 205
{"batch_size": 0, "time": 1714361679.392913, "queue_size_before_schedule": 0, "msg": "emptyqueue"}
{"batch_size": 1, "time": 1714361679.4004564, "high_priority_count": 1, "low_priority_count": 0, "queue_size_before_schedule": 1, "batch_size_after_schedule": 0, "running_requests_id_list": [380], "rest_time": [0.588597297668457]}
goodput: 204, total_request: 206
{"batch_size": 0, "time": 1714361679.5201344, "queue_size_before_schedule": 0, "msg": "emptyqueue"}
{"batch_size": 1, "time": 1714361679.6897888, "high_priority_count": 1, "low_priority_count": 0, "queue_size_before_schedule": 1, "batch_size_after_schedule": 0, "running_requests_id_list": [379], "rest_time": [1.0031800270080566]}
goodput: 205, total_request: 207
{"batch_size": 0, "time": 1714361679.9536965, "queue_size_before_schedule": 0, "msg": "emptyqueue"}
{"batch_size": 1, "time": 1714361729.7391968, "high_priority_count": 1, "low_priority_count": 0, "queue_size_before_schedule": 1, "batch_size_after_schedule": 0, "running_requests_id_list": [383], "rest_time": [0.7097258567810059]}
goodput: 206, total_request: 208
{"batch_size": 0, "time": 1714361729.938094, "queue_size_before_schedule": 0, "msg": "emptyqueue"}
{"batch_size": 1, "time": 1714361730.7286978, "high_priority_count": 1, "low_priority_count": 0, "queue_size_before_schedule": 1, "batch_size_after_schedule": 0, "running_requests_id_list": [384], "rest_time": [0.8652682304382324]}
goodput: 207, total_request: 209
{"batch_size": 0, "time": 1714361730.9490094, "queue_size_before_schedule": 0, "msg": "emptyqueue"}
{"batch_size": 1, "time": 1714361730.9574046, "high_priority_count": 1, "low_priority_count": 0, "queue_size_before_schedule": 1, "batch_size_after_schedule": 0, "running_requests_id_list": [386], "rest_time": [0.54903244972229]}
goodput: 208, total_request: 210
{"batch_size": 0, "time": 1714361731.086571, "queue_size_before_schedule": 0, "msg": "emptyqueue"}
{"batch_size": 1, "time": 1714361731.0898032, "high_priority_count": 1, "low_priority_count": 0, "queue_size_before_schedule": 1, "batch_size_after_schedule": 0, "running_requests_id_list": [385], "rest_time": [0.7684760093688965]}
goodput: 209, total_request: 211
{"batch_size": 0, "time": 1714361731.229789, "queue_size_before_schedule": 0, "msg": "emptyqueue"}
{"batch_size": 1, "time": 1714361731.653863, "high_priority_count": 1, "low_priority_count": 0, "queue_size_before_schedule": 1, "batch_size_after_schedule": 0, "running_requests_id_list": [388], "rest_time": [1.1351821422576904]}
goodput: 210, total_request: 212
{"batch_size": 0, "time": 1714361731.7405763, "queue_size_before_schedule": 0, "msg": "emptyqueue"}
{"batch_size": 1, "time": 1714361756.4089143, "high_priority_count": 1, "low_priority_count": 0, "queue_size_before_schedule": 1, "batch_size_after_schedule": 0, "running_requests_id_list": [389], "rest_time": [2.0607903003692627]}
goodput: 211, total_request: 213
{"batch_size": 0, "time": 1714361756.507692, "queue_size_before_schedule": 0, "msg": "emptyqueue"}
{"batch_size": 2, "time": 1714361767.518392, "high_priority_count": 2, "low_priority_count": 0, "queue_size_before_schedule": 2, "batch_size_after_schedule": 0, "running_requests_id_list": [391, 392], "rest_time": [0.6848025321960449, 0.6850299835205078]}
goodput: 213, total_request: 215
{"batch_size": 0, "time": 1714361767.8068721, "queue_size_before_schedule": 0, "msg": "emptyqueue"}
{"batch_size": 1, "time": 1714361768.4935713, "high_priority_count": 1, "low_priority_count": 0, "queue_size_before_schedule": 1, "batch_size_after_schedule": 0, "running_requests_id_list": [393], "rest_time": [0.7662277221679688]}
goodput: 214, total_request: 216
{"batch_size": 0, "time": 1714361768.7404442, "queue_size_before_schedule": 0, "msg": "emptyqueue"}
{"batch_size": 1, "time": 1714361768.8381207, "high_priority_count": 1, "low_priority_count": 0, "queue_size_before_schedule": 1, "batch_size_after_schedule": 0, "running_requests_id_list": [390], "rest_time": [0.7729434967041016]}
goodput: 215, total_request: 217
{"batch_size": 0, "time": 1714361768.974099, "queue_size_before_schedule": 0, "msg": "emptyqueue"}
{"batch_size": 1, "time": 1714361770.2036548, "high_priority_count": 1, "low_priority_count": 0, "queue_size_before_schedule": 1, "batch_size_after_schedule": 0, "running_requests_id_list": [401], "rest_time": [0.2713589668273926]}
goodput: 216, total_request: 218
{"batch_size": 0, "time": 1714361770.347111, "queue_size_before_schedule": 0, "msg": "emptyqueue"}
{"batch_size": 1, "time": 1714361771.2833114, "high_priority_count": 1, "low_priority_count": 0, "queue_size_before_schedule": 1, "batch_size_after_schedule": 0, "running_requests_id_list": [400], "rest_time": [0.40606069564819336]}
goodput: 217, total_request: 219
{"batch_size": 0, "time": 1714361771.405302, "queue_size_before_schedule": 0, "msg": "emptyqueue"}
{"batch_size": 1, "time": 1714361772.9157846, "high_priority_count": 1, "low_priority_count": 0, "queue_size_before_schedule": 1, "batch_size_after_schedule": 0, "running_requests_id_list": [403], "rest_time": [0.5881104469299316]}
goodput: 218, total_request: 220
{"batch_size": 0, "time": 1714361773.040169, "queue_size_before_schedule": 0, "msg": "emptyqueue"}
{"batch_size": 1, "time": 1714361773.3361142, "high_priority_count": 1, "low_priority_count": 0, "queue_size_before_schedule": 1, "batch_size_after_schedule": 0, "running_requests_id_list": [408], "rest_time": [0.7188971042633057]}
goodput: 219, total_request: 221
{"batch_size": 0, "time": 1714361773.4149165, "queue_size_before_schedule": 0, "msg": "emptyqueue"}
{"batch_size": 1, "time": 1714361779.2967982, "high_priority_count": 1, "low_priority_count": 0, "queue_size_before_schedule": 1, "batch_size_after_schedule": 0, "running_requests_id_list": [410], "rest_time": [1.569624900817871]}
goodput: 220, total_request: 222
{"batch_size": 0, "time": 1714361779.4153392, "queue_size_before_schedule": 0, "msg": "emptyqueue"}
{"batch_size": 1, "time": 1714361779.4177573, "high_priority_count": 1, "low_priority_count": 0, "queue_size_before_schedule": 1, "batch_size_after_schedule": 0, "running_requests_id_list": [411], "rest_time": [1.3610210418701172]}
goodput: 221, total_request: 223
{"batch_size": 0, "time": 1714361779.496784, "queue_size_before_schedule": 0, "msg": "emptyqueue"}
{"batch_size": 1, "time": 1714361793.646529, "high_priority_count": 1, "low_priority_count": 0, "queue_size_before_schedule": 1, "batch_size_after_schedule": 0, "running_requests_id_list": [413], "rest_time": [1.247868537902832]}
goodput: 222, total_request: 224
{"batch_size": 0, "time": 1714361793.7944963, "queue_size_before_schedule": 0, "msg": "emptyqueue"}
{"batch_size": 1, "time": 1714361793.9750657, "high_priority_count": 1, "low_priority_count": 0, "queue_size_before_schedule": 1, "batch_size_after_schedule": 0, "running_requests_id_list": [412], "rest_time": [1.6228258609771729]}
goodput: 223, total_request: 225
{"batch_size": 0, "time": 1714361794.1722307, "queue_size_before_schedule": 0, "msg": "emptyqueue"}
{"batch_size": 1, "time": 1714361794.1748724, "high_priority_count": 1, "low_priority_count": 0, "queue_size_before_schedule": 1, "batch_size_after_schedule": 0, "running_requests_id_list": [414], "rest_time": [1.5119116306304932]}
goodput: 224, total_request: 226
{"batch_size": 0, "time": 1714361794.2702513, "queue_size_before_schedule": 0, "msg": "emptyqueue"}
{"batch_size": 1, "time": 1714361812.8918319, "high_priority_count": 1, "low_priority_count": 0, "queue_size_before_schedule": 1, "batch_size_after_schedule": 0, "running_requests_id_list": [416], "rest_time": [0.7106077671051025]}
goodput: 225, total_request: 227
{"batch_size": 0, "time": 1714361813.0318272, "queue_size_before_schedule": 0, "msg": "emptyqueue"}
{"batch_size": 1, "time": 1714361813.0409644, "high_priority_count": 1, "low_priority_count": 0, "queue_size_before_schedule": 1, "batch_size_after_schedule": 0, "running_requests_id_list": [418], "rest_time": [0.4893157482147217]}
goodput: 226, total_request: 228
{"batch_size": 0, "time": 1714361813.1798387, "queue_size_before_schedule": 0, "msg": "emptyqueue"}
{"batch_size": 1, "time": 1714361813.1854875, "high_priority_count": 1, "low_priority_count": 0, "queue_size_before_schedule": 1, "batch_size_after_schedule": 0, "running_requests_id_list": [415], "rest_time": [0.6803045272827148]}
goodput: 227, total_request: 229
{"batch_size": 0, "time": 1714361813.3142705, "queue_size_before_schedule": 0, "msg": "emptyqueue"}
{"batch_size": 1, "time": 1714361813.6113625, "high_priority_count": 1, "low_priority_count": 0, "queue_size_before_schedule": 1, "batch_size_after_schedule": 0, "running_requests_id_list": [417], "rest_time": [1.4149377346038818]}
goodput: 228, total_request: 230
{"batch_size": 0, "time": 1714361813.698816, "queue_size_before_schedule": 0, "msg": "emptyqueue"}
{"batch_size": 1, "time": 1714361817.887202, "high_priority_count": 1, "low_priority_count": 0, "queue_size_before_schedule": 1, "batch_size_after_schedule": 0, "running_requests_id_list": [419], "rest_time": [2.398311138153076]}
goodput: 229, total_request: 231
{"batch_size": 0, "time": 1714361817.9819407, "queue_size_before_schedule": 0, "msg": "emptyqueue"}
{"batch_size": 1, "time": 1714361828.9357095, "high_priority_count": 1, "low_priority_count": 0, "queue_size_before_schedule": 1, "batch_size_after_schedule": 0, "running_requests_id_list": [420], "rest_time": [0.7940382957458496]}
goodput: 230, total_request: 232
{"batch_size": 0, "time": 1714361829.0855584, "queue_size_before_schedule": 0, "msg": "emptyqueue"}
{"batch_size": 1, "time": 1714361829.0928652, "high_priority_count": 1, "low_priority_count": 0, "queue_size_before_schedule": 1, "batch_size_after_schedule": 0, "running_requests_id_list": [421], "rest_time": [0.5514006614685059]}
goodput: 231, total_request: 233
{"batch_size": 0, "time": 1714361829.3275177, "queue_size_before_schedule": 0, "msg": "emptyqueue"}
{"batch_size": 2, "time": 1714361829.3324242, "high_priority_count": 2, "low_priority_count": 0, "queue_size_before_schedule": 2, "batch_size_after_schedule": 0, "running_requests_id_list": [422, 423], "rest_time": [0.4880402088165283, 0.5762701034545898]}
goodput: 233, total_request: 235
{"batch_size": 0, "time": 1714361829.5008585, "queue_size_before_schedule": 0, "msg": "emptyqueue"}
{"batch_size": 1, "time": 1714361840.933621, "high_priority_count": 1, "low_priority_count": 0, "queue_size_before_schedule": 1, "batch_size_after_schedule": 0, "running_requests_id_list": [424], "rest_time": [1.5921354293823242]}
goodput: 234, total_request: 236
{"batch_size": 0, "time": 1714361841.090137, "queue_size_before_schedule": 0, "msg": "emptyqueue"}
{"batch_size": 1, "time": 1714361841.5740361, "high_priority_count": 1, "low_priority_count": 0, "queue_size_before_schedule": 1, "batch_size_after_schedule": 0, "running_requests_id_list": [425], "rest_time": [1.1934316158294678]}
goodput: 235, total_request: 237
{"batch_size": 0, "time": 1714361841.7053964, "queue_size_before_schedule": 0, "msg": "emptyqueue"}
{"batch_size": 1, "time": 1714361841.940288, "high_priority_count": 1, "low_priority_count": 0, "queue_size_before_schedule": 1, "batch_size_after_schedule": 0, "running_requests_id_list": [426], "rest_time": [1.3638722896575928]}
goodput: 236, total_request: 238
{"batch_size": 0, "time": 1714361842.0740697, "queue_size_before_schedule": 0, "msg": "emptyqueue"}
{"batch_size": 1, "time": 1714361843.1568103, "high_priority_count": 1, "low_priority_count": 0, "queue_size_before_schedule": 1, "batch_size_after_schedule": 0, "running_requests_id_list": [427], "rest_time": [0.9070351123809814]}
goodput: 237, total_request: 239
{"batch_size": 0, "time": 1714361843.2964687, "queue_size_before_schedule": 0, "msg": "emptyqueue"}
{"batch_size": 1, "time": 1714361844.2890155, "high_priority_count": 1, "low_priority_count": 0, "queue_size_before_schedule": 1, "batch_size_after_schedule": 0, "running_requests_id_list": [429], "rest_time": [0.5171647071838379]}
goodput: 238, total_request: 240
{"batch_size": 0, "time": 1714361844.4146187, "queue_size_before_schedule": 0, "msg": "emptyqueue"}
{"batch_size": 1, "time": 1714361844.6332874, "high_priority_count": 1, "low_priority_count": 0, "queue_size_before_schedule": 1, "batch_size_after_schedule": 0, "running_requests_id_list": [428], "rest_time": [0.5245358943939209]}
goodput: 239, total_request: 241
{"batch_size": 0, "time": 1714361844.760736, "queue_size_before_schedule": 0, "msg": "emptyqueue"}
{"batch_size": 1, "time": 1714361845.0600007, "high_priority_count": 1, "low_priority_count": 0, "queue_size_before_schedule": 1, "batch_size_after_schedule": 0, "running_requests_id_list": [430], "rest_time": [0.8906936645507812]}
goodput: 240, total_request: 242
{"batch_size": 0, "time": 1714361845.25465, "queue_size_before_schedule": 0, "msg": "emptyqueue"}
{"batch_size": 1, "time": 1714361845.7665095, "high_priority_count": 1, "low_priority_count": 0, "queue_size_before_schedule": 1, "batch_size_after_schedule": 0, "running_requests_id_list": [431], "rest_time": [0.7126343250274658]}
goodput: 241, total_request: 243
{"batch_size": 0, "time": 1714361845.859656, "queue_size_before_schedule": 0, "msg": "emptyqueue"}
{"batch_size": 1, "time": 1714361848.7810075, "high_priority_count": 1, "low_priority_count": 0, "queue_size_before_schedule": 1, "batch_size_after_schedule": 0, "running_requests_id_list": [434], "rest_time": [1.5617976188659668]}
goodput: 242, total_request: 244
{"batch_size": 0, "time": 1714361848.9073822, "queue_size_before_schedule": 0, "msg": "emptyqueue"}
{"batch_size": 1, "time": 1714361848.9093766, "high_priority_count": 1, "low_priority_count": 0, "queue_size_before_schedule": 1, "batch_size_after_schedule": 0, "running_requests_id_list": [433], "rest_time": [1.7849953174591064]}
goodput: 243, total_request: 245
{"batch_size": 0, "time": 1714361848.9882078, "queue_size_before_schedule": 0, "msg": "emptyqueue"}
{"batch_size": 1, "time": 1714361850.8828025, "high_priority_count": 1, "low_priority_count": 0, "queue_size_before_schedule": 1, "batch_size_after_schedule": 0, "running_requests_id_list": [435], "rest_time": [1.8510339260101318]}
goodput: 244, total_request: 246
{"batch_size": 0, "time": 1714361851.086902, "queue_size_before_schedule": 0, "msg": "emptyqueue"}
{"batch_size": 1, "time": 1714361851.1176608, "high_priority_count": 1, "low_priority_count": 0, "queue_size_before_schedule": 1, "batch_size_after_schedule": 0, "running_requests_id_list": [436], "rest_time": [1.7049365043640137]}
goodput: 245, total_request: 247
{"batch_size": 0, "time": 1714361851.2816682, "queue_size_before_schedule": 0, "msg": "emptyqueue"}
{"batch_size": 1, "time": 1714361857.555233, "high_priority_count": 1, "low_priority_count": 0, "queue_size_before_schedule": 1, "batch_size_after_schedule": 0, "running_requests_id_list": [439], "rest_time": [1.2513821125030518]}
goodput: 246, total_request: 248
{"batch_size": 0, "time": 1714361857.6804717, "queue_size_before_schedule": 0, "msg": "emptyqueue"}
{"batch_size": 1, "time": 1714361857.7811577, "high_priority_count": 1, "low_priority_count": 0, "queue_size_before_schedule": 1, "batch_size_after_schedule": 0, "running_requests_id_list": [438], "rest_time": [1.3771491050720215]}
goodput: 247, total_request: 249
{"batch_size": 0, "time": 1714361857.908586, "queue_size_before_schedule": 0, "msg": "emptyqueue"}
{"batch_size": 1, "time": 1714361858.104027, "high_priority_count": 1, "low_priority_count": 0, "queue_size_before_schedule": 1, "batch_size_after_schedule": 0, "running_requests_id_list": [437], "rest_time": [2.1979570388793945]}
goodput: 248, total_request: 250
{"batch_size": 0, "time": 1714361858.1871243, "queue_size_before_schedule": 0, "msg": "emptyqueue"}
{"batch_size": 1, "time": 1714361919.7320812, "high_priority_count": 1, "low_priority_count": 0, "queue_size_before_schedule": 1, "batch_size_after_schedule": 0, "running_requests_id_list": [440], "rest_time": [2.716480255126953]}
goodput: 249, total_request: 251
{"batch_size": 0, "time": 1714361919.8249078, "queue_size_before_schedule": 0, "msg": "emptyqueue"}
{"batch_size": 1, "time": 1714361925.5829, "high_priority_count": 1, "low_priority_count": 0, "queue_size_before_schedule": 1, "batch_size_after_schedule": 0, "running_requests_id_list": [441], "rest_time": [1.172271490097046]}
goodput: 250, total_request: 252
{"batch_size": 0, "time": 1714361925.7183337, "queue_size_before_schedule": 0, "msg": "emptyqueue"}
{"batch_size": 1, "time": 1714361925.8794718, "high_priority_count": 1, "low_priority_count": 0, "queue_size_before_schedule": 1, "batch_size_after_schedule": 0, "running_requests_id_list": [442], "rest_time": [1.1403100490570068]}
goodput: 251, total_request: 253
{"batch_size": 0, "time": 1714361926.0963612, "queue_size_before_schedule": 0, "msg": "emptyqueue"}
{"batch_size": 1, "time": 1714361927.2526898, "high_priority_count": 1, "low_priority_count": 0, "queue_size_before_schedule": 1, "batch_size_after_schedule": 0, "running_requests_id_list": [444], "rest_time": [0.5461711883544922]}
goodput: 252, total_request: 254
{"batch_size": 0, "time": 1714361927.5020642, "queue_size_before_schedule": 0, "msg": "emptyqueue"}
{"batch_size": 1, "time": 1714361928.251242, "high_priority_count": 1, "low_priority_count": 0, "queue_size_before_schedule": 1, "batch_size_after_schedule": 0, "running_requests_id_list": [443], "rest_time": [0.6265995502471924]}
goodput: 253, total_request: 255
{"batch_size": 0, "time": 1714361928.3965423, "queue_size_before_schedule": 0, "msg": "emptyqueue"}
{"batch_size": 1, "time": 1714361929.0301778, "high_priority_count": 1, "low_priority_count": 0, "queue_size_before_schedule": 1, "batch_size_after_schedule": 0, "running_requests_id_list": [448], "rest_time": [0.3117563724517822]}
goodput: 254, total_request: 256
{"batch_size": 0, "time": 1714361929.1507719, "queue_size_before_schedule": 0, "msg": "emptyqueue"}
{"batch_size": 1, "time": 1714361930.29049, "high_priority_count": 1, "low_priority_count": 0, "queue_size_before_schedule": 1, "batch_size_after_schedule": 0, "running_requests_id_list": [461], "rest_time": [0.36096787452697754]}
goodput: 255, total_request: 257
{"batch_size": 0, "time": 1714361930.386656, "queue_size_before_schedule": 0, "msg": "emptyqueue"}
{"batch_size": 1, "time": 1714361932.5644462, "high_priority_count": 1, "low_priority_count": 0, "queue_size_before_schedule": 1, "batch_size_after_schedule": 0, "running_requests_id_list": [463], "rest_time": [0.6573390960693359]}
goodput: 256, total_request: 258
{"batch_size": 0, "time": 1714361932.6930187, "queue_size_before_schedule": 0, "msg": "emptyqueue"}
{"batch_size": 1, "time": 1714361932.761084, "high_priority_count": 1, "low_priority_count": 0, "queue_size_before_schedule": 1, "batch_size_after_schedule": 0, "running_requests_id_list": [462], "rest_time": [0.6361708641052246]}
goodput: 257, total_request: 259
{"batch_size": 0, "time": 1714361932.9806848, "queue_size_before_schedule": 0, "msg": "emptyqueue"}
{"batch_size": 1, "time": 1714361933.6030533, "high_priority_count": 1, "low_priority_count": 0, "queue_size_before_schedule": 1, "batch_size_after_schedule": 0, "running_requests_id_list": [465], "rest_time": [0.8515210151672363]}
goodput: 258, total_request: 260
{"batch_size": 0, "time": 1714361933.7412646, "queue_size_before_schedule": 0, "msg": "emptyqueue"}
{"batch_size": 1, "time": 1714361933.8632224, "high_priority_count": 1, "low_priority_count": 0, "queue_size_before_schedule": 1, "batch_size_after_schedule": 0, "running_requests_id_list": [464], "rest_time": [1.0311400890350342]}
goodput: 259, total_request: 261
{"batch_size": 0, "time": 1714361933.9870472, "queue_size_before_schedule": 0, "msg": "emptyqueue"}
{"batch_size": 1, "time": 1714361951.9913387, "high_priority_count": 1, "low_priority_count": 0, "queue_size_before_schedule": 1, "batch_size_after_schedule": 0, "running_requests_id_list": [469], "rest_time": [1.2669291496276855]}
goodput: 260, total_request: 262
{"batch_size": 0, "time": 1714361952.1268637, "queue_size_before_schedule": 0, "msg": "emptyqueue"}
{"batch_size": 1, "time": 1714361952.5930724, "high_priority_count": 1, "low_priority_count": 0, "queue_size_before_schedule": 1, "batch_size_after_schedule": 0, "running_requests_id_list": [470], "rest_time": [1.6361970901489258]}
goodput: 261, total_request: 263
{"batch_size": 0, "time": 1714361952.7162719, "queue_size_before_schedule": 0, "msg": "emptyqueue"}
{"batch_size": 1, "time": 1714361952.8938217, "high_priority_count": 1, "low_priority_count": 0, "queue_size_before_schedule": 1, "batch_size_after_schedule": 0, "running_requests_id_list": [471], "rest_time": [1.863776683807373]}
goodput: 262, total_request: 264
{"batch_size": 0, "time": 1714361952.9708843, "queue_size_before_schedule": 0, "msg": "emptyqueue"}
{"batch_size": 1, "time": 1714361966.8442435, "high_priority_count": 1, "low_priority_count": 0, "queue_size_before_schedule": 1, "batch_size_after_schedule": 0, "running_requests_id_list": [472], "rest_time": [1.9576702117919922]}
goodput: 263, total_request: 265
{"batch_size": 0, "time": 1714361966.9724908, "queue_size_before_schedule": 0, "msg": "emptyqueue"}
{"batch_size": 1, "time": 1714361966.9940276, "high_priority_count": 1, "low_priority_count": 0, "queue_size_before_schedule": 1, "batch_size_after_schedule": 0, "running_requests_id_list": [473], "rest_time": [1.760413408279419]}
goodput: 264, total_request: 266
{"batch_size": 0, "time": 1714361967.0714653, "queue_size_before_schedule": 0, "msg": "emptyqueue"}
{"batch_size": 1, "time": 1714361980.716916, "high_priority_count": 1, "low_priority_count": 0, "queue_size_before_schedule": 1, "batch_size_after_schedule": 0, "running_requests_id_list": [474], "rest_time": [2.232379674911499]}
goodput: 265, total_request: 267
{"batch_size": 0, "time": 1714361980.8034806, "queue_size_before_schedule": 0, "msg": "emptyqueue"}
{"batch_size": 1, "time": 1714361988.369838, "high_priority_count": 1, "low_priority_count": 0, "queue_size_before_schedule": 1, "batch_size_after_schedule": 0, "running_requests_id_list": [477], "rest_time": [0.5727648735046387]}
goodput: 266, total_request: 268
{"batch_size": 0, "time": 1714361988.5231671, "queue_size_before_schedule": 0, "msg": "emptyqueue"}
{"batch_size": 1, "time": 1714361988.532549, "high_priority_count": 1, "low_priority_count": 0, "queue_size_before_schedule": 1, "batch_size_after_schedule": 0, "running_requests_id_list": [476], "rest_time": [0.49777936935424805]}
goodput: 267, total_request: 269
{"batch_size": 0, "time": 1714361988.6585019, "queue_size_before_schedule": 0, "msg": "emptyqueue"}
{"batch_size": 1, "time": 1714361989.467478, "high_priority_count": 1, "low_priority_count": 0, "queue_size_before_schedule": 1, "batch_size_after_schedule": 0, "running_requests_id_list": [475], "rest_time": [0.7945437431335449]}
goodput: 268, total_request: 270
{"batch_size": 0, "time": 1714361989.6135345, "queue_size_before_schedule": 0, "msg": "emptyqueue"}
{"batch_size": 1, "time": 1714361989.8808603, "high_priority_count": 1, "low_priority_count": 0, "queue_size_before_schedule": 1, "batch_size_after_schedule": 0, "running_requests_id_list": [478], "rest_time": [0.6463291645050049]}
goodput: 269, total_request: 271
{"batch_size": 0, "time": 1714361990.007105, "queue_size_before_schedule": 0, "msg": "emptyqueue"}
{"batch_size": 1, "time": 1714361991.178182, "high_priority_count": 1, "low_priority_count": 0, "queue_size_before_schedule": 1, "batch_size_after_schedule": 0, "running_requests_id_list": [494], "rest_time": [0.7173395156860352]}
goodput: 270, total_request: 272
