{"batch_size": 1, "time": 1714362027.9940314, "high_priority_count": 1, "low_priority_count": 0, "queue_size_before_schedule": 1, "batch_size_after_schedule": 0, "running_requests_id_list": [-1], "rest_time": [9997.249682188034]}
goodput: 1, total_request: 1
{"batch_size": 0, "time": 1714362029.3470526, "queue_size_before_schedule": 0, "msg": "emptyqueue"}
{"batch_size": 1, "time": 1714362029.388025, "high_priority_count": 1, "low_priority_count": 0, "queue_size_before_schedule": 1, "batch_size_after_schedule": 0, "running_requests_id_list": [-1], "rest_time": [9998.26359629631]}
goodput: 2, total_request: 2
{"batch_size": 0, "time": 1714362029.5215476, "queue_size_before_schedule": 0, "msg": "emptyqueue"}
{"batch_size": 1, "time": 1714362030.8028662, "high_priority_count": 1, "low_priority_count": 0, "queue_size_before_schedule": 1, "batch_size_after_schedule": 0, "running_requests_id_list": [-1], "rest_time": [9998.352548599243]}
goodput: 3, total_request: 3
{"batch_size": 0, "time": 1714362030.94304, "queue_size_before_schedule": 0, "msg": "emptyqueue"}
{"batch_size": 1, "time": 1714362032.201495, "high_priority_count": 1, "low_priority_count": 0, "queue_size_before_schedule": 1, "batch_size_after_schedule": 0, "running_requests_id_list": [-1], "rest_time": [9997.254756689072]}
goodput: 4, total_request: 4
{"batch_size": 0, "time": 1714362032.33335, "queue_size_before_schedule": 0, "msg": "emptyqueue"}
{"batch_size": 1, "time": 1714362033.5833266, "high_priority_count": 1, "low_priority_count": 0, "queue_size_before_schedule": 1, "batch_size_after_schedule": 0, "running_requests_id_list": [-1], "rest_time": [9995.271399259567]}
goodput: 5, total_request: 5
{"batch_size": 0, "time": 1714362033.7137225, "queue_size_before_schedule": 0, "msg": "emptyqueue"}
{"batch_size": 1, "time": 1714362034.958051, "high_priority_count": 1, "low_priority_count": 0, "queue_size_before_schedule": 1, "batch_size_after_schedule": 0, "running_requests_id_list": [-1], "rest_time": [9993.595925569534]}
goodput: 6, total_request: 6
{"batch_size": 0, "time": 1714362035.0860178, "queue_size_before_schedule": 0, "msg": "emptyqueue"}
{"batch_size": 1, "time": 1714362036.356832, "high_priority_count": 1, "low_priority_count": 0, "queue_size_before_schedule": 1, "batch_size_after_schedule": 0, "running_requests_id_list": [-1], "rest_time": [9991.8963701725]}
goodput: 7, total_request: 7
{"batch_size": 0, "time": 1714362036.4854681, "queue_size_before_schedule": 0, "msg": "emptyqueue"}
{"batch_size": 1, "time": 1714362037.7479184, "high_priority_count": 1, "low_priority_count": 0, "queue_size_before_schedule": 1, "batch_size_after_schedule": 0, "running_requests_id_list": [-1], "rest_time": [9990.204487800598]}
goodput: 8, total_request: 8
{"batch_size": 0, "time": 1714362037.8765798, "queue_size_before_schedule": 0, "msg": "emptyqueue"}
{"batch_size": 1, "time": 1714362039.1139116, "high_priority_count": 1, "low_priority_count": 0, "queue_size_before_schedule": 1, "batch_size_after_schedule": 0, "running_requests_id_list": [-1], "rest_time": [9988.237041711807]}
goodput: 9, total_request: 9
{"batch_size": 0, "time": 1714362039.297782, "queue_size_before_schedule": 0, "msg": "emptyqueue"}
{"batch_size": 1, "time": 1714362040.4946887, "high_priority_count": 1, "low_priority_count": 0, "queue_size_before_schedule": 1, "batch_size_after_schedule": 0, "running_requests_id_list": [-1], "rest_time": [9986.55559515953]}
goodput: 10, total_request: 10
{"batch_size": 0, "time": 1714362040.7092133, "queue_size_before_schedule": 0, "msg": "emptyqueue"}
{"batch_size": 1, "time": 1714362041.8674614, "high_priority_count": 1, "low_priority_count": 0, "queue_size_before_schedule": 1, "batch_size_after_schedule": 0, "running_requests_id_list": [-1], "rest_time": [9984.882217168808]}
goodput: 11, total_request: 11
{"batch_size": 0, "time": 1714362042.058172, "queue_size_before_schedule": 0, "msg": "emptyqueue"}
{"batch_size": 1, "time": 1714362043.2469318, "high_priority_count": 1, "low_priority_count": 0, "queue_size_before_schedule": 1, "batch_size_after_schedule": 0, "running_requests_id_list": [-1], "rest_time": [9982.300102710724]}
goodput: 12, total_request: 12
{"batch_size": 0, "time": 1714362043.3789814, "queue_size_before_schedule": 0, "msg": "emptyqueue"}
{"batch_size": 1, "time": 1714362044.6226947, "high_priority_count": 1, "low_priority_count": 0, "queue_size_before_schedule": 1, "batch_size_after_schedule": 0, "running_requests_id_list": [-1], "rest_time": [9981.525652170181]}
goodput: 13, total_request: 13
{"batch_size": 0, "time": 1714362044.751564, "queue_size_before_schedule": 0, "msg": "emptyqueue"}
{"batch_size": 1, "time": 1714362045.979501, "high_priority_count": 1, "low_priority_count": 0, "queue_size_before_schedule": 1, "batch_size_after_schedule": 0, "running_requests_id_list": [-1], "rest_time": [9980.469527721405]}
goodput: 14, total_request: 14
{"batch_size": 0, "time": 1714362046.1024017, "queue_size_before_schedule": 0, "msg": "emptyqueue"}
{"batch_size": 1, "time": 1714362047.345677, "high_priority_count": 1, "low_priority_count": 0, "queue_size_before_schedule": 1, "batch_size_after_schedule": 0, "running_requests_id_list": [-1], "rest_time": [9978.502015829086]}
goodput: 15, total_request: 15
{"batch_size": 0, "time": 1714362047.4237258, "queue_size_before_schedule": 0, "msg": "emptyqueue"}
{"batch_size": 1, "time": 1714362052.0657969, "high_priority_count": 1, "low_priority_count": 0, "queue_size_before_schedule": 1, "batch_size_after_schedule": 0, "running_requests_id_list": [0], "rest_time": [0.1922900676727295]}
goodput: 16, total_request: 16
{"batch_size": 0, "time": 1714362052.1541972, "queue_size_before_schedule": 0, "msg": "emptyqueue"}
{"batch_size": 1, "time": 1714362053.75229, "high_priority_count": 1, "low_priority_count": 0, "queue_size_before_schedule": 1, "batch_size_after_schedule": 0, "running_requests_id_list": [1], "rest_time": [0.37436366081237793]}
goodput: 17, total_request: 17
{"batch_size": 0, "time": 1714362053.830296, "queue_size_before_schedule": 0, "msg": "emptyqueue"}
{"batch_size": 1, "time": 1714362085.164973, "high_priority_count": 1, "low_priority_count": 0, "queue_size_before_schedule": 1, "batch_size_after_schedule": 0, "running_requests_id_list": [4], "rest_time": [0.22091174125671387]}
goodput: 18, total_request: 18
{"batch_size": 0, "time": 1714362085.3104718, "queue_size_before_schedule": 0, "msg": "emptyqueue"}
{"batch_size": 1, "time": 1714362090.5133042, "high_priority_count": 1, "low_priority_count": 0, "queue_size_before_schedule": 1, "batch_size_after_schedule": 0, "running_requests_id_list": [5], "rest_time": [0.3631582260131836]}
goodput: 19, total_request: 19
{"batch_size": 0, "time": 1714362090.6083817, "queue_size_before_schedule": 0, "msg": "emptyqueue"}
{"batch_size": 1, "time": 1714362092.0692031, "high_priority_count": 1, "low_priority_count": 0, "queue_size_before_schedule": 1, "batch_size_after_schedule": 0, "running_requests_id_list": [6], "rest_time": [0.2679929733276367]}
goodput: 20, total_request: 20
{"batch_size": 0, "time": 1714362092.210962, "queue_size_before_schedule": 0, "msg": "emptyqueue"}
{"batch_size": 1, "time": 1714362096.7512395, "high_priority_count": 1, "low_priority_count": 0, "queue_size_before_schedule": 1, "batch_size_after_schedule": 0, "running_requests_id_list": [9], "rest_time": [0.34797120094299316]}
goodput: 21, total_request: 21
{"batch_size": 0, "time": 1714362096.8301985, "queue_size_before_schedule": 0, "msg": "emptyqueue"}
{"batch_size": 1, "time": 1714362143.1637542, "high_priority_count": 1, "low_priority_count": 0, "queue_size_before_schedule": 1, "batch_size_after_schedule": 0, "running_requests_id_list": [10], "rest_time": [0.3045468330383301]}
goodput: 22, total_request: 22
{"batch_size": 0, "time": 1714362143.2556365, "queue_size_before_schedule": 0, "msg": "emptyqueue"}
{"batch_size": 1, "time": 1714362144.796906, "high_priority_count": 1, "low_priority_count": 0, "queue_size_before_schedule": 1, "batch_size_after_schedule": 0, "running_requests_id_list": [14], "rest_time": [0.3122596740722656]}
goodput: 23, total_request: 23
{"batch_size": 0, "time": 1714362144.8764884, "queue_size_before_schedule": 0, "msg": "emptyqueue"}
{"batch_size": 1, "time": 1714362147.46486, "high_priority_count": 1, "low_priority_count": 0, "queue_size_before_schedule": 1, "batch_size_after_schedule": 0, "running_requests_id_list": [18], "rest_time": [0.37448930740356445]}
goodput: 24, total_request: 24
{"batch_size": 0, "time": 1714362147.5473917, "queue_size_before_schedule": 0, "msg": "emptyqueue"}
{"batch_size": 1, "time": 1714362168.4799836, "high_priority_count": 1, "low_priority_count": 0, "queue_size_before_schedule": 1, "batch_size_after_schedule": 0, "running_requests_id_list": [19], "rest_time": [0.4039332866668701]}
goodput: 25, total_request: 25
{"batch_size": 0, "time": 1714362168.69539, "queue_size_before_schedule": 0, "msg": "emptyqueue"}
{"batch_size": 1, "time": 1714362171.7091422, "high_priority_count": 1, "low_priority_count": 0, "queue_size_before_schedule": 1, "batch_size_after_schedule": 0, "running_requests_id_list": [21], "rest_time": [0.4593651294708252]}
goodput: 26, total_request: 26
{"batch_size": 0, "time": 1714362171.8077304, "queue_size_before_schedule": 0, "msg": "emptyqueue"}
{"batch_size": 1, "time": 1714362173.2662601, "high_priority_count": 1, "low_priority_count": 0, "queue_size_before_schedule": 1, "batch_size_after_schedule": 0, "running_requests_id_list": [24], "rest_time": [0.4375760555267334]}
goodput: 27, total_request: 27
{"batch_size": 0, "time": 1714362173.385656, "queue_size_before_schedule": 0, "msg": "emptyqueue"}
{"batch_size": 1, "time": 1714362175.6838193, "high_priority_count": 1, "low_priority_count": 0, "queue_size_before_schedule": 1, "batch_size_after_schedule": 0, "running_requests_id_list": [26], "rest_time": [0.3338925838470459]}
goodput: 28, total_request: 28
{"batch_size": 0, "time": 1714362175.7817025, "queue_size_before_schedule": 0, "msg": "emptyqueue"}
{"batch_size": 1, "time": 1714362219.521577, "high_priority_count": 1, "low_priority_count": 0, "queue_size_before_schedule": 1, "batch_size_after_schedule": 0, "running_requests_id_list": [30], "rest_time": [0.27161240577697754]}
goodput: 29, total_request: 29
{"batch_size": 0, "time": 1714362219.7012239, "queue_size_before_schedule": 0, "msg": "emptyqueue"}
{"batch_size": 1, "time": 1714362221.480276, "high_priority_count": 1, "low_priority_count": 0, "queue_size_before_schedule": 1, "batch_size_after_schedule": 0, "running_requests_id_list": [35], "rest_time": [0.4027571678161621]}
goodput: 30, total_request: 30
{"batch_size": 0, "time": 1714362221.6115088, "queue_size_before_schedule": 0, "msg": "emptyqueue"}
{"batch_size": 1, "time": 1714362223.5573921, "high_priority_count": 1, "low_priority_count": 0, "queue_size_before_schedule": 1, "batch_size_after_schedule": 0, "running_requests_id_list": [37], "rest_time": [0.30280351638793945]}
goodput: 31, total_request: 31
{"batch_size": 0, "time": 1714362223.656992, "queue_size_before_schedule": 0, "msg": "emptyqueue"}
{"batch_size": 1, "time": 1714362227.1222954, "high_priority_count": 1, "low_priority_count": 0, "queue_size_before_schedule": 1, "batch_size_after_schedule": 0, "running_requests_id_list": [41], "rest_time": [0.1419682502746582]}
goodput: 32, total_request: 32
{"batch_size": 0, "time": 1714362227.2022429, "queue_size_before_schedule": 0, "msg": "emptyqueue"}
{"batch_size": 1, "time": 1714362231.2737567, "high_priority_count": 1, "low_priority_count": 0, "queue_size_before_schedule": 1, "batch_size_after_schedule": 0, "running_requests_id_list": [42], "rest_time": [0.2425673007965088]}
goodput: 33, total_request: 33
{"batch_size": 0, "time": 1714362231.3738143, "queue_size_before_schedule": 0, "msg": "emptyqueue"}
{"batch_size": 1, "time": 1714362232.5132554, "high_priority_count": 1, "low_priority_count": 0, "queue_size_before_schedule": 1, "batch_size_after_schedule": 0, "running_requests_id_list": [44], "rest_time": [0.3781876564025879]}
goodput: 34, total_request: 34
{"batch_size": 0, "time": 1714362232.6007752, "queue_size_before_schedule": 0, "msg": "emptyqueue"}
{"batch_size": 1, "time": 1714362236.0171278, "high_priority_count": 1, "low_priority_count": 0, "queue_size_before_schedule": 1, "batch_size_after_schedule": 0, "running_requests_id_list": [47], "rest_time": [0.25025510787963867]}
goodput: 35, total_request: 35
{"batch_size": 0, "time": 1714362236.1016831, "queue_size_before_schedule": 0, "msg": "emptyqueue"}
{"batch_size": 1, "time": 1714362252.5511298, "high_priority_count": 1, "low_priority_count": 0, "queue_size_before_schedule": 1, "batch_size_after_schedule": 0, "running_requests_id_list": [49], "rest_time": [0.23674631118774414]}
goodput: 36, total_request: 36
{"batch_size": 0, "time": 1714362252.63747, "queue_size_before_schedule": 0, "msg": "emptyqueue"}
{"batch_size": 1, "time": 1714362262.811502, "high_priority_count": 1, "low_priority_count": 0, "queue_size_before_schedule": 1, "batch_size_after_schedule": 0, "running_requests_id_list": [50], "rest_time": [0.30472445487976074]}
goodput: 37, total_request: 37
{"batch_size": 0, "time": 1714362262.8943968, "queue_size_before_schedule": 0, "msg": "emptyqueue"}
{"batch_size": 1, "time": 1714362266.519416, "high_priority_count": 1, "low_priority_count": 0, "queue_size_before_schedule": 1, "batch_size_after_schedule": 0, "running_requests_id_list": [51], "rest_time": [0.32545018196105957]}
goodput: 38, total_request: 38
{"batch_size": 0, "time": 1714362266.6179144, "queue_size_before_schedule": 0, "msg": "emptyqueue"}
{"batch_size": 1, "time": 1714362292.8972352, "high_priority_count": 1, "low_priority_count": 0, "queue_size_before_schedule": 1, "batch_size_after_schedule": 0, "running_requests_id_list": [52], "rest_time": [0.2942993640899658]}
goodput: 39, total_request: 39
{"batch_size": 0, "time": 1714362292.99432, "queue_size_before_schedule": 0, "msg": "emptyqueue"}
{"batch_size": 1, "time": 1714362295.9995975, "high_priority_count": 1, "low_priority_count": 0, "queue_size_before_schedule": 1, "batch_size_after_schedule": 0, "running_requests_id_list": [55], "rest_time": [0.40571093559265137]}
goodput: 40, total_request: 40
{"batch_size": 0, "time": 1714362296.0792372, "queue_size_before_schedule": 0, "msg": "emptyqueue"}
{"batch_size": 1, "time": 1714362297.5672948, "high_priority_count": 1, "low_priority_count": 0, "queue_size_before_schedule": 1, "batch_size_after_schedule": 0, "running_requests_id_list": [56], "rest_time": [0.3983190059661865]}
goodput: 41, total_request: 41
{"batch_size": 0, "time": 1714362297.6655843, "queue_size_before_schedule": 0, "msg": "emptyqueue"}
{"batch_size": 1, "time": 1714362299.1804998, "high_priority_count": 1, "low_priority_count": 0, "queue_size_before_schedule": 1, "batch_size_after_schedule": 0, "running_requests_id_list": [58], "rest_time": [0.41028428077697754]}
goodput: 42, total_request: 42
{"batch_size": 0, "time": 1714362299.4159315, "queue_size_before_schedule": 0, "msg": "emptyqueue"}
{"batch_size": 1, "time": 1714362300.3756895, "high_priority_count": 1, "low_priority_count": 0, "queue_size_before_schedule": 1, "batch_size_after_schedule": 0, "running_requests_id_list": [59], "rest_time": [0.3508939743041992]}
goodput: 43, total_request: 43
{"batch_size": 0, "time": 1714362300.4830573, "queue_size_before_schedule": 0, "msg": "emptyqueue"}
{"batch_size": 1, "time": 1714362302.8526514, "high_priority_count": 1, "low_priority_count": 0, "queue_size_before_schedule": 1, "batch_size_after_schedule": 0, "running_requests_id_list": [60], "rest_time": [0.28808093070983887]}
goodput: 44, total_request: 44
{"batch_size": 0, "time": 1714362302.9312415, "queue_size_before_schedule": 0, "msg": "emptyqueue"}
{"batch_size": 1, "time": 1714362314.7695925, "high_priority_count": 1, "low_priority_count": 0, "queue_size_before_schedule": 1, "batch_size_after_schedule": 0, "running_requests_id_list": [61], "rest_time": [0.42510366439819336]}
goodput: 45, total_request: 45
{"batch_size": 0, "time": 1714362314.9781804, "queue_size_before_schedule": 0, "msg": "emptyqueue"}
{"batch_size": 1, "time": 1714362321.0905519, "high_priority_count": 1, "low_priority_count": 0, "queue_size_before_schedule": 1, "batch_size_after_schedule": 0, "running_requests_id_list": [63], "rest_time": [0.2959446907043457]}
goodput: 46, total_request: 46
{"batch_size": 0, "time": 1714362321.1777055, "queue_size_before_schedule": 0, "msg": "emptyqueue"}
{"batch_size": 1, "time": 1714362324.7151783, "high_priority_count": 1, "low_priority_count": 0, "queue_size_before_schedule": 1, "batch_size_after_schedule": 0, "running_requests_id_list": [65], "rest_time": [0.4282960891723633]}
goodput: 47, total_request: 47
{"batch_size": 0, "time": 1714362324.7948022, "queue_size_before_schedule": 0, "msg": "emptyqueue"}
{"batch_size": 1, "time": 1714362330.7730436, "high_priority_count": 1, "low_priority_count": 0, "queue_size_before_schedule": 1, "batch_size_after_schedule": 0, "running_requests_id_list": [69], "rest_time": [0.3919072151184082]}
goodput: 48, total_request: 48
{"batch_size": 0, "time": 1714362330.863092, "queue_size_before_schedule": 0, "msg": "emptyqueue"}
{"batch_size": 1, "time": 1714362334.183343, "high_priority_count": 1, "low_priority_count": 0, "queue_size_before_schedule": 1, "batch_size_after_schedule": 0, "running_requests_id_list": [71], "rest_time": [0.4371018409729004]}
goodput: 49, total_request: 49
{"batch_size": 0, "time": 1714362334.287773, "queue_size_before_schedule": 0, "msg": "emptyqueue"}
{"batch_size": 1, "time": 1714362337.7695358, "high_priority_count": 1, "low_priority_count": 0, "queue_size_before_schedule": 1, "batch_size_after_schedule": 0, "running_requests_id_list": [72], "rest_time": [0.4067203998565674]}
goodput: 50, total_request: 50
{"batch_size": 0, "time": 1714362337.8702981, "queue_size_before_schedule": 0, "msg": "emptyqueue"}
{"batch_size": 1, "time": 1714362379.9505987, "high_priority_count": 1, "low_priority_count": 0, "queue_size_before_schedule": 1, "batch_size_after_schedule": 0, "running_requests_id_list": [73], "rest_time": [0.45372533798217773]}
goodput: 51, total_request: 51
{"batch_size": 0, "time": 1714362380.043204, "queue_size_before_schedule": 0, "msg": "emptyqueue"}
{"batch_size": 1, "time": 1714362385.0154934, "high_priority_count": 1, "low_priority_count": 0, "queue_size_before_schedule": 1, "batch_size_after_schedule": 0, "running_requests_id_list": [76], "rest_time": [0.3313274383544922]}
goodput: 52, total_request: 52
{"batch_size": 0, "time": 1714362385.108421, "queue_size_before_schedule": 0, "msg": "emptyqueue"}
{"batch_size": 1, "time": 1714362387.0349069, "high_priority_count": 1, "low_priority_count": 0, "queue_size_before_schedule": 1, "batch_size_after_schedule": 0, "running_requests_id_list": [79], "rest_time": [0.487750768661499]}
goodput: 53, total_request: 53
{"batch_size": 0, "time": 1714362387.1220238, "queue_size_before_schedule": 0, "msg": "emptyqueue"}
{"batch_size": 1, "time": 1714362405.0298748, "high_priority_count": 1, "low_priority_count": 0, "queue_size_before_schedule": 1, "batch_size_after_schedule": 0, "running_requests_id_list": [80], "rest_time": [0.30400943756103516]}
goodput: 54, total_request: 54
{"batch_size": 0, "time": 1714362405.1250181, "queue_size_before_schedule": 0, "msg": "emptyqueue"}
{"batch_size": 1, "time": 1714362406.4910383, "high_priority_count": 1, "low_priority_count": 0, "queue_size_before_schedule": 1, "batch_size_after_schedule": 0, "running_requests_id_list": [81], "rest_time": [0.258746862411499]}
goodput: 55, total_request: 55
{"batch_size": 0, "time": 1714362406.586349, "queue_size_before_schedule": 0, "msg": "emptyqueue"}
{"batch_size": 1, "time": 1714362409.9503736, "high_priority_count": 1, "low_priority_count": 0, "queue_size_before_schedule": 1, "batch_size_after_schedule": 0, "running_requests_id_list": [82], "rest_time": [0.31096386909484863]}
goodput: 56, total_request: 56
{"batch_size": 0, "time": 1714362410.0438967, "queue_size_before_schedule": 0, "msg": "emptyqueue"}
{"batch_size": 1, "time": 1714362414.512456, "high_priority_count": 1, "low_priority_count": 0, "queue_size_before_schedule": 1, "batch_size_after_schedule": 0, "running_requests_id_list": [85], "rest_time": [0.44614744186401367]}
goodput: 57, total_request: 57
{"batch_size": 0, "time": 1714362414.610433, "queue_size_before_schedule": 0, "msg": "emptyqueue"}
{"batch_size": 1, "time": 1714362418.013487, "high_priority_count": 1, "low_priority_count": 0, "queue_size_before_schedule": 1, "batch_size_after_schedule": 0, "running_requests_id_list": [91], "rest_time": [0.2950270175933838]}
goodput: 58, total_request: 58
{"batch_size": 0, "time": 1714362418.0921052, "queue_size_before_schedule": 0, "msg": "emptyqueue"}
{"batch_size": 1, "time": 1714362421.2741213, "high_priority_count": 1, "low_priority_count": 0, "queue_size_before_schedule": 1, "batch_size_after_schedule": 0, "running_requests_id_list": [93], "rest_time": [0.3347489833831787]}
goodput: 59, total_request: 59
{"batch_size": 0, "time": 1714362421.3526123, "queue_size_before_schedule": 0, "msg": "emptyqueue"}
{"batch_size": 1, "time": 1714362422.9616761, "high_priority_count": 1, "low_priority_count": 0, "queue_size_before_schedule": 1, "batch_size_after_schedule": 0, "running_requests_id_list": [96], "rest_time": [0.21127796173095703]}
goodput: 60, total_request: 60
{"batch_size": 0, "time": 1714362423.0441527, "queue_size_before_schedule": 0, "msg": "emptyqueue"}
{"batch_size": 1, "time": 1714362425.1412983, "high_priority_count": 1, "low_priority_count": 0, "queue_size_before_schedule": 1, "batch_size_after_schedule": 0, "running_requests_id_list": [97], "rest_time": [0.29713964462280273]}
goodput: 61, total_request: 61
{"batch_size": 0, "time": 1714362425.2200482, "queue_size_before_schedule": 0, "msg": "emptyqueue"}
{"batch_size": 1, "time": 1714362428.5526924, "high_priority_count": 1, "low_priority_count": 0, "queue_size_before_schedule": 1, "batch_size_after_schedule": 0, "running_requests_id_list": [100], "rest_time": [0.4167790412902832]}
goodput: 62, total_request: 62
{"batch_size": 0, "time": 1714362428.6356525, "queue_size_before_schedule": 0, "msg": "emptyqueue"}
{"batch_size": 1, "time": 1714362450.647616, "high_priority_count": 1, "low_priority_count": 0, "queue_size_before_schedule": 1, "batch_size_after_schedule": 0, "running_requests_id_list": [101], "rest_time": [0.33761000633239746]}
goodput: 63, total_request: 63
{"batch_size": 0, "time": 1714362450.7404225, "queue_size_before_schedule": 0, "msg": "emptyqueue"}
{"batch_size": 1, "time": 1714362460.3027391, "high_priority_count": 1, "low_priority_count": 0, "queue_size_before_schedule": 1, "batch_size_after_schedule": 0, "running_requests_id_list": [106], "rest_time": [0.1493690013885498]}
goodput: 64, total_request: 64
{"batch_size": 0, "time": 1714362460.388801, "queue_size_before_schedule": 0, "msg": "emptyqueue"}
{"batch_size": 1, "time": 1714362464.7422626, "high_priority_count": 1, "low_priority_count": 0, "queue_size_before_schedule": 1, "batch_size_after_schedule": 0, "running_requests_id_list": [108], "rest_time": [0.40142202377319336]}
goodput: 65, total_request: 65
{"batch_size": 0, "time": 1714362464.8402667, "queue_size_before_schedule": 0, "msg": "emptyqueue"}
{"batch_size": 1, "time": 1714362465.8252172, "high_priority_count": 1, "low_priority_count": 0, "queue_size_before_schedule": 1, "batch_size_after_schedule": 0, "running_requests_id_list": [109], "rest_time": [0.3655257225036621]}
goodput: 66, total_request: 66
{"batch_size": 0, "time": 1714362465.9094117, "queue_size_before_schedule": 0, "msg": "emptyqueue"}
{"batch_size": 1, "time": 1714362470.7871356, "high_priority_count": 1, "low_priority_count": 0, "queue_size_before_schedule": 1, "batch_size_after_schedule": 0, "running_requests_id_list": [112], "rest_time": [0.3204345703125]}
goodput: 67, total_request: 67
{"batch_size": 0, "time": 1714362470.8678935, "queue_size_before_schedule": 0, "msg": "emptyqueue"}
{"batch_size": 1, "time": 1714362483.801229, "high_priority_count": 1, "low_priority_count": 0, "queue_size_before_schedule": 1, "batch_size_after_schedule": 0, "running_requests_id_list": [113], "rest_time": [0.33267807960510254]}
goodput: 68, total_request: 68
{"batch_size": 0, "time": 1714362483.9406986, "queue_size_before_schedule": 0, "msg": "emptyqueue"}
{"batch_size": 1, "time": 1714362484.8680823, "high_priority_count": 1, "low_priority_count": 0, "queue_size_before_schedule": 1, "batch_size_after_schedule": 0, "running_requests_id_list": [114], "rest_time": [0.26084232330322266]}
goodput: 69, total_request: 69
{"batch_size": 0, "time": 1714362484.9663663, "queue_size_before_schedule": 0, "msg": "emptyqueue"}
{"batch_size": 1, "time": 1714362514.1384072, "high_priority_count": 1, "low_priority_count": 0, "queue_size_before_schedule": 1, "batch_size_after_schedule": 0, "running_requests_id_list": [115], "rest_time": [0.2949256896972656]}
goodput: 70, total_request: 70
{"batch_size": 0, "time": 1714362514.227137, "queue_size_before_schedule": 0, "msg": "emptyqueue"}
{"batch_size": 1, "time": 1714362516.9054022, "high_priority_count": 1, "low_priority_count": 0, "queue_size_before_schedule": 1, "batch_size_after_schedule": 0, "running_requests_id_list": [118], "rest_time": [0.2974886894226074]}
goodput: 71, total_request: 71
{"batch_size": 0, "time": 1714362516.9914014, "queue_size_before_schedule": 0, "msg": "emptyqueue"}
{"batch_size": 1, "time": 1714362561.583985, "high_priority_count": 1, "low_priority_count": 0, "queue_size_before_schedule": 1, "batch_size_after_schedule": 0, "running_requests_id_list": [121], "rest_time": [0.2897460460662842]}
goodput: 72, total_request: 72
{"batch_size": 0, "time": 1714362561.6932282, "queue_size_before_schedule": 0, "msg": "emptyqueue"}
{"batch_size": 1, "time": 1714362582.638308, "high_priority_count": 1, "low_priority_count": 0, "queue_size_before_schedule": 1, "batch_size_after_schedule": 0, "running_requests_id_list": [124], "rest_time": [0.4276123046875]}
goodput: 73, total_request: 73
{"batch_size": 0, "time": 1714362582.7541356, "queue_size_before_schedule": 0, "msg": "emptyqueue"}
{"batch_size": 1, "time": 1714362584.6135223, "high_priority_count": 1, "low_priority_count": 0, "queue_size_before_schedule": 1, "batch_size_after_schedule": 0, "running_requests_id_list": [125], "rest_time": [0.4206390380859375]}
goodput: 74, total_request: 74
{"batch_size": 0, "time": 1714362584.7401302, "queue_size_before_schedule": 0, "msg": "emptyqueue"}
{"batch_size": 1, "time": 1714362585.5672083, "high_priority_count": 1, "low_priority_count": 0, "queue_size_before_schedule": 1, "batch_size_after_schedule": 0, "running_requests_id_list": [128], "rest_time": [0.22588562965393066]}
goodput: 75, total_request: 75
{"batch_size": 0, "time": 1714362585.6501625, "queue_size_before_schedule": 0, "msg": "emptyqueue"}
{"batch_size": 1, "time": 1714362592.5028844, "high_priority_count": 1, "low_priority_count": 0, "queue_size_before_schedule": 1, "batch_size_after_schedule": 0, "running_requests_id_list": [130], "rest_time": [0.2746310234069824]}
goodput: 76, total_request: 76
{"batch_size": 0, "time": 1714362592.5869122, "queue_size_before_schedule": 0, "msg": "emptyqueue"}
{"batch_size": 1, "time": 1714362631.902914, "high_priority_count": 1, "low_priority_count": 0, "queue_size_before_schedule": 1, "batch_size_after_schedule": 0, "running_requests_id_list": [133], "rest_time": [0.26040220260620117]}
goodput: 77, total_request: 77
{"batch_size": 0, "time": 1714362631.9904969, "queue_size_before_schedule": 0, "msg": "emptyqueue"}
{"batch_size": 1, "time": 1714362645.474211, "high_priority_count": 1, "low_priority_count": 0, "queue_size_before_schedule": 1, "batch_size_after_schedule": 0, "running_requests_id_list": [134], "rest_time": [0.42375707626342773]}
goodput: 78, total_request: 78
{"batch_size": 0, "time": 1714362645.5565112, "queue_size_before_schedule": 0, "msg": "emptyqueue"}
{"batch_size": 1, "time": 1714362648.7761557, "high_priority_count": 1, "low_priority_count": 0, "queue_size_before_schedule": 1, "batch_size_after_schedule": 0, "running_requests_id_list": [139], "rest_time": [0.38246655464172363]}
goodput: 79, total_request: 79
{"batch_size": 0, "time": 1714362648.8636959, "queue_size_before_schedule": 0, "msg": "emptyqueue"}
{"batch_size": 1, "time": 1714362657.4985137, "high_priority_count": 1, "low_priority_count": 0, "queue_size_before_schedule": 1, "batch_size_after_schedule": 0, "running_requests_id_list": [141], "rest_time": [0.3617432117462158]}
goodput: 80, total_request: 80
{"batch_size": 0, "time": 1714362657.5984645, "queue_size_before_schedule": 0, "msg": "emptyqueue"}
{"batch_size": 1, "time": 1714362660.2726688, "high_priority_count": 1, "low_priority_count": 0, "queue_size_before_schedule": 1, "batch_size_after_schedule": 0, "running_requests_id_list": [145], "rest_time": [0.3499486446380615]}
goodput: 81, total_request: 81
{"batch_size": 0, "time": 1714362660.4943452, "queue_size_before_schedule": 0, "msg": "emptyqueue"}
{"batch_size": 1, "time": 1714362665.6440306, "high_priority_count": 1, "low_priority_count": 0, "queue_size_before_schedule": 1, "batch_size_after_schedule": 0, "running_requests_id_list": [149], "rest_time": [0.42072057723999023]}
goodput: 82, total_request: 82
{"batch_size": 0, "time": 1714362665.7349603, "queue_size_before_schedule": 0, "msg": "emptyqueue"}
{"batch_size": 1, "time": 1714362667.2355952, "high_priority_count": 1, "low_priority_count": 0, "queue_size_before_schedule": 1, "batch_size_after_schedule": 0, "running_requests_id_list": [151], "rest_time": [0.3055582046508789]}
goodput: 83, total_request: 83
{"batch_size": 0, "time": 1714362667.361591, "queue_size_before_schedule": 0, "msg": "emptyqueue"}
{"batch_size": 1, "time": 1714362668.7028677, "high_priority_count": 1, "low_priority_count": 0, "queue_size_before_schedule": 1, "batch_size_after_schedule": 0, "running_requests_id_list": [153], "rest_time": [0.07593178749084473]}
goodput: 84, total_request: 84
{"batch_size": 0, "time": 1714362668.781289, "queue_size_before_schedule": 0, "msg": "emptyqueue"}
{"batch_size": 1, "time": 1714362670.3619254, "high_priority_count": 1, "low_priority_count": 0, "queue_size_before_schedule": 1, "batch_size_after_schedule": 0, "running_requests_id_list": [155], "rest_time": [0.27134203910827637]}
goodput: 85, total_request: 85
{"batch_size": 0, "time": 1714362670.440601, "queue_size_before_schedule": 0, "msg": "emptyqueue"}
{"batch_size": 1, "time": 1714362671.9591875, "high_priority_count": 1, "low_priority_count": 0, "queue_size_before_schedule": 1, "batch_size_after_schedule": 0, "running_requests_id_list": [157], "rest_time": [0.2706303596496582]}
goodput: 86, total_request: 86
{"batch_size": 0, "time": 1714362672.039291, "queue_size_before_schedule": 0, "msg": "emptyqueue"}
{"batch_size": 1, "time": 1714362673.5306969, "high_priority_count": 1, "low_priority_count": 0, "queue_size_before_schedule": 1, "batch_size_after_schedule": 0, "running_requests_id_list": [161], "rest_time": [0.316849946975708]}
goodput: 87, total_request: 87
{"batch_size": 0, "time": 1714362673.623152, "queue_size_before_schedule": 0, "msg": "emptyqueue"}
{"batch_size": 1, "time": 1714362683.8442738, "high_priority_count": 1, "low_priority_count": 0, "queue_size_before_schedule": 1, "batch_size_after_schedule": 0, "running_requests_id_list": [162], "rest_time": [0.28093433380126953]}
goodput: 88, total_request: 88
{"batch_size": 0, "time": 1714362683.939711, "queue_size_before_schedule": 0, "msg": "emptyqueue"}
{"batch_size": 1, "time": 1714362687.7563214, "high_priority_count": 1, "low_priority_count": 0, "queue_size_before_schedule": 1, "batch_size_after_schedule": 0, "running_requests_id_list": [163], "rest_time": [0.3895723819732666]}
goodput: 89, total_request: 89
{"batch_size": 0, "time": 1714362687.8391726, "queue_size_before_schedule": 0, "msg": "emptyqueue"}
{"batch_size": 1, "time": 1714362700.4854174, "high_priority_count": 1, "low_priority_count": 0, "queue_size_before_schedule": 1, "batch_size_after_schedule": 0, "running_requests_id_list": [164], "rest_time": [0.38045287132263184]}
goodput: 90, total_request: 90
{"batch_size": 0, "time": 1714362700.566558, "queue_size_before_schedule": 0, "msg": "emptyqueue"}
{"batch_size": 1, "time": 1714362703.8132248, "high_priority_count": 1, "low_priority_count": 0, "queue_size_before_schedule": 1, "batch_size_after_schedule": 0, "running_requests_id_list": [165], "rest_time": [0.32067322731018066]}
goodput: 91, total_request: 91
{"batch_size": 0, "time": 1714362703.898421, "queue_size_before_schedule": 0, "msg": "emptyqueue"}
{"batch_size": 1, "time": 1714362708.1386049, "high_priority_count": 1, "low_priority_count": 0, "queue_size_before_schedule": 1, "batch_size_after_schedule": 0, "running_requests_id_list": [166], "rest_time": [0.37532973289489746]}
goodput: 92, total_request: 92
{"batch_size": 0, "time": 1714362708.2211337, "queue_size_before_schedule": 0, "msg": "emptyqueue"}
{"batch_size": 1, "time": 1714362713.8597338, "high_priority_count": 1, "low_priority_count": 0, "queue_size_before_schedule": 1, "batch_size_after_schedule": 0, "running_requests_id_list": [168], "rest_time": [0.3076949119567871]}
goodput: 93, total_request: 93
{"batch_size": 0, "time": 1714362713.9423726, "queue_size_before_schedule": 0, "msg": "emptyqueue"}
{"batch_size": 1, "time": 1714362722.742808, "high_priority_count": 1, "low_priority_count": 0, "queue_size_before_schedule": 1, "batch_size_after_schedule": 0, "running_requests_id_list": [170], "rest_time": [0.42224836349487305]}
goodput: 94, total_request: 94
{"batch_size": 0, "time": 1714362722.825838, "queue_size_before_schedule": 0, "msg": "emptyqueue"}
{"batch_size": 1, "time": 1714362747.3198185, "high_priority_count": 1, "low_priority_count": 0, "queue_size_before_schedule": 1, "batch_size_after_schedule": 0, "running_requests_id_list": [171], "rest_time": [0.27330613136291504]}
goodput: 95, total_request: 95
{"batch_size": 0, "time": 1714362747.5436523, "queue_size_before_schedule": 0, "msg": "emptyqueue"}
{"batch_size": 1, "time": 1714362753.0445402, "high_priority_count": 1, "low_priority_count": 0, "queue_size_before_schedule": 1, "batch_size_after_schedule": 0, "running_requests_id_list": [172], "rest_time": [0.34769296646118164]}
goodput: 96, total_request: 96
{"batch_size": 0, "time": 1714362753.1398904, "queue_size_before_schedule": 0, "msg": "emptyqueue"}
{"batch_size": 1, "time": 1714362759.5102377, "high_priority_count": 1, "low_priority_count": 0, "queue_size_before_schedule": 1, "batch_size_after_schedule": 0, "running_requests_id_list": [173], "rest_time": [0.3413255214691162]}
goodput: 97, total_request: 97
{"batch_size": 0, "time": 1714362759.5904973, "queue_size_before_schedule": 0, "msg": "emptyqueue"}
{"batch_size": 1, "time": 1714362761.3890548, "high_priority_count": 1, "low_priority_count": 0, "queue_size_before_schedule": 1, "batch_size_after_schedule": 0, "running_requests_id_list": [174], "rest_time": [0.26913928985595703]}
goodput: 98, total_request: 98
{"batch_size": 0, "time": 1714362761.5061972, "queue_size_before_schedule": 0, "msg": "emptyqueue"}
{"batch_size": 1, "time": 1714362771.510965, "high_priority_count": 1, "low_priority_count": 0, "queue_size_before_schedule": 1, "batch_size_after_schedule": 0, "running_requests_id_list": [182], "rest_time": [0.30289244651794434]}
goodput: 99, total_request: 99
{"batch_size": 0, "time": 1714362771.595832, "queue_size_before_schedule": 0, "msg": "emptyqueue"}
{"batch_size": 1, "time": 1714362811.9459167, "high_priority_count": 1, "low_priority_count": 0, "queue_size_before_schedule": 1, "batch_size_after_schedule": 0, "running_requests_id_list": [189], "rest_time": [0.19881033897399902]}
goodput: 100, total_request: 100
{"batch_size": 0, "time": 1714362812.0453193, "queue_size_before_schedule": 0, "msg": "emptyqueue"}
{"batch_size": 1, "time": 1714362814.7494695, "high_priority_count": 1, "low_priority_count": 0, "queue_size_before_schedule": 1, "batch_size_after_schedule": 0, "running_requests_id_list": [191], "rest_time": [0.41449475288391113]}
goodput: 101, total_request: 101
{"batch_size": 0, "time": 1714362814.838248, "queue_size_before_schedule": 0, "msg": "emptyqueue"}
{"batch_size": 1, "time": 1714362820.7762473, "high_priority_count": 1, "low_priority_count": 0, "queue_size_before_schedule": 1, "batch_size_after_schedule": 0, "running_requests_id_list": [195], "rest_time": [0.20719575881958008]}
goodput: 102, total_request: 102
{"batch_size": 0, "time": 1714362820.8563192, "queue_size_before_schedule": 0, "msg": "emptyqueue"}
{"batch_size": 1, "time": 1714362821.986202, "high_priority_count": 1, "low_priority_count": 0, "queue_size_before_schedule": 1, "batch_size_after_schedule": 0, "running_requests_id_list": [196], "rest_time": [0.15567731857299805]}
goodput: 103, total_request: 103
{"batch_size": 0, "time": 1714362822.1067688, "queue_size_before_schedule": 0, "msg": "emptyqueue"}
{"batch_size": 1, "time": 1714362825.4230893, "high_priority_count": 1, "low_priority_count": 0, "queue_size_before_schedule": 1, "batch_size_after_schedule": 0, "running_requests_id_list": [197], "rest_time": [0.11621856689453125]}
goodput: 104, total_request: 104
{"batch_size": 0, "time": 1714362825.5152605, "queue_size_before_schedule": 0, "msg": "emptyqueue"}
{"batch_size": 1, "time": 1714362841.618341, "high_priority_count": 1, "low_priority_count": 0, "queue_size_before_schedule": 1, "batch_size_after_schedule": 0, "running_requests_id_list": [199], "rest_time": [0.24922752380371094]}
goodput: 105, total_request: 105
{"batch_size": 0, "time": 1714362841.7148218, "queue_size_before_schedule": 0, "msg": "emptyqueue"}
{"batch_size": 1, "time": 1714362848.1448572, "high_priority_count": 1, "low_priority_count": 0, "queue_size_before_schedule": 1, "batch_size_after_schedule": 0, "running_requests_id_list": [201], "rest_time": [0.2340984344482422]}
goodput: 106, total_request: 106
{"batch_size": 0, "time": 1714362848.2516677, "queue_size_before_schedule": 0, "msg": "emptyqueue"}
{"batch_size": 1, "time": 1714362883.3402202, "high_priority_count": 1, "low_priority_count": 0, "queue_size_before_schedule": 1, "batch_size_after_schedule": 0, "running_requests_id_list": [202], "rest_time": [0.3600962162017822]}
goodput: 107, total_request: 107
{"batch_size": 0, "time": 1714362883.4530437, "queue_size_before_schedule": 0, "msg": "emptyqueue"}
{"batch_size": 1, "time": 1714362906.8712182, "high_priority_count": 1, "low_priority_count": 0, "queue_size_before_schedule": 1, "batch_size_after_schedule": 0, "running_requests_id_list": [205], "rest_time": [0.3850088119506836]}
goodput: 108, total_request: 108
{"batch_size": 0, "time": 1714362906.9573574, "queue_size_before_schedule": 0, "msg": "emptyqueue"}
{"batch_size": 1, "time": 1714362911.0141602, "high_priority_count": 1, "low_priority_count": 0, "queue_size_before_schedule": 1, "batch_size_after_schedule": 0, "running_requests_id_list": [206], "rest_time": [0.39957451820373535]}
goodput: 109, total_request: 109
{"batch_size": 0, "time": 1714362911.1020825, "queue_size_before_schedule": 0, "msg": "emptyqueue"}
{"batch_size": 1, "time": 1714362919.269017, "high_priority_count": 1, "low_priority_count": 0, "queue_size_before_schedule": 1, "batch_size_after_schedule": 0, "running_requests_id_list": [211], "rest_time": [0.34540724754333496]}
goodput: 110, total_request: 110
{"batch_size": 0, "time": 1714362919.3736038, "queue_size_before_schedule": 0, "msg": "emptyqueue"}
{"batch_size": 1, "time": 1714362922.000638, "high_priority_count": 1, "low_priority_count": 0, "queue_size_before_schedule": 1, "batch_size_after_schedule": 0, "running_requests_id_list": [213], "rest_time": [0.233168363571167]}
goodput: 111, total_request: 111
{"batch_size": 0, "time": 1714362922.0955966, "queue_size_before_schedule": 0, "msg": "emptyqueue"}
{"batch_size": 1, "time": 1714362942.1232765, "high_priority_count": 1, "low_priority_count": 0, "queue_size_before_schedule": 1, "batch_size_after_schedule": 0, "running_requests_id_list": [214], "rest_time": [0.20162248611450195]}
goodput: 112, total_request: 112
{"batch_size": 0, "time": 1714362942.2116823, "queue_size_before_schedule": 0, "msg": "emptyqueue"}
{"batch_size": 1, "time": 1714362945.365381, "high_priority_count": 1, "low_priority_count": 0, "queue_size_before_schedule": 1, "batch_size_after_schedule": 0, "running_requests_id_list": [215], "rest_time": [0.29726362228393555]}
goodput: 113, total_request: 113
{"batch_size": 0, "time": 1714362945.469123, "queue_size_before_schedule": 0, "msg": "emptyqueue"}
{"batch_size": 1, "time": 1714362979.6845222, "high_priority_count": 1, "low_priority_count": 0, "queue_size_before_schedule": 1, "batch_size_after_schedule": 0, "running_requests_id_list": [220], "rest_time": [0.40991902351379395]}
goodput: 114, total_request: 114
{"batch_size": 0, "time": 1714362979.7758238, "queue_size_before_schedule": 0, "msg": "emptyqueue"}
{"batch_size": 1, "time": 1714362991.6424682, "high_priority_count": 1, "low_priority_count": 0, "queue_size_before_schedule": 1, "batch_size_after_schedule": 0, "running_requests_id_list": [222], "rest_time": [0.328510046005249]}
goodput: 115, total_request: 115
{"batch_size": 0, "time": 1714362991.7704184, "queue_size_before_schedule": 0, "msg": "emptyqueue"}
{"batch_size": 1, "time": 1714362992.6750746, "high_priority_count": 1, "low_priority_count": 0, "queue_size_before_schedule": 1, "batch_size_after_schedule": 0, "running_requests_id_list": [223], "rest_time": [0.21874547004699707]}
goodput: 116, total_request: 116
{"batch_size": 0, "time": 1714362992.764451, "queue_size_before_schedule": 0, "msg": "emptyqueue"}
{"batch_size": 1, "time": 1714362994.4341369, "high_priority_count": 1, "low_priority_count": 0, "queue_size_before_schedule": 1, "batch_size_after_schedule": 0, "running_requests_id_list": [227], "rest_time": [0.36522912979125977]}
goodput: 117, total_request: 117
{"batch_size": 0, "time": 1714362994.5291693, "queue_size_before_schedule": 0, "msg": "emptyqueue"}
{"batch_size": 1, "time": 1714362998.4914906, "high_priority_count": 1, "low_priority_count": 0, "queue_size_before_schedule": 1, "batch_size_after_schedule": 0, "running_requests_id_list": [231], "rest_time": [0.3598802089691162]}
goodput: 118, total_request: 118
{"batch_size": 0, "time": 1714362998.5791626, "queue_size_before_schedule": 0, "msg": "emptyqueue"}
{"batch_size": 1, "time": 1714363000.687238, "high_priority_count": 1, "low_priority_count": 0, "queue_size_before_schedule": 1, "batch_size_after_schedule": 0, "running_requests_id_list": [232], "rest_time": [0.16739583015441895]}
goodput: 119, total_request: 119
{"batch_size": 0, "time": 1714363000.7675776, "queue_size_before_schedule": 0, "msg": "emptyqueue"}
{"batch_size": 1, "time": 1714363003.4643028, "high_priority_count": 1, "low_priority_count": 0, "queue_size_before_schedule": 1, "batch_size_after_schedule": 0, "running_requests_id_list": [234], "rest_time": [0.311398983001709]}
goodput: 120, total_request: 120
{"batch_size": 0, "time": 1714363003.543838, "queue_size_before_schedule": 0, "msg": "emptyqueue"}
{"batch_size": 1, "time": 1714363004.675886, "high_priority_count": 1, "low_priority_count": 0, "queue_size_before_schedule": 1, "batch_size_after_schedule": 0, "running_requests_id_list": [235], "rest_time": [0.37201476097106934]}
goodput: 121, total_request: 121
{"batch_size": 0, "time": 1714363004.780111, "queue_size_before_schedule": 0, "msg": "emptyqueue"}
{"batch_size": 1, "time": 1714363005.884629, "high_priority_count": 1, "low_priority_count": 0, "queue_size_before_schedule": 1, "batch_size_after_schedule": 0, "running_requests_id_list": [238], "rest_time": [0.327101469039917]}
goodput: 122, total_request: 122
{"batch_size": 0, "time": 1714363005.962572, "queue_size_before_schedule": 0, "msg": "emptyqueue"}
{"batch_size": 1, "time": 1714363008.0149367, "high_priority_count": 1, "low_priority_count": 0, "queue_size_before_schedule": 1, "batch_size_after_schedule": 0, "running_requests_id_list": [241], "rest_time": [0.3751184940338135]}
goodput: 123, total_request: 123
{"batch_size": 0, "time": 1714363008.0940983, "queue_size_before_schedule": 0, "msg": "emptyqueue"}
{"batch_size": 1, "time": 1714363009.024134, "high_priority_count": 1, "low_priority_count": 0, "queue_size_before_schedule": 1, "batch_size_after_schedule": 0, "running_requests_id_list": [243], "rest_time": [0.3454601764678955]}
goodput: 124, total_request: 124
{"batch_size": 0, "time": 1714363009.1005516, "queue_size_before_schedule": 0, "msg": "emptyqueue"}
{"batch_size": 1, "time": 1714363012.2228248, "high_priority_count": 1, "low_priority_count": 0, "queue_size_before_schedule": 1, "batch_size_after_schedule": 0, "running_requests_id_list": [244], "rest_time": [0.4316387176513672]}
goodput: 125, total_request: 125
{"batch_size": 0, "time": 1714363012.3864582, "queue_size_before_schedule": 0, "msg": "emptyqueue"}
{"batch_size": 1, "time": 1714363013.6166563, "high_priority_count": 1, "low_priority_count": 0, "queue_size_before_schedule": 1, "batch_size_after_schedule": 0, "running_requests_id_list": [246], "rest_time": [0.2799794673919678]}
goodput: 126, total_request: 126
{"batch_size": 0, "time": 1714363013.6974864, "queue_size_before_schedule": 0, "msg": "emptyqueue"}
{"batch_size": 1, "time": 1714363016.9792407, "high_priority_count": 1, "low_priority_count": 0, "queue_size_before_schedule": 1, "batch_size_after_schedule": 0, "running_requests_id_list": [247], "rest_time": [0.23448848724365234]}
goodput: 127, total_request: 127
{"batch_size": 0, "time": 1714363017.1021514, "queue_size_before_schedule": 0, "msg": "emptyqueue"}
{"batch_size": 1, "time": 1714363018.383796, "high_priority_count": 1, "low_priority_count": 0, "queue_size_before_schedule": 1, "batch_size_after_schedule": 0, "running_requests_id_list": [248], "rest_time": [0.15453839302062988]}
goodput: 128, total_request: 128
{"batch_size": 0, "time": 1714363018.461898, "queue_size_before_schedule": 0, "msg": "emptyqueue"}
{"batch_size": 1, "time": 1714363020.2354066, "high_priority_count": 1, "low_priority_count": 0, "queue_size_before_schedule": 1, "batch_size_after_schedule": 0, "running_requests_id_list": [251], "rest_time": [0.26566004753112793]}
goodput: 129, total_request: 129
{"batch_size": 0, "time": 1714363020.3124032, "queue_size_before_schedule": 0, "msg": "emptyqueue"}
{"batch_size": 1, "time": 1714363070.0380619, "high_priority_count": 1, "low_priority_count": 0, "queue_size_before_schedule": 1, "batch_size_after_schedule": 0, "running_requests_id_list": [252], "rest_time": [0.2544529438018799]}
goodput: 130, total_request: 130
{"batch_size": 0, "time": 1714363070.1238625, "queue_size_before_schedule": 0, "msg": "emptyqueue"}
{"batch_size": 1, "time": 1714363072.2512112, "high_priority_count": 1, "low_priority_count": 0, "queue_size_before_schedule": 1, "batch_size_after_schedule": 0, "running_requests_id_list": [254], "rest_time": [0.42853641510009766]}
goodput: 131, total_request: 131
{"batch_size": 0, "time": 1714363072.3292754, "queue_size_before_schedule": 0, "msg": "emptyqueue"}
{"batch_size": 1, "time": 1714363079.1036918, "high_priority_count": 1, "low_priority_count": 0, "queue_size_before_schedule": 1, "batch_size_after_schedule": 0, "running_requests_id_list": [255], "rest_time": [0.3866086006164551]}
goodput: 132, total_request: 132
{"batch_size": 0, "time": 1714363079.189088, "queue_size_before_schedule": 0, "msg": "emptyqueue"}
{"batch_size": 1, "time": 1714363093.9370472, "high_priority_count": 1, "low_priority_count": 0, "queue_size_before_schedule": 1, "batch_size_after_schedule": 0, "running_requests_id_list": [256], "rest_time": [0.25748586654663086]}
goodput: 133, total_request: 133
{"batch_size": 0, "time": 1714363094.0275288, "queue_size_before_schedule": 0, "msg": "emptyqueue"}
{"batch_size": 1, "time": 1714363118.8302412, "high_priority_count": 1, "low_priority_count": 0, "queue_size_before_schedule": 1, "batch_size_after_schedule": 0, "running_requests_id_list": [258], "rest_time": [0.38045644760131836]}
goodput: 134, total_request: 134
{"batch_size": 0, "time": 1714363119.048051, "queue_size_before_schedule": 0, "msg": "emptyqueue"}
{"batch_size": 1, "time": 1714363122.9888542, "high_priority_count": 1, "low_priority_count": 0, "queue_size_before_schedule": 1, "batch_size_after_schedule": 0, "running_requests_id_list": [263], "rest_time": [0.23763012886047363]}
goodput: 135, total_request: 135
{"batch_size": 0, "time": 1714363123.083163, "queue_size_before_schedule": 0, "msg": "emptyqueue"}
{"batch_size": 1, "time": 1714363126.946529, "high_priority_count": 1, "low_priority_count": 0, "queue_size_before_schedule": 1, "batch_size_after_schedule": 0, "running_requests_id_list": [266], "rest_time": [0.38651180267333984]}
goodput: 136, total_request: 136
{"batch_size": 0, "time": 1714363127.0439963, "queue_size_before_schedule": 0, "msg": "emptyqueue"}
{"batch_size": 1, "time": 1714363129.4192972, "high_priority_count": 1, "low_priority_count": 0, "queue_size_before_schedule": 1, "batch_size_after_schedule": 0, "running_requests_id_list": [267], "rest_time": [0.3633310794830322]}
goodput: 137, total_request: 137
{"batch_size": 0, "time": 1714363129.6072981, "queue_size_before_schedule": 0, "msg": "emptyqueue"}
{"batch_size": 1, "time": 1714363131.9399705, "high_priority_count": 1, "low_priority_count": 0, "queue_size_before_schedule": 1, "batch_size_after_schedule": 0, "running_requests_id_list": [272], "rest_time": [0.2900881767272949]}
goodput: 138, total_request: 138
{"batch_size": 0, "time": 1714363132.0596592, "queue_size_before_schedule": 0, "msg": "emptyqueue"}
{"batch_size": 1, "time": 1714363133.1615827, "high_priority_count": 1, "low_priority_count": 0, "queue_size_before_schedule": 1, "batch_size_after_schedule": 0, "running_requests_id_list": [274], "rest_time": [0.23246431350708008]}
goodput: 139, total_request: 139
{"batch_size": 0, "time": 1714363133.2582114, "queue_size_before_schedule": 0, "msg": "emptyqueue"}
{"batch_size": 1, "time": 1714363135.1982417, "high_priority_count": 1, "low_priority_count": 0, "queue_size_before_schedule": 1, "batch_size_after_schedule": 0, "running_requests_id_list": [277], "rest_time": [0.3348245620727539]}
goodput: 140, total_request: 140
{"batch_size": 0, "time": 1714363135.2773578, "queue_size_before_schedule": 0, "msg": "emptyqueue"}
{"batch_size": 1, "time": 1714363138.2864625, "high_priority_count": 1, "low_priority_count": 0, "queue_size_before_schedule": 1, "batch_size_after_schedule": 0, "running_requests_id_list": [280], "rest_time": [0.3076291084289551]}
goodput: 141, total_request: 141
{"batch_size": 0, "time": 1714363138.3721457, "queue_size_before_schedule": 0, "msg": "emptyqueue"}
{"batch_size": 1, "time": 1714363180.5025384, "high_priority_count": 1, "low_priority_count": 0, "queue_size_before_schedule": 1, "batch_size_after_schedule": 0, "running_requests_id_list": [281], "rest_time": [0.26148080825805664]}
goodput: 142, total_request: 142
{"batch_size": 0, "time": 1714363180.600295, "queue_size_before_schedule": 0, "msg": "emptyqueue"}
{"batch_size": 1, "time": 1714363185.422447, "high_priority_count": 1, "low_priority_count": 0, "queue_size_before_schedule": 1, "batch_size_after_schedule": 0, "running_requests_id_list": [282], "rest_time": [0.23033642768859863]}
goodput: 143, total_request: 143
{"batch_size": 0, "time": 1714363185.506067, "queue_size_before_schedule": 0, "msg": "emptyqueue"}
{"batch_size": 1, "time": 1714363190.5630035, "high_priority_count": 1, "low_priority_count": 0, "queue_size_before_schedule": 1, "batch_size_after_schedule": 0, "running_requests_id_list": [286], "rest_time": [0.2056257724761963]}
goodput: 144, total_request: 144
{"batch_size": 0, "time": 1714363190.659574, "queue_size_before_schedule": 0, "msg": "emptyqueue"}
{"batch_size": 1, "time": 1714363192.3740513, "high_priority_count": 1, "low_priority_count": 0, "queue_size_before_schedule": 1, "batch_size_after_schedule": 0, "running_requests_id_list": [288], "rest_time": [0.36392712593078613]}
goodput: 145, total_request: 145
{"batch_size": 0, "time": 1714363192.4641495, "queue_size_before_schedule": 0, "msg": "emptyqueue"}
{"batch_size": 1, "time": 1714363200.156238, "high_priority_count": 1, "low_priority_count": 0, "queue_size_before_schedule": 1, "batch_size_after_schedule": 0, "running_requests_id_list": [289], "rest_time": [0.18174004554748535]}
goodput: 146, total_request: 146
{"batch_size": 0, "time": 1714363200.312372, "queue_size_before_schedule": 0, "msg": "emptyqueue"}
{"batch_size": 1, "time": 1714363203.2315602, "high_priority_count": 1, "low_priority_count": 0, "queue_size_before_schedule": 1, "batch_size_after_schedule": 0, "running_requests_id_list": [291], "rest_time": [0.2889387607574463]}
goodput: 147, total_request: 147
{"batch_size": 0, "time": 1714363203.3183053, "queue_size_before_schedule": 0, "msg": "emptyqueue"}
{"batch_size": 1, "time": 1714363212.3418424, "high_priority_count": 1, "low_priority_count": 0, "queue_size_before_schedule": 1, "batch_size_after_schedule": 0, "running_requests_id_list": [292], "rest_time": [0.4472522735595703]}
goodput: 148, total_request: 148
{"batch_size": 0, "time": 1714363212.4265368, "queue_size_before_schedule": 0, "msg": "emptyqueue"}
{"batch_size": 1, "time": 1714363213.3247528, "high_priority_count": 1, "low_priority_count": 0, "queue_size_before_schedule": 1, "batch_size_after_schedule": 0, "running_requests_id_list": [295], "rest_time": [0.31640148162841797]}
goodput: 149, total_request: 149
{"batch_size": 0, "time": 1714363213.4412074, "queue_size_before_schedule": 0, "msg": "emptyqueue"}
{"batch_size": 1, "time": 1714363214.6671293, "high_priority_count": 1, "low_priority_count": 0, "queue_size_before_schedule": 1, "batch_size_after_schedule": 0, "running_requests_id_list": [297], "rest_time": [0.2695338726043701]}
goodput: 150, total_request: 150
{"batch_size": 0, "time": 1714363214.7503903, "queue_size_before_schedule": 0, "msg": "emptyqueue"}
{"batch_size": 1, "time": 1714363217.8820865, "high_priority_count": 1, "low_priority_count": 0, "queue_size_before_schedule": 1, "batch_size_after_schedule": 0, "running_requests_id_list": [300], "rest_time": [0.44211316108703613]}
goodput: 151, total_request: 151
{"batch_size": 0, "time": 1714363217.9700794, "queue_size_before_schedule": 0, "msg": "emptyqueue"}
{"batch_size": 1, "time": 1714363221.4804165, "high_priority_count": 1, "low_priority_count": 0, "queue_size_before_schedule": 1, "batch_size_after_schedule": 0, "running_requests_id_list": [301], "rest_time": [0.41408634185791016]}
goodput: 152, total_request: 152
{"batch_size": 0, "time": 1714363221.5635076, "queue_size_before_schedule": 0, "msg": "emptyqueue"}
{"batch_size": 1, "time": 1714363228.0798106, "high_priority_count": 1, "low_priority_count": 0, "queue_size_before_schedule": 1, "batch_size_after_schedule": 0, "running_requests_id_list": [303], "rest_time": [0.33967041969299316]}
goodput: 153, total_request: 153
{"batch_size": 0, "time": 1714363228.1639438, "queue_size_before_schedule": 0, "msg": "emptyqueue"}
{"batch_size": 1, "time": 1714363231.5951495, "high_priority_count": 1, "low_priority_count": 0, "queue_size_before_schedule": 1, "batch_size_after_schedule": 0, "running_requests_id_list": [304], "rest_time": [0.28989529609680176]}
goodput: 154, total_request: 154
{"batch_size": 0, "time": 1714363231.673361, "queue_size_before_schedule": 0, "msg": "emptyqueue"}
{"batch_size": 1, "time": 1714363235.592286, "high_priority_count": 1, "low_priority_count": 0, "queue_size_before_schedule": 1, "batch_size_after_schedule": 0, "running_requests_id_list": [309], "rest_time": [0.4158287048339844]}
goodput: 155, total_request: 155
{"batch_size": 0, "time": 1714363235.6815271, "queue_size_before_schedule": 0, "msg": "emptyqueue"}
{"batch_size": 1, "time": 1714363237.3636224, "high_priority_count": 1, "low_priority_count": 0, "queue_size_before_schedule": 1, "batch_size_after_schedule": 0, "running_requests_id_list": [311], "rest_time": [0.2176675796508789]}
goodput: 156, total_request: 156
{"batch_size": 0, "time": 1714363237.4840562, "queue_size_before_schedule": 0, "msg": "emptyqueue"}
{"batch_size": 1, "time": 1714363238.4411845, "high_priority_count": 1, "low_priority_count": 0, "queue_size_before_schedule": 1, "batch_size_after_schedule": 0, "running_requests_id_list": [313], "rest_time": [0.26134681701660156]}
goodput: 157, total_request: 157
{"batch_size": 0, "time": 1714363238.5193186, "queue_size_before_schedule": 0, "msg": "emptyqueue"}
{"batch_size": 1, "time": 1714363243.6774833, "high_priority_count": 1, "low_priority_count": 0, "queue_size_before_schedule": 1, "batch_size_after_schedule": 0, "running_requests_id_list": [320], "rest_time": [0.48119282722473145]}
goodput: 158, total_request: 158
{"batch_size": 0, "time": 1714363243.9149508, "queue_size_before_schedule": 0, "msg": "emptyqueue"}
{"batch_size": 1, "time": 1714363248.6444626, "high_priority_count": 1, "low_priority_count": 0, "queue_size_before_schedule": 1, "batch_size_after_schedule": 0, "running_requests_id_list": [324], "rest_time": [0.3672771453857422]}
goodput: 159, total_request: 159
{"batch_size": 0, "time": 1714363248.7351658, "queue_size_before_schedule": 0, "msg": "emptyqueue"}
{"batch_size": 1, "time": 1714363252.0424724, "high_priority_count": 1, "low_priority_count": 0, "queue_size_before_schedule": 1, "batch_size_after_schedule": 0, "running_requests_id_list": [327], "rest_time": [0.3616518974304199]}
goodput: 160, total_request: 160
{"batch_size": 0, "time": 1714363252.1306143, "queue_size_before_schedule": 0, "msg": "emptyqueue"}
{"batch_size": 1, "time": 1714363256.6585805, "high_priority_count": 1, "low_priority_count": 0, "queue_size_before_schedule": 1, "batch_size_after_schedule": 0, "running_requests_id_list": [328], "rest_time": [0.2916717529296875]}
goodput: 161, total_request: 161
{"batch_size": 0, "time": 1714363256.8027222, "queue_size_before_schedule": 0, "msg": "emptyqueue"}
{"batch_size": 1, "time": 1714363258.2346292, "high_priority_count": 1, "low_priority_count": 0, "queue_size_before_schedule": 1, "batch_size_after_schedule": 0, "running_requests_id_list": [331], "rest_time": [0.32105374336242676]}
goodput: 162, total_request: 162
{"batch_size": 0, "time": 1714363258.3134458, "queue_size_before_schedule": 0, "msg": "emptyqueue"}
{"batch_size": 1, "time": 1714363268.8260713, "high_priority_count": 1, "low_priority_count": 0, "queue_size_before_schedule": 1, "batch_size_after_schedule": 0, "running_requests_id_list": [336], "rest_time": [0.43842077255249023]}
goodput: 163, total_request: 163
{"batch_size": 0, "time": 1714363268.9157958, "queue_size_before_schedule": 0, "msg": "emptyqueue"}
{"batch_size": 1, "time": 1714363301.5936868, "high_priority_count": 1, "low_priority_count": 0, "queue_size_before_schedule": 1, "batch_size_after_schedule": 0, "running_requests_id_list": [337], "rest_time": [0.25322866439819336]}
goodput: 164, total_request: 164
{"batch_size": 0, "time": 1714363301.7510252, "queue_size_before_schedule": 0, "msg": "emptyqueue"}
{"batch_size": 1, "time": 1714363319.079981, "high_priority_count": 1, "low_priority_count": 0, "queue_size_before_schedule": 1, "batch_size_after_schedule": 0, "running_requests_id_list": [339], "rest_time": [0.20242595672607422]}
goodput: 165, total_request: 165
{"batch_size": 0, "time": 1714363319.1652324, "queue_size_before_schedule": 0, "msg": "emptyqueue"}
{"batch_size": 1, "time": 1714363338.6127415, "high_priority_count": 1, "low_priority_count": 0, "queue_size_before_schedule": 1, "batch_size_after_schedule": 0, "running_requests_id_list": [344], "rest_time": [0.37307119369506836]}
goodput: 166, total_request: 166
{"batch_size": 0, "time": 1714363338.6988976, "queue_size_before_schedule": 0, "msg": "emptyqueue"}
{"batch_size": 1, "time": 1714363370.8834758, "high_priority_count": 1, "low_priority_count": 0, "queue_size_before_schedule": 1, "batch_size_after_schedule": 0, "running_requests_id_list": [345], "rest_time": [0.42658209800720215]}
goodput: 167, total_request: 167
{"batch_size": 0, "time": 1714363371.0620794, "queue_size_before_schedule": 0, "msg": "emptyqueue"}
{"batch_size": 1, "time": 1714363373.7334435, "high_priority_count": 1, "low_priority_count": 0, "queue_size_before_schedule": 1, "batch_size_after_schedule": 0, "running_requests_id_list": [346], "rest_time": [0.32364845275878906]}
goodput: 168, total_request: 168
{"batch_size": 0, "time": 1714363373.8114393, "queue_size_before_schedule": 0, "msg": "emptyqueue"}
{"batch_size": 1, "time": 1714363389.717249, "high_priority_count": 1, "low_priority_count": 0, "queue_size_before_schedule": 1, "batch_size_after_schedule": 0, "running_requests_id_list": [348], "rest_time": [0.3432962894439697]}
goodput: 169, total_request: 169
{"batch_size": 0, "time": 1714363389.800318, "queue_size_before_schedule": 0, "msg": "emptyqueue"}
{"batch_size": 1, "time": 1714363395.139428, "high_priority_count": 1, "low_priority_count": 0, "queue_size_before_schedule": 1, "batch_size_after_schedule": 0, "running_requests_id_list": [350], "rest_time": [0.1720104217529297]}
goodput: 170, total_request: 170
{"batch_size": 0, "time": 1714363395.2179406, "queue_size_before_schedule": 0, "msg": "emptyqueue"}
{"batch_size": 1, "time": 1714363402.5677133, "high_priority_count": 1, "low_priority_count": 0, "queue_size_before_schedule": 1, "batch_size_after_schedule": 0, "running_requests_id_list": [352], "rest_time": [0.3290441036224365]}
goodput: 171, total_request: 171
{"batch_size": 0, "time": 1714363402.6586106, "queue_size_before_schedule": 0, "msg": "emptyqueue"}
{"batch_size": 1, "time": 1714363404.705964, "high_priority_count": 1, "low_priority_count": 0, "queue_size_before_schedule": 1, "batch_size_after_schedule": 0, "running_requests_id_list": [356], "rest_time": [0.3798227310180664]}
goodput: 172, total_request: 172
{"batch_size": 0, "time": 1714363404.799645, "queue_size_before_schedule": 0, "msg": "emptyqueue"}
{"batch_size": 1, "time": 1714363446.8472462, "high_priority_count": 1, "low_priority_count": 0, "queue_size_before_schedule": 1, "batch_size_after_schedule": 0, "running_requests_id_list": [357], "rest_time": [0.3403146266937256]}
goodput: 173, total_request: 173
{"batch_size": 0, "time": 1714363446.9398925, "queue_size_before_schedule": 0, "msg": "emptyqueue"}
{"batch_size": 1, "time": 1714363453.8780344, "high_priority_count": 1, "low_priority_count": 0, "queue_size_before_schedule": 1, "batch_size_after_schedule": 0, "running_requests_id_list": [362], "rest_time": [0.4413461685180664]}
goodput: 174, total_request: 174
{"batch_size": 0, "time": 1714363453.9560754, "queue_size_before_schedule": 0, "msg": "emptyqueue"}
{"batch_size": 1, "time": 1714363478.8301504, "high_priority_count": 1, "low_priority_count": 0, "queue_size_before_schedule": 1, "batch_size_after_schedule": 0, "running_requests_id_list": [363], "rest_time": [0.2964653968811035]}
goodput: 175, total_request: 175
{"batch_size": 0, "time": 1714363478.9234579, "queue_size_before_schedule": 0, "msg": "emptyqueue"}
{"batch_size": 1, "time": 1714363491.178062, "high_priority_count": 1, "low_priority_count": 0, "queue_size_before_schedule": 1, "batch_size_after_schedule": 0, "running_requests_id_list": [364], "rest_time": [0.39345502853393555]}
goodput: 176, total_request: 176
{"batch_size": 0, "time": 1714363491.257915, "queue_size_before_schedule": 0, "msg": "emptyqueue"}
{"batch_size": 1, "time": 1714363495.5553093, "high_priority_count": 1, "low_priority_count": 0, "queue_size_before_schedule": 1, "batch_size_after_schedule": 0, "running_requests_id_list": [369], "rest_time": [0.32176971435546875]}
goodput: 177, total_request: 177
{"batch_size": 0, "time": 1714363495.6426497, "queue_size_before_schedule": 0, "msg": "emptyqueue"}
{"batch_size": 1, "time": 1714363499.5910616, "high_priority_count": 1, "low_priority_count": 0, "queue_size_before_schedule": 1, "batch_size_after_schedule": 0, "running_requests_id_list": [373], "rest_time": [0.2787668704986572]}
goodput: 178, total_request: 178
{"batch_size": 0, "time": 1714363499.690668, "queue_size_before_schedule": 0, "msg": "emptyqueue"}
{"batch_size": 1, "time": 1714363505.585395, "high_priority_count": 1, "low_priority_count": 0, "queue_size_before_schedule": 1, "batch_size_after_schedule": 0, "running_requests_id_list": [374], "rest_time": [0.2131211757659912]}
goodput: 179, total_request: 179
{"batch_size": 0, "time": 1714363505.6654725, "queue_size_before_schedule": 0, "msg": "emptyqueue"}
{"batch_size": 1, "time": 1714363520.6189046, "high_priority_count": 1, "low_priority_count": 0, "queue_size_before_schedule": 1, "batch_size_after_schedule": 0, "running_requests_id_list": [375], "rest_time": [0.2212512493133545]}
goodput: 180, total_request: 180
{"batch_size": 0, "time": 1714363520.7060356, "queue_size_before_schedule": 0, "msg": "emptyqueue"}
{"batch_size": 1, "time": 1714363525.1107748, "high_priority_count": 1, "low_priority_count": 0, "queue_size_before_schedule": 1, "batch_size_after_schedule": 0, "running_requests_id_list": [380], "rest_time": [0.4142730236053467]}
goodput: 181, total_request: 181
{"batch_size": 0, "time": 1714363525.190363, "queue_size_before_schedule": 0, "msg": "emptyqueue"}
{"batch_size": 1, "time": 1714363536.7057211, "high_priority_count": 1, "low_priority_count": 0, "queue_size_before_schedule": 1, "batch_size_after_schedule": 0, "running_requests_id_list": [382], "rest_time": [0.44632935523986816]}
goodput: 182, total_request: 182
{"batch_size": 0, "time": 1714363536.7887099, "queue_size_before_schedule": 0, "msg": "emptyqueue"}
{"batch_size": 1, "time": 1714363551.927515, "high_priority_count": 1, "low_priority_count": 0, "queue_size_before_schedule": 1, "batch_size_after_schedule": 0, "running_requests_id_list": [384], "rest_time": [0.3715510368347168]}
goodput: 183, total_request: 183
{"batch_size": 0, "time": 1714363552.0139165, "queue_size_before_schedule": 0, "msg": "emptyqueue"}
{"batch_size": 1, "time": 1714363570.6814158, "high_priority_count": 1, "low_priority_count": 0, "queue_size_before_schedule": 1, "batch_size_after_schedule": 0, "running_requests_id_list": [387], "rest_time": [0.3177030086517334]}
goodput: 184, total_request: 184
{"batch_size": 0, "time": 1714363570.8046963, "queue_size_before_schedule": 0, "msg": "emptyqueue"}
{"batch_size": 1, "time": 1714363572.5541766, "high_priority_count": 1, "low_priority_count": 0, "queue_size_before_schedule": 1, "batch_size_after_schedule": 0, "running_requests_id_list": [389], "rest_time": [0.1929616928100586]}
goodput: 185, total_request: 185
{"batch_size": 0, "time": 1714363572.635677, "queue_size_before_schedule": 0, "msg": "emptyqueue"}
{"batch_size": 1, "time": 1714363582.1857746, "high_priority_count": 1, "low_priority_count": 0, "queue_size_before_schedule": 1, "batch_size_after_schedule": 0, "running_requests_id_list": [391], "rest_time": [0.2512650489807129]}
goodput: 186, total_request: 186
{"batch_size": 0, "time": 1714363582.275784, "queue_size_before_schedule": 0, "msg": "emptyqueue"}
{"batch_size": 1, "time": 1714363594.250742, "high_priority_count": 1, "low_priority_count": 0, "queue_size_before_schedule": 1, "batch_size_after_schedule": 0, "running_requests_id_list": [392], "rest_time": [0.3182709217071533]}
goodput: 187, total_request: 187
{"batch_size": 0, "time": 1714363594.340554, "queue_size_before_schedule": 0, "msg": "emptyqueue"}
{"batch_size": 1, "time": 1714363595.6163902, "high_priority_count": 1, "low_priority_count": 0, "queue_size_before_schedule": 1, "batch_size_after_schedule": 0, "running_requests_id_list": [393], "rest_time": [0.44997668266296387]}
goodput: 188, total_request: 188
{"batch_size": 0, "time": 1714363595.6934068, "queue_size_before_schedule": 0, "msg": "emptyqueue"}
{"batch_size": 1, "time": 1714363610.4732182, "high_priority_count": 1, "low_priority_count": 0, "queue_size_before_schedule": 1, "batch_size_after_schedule": 0, "running_requests_id_list": [396], "rest_time": [0.41103625297546387]}
goodput: 189, total_request: 189
{"batch_size": 0, "time": 1714363610.6708813, "queue_size_before_schedule": 0, "msg": "emptyqueue"}
{"batch_size": 1, "time": 1714363614.3178158, "high_priority_count": 1, "low_priority_count": 0, "queue_size_before_schedule": 1, "batch_size_after_schedule": 0, "running_requests_id_list": [397], "rest_time": [0.41220784187316895]}
goodput: 190, total_request: 190
{"batch_size": 0, "time": 1714363614.402028, "queue_size_before_schedule": 0, "msg": "emptyqueue"}
{"batch_size": 1, "time": 1714363615.708167, "high_priority_count": 1, "low_priority_count": 0, "queue_size_before_schedule": 1, "batch_size_after_schedule": 0, "running_requests_id_list": [398], "rest_time": [0.332958459854126]}
goodput: 191, total_request: 191
{"batch_size": 0, "time": 1714363615.7892454, "queue_size_before_schedule": 0, "msg": "emptyqueue"}
{"batch_size": 1, "time": 1714363621.2699733, "high_priority_count": 1, "low_priority_count": 0, "queue_size_before_schedule": 1, "batch_size_after_schedule": 0, "running_requests_id_list": [399], "rest_time": [0.35322117805480957]}
goodput: 192, total_request: 192
{"batch_size": 0, "time": 1714363621.3513105, "queue_size_before_schedule": 0, "msg": "emptyqueue"}
{"batch_size": 1, "time": 1714363626.4157445, "high_priority_count": 1, "low_priority_count": 0, "queue_size_before_schedule": 1, "batch_size_after_schedule": 0, "running_requests_id_list": [400], "rest_time": [0.25660014152526855]}
goodput: 193, total_request: 193
{"batch_size": 0, "time": 1714363626.4944618, "queue_size_before_schedule": 0, "msg": "emptyqueue"}
{"batch_size": 1, "time": 1714363628.794518, "high_priority_count": 1, "low_priority_count": 0, "queue_size_before_schedule": 1, "batch_size_after_schedule": 0, "running_requests_id_list": [404], "rest_time": [0.3193206787109375]}
goodput: 194, total_request: 194
{"batch_size": 0, "time": 1714363628.9073508, "queue_size_before_schedule": 0, "msg": "emptyqueue"}
{"batch_size": 1, "time": 1714363638.2494955, "high_priority_count": 1, "low_priority_count": 0, "queue_size_before_schedule": 1, "batch_size_after_schedule": 0, "running_requests_id_list": [405], "rest_time": [0.4757239818572998]}
goodput: 195, total_request: 195
{"batch_size": 0, "time": 1714363638.344969, "queue_size_before_schedule": 0, "msg": "emptyqueue"}
{"batch_size": 1, "time": 1714363644.623107, "high_priority_count": 1, "low_priority_count": 0, "queue_size_before_schedule": 1, "batch_size_after_schedule": 0, "running_requests_id_list": [407], "rest_time": [0.44036293029785156]}
goodput: 196, total_request: 196
{"batch_size": 0, "time": 1714363644.7045412, "queue_size_before_schedule": 0, "msg": "emptyqueue"}
{"batch_size": 1, "time": 1714363654.2615695, "high_priority_count": 1, "low_priority_count": 0, "queue_size_before_schedule": 1, "batch_size_after_schedule": 0, "running_requests_id_list": [409], "rest_time": [0.3336348533630371]}
goodput: 197, total_request: 197
{"batch_size": 0, "time": 1714363654.3427277, "queue_size_before_schedule": 0, "msg": "emptyqueue"}
{"batch_size": 1, "time": 1714363666.5587792, "high_priority_count": 1, "low_priority_count": 0, "queue_size_before_schedule": 1, "batch_size_after_schedule": 0, "running_requests_id_list": [412], "rest_time": [0.3355851173400879]}
goodput: 198, total_request: 198
{"batch_size": 0, "time": 1714363666.647879, "queue_size_before_schedule": 0, "msg": "emptyqueue"}
{"batch_size": 1, "time": 1714363675.0491962, "high_priority_count": 1, "low_priority_count": 0, "queue_size_before_schedule": 1, "batch_size_after_schedule": 0, "running_requests_id_list": [413], "rest_time": [0.36870908737182617]}
goodput: 199, total_request: 199
{"batch_size": 0, "time": 1714363675.2152882, "queue_size_before_schedule": 0, "msg": "emptyqueue"}
{"batch_size": 1, "time": 1714363679.8262956, "high_priority_count": 1, "low_priority_count": 0, "queue_size_before_schedule": 1, "batch_size_after_schedule": 0, "running_requests_id_list": [415], "rest_time": [0.26279425621032715]}
goodput: 200, total_request: 200
{"batch_size": 0, "time": 1714363679.9125915, "queue_size_before_schedule": 0, "msg": "emptyqueue"}
{"batch_size": 1, "time": 1714363682.1953716, "high_priority_count": 1, "low_priority_count": 0, "queue_size_before_schedule": 1, "batch_size_after_schedule": 0, "running_requests_id_list": [416], "rest_time": [0.280254602432251]}
goodput: 201, total_request: 201
{"batch_size": 0, "time": 1714363682.3356268, "queue_size_before_schedule": 0, "msg": "emptyqueue"}
{"batch_size": 1, "time": 1714363683.4998856, "high_priority_count": 1, "low_priority_count": 0, "queue_size_before_schedule": 1, "batch_size_after_schedule": 0, "running_requests_id_list": [417], "rest_time": [0.27777647972106934]}
goodput: 202, total_request: 202
{"batch_size": 0, "time": 1714363683.6207397, "queue_size_before_schedule": 0, "msg": "emptyqueue"}
{"batch_size": 1, "time": 1714363696.9660974, "high_priority_count": 1, "low_priority_count": 0, "queue_size_before_schedule": 1, "batch_size_after_schedule": 0, "running_requests_id_list": [419], "rest_time": [0.392559289932251]}
goodput: 203, total_request: 203
{"batch_size": 0, "time": 1714363697.0898712, "queue_size_before_schedule": 0, "msg": "emptyqueue"}
{"batch_size": 1, "time": 1714363697.9706197, "high_priority_count": 1, "low_priority_count": 0, "queue_size_before_schedule": 1, "batch_size_after_schedule": 0, "running_requests_id_list": [421], "rest_time": [0.09528732299804688]}
goodput: 204, total_request: 204
{"batch_size": 0, "time": 1714363698.0480268, "queue_size_before_schedule": 0, "msg": "emptyqueue"}
{"batch_size": 1, "time": 1714363701.856603, "high_priority_count": 1, "low_priority_count": 0, "queue_size_before_schedule": 1, "batch_size_after_schedule": 0, "running_requests_id_list": [427], "rest_time": [0.2960078716278076]}
goodput: 205, total_request: 205
{"batch_size": 0, "time": 1714363701.9336383, "queue_size_before_schedule": 0, "msg": "emptyqueue"}
{"batch_size": 1, "time": 1714363705.7129395, "high_priority_count": 1, "low_priority_count": 0, "queue_size_before_schedule": 1, "batch_size_after_schedule": 0, "running_requests_id_list": [428], "rest_time": [0.2881462574005127]}
goodput: 206, total_request: 206
{"batch_size": 0, "time": 1714363705.8549473, "queue_size_before_schedule": 0, "msg": "emptyqueue"}
{"batch_size": 1, "time": 1714363706.8020053, "high_priority_count": 1, "low_priority_count": 0, "queue_size_before_schedule": 1, "batch_size_after_schedule": 0, "running_requests_id_list": [432], "rest_time": [0.13918280601501465]}
goodput: 207, total_request: 207
{"batch_size": 0, "time": 1714363706.8798409, "queue_size_before_schedule": 0, "msg": "emptyqueue"}
{"batch_size": 1, "time": 1714363714.6239269, "high_priority_count": 1, "low_priority_count": 0, "queue_size_before_schedule": 1, "batch_size_after_schedule": 0, "running_requests_id_list": [433], "rest_time": [0.31630611419677734]}
goodput: 208, total_request: 208
{"batch_size": 0, "time": 1714363714.7463918, "queue_size_before_schedule": 0, "msg": "emptyqueue"}
{"batch_size": 1, "time": 1714363715.9643073, "high_priority_count": 1, "low_priority_count": 0, "queue_size_before_schedule": 1, "batch_size_after_schedule": 0, "running_requests_id_list": [437], "rest_time": [0.4072868824005127]}
goodput: 209, total_request: 209
{"batch_size": 0, "time": 1714363716.0408597, "queue_size_before_schedule": 0, "msg": "emptyqueue"}
{"batch_size": 1, "time": 1714363735.1930838, "high_priority_count": 1, "low_priority_count": 0, "queue_size_before_schedule": 1, "batch_size_after_schedule": 0, "running_requests_id_list": [439], "rest_time": [0.3567330837249756]}
goodput: 210, total_request: 210
{"batch_size": 0, "time": 1714363735.2799168, "queue_size_before_schedule": 0, "msg": "emptyqueue"}
{"batch_size": 1, "time": 1714363736.6322174, "high_priority_count": 1, "low_priority_count": 0, "queue_size_before_schedule": 1, "batch_size_after_schedule": 0, "running_requests_id_list": [440], "rest_time": [0.32820796966552734]}
goodput: 211, total_request: 211
{"batch_size": 0, "time": 1714363736.7116401, "queue_size_before_schedule": 0, "msg": "emptyqueue"}
{"batch_size": 1, "time": 1714363752.0997863, "high_priority_count": 1, "low_priority_count": 0, "queue_size_before_schedule": 1, "batch_size_after_schedule": 0, "running_requests_id_list": [442], "rest_time": [0.3957645893096924]}
goodput: 212, total_request: 212
{"batch_size": 0, "time": 1714363752.3142805, "queue_size_before_schedule": 0, "msg": "emptyqueue"}
{"batch_size": 1, "time": 1714363756.2154694, "high_priority_count": 1, "low_priority_count": 0, "queue_size_before_schedule": 1, "batch_size_after_schedule": 0, "running_requests_id_list": [443], "rest_time": [0.4396097660064697]}
goodput: 213, total_request: 213
{"batch_size": 0, "time": 1714363756.2939122, "queue_size_before_schedule": 0, "msg": "emptyqueue"}
{"batch_size": 1, "time": 1714363771.5821242, "high_priority_count": 1, "low_priority_count": 0, "queue_size_before_schedule": 1, "batch_size_after_schedule": 0, "running_requests_id_list": [444], "rest_time": [0.3565800189971924]}
goodput: 214, total_request: 214
{"batch_size": 0, "time": 1714363771.6702735, "queue_size_before_schedule": 0, "msg": "emptyqueue"}
{"batch_size": 1, "time": 1714363781.539235, "high_priority_count": 1, "low_priority_count": 0, "queue_size_before_schedule": 1, "batch_size_after_schedule": 0, "running_requests_id_list": [445], "rest_time": [0.42429494857788086]}
goodput: 215, total_request: 215
{"batch_size": 0, "time": 1714363781.6203754, "queue_size_before_schedule": 0, "msg": "emptyqueue"}
{"batch_size": 1, "time": 1714363782.917664, "high_priority_count": 1, "low_priority_count": 0, "queue_size_before_schedule": 1, "batch_size_after_schedule": 0, "running_requests_id_list": [451], "rest_time": [0.3498983383178711]}
goodput: 216, total_request: 216
{"batch_size": 0, "time": 1714363783.0400426, "queue_size_before_schedule": 0, "msg": "emptyqueue"}
{"batch_size": 1, "time": 1714363783.7789428, "high_priority_count": 1, "low_priority_count": 0, "queue_size_before_schedule": 1, "batch_size_after_schedule": 0, "running_requests_id_list": [456], "rest_time": [0.1355123519897461]}
goodput: 217, total_request: 217
{"batch_size": 0, "time": 1714363783.8570461, "queue_size_before_schedule": 0, "msg": "emptyqueue"}
{"batch_size": 1, "time": 1714363785.4490688, "high_priority_count": 1, "low_priority_count": 0, "queue_size_before_schedule": 1, "batch_size_after_schedule": 0, "running_requests_id_list": [457], "rest_time": [0.3500981330871582]}
goodput: 218, total_request: 218
{"batch_size": 0, "time": 1714363785.5270286, "queue_size_before_schedule": 0, "msg": "emptyqueue"}
{"batch_size": 1, "time": 1714363787.6069522, "high_priority_count": 1, "low_priority_count": 0, "queue_size_before_schedule": 1, "batch_size_after_schedule": 0, "running_requests_id_list": [459], "rest_time": [0.3964877128601074]}
goodput: 219, total_request: 219
{"batch_size": 0, "time": 1714363787.687951, "queue_size_before_schedule": 0, "msg": "emptyqueue"}
{"batch_size": 1, "time": 1714363792.7303379, "high_priority_count": 1, "low_priority_count": 0, "queue_size_before_schedule": 1, "batch_size_after_schedule": 0, "running_requests_id_list": [460], "rest_time": [0.3548130989074707]}
goodput: 220, total_request: 220
{"batch_size": 0, "time": 1714363792.8104556, "queue_size_before_schedule": 0, "msg": "emptyqueue"}
{"batch_size": 1, "time": 1714363793.8491192, "high_priority_count": 1, "low_priority_count": 0, "queue_size_before_schedule": 1, "batch_size_after_schedule": 0, "running_requests_id_list": [462], "rest_time": [0.386765718460083]}
goodput: 221, total_request: 221
{"batch_size": 0, "time": 1714363793.9440665, "queue_size_before_schedule": 0, "msg": "emptyqueue"}
{"batch_size": 1, "time": 1714363815.1527727, "high_priority_count": 1, "low_priority_count": 0, "queue_size_before_schedule": 1, "batch_size_after_schedule": 0, "running_requests_id_list": [463], "rest_time": [0.26781463623046875]}
goodput: 222, total_request: 222
{"batch_size": 0, "time": 1714363815.2427177, "queue_size_before_schedule": 0, "msg": "emptyqueue"}
{"batch_size": 1, "time": 1714363819.1784022, "high_priority_count": 1, "low_priority_count": 0, "queue_size_before_schedule": 1, "batch_size_after_schedule": 0, "running_requests_id_list": [464], "rest_time": [0.482724666595459]}
goodput: 223, total_request: 223
{"batch_size": 0, "time": 1714363819.2593338, "queue_size_before_schedule": 0, "msg": "emptyqueue"}
{"batch_size": 1, "time": 1714363821.0397968, "high_priority_count": 1, "low_priority_count": 0, "queue_size_before_schedule": 1, "batch_size_after_schedule": 0, "running_requests_id_list": [468], "rest_time": [0.2916679382324219]}
goodput: 224, total_request: 224
{"batch_size": 0, "time": 1714363821.1194315, "queue_size_before_schedule": 0, "msg": "emptyqueue"}
{"batch_size": 1, "time": 1714363823.584976, "high_priority_count": 1, "low_priority_count": 0, "queue_size_before_schedule": 1, "batch_size_after_schedule": 0, "running_requests_id_list": [470], "rest_time": [0.3725109100341797]}
goodput: 225, total_request: 225
{"batch_size": 0, "time": 1714363823.662503, "queue_size_before_schedule": 0, "msg": "emptyqueue"}
{"batch_size": 1, "time": 1714363824.9800491, "high_priority_count": 1, "low_priority_count": 0, "queue_size_before_schedule": 1, "batch_size_after_schedule": 0, "running_requests_id_list": [473], "rest_time": [0.35258936882019043]}
goodput: 226, total_request: 226
{"batch_size": 0, "time": 1714363825.059699, "queue_size_before_schedule": 0, "msg": "emptyqueue"}
{"batch_size": 1, "time": 1714363831.339672, "high_priority_count": 1, "low_priority_count": 0, "queue_size_before_schedule": 1, "batch_size_after_schedule": 0, "running_requests_id_list": [474], "rest_time": [0.3787729740142822]}
goodput: 227, total_request: 227
{"batch_size": 0, "time": 1714363831.4237854, "queue_size_before_schedule": 0, "msg": "emptyqueue"}
{"batch_size": 1, "time": 1714363834.9836197, "high_priority_count": 1, "low_priority_count": 0, "queue_size_before_schedule": 1, "batch_size_after_schedule": 0, "running_requests_id_list": [476], "rest_time": [0.314697265625]}
goodput: 228, total_request: 228
{"batch_size": 0, "time": 1714363835.0640256, "queue_size_before_schedule": 0, "msg": "emptyqueue"}
{"batch_size": 1, "time": 1714363838.279924, "high_priority_count": 1, "low_priority_count": 0, "queue_size_before_schedule": 1, "batch_size_after_schedule": 0, "running_requests_id_list": [477], "rest_time": [0.279646635055542]}
goodput: 229, total_request: 229
{"batch_size": 0, "time": 1714363838.3994594, "queue_size_before_schedule": 0, "msg": "emptyqueue"}
{"batch_size": 1, "time": 1714363839.468294, "high_priority_count": 1, "low_priority_count": 0, "queue_size_before_schedule": 1, "batch_size_after_schedule": 0, "running_requests_id_list": [479], "rest_time": [0.390960693359375]}
goodput: 230, total_request: 230
{"batch_size": 0, "time": 1714363839.5447705, "queue_size_before_schedule": 0, "msg": "emptyqueue"}
{"batch_size": 1, "time": 1714363847.6709263, "high_priority_count": 1, "low_priority_count": 0, "queue_size_before_schedule": 1, "batch_size_after_schedule": 0, "running_requests_id_list": [481], "rest_time": [0.3666565418243408]}
goodput: 231, total_request: 231
{"batch_size": 0, "time": 1714363847.8834157, "queue_size_before_schedule": 0, "msg": "emptyqueue"}
{"batch_size": 1, "time": 1714363850.4722352, "high_priority_count": 1, "low_priority_count": 0, "queue_size_before_schedule": 1, "batch_size_after_schedule": 0, "running_requests_id_list": [485], "rest_time": [0.437136173248291]}
goodput: 232, total_request: 232
{"batch_size": 0, "time": 1714363850.5578125, "queue_size_before_schedule": 0, "msg": "emptyqueue"}
{"batch_size": 1, "time": 1714363859.086892, "high_priority_count": 1, "low_priority_count": 0, "queue_size_before_schedule": 1, "batch_size_after_schedule": 0, "running_requests_id_list": [488], "rest_time": [0.23951244354248047]}
goodput: 233, total_request: 233
{"batch_size": 0, "time": 1714363859.1667805, "queue_size_before_schedule": 0, "msg": "emptyqueue"}
{"batch_size": 1, "time": 1714363873.2857807, "high_priority_count": 1, "low_priority_count": 0, "queue_size_before_schedule": 1, "batch_size_after_schedule": 0, "running_requests_id_list": [490], "rest_time": [0.4373135566711426]}
goodput: 234, total_request: 234
{"batch_size": 0, "time": 1714363873.3645256, "queue_size_before_schedule": 0, "msg": "emptyqueue"}
{"batch_size": 1, "time": 1714363878.234569, "high_priority_count": 1, "low_priority_count": 0, "queue_size_before_schedule": 1, "batch_size_after_schedule": 0, "running_requests_id_list": [492], "rest_time": [0.24657225608825684]}
goodput: 235, total_request: 235
