0号worker ---- good : 0 --- finish: 0 --- id: -1  
0号worker ---- good : 0 --- finish: 0 --- id: -1 -1 -1 -1  
0号worker ---- good : 1 --- finish: 1 --- id: 0  
0号worker ---- good : 2 --- finish: 2 --- id: 2  
0号worker ---- good : 3 --- finish: 3 --- id: 3  
0号worker ---- good : 4 --- finish: 4 --- id: 1  
0号worker ---- good : 5 --- finish: 5 --- id: 4  
0号worker ---- good : 6 --- finish: 6 --- id: 6  
0号worker ---- good : 6 --- finish: 7 --- id: 5  
0号worker ---- good : 7 --- finish: 8 --- id: 11  
0号worker ---- good : 8 --- finish: 9 --- id: 15  
0号worker ---- good : 10 --- finish: 11 --- id: 10 18  
0号worker ---- good : 11 --- finish: 12 --- id: 20  
0号worker ---- good : 12 --- finish: 13 --- id: 21  
0号worker ---- good : 13 --- finish: 14 --- id: 30  
0号worker ---- good : 14 --- finish: 15 --- id: 32  
0号worker ---- good : 15 --- finish: 16 --- id: 33  
0号worker ---- good : 17 --- finish: 18 --- id: 34 49  
0号worker ---- good : 18 --- finish: 19 --- id: 48  
0号worker ---- good : 19 --- finish: 20 --- id: 50  
0号worker ---- good : 20 --- finish: 21 --- id: 51  
0号worker ---- good : 22 --- finish: 23 --- id: 53 54  
0号worker ---- good : 23 --- finish: 24 --- id: 56  
0号worker ---- good : 23 --- finish: 25 --- id: 60  
0号worker ---- good : 25 --- finish: 27 --- id: 62 68  
0号worker ---- good : 26 --- finish: 28 --- id: 71  
0号worker ---- good : 27 --- finish: 29 --- id: 75  
0号worker ---- good : 28 --- finish: 30 --- id: 73  
0号worker ---- good : 29 --- finish: 31 --- id: 74  
0号worker ---- good : 30 --- finish: 33 --- id: 78 87  
0号worker ---- good : 32 --- finish: 35 --- id: 80 92  
0号worker ---- good : 32 --- finish: 36 --- id: 90  
0号worker ---- good : 33 --- finish: 38 --- id: 99 108  
0号worker ---- good : 34 --- finish: 40 --- id: 103 107  
0号worker ---- good : 34 --- finish: 41 --- id: 106  
0号worker ---- good : 35 --- finish: 42 --- id: 113  
0号worker ---- good : 36 --- finish: 43 --- id: 116  
0号worker ---- good : 37 --- finish: 44 --- id: 120  
0号worker ---- good : 37 --- finish: 45 --- id: 119  
0号worker ---- good : 38 --- finish: 46 --- id: 121  
0号worker ---- good : 39 --- finish: 47 --- id: 122  
0号worker ---- good : 40 --- finish: 48 --- id: 123  
0号worker ---- good : 41 --- finish: 49 --- id: 125  
0号worker ---- good : 41 --- finish: 50 --- id: 128  
0号worker ---- good : 42 --- finish: 51 --- id: 133  
0号worker ---- good : 43 --- finish: 52 --- id: 138  
0号worker ---- good : 44 --- finish: 53 --- id: 134  
0号worker ---- good : 44 --- finish: 54 --- id: 136  
0号worker ---- good : 44 --- finish: 55 --- id: 144  
0号worker ---- good : 45 --- finish: 57 --- id: 153 164  
0号worker ---- good : 46 --- finish: 58 --- id: 163  
0号worker ---- good : 47 --- finish: 60 --- id: 165 168  
0号worker ---- good : 48 --- finish: 61 --- id: 170  
0号worker ---- good : 50 --- finish: 63 --- id: 171 176  
0号worker ---- good : 51 --- finish: 64 --- id: 172  
0号worker ---- good : 52 --- finish: 65 --- id: 173  
0号worker ---- good : 52 --- finish: 66 --- id: 183  
0号worker ---- good : 53 --- finish: 67 --- id: 189  
0号worker ---- good : 54 --- finish: 68 --- id: 190  
0号worker ---- good : 55 --- finish: 69 --- id: 191  
0号worker ---- good : 56 --- finish: 70 --- id: 197  
0号worker ---- good : 57 --- finish: 71 --- id: 200  
0号worker ---- good : 58 --- finish: 72 --- id: 203  
0号worker ---- good : 59 --- finish: 73 --- id: 204  
0号worker ---- good : 60 --- finish: 74 --- id: 202  
0号worker ---- good : 61 --- finish: 75 --- id: 205  
0号worker ---- good : 61 --- finish: 76 --- id: 210  
0号worker ---- good : 61 --- finish: 77 --- id: 211  
0号worker ---- good : 63 --- finish: 79 --- id: 215 218  
0号worker ---- good : 63 --- finish: 80 --- id: 219  
0号worker ---- good : 64 --- finish: 81 --- id: 220  
0号worker ---- good : 65 --- finish: 82 --- id: 221  
0号worker ---- good : 67 --- finish: 84 --- id: 241 251  
0号worker ---- good : 68 --- finish: 85 --- id: 246  
0号worker ---- good : 69 --- finish: 86 --- id: 252  
0号worker ---- good : 70 --- finish: 87 --- id: 254  
0号worker ---- good : 71 --- finish: 88 --- id: 253  
0号worker ---- good : 72 --- finish: 89 --- id: 255  
0号worker ---- good : 73 --- finish: 90 --- id: 256  
0号worker ---- good : 74 --- finish: 91 --- id: 258  
0号worker ---- good : 74 --- finish: 92 --- id: 259  
0号worker ---- good : 74 --- finish: 93 --- id: 274  
0号worker ---- good : 75 --- finish: 94 --- id: 281  
0号worker ---- good : 76 --- finish: 95 --- id: 284  
0号worker ---- good : 78 --- finish: 97 --- id: 283 291  
0号worker ---- good : 80 --- finish: 99 --- id: 282 287  
0号worker ---- good : 83 --- finish: 102 --- id: 290 309 310  
0号worker ---- good : 83 --- finish: 103 --- id: 297  
0号worker ---- good : 84 --- finish: 104 --- id: 323  
0号worker ---- good : 84 --- finish: 105 --- id: 313  
0号worker ---- good : 85 --- finish: 106 --- id: 331  
0号worker ---- good : 85 --- finish: 107 --- id: 336  
0号worker ---- good : 86 --- finish: 108 --- id: 337  
0号worker ---- good : 87 --- finish: 109 --- id: 338  
0号worker ---- good : 88 --- finish: 110 --- id: 341  
0号worker ---- good : 89 --- finish: 111 --- id: 342  
0号worker ---- good : 90 --- finish: 112 --- id: 344  
0号worker ---- good : 91 --- finish: 113 --- id: 345  
0号worker ---- good : 92 --- finish: 114 --- id: 347  
0号worker ---- good : 92 --- finish: 115 --- id: 346  
0号worker ---- good : 92 --- finish: 116 --- id: 355  
0号worker ---- good : 93 --- finish: 117 --- id: 359  
0号worker ---- good : 94 --- finish: 118 --- id: 357  
0号worker ---- good : 95 --- finish: 119 --- id: 360  
0号worker ---- good : 96 --- finish: 120 --- id: 363  
0号worker ---- good : 97 --- finish: 121 --- id: 367  
0号worker ---- good : 98 --- finish: 122 --- id: 366  
0号worker ---- good : 98 --- finish: 123 --- id: 364  
0号worker ---- good : 99 --- finish: 124 --- id: 375  
0号worker ---- good : 99 --- finish: 125 --- id: 379  
0号worker ---- good : 100 --- finish: 126 --- id: 382  
0号worker ---- good : 100 --- finish: 127 --- id: 385  
0号worker ---- good : 101 --- finish: 128 --- id: 388  
0号worker ---- good : 101 --- finish: 129 --- id: 387  
0号worker ---- good : 102 --- finish: 130 --- id: 395  
0号worker ---- good : 103 --- finish: 131 --- id: 398  
0号worker ---- good : 104 --- finish: 132 --- id: 403  
0号worker ---- good : 105 --- finish: 133 --- id: 405  
0号worker ---- good : 106 --- finish: 134 --- id: 407  
0号worker ---- good : 107 --- finish: 135 --- id: 412  
0号worker ---- good : 108 --- finish: 136 --- id: 413  
0号worker ---- good : 109 --- finish: 137 --- id: 423  
0号worker ---- good : 110 --- finish: 138 --- id: 429  
0号worker ---- good : 110 --- finish: 139 --- id: 438  
0号worker ---- good : 111 --- finish: 140 --- id: 439  
0号worker ---- good : 112 --- finish: 141 --- id: 442  
0号worker ---- good : 113 --- finish: 142 --- id: 444  
0号worker ---- good : 113 --- finish: 143 --- id: 448  
0号worker ---- good : 114 --- finish: 145 --- id: 457 465  
0号worker ---- good : 114 --- finish: 146 --- id: 463  
0号worker ---- good : 115 --- finish: 148 --- id: 466 478  
0号worker ---- good : 115 --- finish: 149 --- id: 479  
0号worker ---- good : 115 --- finish: 150 --- id: 488  
0号worker ---- good : 115 --- finish: 151 --- id: 491  
