request: 0, latency: 1.3634586334228516
0号worker ---- good : 1 --- finish: 1 ---- abandon : 0 ---- batch size : 1  --- ed : 1714337758.810887 --- --- id: 0  actual:1.3603250980377197  expected:1.3084566205352728
request: 1, latency: 1.4574315547943115
0号worker ---- good : 2 --- finish: 2 ---- abandon : 0 ---- batch size : 1  --- ed : 1714337761.0180595 --- --- id: 1  actual:1.4469175338745117  expected:1.3964735936384447
request: 2, latency: 2.091140031814575
0号worker ---- good : 3 --- finish: 3 ---- abandon : 0 ---- batch size : 1  --- ed : 1714337762.1676686 --- --- id: 2  actual:1.14943265914917  expected:0.9563887281225858
request: 3, latency: 2.562389373779297
0号worker ---- good : 4 --- finish: 4 ---- abandon : 0 ---- batch size : 1  --- ed : 1714337763.2262213 --- --- id: 3  actual:1.058403491973877  expected:1.0444057012257575
request: 4, latency: 1.0509397983551025
0号worker ---- good : 5 --- finish: 5 ---- abandon : 0 ---- batch size : 1  --- ed : 1714337798.6274662 --- --- id: 4  actual:1.0496811866760254  expected:1.0444057012257575
request: 5, latency: 1.1234118938446045
0号worker ---- good : 6 --- finish: 6 ---- abandon : 0 ---- batch size : 1  --- ed : 1714337805.1187217 --- --- id: 5  actual:1.1224439144134521  expected:1.1617616653633198
request: 6, latency: 1.1706762313842773
0号worker ---- good : 7 --- finish: 7 ---- abandon : 0 ---- batch size : 1  --- ed : 1714337806.8336692 --- --- id: 6  actual:1.169759750366211  expected:1.220439647432101
request: 8, latency: 2.7293965816497803
0号worker ---- good : 8 --- finish: 8 ---- abandon : 0 ---- batch size : 1  --- ed : 1714337808.3930156 --- --- id: 8  actual:1.5096840858459473  expected:1.4844905667416164
request: 7, latency: 4.209151983261108
0号worker ---- good : 9 --- finish: 9 ---- abandon : 0 ---- batch size : 1  --- ed : 1714337809.8726795 --- --- id: 7  actual:1.4795358180999756  expected:1.513829557776007
request: 9, latency: 1.2287089824676514
0号worker ---- good : 10 --- finish: 10 ---- abandon : 0 ---- batch size : 1  --- ed : 1714337812.813243 --- --- id: 9  actual:1.225128173828125  expected:1.0737446922601481
request: 10, latency: 1.1549932956695557
0号worker ---- good : 11 --- finish: 11 ---- abandon : 0 ---- batch size : 1  --- ed : 1714337868.2962415 --- --- id: 10  actual:1.1388030052185059  expected:1.1324226743289292
request: 12, latency: 1.3514926433563232
0号worker ---- good : 12 --- finish: 12 ---- abandon : 0 ---- batch size : 1  --- ed : 1714337869.2226567 --- --- id: 12  actual:0.9262340068817139  expected:0.9857277191569763
request: 13, latency: 2.5214173793792725
0号worker ---- good : 13 --- finish: 13 ---- abandon : 0 ---- batch size : 1  --- ed : 1714337870.3995595 --- --- id: 13  actual:1.130784511566162  expected:1.1324226743289292
request: 11, latency: 3.8552639484405518
0号worker ---- good : 14 --- finish: 14 ---- abandon : 0 ---- batch size : 1  --- ed : 1714337871.7230697 --- --- id: 11  actual:1.3179247379302979  expected:1.3084566205352728
request: 15, latency: 3.921113967895508
0号worker ---- good : 15 --- finish: 15 ---- abandon : 0 ---- batch size : 1  --- ed : 1714337873.065627 --- --- id: 15  actual:1.3423645496368408  expected:1.367134602604054
request: 18, latency: 2.3952651023864746
0号worker ---- good : 16 --- finish: 16 ---- abandon : 0 ---- batch size : 1  --- ed : 1714337874.4817936 --- --- id: 18  actual:1.2964067459106445  expected:1.3377956115696634
request: 19, latency: 1.156527042388916
0号worker ---- good : 17 --- finish: 17 ---- abandon : 0 ---- batch size : 1  --- ed : 1714337898.6970668 --- --- id: 19  actual:1.1519780158996582  expected:1.1911006563977105
request: 20, latency: 2.1916728019714355
0号worker ---- good : 18 --- finish: 18 ---- abandon : 0 ---- batch size : 1  --- ed : 1714337899.999845 --- --- id: 20  actual:1.260740041732788  expected:1.220439647432101
request: 21, latency: 1.6027545928955078
0号worker ---- good : 19 --- finish: 19 ---- abandon : 0 ---- batch size : 1  --- ed : 1714337902.575286 --- --- id: 21  actual:1.602064847946167  expected:1.5431685488103977
request: 23, latency: 2.8182761669158936
0号worker ---- good : 20 --- finish: 20 ---- abandon : 0 ---- batch size : 1  --- ed : 1714337903.9808676 --- --- id: 23  actual:1.4054346084594727  expected:1.4258125846728353
request: 25, latency: 2.1849491596221924
0号worker ---- good : 21 --- finish: 21 ---- abandon : 0 ---- batch size : 1  --- ed : 1714337905.0711784 --- --- id: 25  actual:1.0901718139648438  expected:1.1030836832945388
request: 24, latency: 3.6875569820404053
0号worker ---- good : 22 --- finish: 22 ---- abandon : 0 ---- batch size : 1  --- ed : 1714337906.5431979 --- --- id: 24  actual:1.4718501567840576  expected:1.513829557776007
request: 26, latency: 2.1618857383728027
0号worker ---- good : 23 --- finish: 23 ---- abandon : 0 ---- batch size : 1  --- ed : 1714337907.962292 --- --- id: 26  actual:1.403902530670166  expected:1.3964735936384447
request: 28, latency: 2.3499608039855957
0号worker ---- good : 24 --- finish: 24 ---- abandon : 0 ---- batch size : 1  --- ed : 1714337908.918227 --- --- id: 28  actual:0.9557952880859375  expected:0.9563887281225858
request: 27, latency: 3.8548974990844727
0号worker ---- good : 25 --- finish: 25 ---- abandon : 0 ---- batch size : 1  --- ed : 1714337910.4127412 --- --- id: 27  actual:1.4943475723266602  expected:1.3964735936384447
request: 30, latency: 1.185680866241455
0号worker ---- good : 26 --- finish: 26 ---- abandon : 0 ---- batch size : 1  --- ed : 1714337960.0182748 --- --- id: 30  actual:1.1842963695526123  expected:1.0444057012257575
request: 32, latency: 3.9932332038879395
request: 33, latency: 3.8293778896331787
request: 34, latency: 3.8289740085601807
0号worker ---- good : 29 --- finish: 29 ---- abandon : 0 ---- batch size : 3  --- ed : 1714337963.0516489 --- --- id: 32 33 34  actual:3.0332224369049072  expected:2.795739859331767
request: 35, latency: 3.540792226791382
0号worker ---- good : 30 --- finish: 30 ---- abandon : 0 ---- batch size : 1  --- ed : 1714337964.41339 --- --- id: 35  actual:1.3615622520446777  expected:1.367134602604054
request: 36, latency: 3.6253323554992676
0号worker ---- good : 30 --- finish: 31 ---- abandon : 0 ---- batch size : 1  --- ed : 1714337965.6979413 --- --- id: 36  actual:1.284297227859497  expected:1.1617616653633198
request: 37, latency: 3.3684957027435303
request: 40, latency: 3.0861034393310547
0号worker ---- good : 30 --- finish: 33 ---- abandon : 0 ---- batch size : 2  --- ed : 1714337967.2035606 --- --- id: 37 40  actual:1.5054435729980469  expected:1.3633220913069473
request: 41, latency: 1.2360172271728516
0号worker ---- good : 31 --- finish: 34 ---- abandon : 0 ---- batch size : 1  --- ed : 1714337968.7343225 --- --- id: 41  actual:1.2350127696990967  expected:1.2497786384664917
request: 42, latency: 1.5359456539154053
0号worker ---- good : 32 --- finish: 35 ---- abandon : 0 ---- batch size : 1  --- ed : 1714337973.7124703 --- --- id: 42  actual:1.5348095893859863  expected:1.5431685488103977
request: 43, latency: 2.5097174644470215
0号worker ---- good : 33 --- finish: 36 ---- abandon : 0 ---- batch size : 1  --- ed : 1714337974.747639 --- --- id: 43  actual:1.0257341861724854  expected:1.0444057012257575
request: 44, latency: 1.8815727233886719
0号worker ---- good : 34 --- finish: 37 ---- abandon : 0 ---- batch size : 1  --- ed : 1714337976.086226 --- --- id: 44  actual:1.322740077972412  expected:1.2791176295008824
request: 46, latency: 2.2756783962249756
0号worker ---- good : 35 --- finish: 38 ---- abandon : 0 ---- batch size : 1  --- ed : 1714337977.1602318 --- --- id: 46  actual:1.0737807750701904  expected:1.015066710191367
request: 45, latency: 4.417598485946655
0号worker ---- good : 36 --- finish: 39 ---- abandon : 0 ---- batch size : 1  --- ed : 1714337978.6620357 --- --- id: 45  actual:1.5015678405761719  expected:1.4844905667416164
request: 47, latency: 0.9954218864440918
0号worker ---- good : 37 --- finish: 40 ---- abandon : 0 ---- batch size : 1  --- ed : 1714337979.7141554 --- --- id: 47  actual:0.9935624599456787  expected:0.9563887281225858
request: 48, latency: 1.0382070541381836
0号worker ---- good : 38 --- finish: 41 ---- abandon : 0 ---- batch size : 1  --- ed : 1714337987.1268024 --- --- id: 48  actual:1.007298231124878  expected:0.9563887281225858
request: 49, latency: 1.1175141334533691
0号worker ---- good : 39 --- finish: 42 ---- abandon : 0 ---- batch size : 1  --- ed : 1714337999.4860506 --- --- id: 49  actual:1.1104295253753662  expected:1.0737446922601481
request: 50, latency: 1.1364436149597168
0号worker ---- good : 40 --- finish: 43 ---- abandon : 0 ---- batch size : 1  --- ed : 1714338011.8577802 --- --- id: 50  actual:1.121147632598877  expected:1.1030836832945388
request: 51, latency: 1.1078064441680908
0号worker ---- good : 41 --- finish: 44 ---- abandon : 0 ---- batch size : 1  --- ed : 1714338016.2604594 --- --- id: 51  actual:1.0952467918395996  expected:1.1324226743289292
request: 52, latency: 1.2796673774719238
0号worker ---- good : 42 --- finish: 45 ---- abandon : 0 ---- batch size : 1  --- ed : 1714338047.988957 --- --- id: 52  actual:1.278714656829834  expected:1.1911006563977105
request: 54, latency: 2.258291006088257
0号worker ---- good : 43 --- finish: 46 ---- abandon : 0 ---- batch size : 1  --- ed : 1714338049.4847553 --- --- id: 54  actual:1.4956159591674805  expected:1.455151575707226
request: 53, latency: 3.7583653926849365
0号worker ---- good : 44 --- finish: 47 ---- abandon : 0 ---- batch size : 1  --- ed : 1714338050.9846692 --- --- id: 53  actual:1.499739408493042  expected:1.5431685488103977
request: 55, latency: 2.2950806617736816
0号worker ---- good : 45 --- finish: 48 ---- abandon : 0 ---- batch size : 1  --- ed : 1714338052.5636406 --- --- id: 55  actual:1.5787341594696045  expected:1.3964735936384447
request: 56, latency: 1.0912320613861084
0号worker ---- good : 46 --- finish: 49 ---- abandon : 0 ---- batch size : 1  --- ed : 1714338053.6963875 --- --- id: 56  actual:1.0892083644866943  expected:1.0737446922601481
request: 57, latency: 2.37912917137146
0号worker ---- good : 47 --- finish: 50 ---- abandon : 0 ---- batch size : 1  --- ed : 1714338054.9898515 --- --- id: 57  actual:1.2932751178741455  expected:1.220439647432101
request: 58, latency: 2.0512983798980713
0号worker ---- good : 48 --- finish: 51 ---- abandon : 0 ---- batch size : 1  --- ed : 1714338056.3524134 --- --- id: 58  actual:1.3623261451721191  expected:1.2497786384664917
request: 59, latency: 1.2830836772918701
0号worker ---- good : 49 --- finish: 52 ---- abandon : 0 ---- batch size : 1  --- ed : 1714338057.326858 --- --- id: 59  actual:0.9741530418395996  expected:0.9857277191569763
request: 60, latency: 0.9829375743865967
0号worker ---- good : 50 --- finish: 53 ---- abandon : 0 ---- batch size : 1  --- ed : 1714338059.923004 --- --- id: 60  actual:0.9813461303710938  expected:0.9857277191569763
request: 61, latency: 1.2499117851257324
0号worker ---- good : 51 --- finish: 54 ---- abandon : 0 ---- batch size : 1  --- ed : 1714338074.4032416 --- --- id: 61  actual:1.1982717514038086  expected:1.1617616653633198
request: 62, latency: 1.8970837593078613
0号worker ---- good : 52 --- finish: 55 ---- abandon : 0 ---- batch size : 1  --- ed : 1714338075.6285694 --- --- id: 62  actual:1.2251734733581543  expected:1.220439647432101
request: 63, latency: 1.07362961769104
0号worker ---- good : 53 --- finish: 56 ---- abandon : 0 ---- batch size : 1  --- ed : 1714338081.8247094 --- --- id: 63  actual:1.0729479789733887  expected:1.0444057012257575
request: 64, latency: 2.2780258655548096
0号worker ---- good : 54 --- finish: 57 ---- abandon : 0 ---- batch size : 1  --- ed : 1714338083.0308168 --- --- id: 64  actual:1.2058467864990234  expected:1.1324226743289292
request: 65, latency: 1.7807495594024658
0号worker ---- good : 55 --- finish: 58 ---- abandon : 0 ---- batch size : 1  --- ed : 1714338086.7012985 --- --- id: 65  actual:1.770376205444336  expected:1.2791176295008824
request: 68, latency: 2.8024075031280518
0号worker ---- good : 56 --- finish: 59 ---- abandon : 0 ---- batch size : 1  --- ed : 1714338087.7462668 --- --- id: 68  actual:1.044811487197876  expected:0.9563887281225858
request: 66, latency: 4.221499443054199
0号worker ---- good : 56 --- finish: 60 ---- abandon : 0 ---- batch size : 1  --- ed : 1714338089.1501667 --- --- id: 66  actual:1.4037082195281982  expected:1.367134602604054
request: 69, latency: 1.5196902751922607
0号worker ---- good : 57 --- finish: 61 ---- abandon : 0 ---- batch size : 1  --- ed : 1714338093.5335855 --- --- id: 69  actual:1.5181684494018555  expected:1.367134602604054
request: 70, latency: 2.735992431640625
0号worker ---- good : 58 --- finish: 62 ---- abandon : 0 ---- batch size : 1  --- ed : 1714338095.190314 --- --- id: 70  actual:1.656475305557251  expected:1.0444057012257575
request: 71, latency: 1.2685952186584473
0号worker ---- good : 59 --- finish: 63 ---- abandon : 0 ---- batch size : 1  --- ed : 1714338097.5123158 --- --- id: 71  actual:1.266939640045166  expected:1.3084566205352728
request: 72, latency: 1.339311122894287
0号worker ---- good : 60 --- finish: 64 ---- abandon : 0 ---- batch size : 1  --- ed : 1714338101.9366598 --- --- id: 72  actual:1.3368713855743408  expected:1.2497786384664917
request: 73, latency: 1.5987985134124756
0号worker ---- good : 61 --- finish: 65 ---- abandon : 0 ---- batch size : 1  --- ed : 1714338152.4473343 --- --- id: 73  actual:1.5905628204345703  expected:1.5431685488103977
request: 75, latency: 2.615443229675293
0号worker ---- good : 62 --- finish: 66 ---- abandon : 0 ---- batch size : 1  --- ed : 1714338153.489836 --- --- id: 75  actual:1.0423316955566406  expected:1.0737446922601481
request: 76, latency: 1.121032476425171
0号worker ---- good : 63 --- finish: 67 ---- abandon : 0 ---- batch size : 1  --- ed : 1714338158.4912732 --- --- id: 76  actual:1.1179065704345703  expected:1.1324226743289292
request: 77, latency: 1.9857354164123535
0号worker ---- good : 64 --- finish: 68 ---- abandon : 0 ---- batch size : 1  --- ed : 1714338159.5838861 --- --- id: 77  actual:1.0845792293548584  expected:1.0737446922601481
request: 78, latency: 3.357503652572632
0号worker ---- good : 65 --- finish: 69 ---- abandon : 0 ---- batch size : 1  --- ed : 1714338160.9675405 --- --- id: 78  actual:1.3762397766113281  expected:1.3964735936384447
request: 79, latency: 3.10213041305542
0号worker ---- good : 66 --- finish: 70 ---- abandon : 0 ---- batch size : 1  --- ed : 1714338162.4903946 --- --- id: 79  actual:1.508134365081787  expected:1.5431685488103977
request: 80, latency: 1.097191333770752
0号worker ---- good : 67 --- finish: 71 ---- abandon : 0 ---- batch size : 1  --- ed : 1714338182.5805423 --- --- id: 80  actual:1.0913817882537842  expected:1.0444057012257575
request: 81, latency: 1.393326997756958
0号worker ---- good : 68 --- finish: 72 ---- abandon : 0 ---- batch size : 1  --- ed : 1714338184.193883 --- --- id: 81  actual:1.3892972469329834  expected:1.3084566205352728
request: 82, latency: 1.1300568580627441
0号worker ---- good : 69 --- finish: 73 ---- abandon : 0 ---- batch size : 1  --- ed : 1714338188.4785888 --- --- id: 82  actual:1.118159294128418  expected:1.0737446922601481
request: 84, latency: 2.051973819732666
0号worker ---- good : 70 --- finish: 74 ---- abandon : 0 ---- batch size : 1  --- ed : 1714338189.8226893 --- --- id: 84  actual:1.3438138961791992  expected:1.1911006563977105
request: 83, latency: 3.5761327743530273
0号worker ---- good : 71 --- finish: 75 ---- abandon : 0 ---- batch size : 1  --- ed : 1714338191.3275173 --- --- id: 83  actual:1.5046274662017822  expected:1.5431685488103977
request: 85, latency: 1.387364387512207
0号worker ---- good : 72 --- finish: 76 ---- abandon : 0 ---- batch size : 1  --- ed : 1714338193.9482045 --- --- id: 85  actual:1.3865437507629395  expected:1.367134602604054
request: 86, latency: 3.392016887664795
request: 89, latency: 2.913968086242676
0号worker ---- good : 74 --- finish: 78 ---- abandon : 0 ---- batch size : 2  --- ed : 1714338195.9958267 --- --- id: 86 89  actual:2.0474600791931152  expected:1.9780426388676169
request: 91, latency: 1.4171946048736572
0号worker ---- good : 75 --- finish: 79 ---- abandon : 0 ---- batch size : 1  --- ed : 1714338197.911578 --- --- id: 91  actual:1.414813756942749  expected:1.4258125846728353
request: 92, latency: 1.7183837890625
0号worker ---- good : 76 --- finish: 80 ---- abandon : 0 ---- batch size : 1  --- ed : 1714338199.540538 --- --- id: 92  actual:1.6245276927947998  expected:1.455151575707226
request: 93, latency: 1.1172685623168945
0号worker ---- good : 77 --- finish: 81 ---- abandon : 0 ---- batch size : 1  --- ed : 1714338202.0339067 --- --- id: 93  actual:1.1127710342407227  expected:1.1030836832945388
request: 95, latency: 2.015728235244751
0号worker ---- good : 78 --- finish: 82 ---- abandon : 0 ---- batch size : 1  --- ed : 1714338203.1006062 --- --- id: 95  actual:1.0665192604064941  expected:1.0444057012257575
request: 94, latency: 3.430828332901001
0号worker ---- good : 79 --- finish: 83 ---- abandon : 0 ---- batch size : 1  --- ed : 1714338204.347654 --- --- id: 94  actual:1.2469019889831543  expected:1.220439647432101
request: 96, latency: 2.281357765197754
0号worker ---- good : 80 --- finish: 84 ---- abandon : 0 ---- batch size : 1  --- ed : 1714338205.2850025 --- --- id: 96  actual:0.9370758533477783  expected:0.9563887281225858
request: 97, latency: 1.2177209854125977
0号worker ---- good : 81 --- finish: 85 ---- abandon : 0 ---- batch size : 1  --- ed : 1714338206.7262516 --- --- id: 97  actual:1.1984305381774902  expected:1.1030836832945388
request: 98, latency: 2.1016182899475098
0号worker ---- good : 82 --- finish: 86 ---- abandon : 0 ---- batch size : 1  --- ed : 1714338207.6999028 --- --- id: 98  actual:0.9734444618225098  expected:0.9563887281225858
request: 99, latency: 3.507394790649414
0号worker ---- good : 83 --- finish: 87 ---- abandon : 0 ---- batch size : 1  --- ed : 1714338209.1248174 --- --- id: 99  actual:1.4247424602508545  expected:1.455151575707226
request: 100, latency: 1.4823145866394043
0号worker ---- good : 84 --- finish: 88 ---- abandon : 0 ---- batch size : 1  --- ed : 1714338210.6748352 --- --- id: 100  actual:1.480898380279541  expected:1.4844905667416164
request: 101, latency: 1.0718231201171875
0号worker ---- good : 85 --- finish: 89 ---- abandon : 0 ---- batch size : 1  --- ed : 1714338237.25455 --- --- id: 101  actual:1.0693962574005127  expected:1.0737446922601481
request: 102, latency: 2.487483263015747
request: 105, latency: 2.0484540462493896
0号worker ---- good : 87 --- finish: 91 ---- abandon : 0 ---- batch size : 2  --- ed : 1714338238.7369628 --- --- id: 102 105  actual:1.4763004779815674  expected:1.4452848309817032
request: 103, latency: 3.7948949337005615
0号worker ---- good : 88 --- finish: 92 ---- abandon : 0 ---- batch size : 1  --- ed : 1714338240.0742056 --- --- id: 103  actual:1.3370864391326904  expected:1.4258125846728353
request: 106, latency: 1.1846256256103516
0号worker ---- good : 89 --- finish: 93 ---- abandon : 0 ---- batch size : 1  --- ed : 1714338248.4691572 --- --- id: 106  actual:1.183117151260376  expected:1.2497786384664917
request: 107, latency: 1.4649662971496582
0号worker ---- good : 90 --- finish: 94 ---- abandon : 0 ---- batch size : 1  --- ed : 1714338249.8972042 --- --- id: 107  actual:1.2920243740081787  expected:1.3377956115696634
request: 108, latency: 1.3830537796020508
0号worker ---- good : 91 --- finish: 95 ---- abandon : 0 ---- batch size : 1  --- ed : 1714338254.0449734 --- --- id: 108  actual:1.3817996978759766  expected:1.4258125846728353
request: 109, latency: 1.2696099281311035
0号worker ---- good : 92 --- finish: 96 ---- abandon : 0 ---- batch size : 1  --- ed : 1714338255.5686588 --- --- id: 109  actual:1.268108606338501  expected:1.1617616653633198
request: 111, latency: 2.062300205230713
0号worker ---- good : 93 --- finish: 97 ---- abandon : 0 ---- batch size : 1  --- ed : 1714338256.6248035 --- --- id: 111  actual:1.0559937953948975  expected:0.9563887281225858
request: 110, latency: 3.5537102222442627
0号worker ---- good : 94 --- finish: 98 ---- abandon : 0 ---- batch size : 1  --- ed : 1714338257.8599958 --- --- id: 110  actual:1.2350401878356934  expected:1.220439647432101
request: 112, latency: 1.3147926330566406
0号worker ---- good : 95 --- finish: 99 ---- abandon : 0 ---- batch size : 1  --- ed : 1714338261.384702 --- --- id: 112  actual:1.3119087219238281  expected:1.2497786384664917
request: 113, latency: 1.618220329284668
0号worker ---- good : 96 --- finish: 100 ---- abandon : 0 ---- batch size : 1  --- ed : 1714338276.9827447 --- --- id: 113  actual:1.6105287075042725  expected:1.4844905667416164
request: 114, latency: 1.2591471672058105
0号worker ---- good : 97 --- finish: 101 ---- abandon : 0 ---- batch size : 1  --- ed : 1714338278.111675 --- --- id: 114  actual:1.1287891864776611  expected:1.2791176295008824
request: 115, latency: 1.0071909427642822
0号worker ---- good : 98 --- finish: 102 ---- abandon : 0 ---- batch size : 1  --- ed : 1714338313.4037256 --- --- id: 115  actual:1.006155252456665  expected:1.015066710191367
request: 116, latency: 2.4846081733703613
0号worker ---- good : 99 --- finish: 103 ---- abandon : 0 ---- batch size : 1  --- ed : 1714338314.9351065 --- --- id: 116  actual:1.527068853378296  expected:1.015066710191367
request: 117, latency: 3.715259075164795
0号worker ---- good : 99 --- finish: 104 ---- abandon : 0 ---- batch size : 1  --- ed : 1714338316.165923 --- --- id: 117  actual:1.2306277751922607  expected:1.0444057012257575
request: 118, latency: 1.5279133319854736
0号worker ---- good : 100 --- finish: 105 ---- abandon : 0 ---- batch size : 1  --- ed : 1714338317.2044475 --- --- id: 118  actual:1.0383801460266113  expected:1.0444057012257575
request: 120, latency: 2.761683225631714
0号worker ---- good : 101 --- finish: 106 ---- abandon : 0 ---- batch size : 1  --- ed : 1714338318.5395823 --- --- id: 120  actual:1.3349828720092773  expected:1.367134602604054
request: 119, latency: 4.2330002784729
0号worker ---- good : 102 --- finish: 107 ---- abandon : 0 ---- batch size : 1  --- ed : 1714338320.0105257 --- --- id: 119  actual:1.4707260131835938  expected:1.4844905667416164
request: 121, latency: 1.136747121810913
0号worker ---- good : 103 --- finish: 108 ---- abandon : 0 ---- batch size : 1  --- ed : 1714338370.414185 --- --- id: 121  actual:1.1353249549865723  expected:1.0444057012257575
request: 123, latency: 2.535613775253296
0号worker ---- good : 104 --- finish: 109 ---- abandon : 0 ---- batch size : 1  --- ed : 1714338372.0688872 --- --- id: 123  actual:1.654388427734375  expected:1.455151575707226
request: 122, latency: 4.086036682128906
0号worker ---- good : 105 --- finish: 110 ---- abandon : 0 ---- batch size : 1  --- ed : 1714338373.5730035 --- --- id: 122  actual:1.5034034252166748  expected:1.5431685488103977
request: 124, latency: 1.5181987285614014
0号worker ---- good : 106 --- finish: 111 ---- abandon : 0 ---- batch size : 1  --- ed : 1714338395.5923858 --- --- id: 124  actual:1.5110352039337158  expected:1.4844905667416164
request: 125, latency: 1.405585765838623
0号worker ---- good : 107 --- finish: 112 ---- abandon : 0 ---- batch size : 1  --- ed : 1714338398.0100567 --- --- id: 125  actual:1.4030427932739258  expected:1.367134602604054
request: 127, latency: 2.089778423309326
0号worker ---- good : 108 --- finish: 113 ---- abandon : 0 ---- batch size : 1  --- ed : 1714338399.0454512 --- --- id: 127  actual:1.0352411270141602  expected:0.9857277191569763
request: 126, latency: 3.523888111114502
0号worker ---- good : 109 --- finish: 114 ---- abandon : 0 ---- batch size : 1  --- ed : 1714338400.2465374 --- --- id: 126  actual:1.2009236812591553  expected:1.220439647432101
request: 129, latency: 3.44932222366333
0号worker ---- good : 110 --- finish: 115 ---- abandon : 0 ---- batch size : 1  --- ed : 1714338401.6810956 --- --- id: 129  actual:1.4343750476837158  expected:1.2497786384664917
request: 130, latency: 1.3226852416992188
0号worker ---- good : 111 --- finish: 116 ---- abandon : 0 ---- batch size : 1  --- ed : 1714338407.3432322 --- --- id: 130  actual:1.3110029697418213  expected:1.2791176295008824
request: 131, latency: 1.6604204177856445
0号worker ---- good : 112 --- finish: 117 ---- abandon : 0 ---- batch size : 1  --- ed : 1714338408.7758465 --- --- id: 131  actual:1.432403802871704  expected:1.1911006563977105
request: 132, latency: 3.1661829948425293
0号worker ---- good : 113 --- finish: 118 ---- abandon : 0 ---- batch size : 1  --- ed : 1714338410.2831855 --- --- id: 132  actual:1.5071547031402588  expected:1.2791176295008824
request: 133, latency: 1.055053472518921
0号worker ---- good : 114 --- finish: 119 ---- abandon : 0 ---- batch size : 1  --- ed : 1714338454.717575 --- --- id: 133  actual:1.0534677505493164  expected:1.015066710191367
request: 134, latency: 1.7169547080993652
0号worker ---- good : 115 --- finish: 120 ---- abandon : 0 ---- batch size : 1  --- ed : 1714338471.1423128 --- --- id: 134  actual:1.7109909057617188  expected:1.513829557776007
request: 136, latency: 2.9560444355010986
request: 137, latency: 2.9509828090667725
0号worker ---- good : 115 --- finish: 122 ---- abandon : 0 ---- batch size : 2  --- ed : 1714338473.0194507 --- --- id: 136 137  actual:1.876089334487915  expected:1.3633220913069473
request: 135, latency: 4.87699818611145
0号worker ---- good : 115 --- finish: 123 ---- abandon : 0 ---- batch size : 1  --- ed : 1714338474.499778 --- --- id: 135  actual:1.4801344871520996  expected:1.4258125846728353
request: 139, latency: 2.70328688621521
0号worker ---- good : 116 --- finish: 124 ---- abandon : 0 ---- batch size : 1  --- ed : 1714338476.0396204 --- --- id: 139  actual:1.5396909713745117  expected:1.513829557776007
request: 140, latency: 3.606597900390625
0号worker ---- good : 117 --- finish: 125 ---- abandon : 0 ---- batch size : 1  --- ed : 1714338477.4440298 --- --- id: 140  actual:1.404207706451416  expected:1.367134602604054
request: 141, latency: 1.3130431175231934
0号worker ---- good : 118 --- finish: 126 ---- abandon : 0 ---- batch size : 1  --- ed : 1714338485.46958 --- --- id: 141  actual:1.3118071556091309  expected:1.2497786384664917
request: 143, latency: 2.5685102939605713
0号worker ---- good : 119 --- finish: 127 ---- abandon : 0 ---- batch size : 1  --- ed : 1714338486.8109033 --- --- id: 143  actual:1.3411548137664795  expected:1.1911006563977105
request: 144, latency: 3.835052013397217
0号worker ---- good : 120 --- finish: 128 ---- abandon : 0 ---- batch size : 1  --- ed : 1714338488.1531024 --- --- id: 144  actual:1.3420193195343018  expected:1.3377956115696634
request: 145, latency: 1.8407831192016602
request: 147, latency: 1.719905138015747
0号worker ---- good : 122 --- finish: 130 ---- abandon : 0 ---- batch size : 2  --- ed : 1714338489.6499324 --- --- id: 145 147  actual:1.496666669845581  expected:1.4452848309817032
request: 146, latency: 2.7972731590270996
0号worker ---- good : 123 --- finish: 131 ---- abandon : 0 ---- batch size : 1  --- ed : 1714338490.709968 --- --- id: 146  actual:1.0598554611206055  expected:1.0444057012257575
request: 148, latency: 4.128854274749756
0号worker ---- good : 123 --- finish: 132 ---- abandon : 0 ---- batch size : 1  --- ed : 1714338492.059141 --- --- id: 148  actual:1.3490347862243652  expected:1.2791176295008824
request: 149, latency: 1.438096046447754
0号worker ---- good : 124 --- finish: 133 ---- abandon : 0 ---- batch size : 1  --- ed : 1714338495.3106384 --- --- id: 149  actual:1.4370489120483398  expected:1.3377956115696634
request: 150, latency: 2.751779317855835
0号worker ---- good : 125 --- finish: 134 ---- abandon : 0 ---- batch size : 1  --- ed : 1714338496.6969519 --- --- id: 150  actual:1.3861570358276367  expected:1.4258125846728353
request: 151, latency: 2.5630946159362793
request: 152, latency: 2.260038375854492
0号worker ---- good : 127 --- finish: 136 ---- abandon : 0 ---- batch size : 2  --- ed : 1714338498.4177928 --- --- id: 151 152  actual:1.7206931114196777  expected:1.691173050005971
request: 153, latency: 3.0055153369903564
0号worker ---- good : 128 --- finish: 137 ---- abandon : 0 ---- batch size : 1  --- ed : 1714338499.879653 --- --- id: 153  actual:1.4617140293121338  expected:1.513829557776007
request: 154, latency: 3.0055878162384033
0号worker ---- good : 129 --- finish: 138 ---- abandon : 0 ---- batch size : 1  --- ed : 1714338501.0404608 --- --- id: 154  actual:1.1578028202056885  expected:1.1911006563977105
request: 155, latency: 2.2563252449035645
0号worker ---- good : 130 --- finish: 139 ---- abandon : 0 ---- batch size : 1  --- ed : 1714338502.0732682 --- --- id: 155  actual:1.0043816566467285  expected:1.015066710191367
request: 156, latency: 3.187995672225952
0号worker ---- good : 131 --- finish: 140 ---- abandon : 0 ---- batch size : 1  --- ed : 1714338503.5547419 --- --- id: 156  actual:1.474809169769287  expected:1.5431685488103977
request: 157, latency: 2.9894933700561523
0号worker ---- good : 132 --- finish: 141 ---- abandon : 0 ---- batch size : 1  --- ed : 1714338504.680044 --- --- id: 157  actual:1.0326597690582275  expected:1.0444057012257575
request: 159, latency: 3.8669400215148926
0号worker ---- good : 133 --- finish: 142 ---- abandon : 0 ---- batch size : 1  --- ed : 1714338506.0335944 --- --- id: 159  actual:1.346606731414795  expected:1.367134602604054
request: 162, latency: 1.1553266048431396
0号worker ---- good : 134 --- finish: 143 ---- abandon : 0 ---- batch size : 1  --- ed : 1714338517.1278558 --- --- id: 162  actual:1.153613567352295  expected:1.0444057012257575
request: 163, latency: 1.3873956203460693
0号worker ---- good : 135 --- finish: 144 ---- abandon : 0 ---- batch size : 1  --- ed : 1714338521.764651 --- --- id: 163  actual:1.384986162185669  expected:1.3377956115696634
request: 164, latency: 1.4518747329711914
0号worker ---- good : 136 --- finish: 145 ---- abandon : 0 ---- batch size : 1  --- ed : 1714338537.176443 --- --- id: 164  actual:1.4372401237487793  expected:1.2791176295008824
request: 165, latency: 1.3703961372375488
0号worker ---- good : 137 --- finish: 146 ---- abandon : 0 ---- batch size : 1  --- ed : 1714338540.9310489 --- --- id: 165  actual:1.369138479232788  expected:1.3377956115696634
request: 166, latency: 1.45086669921875
0号worker ---- good : 138 --- finish: 147 ---- abandon : 0 ---- batch size : 1  --- ed : 1714338546.2674024 --- --- id: 166  actual:1.4497365951538086  expected:1.3377956115696634
request: 167, latency: 2.7728793621063232
0号worker ---- good : 139 --- finish: 148 ---- abandon : 0 ---- batch size : 1  --- ed : 1714338547.6427584 --- --- id: 167  actual:1.375197172164917  expected:1.2791176295008824
request: 168, latency: 1.4759833812713623
0号worker ---- good : 140 --- finish: 149 ---- abandon : 0 ---- batch size : 1  --- ed : 1714338552.9493668 --- --- id: 168  actual:1.4740989208221436  expected:1.4258125846728353
request: 169, latency: 2.110959529876709
0号worker ---- good : 141 --- finish: 150 ---- abandon : 0 ---- batch size : 1  --- ed : 1714338554.2900918 --- --- id: 169  actual:1.34055757522583  expected:1.367134602604054
request: 170, latency: 1.4437229633331299
0号worker ---- good : 142 --- finish: 151 ---- abandon : 0 ---- batch size : 1  --- ed : 1714338563.712259 --- --- id: 170  actual:1.4418153762817383  expected:1.4258125846728353
request: 171, latency: 1.6311206817626953
0号worker ---- good : 143 --- finish: 152 ---- abandon : 0 ---- batch size : 1  --- ed : 1714338593.090618 --- --- id: 171  actual:1.6298425197601318  expected:1.513829557776007
request: 172, latency: 1.1007404327392578
0号worker ---- good : 144 --- finish: 153 ---- abandon : 0 ---- batch size : 1  --- ed : 1714338600.2789779 --- --- id: 172  actual:1.0994873046875  expected:0.9857277191569763
request: 173, latency: 1.210294485092163
0号worker ---- good : 145 --- finish: 154 ---- abandon : 0 ---- batch size : 1  --- ed : 1714338607.8428886 --- --- id: 173  actual:1.208909273147583  expected:1.1911006563977105
request: 174, latency: 1.0604453086853027
0号worker ---- good : 146 --- finish: 155 ---- abandon : 0 ---- batch size : 1  --- ed : 1714338610.1986058 --- --- id: 174  actual:1.0593624114990234  expected:0.9563887281225858
request: 175, latency: 2.1216557025909424
0号worker ---- good : 147 --- finish: 156 ---- abandon : 0 ---- batch size : 1  --- ed : 1714338611.2601678 --- --- id: 175  actual:1.0613951683044434  expected:1.0737446922601481
request: 176, latency: 3.2194442749023438
0号worker ---- good : 148 --- finish: 157 ---- abandon : 0 ---- batch size : 1  --- ed : 1714338612.4297333 --- --- id: 176  actual:1.1693634986877441  expected:1.1324226743289292
request: 181, latency: 4.016150236129761
0号worker ---- good : 149 --- finish: 158 ---- abandon : 0 ---- batch size : 1  --- ed : 1714338613.8993976 --- --- id: 181  actual:1.4695098400115967  expected:1.4844905667416164
request: 182, latency: 1.2366070747375488
0号worker ---- good : 150 --- finish: 159 ---- abandon : 0 ---- batch size : 1  --- ed : 1714338622.222805 --- --- id: 182  actual:1.2356340885162354  expected:1.1911006563977105
request: 187, latency: 2.056147813796997
0号worker ---- good : 151 --- finish: 160 ---- abandon : 0 ---- batch size : 1  --- ed : 1714338623.2687366 --- --- id: 187  actual:1.0456836223602295  expected:0.9857277191569763
request: 183, latency: 4.141458034515381
request: 186, latency: 4.102447748184204
0号worker ---- good : 153 --- finish: 162 ---- abandon : 0 ---- batch size : 2  --- ed : 1714338625.3102067 --- --- id: 183 186  actual:2.0412862300872803  expected:1.9780426388676169
request: 189, latency: 1.181015968322754
0号worker ---- good : 154 --- finish: 163 ---- abandon : 0 ---- batch size : 1  --- ed : 1714338670.7730796 --- --- id: 189  actual:1.1799745559692383  expected:1.0444057012257575
request: 190, latency: 2.2729129791259766
0号worker ---- good : 155 --- finish: 164 ---- abandon : 0 ---- batch size : 1  --- ed : 1714338672.313461 --- --- id: 190  actual:1.5383732318878174  expected:1.4844905667416164
request: 191, latency: 1.416818380355835
0号worker ---- good : 156 --- finish: 165 ---- abandon : 0 ---- batch size : 1  --- ed : 1714338674.1213815 --- --- id: 191  actual:1.4152803421020508  expected:1.3964735936384447
request: 192, latency: 1.105680227279663
0号worker ---- good : 157 --- finish: 166 ---- abandon : 0 ---- batch size : 1  --- ed : 1714338679.9102113 --- --- id: 192  actual:1.1043205261230469  expected:1.0444057012257575
request: 193, latency: 2.2763171195983887
0号worker ---- good : 158 --- finish: 167 ---- abandon : 0 ---- batch size : 1  --- ed : 1714338681.1353352 --- --- id: 193  actual:1.2249553203582764  expected:1.2497786384664917
request: 194, latency: 3.5393424034118652
0号worker ---- good : 159 --- finish: 168 ---- abandon : 0 ---- batch size : 1  --- ed : 1714338682.4571862 --- --- id: 194  actual:1.3204448223114014  expected:1.3084566205352728
request: 196, latency: 2.005216360092163
0号worker ---- good : 160 --- finish: 169 ---- abandon : 0 ---- batch size : 1  --- ed : 1714338683.5859025 --- --- id: 196  actual:1.128563642501831  expected:1.0444057012257575
request: 197, latency: 1.1044988632202148
0号worker ---- good : 161 --- finish: 170 ---- abandon : 0 ---- batch size : 1  --- ed : 1714338686.677029 --- --- id: 197  actual:1.1008236408233643  expected:1.1030836832945388
request: 198, latency: 2.286386251449585
0号worker ---- good : 162 --- finish: 171 ---- abandon : 0 ---- batch size : 1  --- ed : 1714338688.129644 --- --- id: 198  actual:1.446699619293213  expected:1.2791176295008824
request: 199, latency: 1.0264549255371094
0号worker ---- good : 163 --- finish: 172 ---- abandon : 0 ---- batch size : 1  --- ed : 1714338706.3989768 --- --- id: 199  actual:1.0252885818481445  expected:0.9563887281225858
request: 200, latency: 2.2831809520721436
0号worker ---- good : 164 --- finish: 173 ---- abandon : 0 ---- batch size : 1  --- ed : 1714338707.7027373 --- --- id: 200  actual:1.3035762310028076  expected:1.2791176295008824
request: 201, latency: 1.1568176746368408
0号worker ---- good : 165 --- finish: 174 ---- abandon : 0 ---- batch size : 1  --- ed : 1714338714.0014114 --- --- id: 201  actual:1.1523208618164062  expected:1.1911006563977105
request: 202, latency: 1.5488746166229248
0号worker ---- good : 166 --- finish: 175 ---- abandon : 0 ---- batch size : 1  --- ed : 1714338756.2734294 --- --- id: 202  actual:1.54380202293396  expected:1.5431685488103977
request: 203, latency: 2.614119529724121
0号worker ---- good : 167 --- finish: 176 ---- abandon : 0 ---- batch size : 1  --- ed : 1714338757.4626606 --- --- id: 203  actual:1.1870896816253662  expected:1.2497786384664917
request: 205, latency: 1.1587002277374268
0号worker ---- good : 168 --- finish: 177 ---- abandon : 0 ---- batch size : 1  --- ed : 1714338784.7747154 --- --- id: 205  actual:1.153782606124878  expected:1.1030836832945388
request: 206, latency: 1.3774054050445557
0号worker ---- good : 169 --- finish: 178 ---- abandon : 0 ---- batch size : 1  --- ed : 1714338789.557931 --- --- id: 206  actual:1.3763916492462158  expected:1.3964735936384447
request: 208, latency: 2.042579412460327
0号worker ---- good : 170 --- finish: 179 ---- abandon : 0 ---- batch size : 1  --- ed : 1714338790.6258695 --- --- id: 208  actual:1.0471055507659912  expected:1.015066710191367
request: 207, latency: 3.628298044204712
0号worker ---- good : 170 --- finish: 180 ---- abandon : 0 ---- batch size : 1  --- ed : 1714338791.8971407 --- --- id: 207  actual:1.2711246013641357  expected:1.1911006563977105
request: 210, latency: 4.090296506881714
0号worker ---- good : 171 --- finish: 181 ---- abandon : 0 ---- batch size : 1  --- ed : 1714338793.377619 --- --- id: 210  actual:1.4803314208984375  expected:1.513829557776007
request: 211, latency: 1.3067095279693604
0号worker ---- good : 172 --- finish: 182 ---- abandon : 0 ---- batch size : 1  --- ed : 1714338799.3676035 --- --- id: 211  actual:1.3056533336639404  expected:1.367134602604054
request: 212, latency: 1.8436472415924072
0号worker ---- good : 173 --- finish: 183 ---- abandon : 0 ---- batch size : 1  --- ed : 1714338800.9242105 --- --- id: 212  actual:1.4980828762054443  expected:1.5431685488103977
request: 213, latency: 1.0604255199432373
0号worker ---- good : 174 --- finish: 184 ---- abandon : 0 ---- batch size : 1  --- ed : 1714338802.72882 --- --- id: 213  actual:1.0592281818389893  expected:1.0444057012257575
request: 214, latency: 1.0736477375030518
0号worker ---- good : 175 --- finish: 185 ---- abandon : 0 ---- batch size : 1  --- ed : 1714338826.8501742 --- --- id: 214  actual:1.0723567008972168  expected:1.0444057012257575
request: 215, latency: 1.1303739547729492
0号worker ---- good : 176 --- finish: 186 ---- abandon : 0 ---- batch size : 1  --- ed : 1714338830.742972 --- --- id: 215  actual:1.1296184062957764  expected:1.1617616653633198
request: 216, latency: 3.4585421085357666
request: 217, latency: 3.4497902393341064
request: 218, latency: 3.4448392391204834
0号worker ---- good : 179 --- finish: 189 ---- abandon : 0 ---- batch size : 3  --- ed : 1714338833.0716767 --- --- id: 216 217 218  actual:2.294724941253662  expected:2.263828022573546
request: 220, latency: 1.3552801609039307
0号worker ---- good : 180 --- finish: 190 ---- abandon : 0 ---- batch size : 1  --- ed : 1714338871.993997 --- --- id: 220  actual:1.3527958393096924  expected:1.367134602604054
request: 221, latency: 2.6395082473754883
0号worker ---- good : 181 --- finish: 191 ---- abandon : 0 ---- batch size : 1  --- ed : 1714338873.3697362 --- --- id: 221  actual:1.3647480010986328  expected:1.4844905667416164
request: 222, latency: 1.388716697692871
0号worker ---- good : 182 --- finish: 192 ---- abandon : 0 ---- batch size : 1  --- ed : 1714338886.3625512 --- --- id: 222  actual:1.3820853233337402  expected:1.3084566205352728
request: 223, latency: 1.089975118637085
0号worker ---- good : 183 --- finish: 193 ---- abandon : 0 ---- batch size : 1  --- ed : 1714338887.5505264 --- --- id: 223  actual:1.0818970203399658  expected:1.0444057012257575
request: 224, latency: 1.7091889381408691
0号worker ---- good : 184 --- finish: 194 ---- abandon : 0 ---- batch size : 1  --- ed : 1714338888.858966 --- --- id: 224  actual:1.308281421661377  expected:1.220439647432101
request: 225, latency: 3.0904183387756348
0号worker ---- good : 185 --- finish: 195 ---- abandon : 0 ---- batch size : 1  --- ed : 1714338890.3013783 --- --- id: 225  actual:1.4422526359558105  expected:1.2497786384664917
request: 226, latency: 4.287017345428467
0号worker ---- good : 185 --- finish: 196 ---- abandon : 0 ---- batch size : 1  --- ed : 1714338891.6467707 --- --- id: 226  actual:1.3452343940734863  expected:1.3377956115696634
request: 230, latency: 4.169548273086548
0号worker ---- good : 185 --- finish: 197 ---- abandon : 0 ---- batch size : 1  --- ed : 1714338893.0214548 --- --- id: 230  actual:1.3745174407958984  expected:1.3084566205352728
request: 231, latency: 1.121424674987793
0号worker ---- good : 186 --- finish: 198 ---- abandon : 0 ---- batch size : 1  --- ed : 1714338894.778646 --- --- id: 231  actual:1.1183390617370605  expected:1.015066710191367
request: 232, latency: 1.1197168827056885
0号worker ---- good : 187 --- finish: 199 ---- abandon : 0 ---- batch size : 1  --- ed : 1714338897.1803489 --- --- id: 232  actual:1.1143817901611328  expected:1.015066710191367
request: 233, latency: 2.0526673793792725
0号worker ---- good : 188 --- finish: 200 ---- abandon : 0 ---- batch size : 1  --- ed : 1714338898.141711 --- --- id: 233  actual:0.9555270671844482  expected:0.9857277191569763
request: 234, latency: 1.1795344352722168
0号worker ---- good : 189 --- finish: 201 ---- abandon : 0 ---- batch size : 1  --- ed : 1714338900.6161504 --- --- id: 234  actual:1.1745448112487793  expected:1.1030836832945388
request: 235, latency: 1.2293055057525635
0号worker ---- good : 190 --- finish: 202 ---- abandon : 0 ---- batch size : 1  --- ed : 1714338902.065537 --- --- id: 235  actual:1.228450059890747  expected:1.1911006563977105
request: 237, latency: 2.450978994369507
0号worker ---- good : 191 --- finish: 203 ---- abandon : 0 ---- batch size : 1  --- ed : 1714338903.2876859 --- --- id: 237  actual:1.2218849658966064  expected:0.9563887281225858
request: 236, latency: 3.643247127532959
0号worker ---- good : 191 --- finish: 204 ---- abandon : 0 ---- batch size : 1  --- ed : 1714338904.479788 --- --- id: 236  actual:1.191943883895874  expected:1.0737446922601481
request: 239, latency: 3.44480037689209
0号worker ---- good : 191 --- finish: 205 ---- abandon : 0 ---- batch size : 1  --- ed : 1714338905.5515606 --- --- id: 239  actual:1.0716216564178467  expected:1.015066710191367
request: 242, latency: 2.2328274250030518
0号worker ---- good : 192 --- finish: 206 ---- abandon : 0 ---- batch size : 1  --- ed : 1714338906.771706 --- --- id: 242  actual:1.2199954986572266  expected:1.1911006563977105
request: 241, latency: 3.7309703826904297
0号worker ---- good : 193 --- finish: 207 ---- abandon : 0 ---- batch size : 1  --- ed : 1714338908.2386956 --- --- id: 241  actual:1.466813325881958  expected:1.4258125846728353
request: 243, latency: 2.9116647243499756
0号worker ---- good : 194 --- finish: 208 ---- abandon : 0 ---- batch size : 1  --- ed : 1714338909.2275877 --- --- id: 243  actual:0.9887597560882568  expected:0.9857277191569763
request: 244, latency: 1.6005001068115234
0号worker ---- good : 195 --- finish: 209 ---- abandon : 0 ---- batch size : 1  --- ed : 1714338911.1810217 --- --- id: 244  actual:1.5864546298980713  expected:1.455151575707226
request: 245, latency: 3.1755340099334717
0号worker ---- good : 196 --- finish: 210 ---- abandon : 0 ---- batch size : 1  --- ed : 1714338912.7562118 --- --- id: 245  actual:1.575047254562378  expected:1.4258125846728353
request: 246, latency: 2.192594289779663
0号worker ---- good : 197 --- finish: 211 ---- abandon : 0 ---- batch size : 1  --- ed : 1714338913.8544445 --- --- id: 246  actual:1.0980288982391357  expected:1.0444057012257575
request: 247, latency: 1.2575979232788086
0号worker ---- good : 198 --- finish: 212 ---- abandon : 0 ---- batch size : 1  --- ed : 1714338916.6883335 --- --- id: 247  actual:1.255990982055664  expected:1.1911006563977105
request: 248, latency: 1.7328271865844727
0号worker ---- good : 199 --- finish: 213 ---- abandon : 0 ---- batch size : 1  --- ed : 1714338918.2453575 --- --- id: 248  actual:1.5567667484283447  expected:1.5431685488103977
request: 249, latency: 2.172900915145874
0号worker ---- good : 200 --- finish: 214 ---- abandon : 0 ---- batch size : 1  --- ed : 1714338919.2970529 --- --- id: 249  actual:1.0514214038848877  expected:1.0737446922601481
request: 250, latency: 3.5729570388793945
0号worker ---- good : 201 --- finish: 215 ---- abandon : 0 ---- batch size : 1  --- ed : 1714338920.7403376 --- --- id: 250  actual:1.4430527687072754  expected:1.4258125846728353
request: 251, latency: 2.282284736633301
0号worker ---- good : 202 --- finish: 216 ---- abandon : 0 ---- batch size : 1  --- ed : 1714338921.8668108 --- --- id: 251  actual:1.1261708736419678  expected:1.0444057012257575
request: 252, latency: 1.1603493690490723
0号worker ---- good : 203 --- finish: 217 ---- abandon : 0 ---- batch size : 1  --- ed : 1714338980.3251922 --- --- id: 252  actual:1.1590077877044678  expected:1.1617616653633198
request: 253, latency: 1.1492087841033936
0号worker ---- good : 204 --- finish: 218 ---- abandon : 0 ---- batch size : 1  --- ed : 1714338981.3371332 --- --- id: 253  actual:1.0045099258422852  expected:1.0444057012257575
request: 254, latency: 1.441236972808838
0号worker ---- good : 205 --- finish: 219 ---- abandon : 0 ---- batch size : 1  --- ed : 1714338983.0051422 --- --- id: 254  actual:1.4395561218261719  expected:1.4844905667416164
request: 255, latency: 1.5170764923095703
0号worker ---- good : 206 --- finish: 220 ---- abandon : 0 ---- batch size : 1  --- ed : 1714338991.2955859 --- --- id: 255  actual:1.5074043273925781  expected:1.455151575707226
request: 256, latency: 0.9734783172607422
0号worker ---- good : 207 --- finish: 221 ---- abandon : 0 ---- batch size : 1  --- ed : 1714339009.0727477 --- --- id: 256  actual:0.9724369049072266  expected:0.9857277191569763
request: 257, latency: 2.4676830768585205
0号worker ---- good : 208 --- finish: 222 ---- abandon : 0 ---- batch size : 1  --- ed : 1714339010.582068 --- --- id: 257  actual:1.4977717399597168  expected:1.4844905667416164
request: 258, latency: 1.4653899669647217
0号worker ---- good : 209 --- finish: 223 ---- abandon : 0 ---- batch size : 1  --- ed : 1714339038.9099166 --- --- id: 258  actual:1.4620795249938965  expected:1.455151575707226
request: 261, latency: 2.4103567600250244
request: 262, latency: 1.8085408210754395
0号worker ---- good : 211 --- finish: 225 ---- abandon : 0 ---- batch size : 2  --- ed : 1714339040.512339 --- --- id: 261 262  actual:1.602224349975586  expected:1.5682289404938372
request: 259, latency: 4.6819658279418945
0号worker ---- good : 211 --- finish: 226 ---- abandon : 0 ---- batch size : 1  --- ed : 1714339042.1372097 --- --- id: 259  actual:1.6246414184570312  expected:1.5431685488103977
request: 263, latency: 1.3904266357421875
0号worker ---- good : 212 --- finish: 227 ---- abandon : 0 ---- batch size : 1  --- ed : 1714339043.8592992 --- --- id: 263  actual:1.3848953247070312  expected:1.3084566205352728
request: 265, latency: 2.450775384902954
0号worker ---- good : 213 --- finish: 228 ---- abandon : 0 ---- batch size : 1  --- ed : 1714339044.9201725 --- --- id: 265  actual:1.0606749057769775  expected:1.015066710191367
request: 264, latency: 3.7049059867858887
0号worker ---- good : 214 --- finish: 229 ---- abandon : 0 ---- batch size : 1  --- ed : 1714339046.1739824 --- --- id: 264  actual:1.2536609172821045  expected:1.3084566205352728
request: 266, latency: 1.4718537330627441
0号worker ---- good : 215 --- finish: 230 ---- abandon : 0 ---- batch size : 1  --- ed : 1714339048.7409782 --- --- id: 266  actual:1.466200828552246  expected:1.3964735936384447
request: 267, latency: 1.1306023597717285
0号worker ---- good : 216 --- finish: 231 ---- abandon : 0 ---- batch size : 1  --- ed : 1714339051.6751337 --- --- id: 267  actual:1.1298284530639648  expected:1.1617616653633198
request: 268, latency: 2.2337820529937744
0号worker ---- good : 217 --- finish: 232 ---- abandon : 0 ---- batch size : 1  --- ed : 1714339052.915965 --- --- id: 268  actual:1.2095975875854492  expected:1.1617616653633198
request: 269, latency: 3.2355716228485107
0号worker ---- good : 218 --- finish: 233 ---- abandon : 0 ---- batch size : 1  --- ed : 1714339054.1934323 --- --- id: 269  actual:1.2771973609924316  expected:1.2791176295008824
request: 270, latency: 4.671570777893066
0号worker ---- good : 218 --- finish: 234 ---- abandon : 0 ---- batch size : 1  --- ed : 1714339055.9573393 --- --- id: 270  actual:1.763735294342041  expected:1.455151575707226
request: 272, latency: 3.6978001594543457
0号worker ---- good : 218 --- finish: 235 ---- abandon : 0 ---- batch size : 1  --- ed : 1714339057.1743338 --- --- id: 272  actual:1.2167205810546875  expected:1.1617616653633198
request: 274, latency: 3.829838275909424
0号worker ---- good : 219 --- finish: 236 ---- abandon : 0 ---- batch size : 1  --- ed : 1714339058.5323267 --- --- id: 274  actual:1.3577628135681152  expected:1.2791176295008824
request: 276, latency: 4.644475698471069
0号worker ---- good : 219 --- finish: 237 ---- abandon : 0 ---- batch size : 1  --- ed : 1714339060.0443304 --- --- id: 276  actual:1.5117967128753662  expected:1.455151575707226
request: 278, latency: 3.741912364959717
0号worker ---- good : 220 --- finish: 238 ---- abandon : 0 ---- batch size : 1  --- ed : 1714339061.4934773 --- --- id: 278  actual:1.4489328861236572  expected:1.367134602604054
request: 280, latency: 2.363570213317871
0号worker ---- good : 221 --- finish: 239 ---- abandon : 0 ---- batch size : 1  --- ed : 1714339063.0075457 --- --- id: 280  actual:1.513780117034912  expected:1.4844905667416164
request: 281, latency: 0.9621286392211914
0号worker ---- good : 222 --- finish: 240 ---- abandon : 0 ---- batch size : 1  --- ed : 1714339112.9435294 --- --- id: 281  actual:0.9581396579742432  expected:0.9563887281225858
request: 282, latency: 1.2433395385742188
0号worker ---- good : 223 --- finish: 241 ---- abandon : 0 ---- batch size : 1  --- ed : 1714339118.7102427 --- --- id: 282  actual:1.2417793273925781  expected:1.220439647432101
request: 283, latency: 2.2996277809143066
0号worker ---- good : 224 --- finish: 242 ---- abandon : 0 ---- batch size : 1  --- ed : 1714339119.9695141 --- --- id: 283  actual:1.2591145038604736  expected:1.2791176295008824
request: 284, latency: 3.9737963676452637
0号worker ---- good : 225 --- finish: 243 ---- abandon : 0 ---- batch size : 1  --- ed : 1714339121.644014 --- --- id: 284  actual:1.6673250198364258  expected:1.455151575707226
request: 286, latency: 0.9175279140472412
0号worker ---- good : 226 --- finish: 244 ---- abandon : 0 ---- batch size : 1  --- ed : 1714339124.8980637 --- --- id: 286  actual:0.9141509532928467  expected:0.9563887281225858
request: 287, latency: 2.410256862640381
0号worker ---- good : 227 --- finish: 245 ---- abandon : 0 ---- batch size : 1  --- ed : 1714339126.393948 --- --- id: 287  actual:1.4409351348876953  expected:1.4258125846728353
request: 288, latency: 1.5951290130615234
0号worker ---- good : 228 --- finish: 246 ---- abandon : 0 ---- batch size : 1  --- ed : 1714339127.5156589 --- --- id: 288  actual:1.1215150356292725  expected:1.2497786384664917
request: 289, latency: 1.0706675052642822
0号worker ---- good : 229 --- finish: 247 ---- abandon : 0 ---- batch size : 1  --- ed : 1714339136.3631926 --- --- id: 289  actual:1.0668909549713135  expected:1.0737446922601481
request: 290, latency: 2.2970046997070312
0号worker ---- good : 230 --- finish: 248 ---- abandon : 0 ---- batch size : 1  --- ed : 1714339137.9248 --- --- id: 290  actual:1.5484561920166016  expected:1.5431685488103977
request: 291, latency: 1.026423454284668
0号worker ---- good : 231 --- finish: 249 ---- abandon : 0 ---- batch size : 1  --- ed : 1714339140.1789796 --- --- id: 291  actual:1.0239293575286865  expected:1.0444057012257575
request: 292, latency: 1.5733132362365723
0号worker ---- good : 232 --- finish: 250 ---- abandon : 0 ---- batch size : 1  --- ed : 1714339151.1719716 --- --- id: 292  actual:1.5718543529510498  expected:1.513829557776007
request: 293, latency: 1.7795917987823486
0号worker ---- good : 233 --- finish: 251 ---- abandon : 0 ---- batch size : 1  --- ed : 1714339152.361655 --- --- id: 293  actual:1.18951416015625  expected:1.1911006563977105
request: 295, latency: 1.8116934299468994
0号worker ---- good : 234 --- finish: 252 ---- abandon : 0 ---- batch size : 1  --- ed : 1714339153.2362309 --- --- id: 295  actual:0.8744063377380371  expected:0.9563887281225858
request: 294, latency: 4.10575008392334
0号worker ---- good : 234 --- finish: 253 ---- abandon : 0 ---- batch size : 1  --- ed : 1714339154.7448556 --- --- id: 294  actual:1.469170093536377  expected:1.367134602604054
request: 298, latency: 3.275738000869751
0号worker ---- good : 235 --- finish: 254 ---- abandon : 0 ---- batch size : 1  --- ed : 1714339155.918791 --- --- id: 298  actual:1.173750638961792  expected:1.1617616653633198
request: 300, latency: 1.4988951683044434
0号worker ---- good : 236 --- finish: 255 ---- abandon : 0 ---- batch size : 1  --- ed : 1714339157.8218052 --- --- id: 300  actual:1.4972541332244873  expected:1.455151575707226
request: 301, latency: 1.8515214920043945
0号worker ---- good : 237 --- finish: 256 ---- abandon : 0 ---- batch size : 1  --- ed : 1714339162.3315835 --- --- id: 301  actual:1.8491778373718262  expected:1.5431685488103977
request: 302, latency: 2.4317290782928467
0号worker ---- good : 238 --- finish: 257 ---- abandon : 0 ---- batch size : 1  --- ed : 1714339163.3185232 --- --- id: 302  actual:0.986588716506958  expected:0.9563887281225858
request: 303, latency: 1.2890453338623047
0号worker ---- good : 239 --- finish: 258 ---- abandon : 0 ---- batch size : 1  --- ed : 1714339169.9778764 --- --- id: 303  actual:1.2869758605957031  expected:1.2791176295008824
request: 304, latency: 1.0620861053466797
0号worker ---- good : 240 --- finish: 259 ---- abandon : 0 ---- batch size : 1  --- ed : 1714339174.2066112 --- --- id: 304  actual:1.0606224536895752  expected:1.0737446922601481
request: 305, latency: 1.9567370414733887
0号worker ---- good : 241 --- finish: 260 ---- abandon : 0 ---- batch size : 1  --- ed : 1714339175.1038241 --- --- id: 305  actual:0.8877365589141846  expected:0.9563887281225858
request: 306, latency: 2.8989861011505127
0号worker ---- good : 242 --- finish: 261 ---- abandon : 0 ---- batch size : 1  --- ed : 1714339176.4786909 --- --- id: 306  actual:1.3103010654449463  expected:1.2497786384664917
request: 308, latency: 4.470981597900391
0号worker ---- good : 243 --- finish: 262 ---- abandon : 0 ---- batch size : 1  --- ed : 1714339178.053408 --- --- id: 308  actual:1.5745704174041748  expected:1.5431685488103977
request: 309, latency: 2.0380897521972656
0号worker ---- good : 244 --- finish: 263 ---- abandon : 0 ---- batch size : 1  --- ed : 1714339179.5346277 --- --- id: 309  actual:1.4810612201690674  expected:1.4844905667416164
request: 310, latency: 1.8449857234954834
0号worker ---- good : 245 --- finish: 264 ---- abandon : 0 ---- batch size : 1  --- ed : 1714339180.6529062 --- --- id: 310  actual:1.1181461811065674  expected:1.0737446922601481
request: 311, latency: 1.762376070022583
0号worker ---- good : 246 --- finish: 265 ---- abandon : 0 ---- batch size : 1  --- ed : 1714339181.7789066 --- --- id: 311  actual:1.125812292098999  expected:1.0444057012257575
request: 312, latency: 3.174483299255371
0号worker ---- good : 247 --- finish: 266 ---- abandon : 0 ---- batch size : 1  --- ed : 1714339183.2122567 --- --- id: 312  actual:1.433215618133545  expected:1.513829557776007
request: 314, latency: 3.4532265663146973
request: 318, latency: 3.334383726119995
0号worker ---- good : 249 --- finish: 268 ---- abandon : 0 ---- batch size : 2  --- ed : 1714339184.9564333 --- --- id: 314 318  actual:1.7440237998962402  expected:1.691173050005971
request: 320, latency: 1.381955623626709
0号worker ---- good : 250 --- finish: 269 ---- abandon : 0 ---- batch size : 1  --- ed : 1714339188.778579 --- --- id: 320  actual:1.3804843425750732  expected:1.3964735936384447
request: 321, latency: 2.652193546295166
0号worker ---- good : 251 --- finish: 270 ---- abandon : 0 ---- batch size : 1  --- ed : 1714339190.0578508 --- --- id: 321  actual:1.2590467929840088  expected:1.2791176295008824
request: 322, latency: 3.2551727294921875
0号worker ---- good : 251 --- finish: 271 ---- abandon : 0 ---- batch size : 1  --- ed : 1714339191.2238572 --- --- id: 322  actual:1.1384196281433105  expected:1.0737446922601481
request: 324, latency: 1.3931901454925537
0号worker ---- good : 252 --- finish: 272 ---- abandon : 0 ---- batch size : 1  --- ed : 1714339194.6962988 --- --- id: 324  actual:1.3882198333740234  expected:1.3377956115696634
request: 325, latency: 2.7059953212738037
0号worker ---- good : 253 --- finish: 273 ---- abandon : 0 ---- batch size : 1  --- ed : 1714339196.0092826 --- --- id: 325  actual:1.3128259181976318  expected:1.2497786384664917
request: 326, latency: 3.8470239639282227
0号worker ---- good : 254 --- finish: 274 ---- abandon : 0 ---- batch size : 1  --- ed : 1714339197.530799 --- --- id: 326  actual:1.5212528705596924  expected:1.5431685488103977
request: 327, latency: 1.5718817710876465
0号worker ---- good : 255 --- finish: 275 ---- abandon : 0 ---- batch size : 1  --- ed : 1714339198.9027455 --- --- id: 327  actual:1.371690034866333  expected:1.367134602604054
request: 328, latency: 1.8313002586364746
0号worker ---- good : 256 --- finish: 276 ---- abandon : 0 ---- batch size : 1  --- ed : 1714339204.4904578 --- --- id: 328  actual:1.8295421600341797  expected:1.455151575707226
request: 330, latency: 1.6429359912872314
0号worker ---- good : 257 --- finish: 277 ---- abandon : 0 ---- batch size : 1  --- ed : 1714339205.5954666 --- --- id: 330  actual:1.1048495769500732  expected:1.0444057012257575
request: 329, latency: 4.106250762939453
request: 334, latency: 2.7549660205841064
0号worker ---- good : 259 --- finish: 279 ---- abandon : 0 ---- batch size : 2  --- ed : 1714339207.774799 --- --- id: 329 334  actual:2.1791157722473145  expected:2.141968118217129
request: 331, latency: 4.093082904815674
0号worker ---- good : 259 --- finish: 280 ---- abandon : 0 ---- batch size : 1  --- ed : 1714339209.0148203 --- --- id: 331  actual:1.2398312091827393  expected:1.220439647432101
request: 336, latency: 1.516206979751587
0号worker ---- good : 260 --- finish: 281 ---- abandon : 0 ---- batch size : 1  --- ed : 1714339218.9069164 --- --- id: 336  actual:1.5056636333465576  expected:1.4844905667416164
request: 337, latency: 1.3712961673736572
0号worker ---- good : 261 --- finish: 282 ---- abandon : 0 ---- batch size : 1  --- ed : 1714339258.038533 --- --- id: 337  actual:1.3678059577941895  expected:1.3377956115696634
request: 338, latency: 2.2438111305236816
0号worker ---- good : 262 --- finish: 283 ---- abandon : 0 ---- batch size : 1  --- ed : 1714339259.041577 --- --- id: 338  actual:1.002849817276001  expected:0.9857277191569763
request: 339, latency: 1.1019933223724365
0号worker ---- good : 263 --- finish: 284 ---- abandon : 0 ---- batch size : 1  --- ed : 1714339278.9865205 --- --- id: 339  actual:1.0977697372436523  expected:1.1324226743289292
request: 340, latency: 2.3400380611419678
0号worker ---- good : 264 --- finish: 285 ---- abandon : 0 ---- batch size : 1  --- ed : 1714339280.306355 --- --- id: 340  actual:1.2645397186279297  expected:1.2497786384664917
request: 341, latency: 3.7751612663269043
0号worker ---- good : 265 --- finish: 286 ---- abandon : 0 ---- batch size : 1  --- ed : 1714339281.801913 --- --- id: 341  actual:1.4405157566070557  expected:1.4258125846728353
request: 342, latency: 1.533400535583496
0号worker ---- good : 266 --- finish: 287 ---- abandon : 0 ---- batch size : 1  --- ed : 1714339289.7340167 --- --- id: 342  actual:1.5316317081451416  expected:1.4258125846728353
request: 343, latency: 2.129439353942871
0号worker ---- good : 267 --- finish: 288 ---- abandon : 0 ---- batch size : 1  --- ed : 1714339290.9559195 --- --- id: 343  actual:1.221707820892334  expected:1.0444057012257575
request: 344, latency: 1.4325392246246338
0号worker ---- good : 268 --- finish: 289 ---- abandon : 0 ---- batch size : 1  --- ed : 1714339302.493074 --- --- id: 344  actual:1.4312412738800049  expected:1.455151575707226
request: 345, latency: 1.1888673305511475
0号worker ---- good : 269 --- finish: 290 ---- abandon : 0 ---- batch size : 1  --- ed : 1714339341.3338137 --- --- id: 345  actual:1.1872966289520264  expected:1.2497786384664917
request: 346, latency: 1.2482695579528809
0号worker ---- good : 270 --- finish: 291 ---- abandon : 0 ---- batch size : 1  --- ed : 1714339344.731797 --- --- id: 346  actual:1.2472069263458252  expected:1.220439647432101
request: 347, latency: 2.564903736114502
0号worker ---- good : 271 --- finish: 292 ---- abandon : 0 ---- batch size : 1  --- ed : 1714339346.0837407 --- --- id: 347  actual:1.3517544269561768  expected:1.3084566205352728
request: 348, latency: 1.3857519626617432
0号worker ---- good : 272 --- finish: 293 ---- abandon : 0 ---- batch size : 1  --- ed : 1714339363.9034507 --- --- id: 348  actual:1.3840069770812988  expected:1.3377956115696634
request: 349, latency: 1.8487493991851807
0号worker ---- good : 273 --- finish: 294 ---- abandon : 0 ---- batch size : 1  --- ed : 1714339365.0413024 --- --- id: 349  actual:1.1376793384552002  expected:1.1324226743289292
request: 350, latency: 1.2339270114898682
0号worker ---- good : 274 --- finish: 295 ---- abandon : 0 ---- batch size : 1  --- ed : 1714339370.3504848 --- --- id: 350  actual:1.228377103805542  expected:1.1324226743289292
request: 351, latency: 2.423962354660034
0号worker ---- good : 275 --- finish: 296 ---- abandon : 0 ---- batch size : 1  --- ed : 1714339371.5466416 --- --- id: 351  actual:1.1958799362182617  expected:1.1617616653633198
request: 352, latency: 1.200643539428711
0号worker ---- good : 276 --- finish: 297 ---- abandon : 0 ---- batch size : 1  --- ed : 1714339379.3344586 --- --- id: 352  actual:1.1981737613677979  expected:1.1911006563977105
request: 354, latency: 2.1673359870910645
0号worker ---- good : 277 --- finish: 298 ---- abandon : 0 ---- batch size : 1  --- ed : 1714339380.4403079 --- --- id: 354  actual:1.1056721210479736  expected:1.1617616653633198
request: 353, latency: 3.612718105316162
0号worker ---- good : 278 --- finish: 299 ---- abandon : 0 ---- batch size : 1  --- ed : 1714339381.7484705 --- --- id: 353  actual:1.2624166011810303  expected:1.3377956115696634
request: 356, latency: 2.723820924758911
0号worker ---- good : 279 --- finish: 300 ---- abandon : 0 ---- batch size : 1  --- ed : 1714339383.1875875 --- --- id: 356  actual:1.3614680767059326  expected:1.3964735936384447
request: 357, latency: 1.242764949798584
0号worker ---- good : 280 --- finish: 301 ---- abandon : 0 ---- batch size : 1  --- ed : 1714339432.5245671 --- --- id: 357  actual:1.24125075340271  expected:1.1911006563977105
request: 358, latency: 1.8669066429138184
0号worker ---- good : 281 --- finish: 302 ---- abandon : 0 ---- batch size : 1  --- ed : 1714339433.526251 --- --- id: 358  actual:1.0015263557434082  expected:1.0444057012257575
request: 359, latency: 3.041182041168213
0号worker ---- good : 282 --- finish: 303 ---- abandon : 0 ---- batch size : 1  --- ed : 1714339434.763554 --- --- id: 359  actual:1.2278838157653809  expected:1.1324226743289292
request: 362, latency: 1.5945816040039062
0号worker ---- good : 283 --- finish: 304 ---- abandon : 0 ---- batch size : 1  --- ed : 1714339440.9252775 --- --- id: 362  actual:1.5936384201049805  expected:1.5431685488103977
request: 363, latency: 1.0960493087768555
0号worker ---- good : 284 --- finish: 305 ---- abandon : 0 ---- batch size : 1  --- ed : 1714339470.9580188 --- --- id: 363  actual:1.0933375358581543  expected:1.015066710191367
request: 364, latency: 1.5512230396270752
0号worker ---- good : 285 --- finish: 306 ---- abandon : 0 ---- batch size : 1  --- ed : 1714339485.7678323 --- --- id: 364  actual:1.5496137142181396  expected:1.4258125846728353
request: 367, latency: 2.7530319690704346
request: 368, latency: 2.734992742538452
0号worker ---- good : 287 --- finish: 308 ---- abandon : 0 ---- batch size : 2  --- ed : 1714339487.3450255 --- --- id: 367 368  actual:1.5770084857940674  expected:1.5272475706564592
request: 366, latency: 4.279071807861328
0号worker ---- good : 287 --- finish: 309 ---- abandon : 0 ---- batch size : 1  --- ed : 1714339488.8683894 --- --- id: 366  actual:1.523155689239502  expected:1.3377956115696634
request: 369, latency: 1.3286206722259521
0号worker ---- good : 288 --- finish: 310 ---- abandon : 0 ---- batch size : 1  --- ed : 1714339490.8787196 --- --- id: 369  actual:1.321331262588501  expected:1.3084566205352728
request: 372, latency: 1.718796968460083
0号worker ---- good : 289 --- finish: 311 ---- abandon : 0 ---- batch size : 1  --- ed : 1714339491.858249 --- --- id: 372  actual:0.9793658256530762  expected:0.9857277191569763
request: 370, latency: 3.231934070587158
0号worker ---- good : 290 --- finish: 312 ---- abandon : 0 ---- batch size : 1  --- ed : 1714339493.3066368 --- --- id: 370  actual:1.4482412338256836  expected:1.455151575707226
request: 373, latency: 1.1907436847686768
0号worker ---- good : 291 --- finish: 313 ---- abandon : 0 ---- batch size : 1  --- ed : 1714339495.8237495 --- --- id: 373  actual:1.1883864402770996  expected:1.1030836832945388
request: 374, latency: 1.0458447933197021
0号worker ---- good : 292 --- finish: 314 ---- abandon : 0 ---- batch size : 1  --- ed : 1714339502.9617507 --- --- id: 374  actual:1.0445802211761475  expected:0.9857277191569763
request: 375, latency: 1.506697654724121
0号worker ---- good : 293 --- finish: 315 ---- abandon : 0 ---- batch size : 1  --- ed : 1714339520.7112887 --- --- id: 375  actual:1.4989087581634521  expected:1.513829557776007
request: 377, latency: 2.1790828704833984
0号worker ---- good : 294 --- finish: 316 ---- abandon : 0 ---- batch size : 1  --- ed : 1714339521.991267 --- --- id: 377  actual:1.2619755268096924  expected:1.1617616653633198
request: 378, latency: 3.4790565967559814
0号worker ---- good : 295 --- finish: 317 ---- abandon : 0 ---- batch size : 1  --- ed : 1714339523.2935214 --- --- id: 378  actual:1.3020846843719482  expected:1.220439647432101
request: 379, latency: 4.251496076583862
0号worker ---- good : 296 --- finish: 318 ---- abandon : 0 ---- batch size : 1  --- ed : 1714339524.868692 --- --- id: 379  actual:1.5750226974487305  expected:1.455151575707226
request: 380, latency: 1.2335376739501953
0号worker ---- good : 297 --- finish: 319 ---- abandon : 0 ---- batch size : 1  --- ed : 1714339526.4780688 --- --- id: 380  actual:1.231780767440796  expected:1.220439647432101
request: 381, latency: 1.8541419506072998
0号worker ---- good : 298 --- finish: 320 ---- abandon : 0 ---- batch size : 1  --- ed : 1714339527.4104848 --- --- id: 381  actual:0.929823637008667  expected:0.9563887281225858
request: 382, latency: 1.553459882736206
0号worker ---- good : 299 --- finish: 321 ---- abandon : 0 ---- batch size : 1  --- ed : 1714339540.3259919 --- --- id: 382  actual:1.5514883995056152  expected:1.513829557776007
request: 383, latency: 2.6422042846679688
0号worker ---- good : 300 --- finish: 322 ---- abandon : 0 ---- batch size : 1  --- ed : 1714339541.4149983 --- --- id: 383  actual:1.088855266571045  expected:1.0737446922601481
request: 384, latency: 1.487375259399414
0号worker ---- good : 301 --- finish: 323 ---- abandon : 0 ---- batch size : 1  --- ed : 1714339558.5202672 --- --- id: 384  actual:1.4854423999786377  expected:1.455151575707226
request: 386, latency: 2.8591630458831787
0号worker ---- good : 302 --- finish: 324 ---- abandon : 0 ---- batch size : 1  --- ed : 1714339559.9142923 --- --- id: 386  actual:1.3938679695129395  expected:1.4258125846728353
request: 385, latency: 4.3376874923706055
0号worker ---- good : 303 --- finish: 325 ---- abandon : 0 ---- batch size : 1  --- ed : 1714339561.3864584 --- --- id: 385  actual:1.4623568058013916  expected:1.5431685488103977
request: 387, latency: 1.1226115226745605
0号worker ---- good : 304 --- finish: 326 ---- abandon : 0 ---- batch size : 1  --- ed : 1714339581.2073245 --- --- id: 387  actual:1.118933916091919  expected:1.0444057012257575
request: 388, latency: 2.3097190856933594
0号worker ---- good : 305 --- finish: 327 ---- abandon : 0 ---- batch size : 1  --- ed : 1714339582.497033 --- --- id: 388  actual:1.2895026206970215  expected:1.2497786384664917
request: 389, latency: 1.1217069625854492
0号worker ---- good : 306 --- finish: 328 ---- abandon : 0 ---- batch size : 1  --- ed : 1714339583.3862643 --- --- id: 389  actual:0.8890867233276367  expected:0.9857277191569763
request: 390, latency: 2.617281198501587
0号worker ---- good : 307 --- finish: 329 ---- abandon : 0 ---- batch size : 1  --- ed : 1714339584.889695 --- --- id: 390  actual:1.5032775402069092  expected:1.5431685488103977
request: 391, latency: 1.1473407745361328
0号worker ---- good : 308 --- finish: 330 ---- abandon : 0 ---- batch size : 1  --- ed : 1714339594.914489 --- --- id: 391  actual:1.142592191696167  expected:1.0737446922601481
request: 392, latency: 1.1466636657714844
0号worker ---- good : 309 --- finish: 331 ---- abandon : 0 ---- batch size : 1  --- ed : 1714339609.4751964 --- --- id: 392  actual:1.1409709453582764  expected:1.0737446922601481
request: 393, latency: 1.4591598510742188
0号worker ---- good : 310 --- finish: 332 ---- abandon : 0 ---- batch size : 1  --- ed : 1714339611.0771792 --- --- id: 393  actual:1.4576728343963623  expected:1.4258125846728353
request: 394, latency: 2.7224748134613037
0号worker ---- good : 311 --- finish: 333 ---- abandon : 0 ---- batch size : 1  --- ed : 1714339612.5013871 --- --- id: 394  actual:1.4240496158599854  expected:1.4258125846728353
request: 395, latency: 3.5876846313476562
0号worker ---- good : 312 --- finish: 334 ---- abandon : 0 ---- batch size : 1  --- ed : 1714339613.9299297 --- --- id: 395  actual:1.4283645153045654  expected:1.3964735936384447
request: 396, latency: 1.3430883884429932
0号worker ---- good : 313 --- finish: 335 ---- abandon : 0 ---- batch size : 1  --- ed : 1714339628.995664 --- --- id: 396  actual:1.3415987491607666  expected:1.2497786384664917
request: 397, latency: 1.3204801082611084
0号worker ---- good : 314 --- finish: 336 ---- abandon : 0 ---- batch size : 1  --- ed : 1714339633.4606507 --- --- id: 397  actual:1.3186125755310059  expected:1.3377956115696634
request: 398, latency: 1.1656913757324219
0号worker ---- good : 315 --- finish: 337 ---- abandon : 0 ---- batch size : 1  --- ed : 1714339635.0900142 --- --- id: 398  actual:1.1608965396881104  expected:1.1911006563977105
request: 399, latency: 1.2663640975952148
0号worker ---- good : 316 --- finish: 338 ---- abandon : 0 ---- batch size : 1  --- ed : 1714339641.7601163 --- --- id: 399  actual:1.2646007537841797  expected:1.2791176295008824
request: 400, latency: 1.4927284717559814
0号worker ---- good : 317 --- finish: 339 ---- abandon : 0 ---- batch size : 1  --- ed : 1714339647.6694078 --- --- id: 400  actual:1.4916987419128418  expected:1.5431685488103977
request: 401, latency: 2.681325674057007
0号worker ---- good : 318 --- finish: 340 ---- abandon : 0 ---- batch size : 1  --- ed : 1714339648.864527 --- --- id: 401  actual:1.135312795639038  expected:1.1324226743289292
request: 402, latency: 3.287602663040161
0号worker ---- good : 319 --- finish: 341 ---- abandon : 0 ---- batch size : 1  --- ed : 1714339650.0780723 --- --- id: 402  actual:1.2070717811584473  expected:1.220439647432101
request: 403, latency: 3.998953342437744
0号worker ---- good : 320 --- finish: 342 ---- abandon : 0 ---- batch size : 1  --- ed : 1714339651.436785 --- --- id: 403  actual:1.3266870975494385  expected:1.3964735936384447
request: 404, latency: 2.7335727214813232
0号worker ---- good : 321 --- finish: 343 ---- abandon : 0 ---- batch size : 1  --- ed : 1714339652.5560298 --- --- id: 404  actual:1.0674059391021729  expected:1.0444057012257575
request: 405, latency: 1.5481162071228027
0号worker ---- good : 322 --- finish: 344 ---- abandon : 0 ---- batch size : 1  --- ed : 1714339662.2246454 --- --- id: 405  actual:1.5473387241363525  expected:1.513829557776007
request: 406, latency: 2.400804042816162
0号worker ---- good : 323 --- finish: 345 ---- abandon : 0 ---- batch size : 1  --- ed : 1714339663.4934132 --- --- id: 406  actual:1.2686128616333008  expected:1.3084566205352728
request: 407, latency: 1.528625726699829
0号worker ---- good : 324 --- finish: 346 ---- abandon : 0 ---- batch size : 1  --- ed : 1714339669.852538 --- --- id: 407  actual:1.5193359851837158  expected:1.4844905667416164
request: 408, latency: 2.9091219902038574
0号worker ---- good : 325 --- finish: 347 ---- abandon : 0 ---- batch size : 1  --- ed : 1714339671.2652106 --- --- id: 408  actual:1.4124631881713867  expected:1.455151575707226
request: 409, latency: 1.212693214416504
0号worker ---- good : 326 --- finish: 348 ---- abandon : 0 ---- batch size : 1  --- ed : 1714339681.3117833 --- --- id: 409  actual:1.2102320194244385  expected:1.2497786384664917
request: 411, latency: 2.2369468212127686
0号worker ---- good : 327 --- finish: 349 ---- abandon : 0 ---- batch size : 1  --- ed : 1714339682.3546803 --- --- id: 411  actual:0.9928362369537354  expected:0.9857277191569763
request: 412, latency: 1.2513542175292969
0号worker ---- good : 328 --- finish: 350 ---- abandon : 0 ---- batch size : 1  --- ed : 1714339696.0638866 --- --- id: 412  actual:1.250093698501587  expected:1.2791176295008824
request: 413, latency: 1.0250616073608398
0号worker ---- good : 329 --- finish: 351 ---- abandon : 0 ---- batch size : 1  --- ed : 1714339706.4015994 --- --- id: 413  actual:1.0198774337768555  expected:1.0444057012257575
request: 414, latency: 2.1060867309570312
0号worker ---- good : 330 --- finish: 352 ---- abandon : 0 ---- batch size : 1  --- ed : 1714339707.7760494 --- --- id: 414  actual:1.3553404808044434  expected:1.3084566205352728
request: 415, latency: 1.1945383548736572
0号worker ---- good : 331 --- finish: 353 ---- abandon : 0 ---- batch size : 1  --- ed : 1714339712.135165 --- --- id: 415  actual:1.190657377243042  expected:1.0737446922601481
request: 416, latency: 0.9497437477111816
0号worker ---- good : 332 --- finish: 354 ---- abandon : 0 ---- batch size : 1  --- ed : 1714339714.87867 --- --- id: 416  actual:0.9482998847961426  expected:0.9857277191569763
request: 417, latency: 1.4722654819488525
0号worker ---- good : 333 --- finish: 355 ---- abandon : 0 ---- batch size : 1  --- ed : 1714339716.2872562 --- --- id: 417  actual:1.3702757358551025  expected:1.455151575707226
request: 418, latency: 0.9769539833068848
0号worker ---- good : 334 --- finish: 356 ---- abandon : 0 ---- batch size : 1  --- ed : 1714339717.3077872 --- --- id: 418  actual:0.9419167041778564  expected:0.9563887281225858
request: 419, latency: 1.156679630279541
0号worker ---- good : 335 --- finish: 357 ---- abandon : 0 ---- batch size : 1  --- ed : 1714339732.6891966 --- --- id: 419  actual:1.1556036472320557  expected:1.1617616653633198
request: 420, latency: 2.0390422344207764
0号worker ---- good : 336 --- finish: 358 ---- abandon : 0 ---- batch size : 1  --- ed : 1714339733.768831 --- --- id: 420  actual:1.0732238292694092  expected:1.0737446922601481
request: 421, latency: 2.77575421333313
request: 424, latency: 2.452078104019165
0号worker ---- good : 338 --- finish: 360 ---- abandon : 0 ---- batch size : 2  --- ed : 1714339735.3242662 --- --- id: 421 424  actual:1.555281162261963  expected:1.4862662008190812
request: 426, latency: 3.3379099369049072
0号worker ---- good : 339 --- finish: 361 ---- abandon : 0 ---- batch size : 1  --- ed : 1714339736.601408 --- --- id: 426  actual:1.2768831253051758  expected:1.1911006563977105
request: 427, latency: 0.9771692752838135
0号worker ---- good : 340 --- finish: 362 ---- abandon : 0 ---- batch size : 1  --- ed : 1714339738.5121264 --- --- id: 427  actual:0.9760885238647461  expected:0.9857277191569763
request: 428, latency: 1.0516743659973145
0号worker ---- good : 341 --- finish: 363 ---- abandon : 0 ---- batch size : 1  --- ed : 1714339743.0762148 --- --- id: 428  actual:1.0502300262451172  expected:1.0737446922601481
request: 429, latency: 1.957801342010498
0号worker ---- good : 342 --- finish: 364 ---- abandon : 0 ---- batch size : 1  --- ed : 1714339744.018398 --- --- id: 429  actual:0.9205968379974365  expected:0.9563887281225858
request: 430, latency: 3.2640693187713623
0号worker ---- good : 343 --- finish: 365 ---- abandon : 0 ---- batch size : 1  --- ed : 1714339745.335917 --- --- id: 430  actual:1.2769904136657715  expected:1.3377956115696634
request: 433, latency: 1.056915283203125
0号worker ---- good : 344 --- finish: 366 ---- abandon : 0 ---- batch size : 1  --- ed : 1714339753.7671382 --- --- id: 433  actual:1.0560357570648193  expected:1.1030836832945388
request: 435, latency: 2.7542471885681152
request: 438, latency: 1.712010145187378
0号worker ---- good : 346 --- finish: 368 ---- abandon : 0 ---- batch size : 2  --- ed : 1714339755.5048623 --- --- id: 435 438  actual:1.688706398010254  expected:1.6501916801685932
request: 437, latency: 3.212219476699829
0号worker ---- good : 347 --- finish: 369 ---- abandon : 0 ---- batch size : 1  --- ed : 1714339757.004588 --- --- id: 437  actual:1.4995307922363281  expected:1.5431685488103977
request: 439, latency: 1.0743348598480225
0号worker ---- good : 348 --- finish: 370 ---- abandon : 0 ---- batch size : 1  --- ed : 1714339778.5996256 --- --- id: 439  actual:1.0718412399291992  expected:1.0444057012257575
request: 440, latency: 1.2612614631652832
0号worker ---- good : 349 --- finish: 371 ---- abandon : 0 ---- batch size : 1  --- ed : 1714339780.0979295 --- --- id: 440  actual:1.258141040802002  expected:1.3084566205352728
request: 441, latency: 2.211315870285034
0号worker ---- good : 350 --- finish: 372 ---- abandon : 0 ---- batch size : 1  --- ed : 1714339781.1852388 --- --- id: 441  actual:1.0219945907592773  expected:1.0444057012257575
request: 442, latency: 1.2079017162322998
0号worker ---- good : 351 --- finish: 373 ---- abandon : 0 ---- batch size : 1  --- ed : 1714339798.9224033 --- --- id: 442  actual:1.2063145637512207  expected:1.1324226743289292
request: 443, latency: 1.7695238590240479
0号worker ---- good : 352 --- finish: 374 ---- abandon : 0 ---- batch size : 1  --- ed : 1714339803.8833582 --- --- id: 443  actual:1.7680108547210693  expected:1.5431685488103977
request: 444, latency: 1.1445443630218506
0号worker ---- good : 353 --- finish: 375 ---- abandon : 0 ---- batch size : 1  --- ed : 1714339822.1501088 --- --- id: 444  actual:1.1425414085388184  expected:1.1617616653633198
request: 445, latency: 1.9923040866851807
0号worker ---- good : 354 --- finish: 376 ---- abandon : 0 ---- batch size : 1  --- ed : 1714339834.519861 --- --- id: 445  actual:1.989652156829834  expected:1.513829557776007
request: 446, latency: 2.873356819152832
0号worker ---- good : 354 --- finish: 377 ---- abandon : 0 ---- batch size : 1  --- ed : 1714339835.4345636 --- --- id: 446  actual:0.9145452976226807  expected:0.9563887281225858
request: 449, latency: 2.873094081878662
0号worker ---- good : 355 --- finish: 378 ---- abandon : 0 ---- batch size : 1  --- ed : 1714339836.605097 --- --- id: 449  actual:1.170395851135254  expected:1.220439647432101
request: 452, latency: 3.1137173175811768
0号worker ---- good : 356 --- finish: 379 ---- abandon : 0 ---- batch size : 1  --- ed : 1714339837.7109547 --- --- id: 452  actual:1.105710506439209  expected:1.1030836832945388
request: 455, latency: 4.379516363143921
0号worker ---- good : 356 --- finish: 380 ---- abandon : 0 ---- batch size : 1  --- ed : 1714339839.127222 --- --- id: 455  actual:1.416118860244751  expected:1.367134602604054
request: 457, latency: 2.7496259212493896
0号worker ---- good : 357 --- finish: 381 ---- abandon : 0 ---- batch size : 1  --- ed : 1714339840.3396826 --- --- id: 457  actual:1.2122318744659424  expected:1.1911006563977105
request: 458, latency: 4.12496018409729
0号worker ---- good : 358 --- finish: 382 ---- abandon : 0 ---- batch size : 1  --- ed : 1714339841.7647152 --- --- id: 458  actual:1.4248020648956299  expected:1.513829557776007
request: 459, latency: 2.508277416229248
0号worker ---- good : 359 --- finish: 383 ---- abandon : 0 ---- batch size : 1  --- ed : 1714339842.8288612 --- --- id: 459  actual:1.0640077590942383  expected:1.1324226743289292
request: 460, latency: 1.182203769683838
0号worker ---- good : 360 --- finish: 384 ---- abandon : 0 ---- batch size : 1  --- ed : 1714339847.4314537 --- --- id: 460  actual:1.1774609088897705  expected:1.2497786384664917
request: 461, latency: 2.1597583293914795
0号worker ---- good : 361 --- finish: 385 ---- abandon : 0 ---- batch size : 1  --- ed : 1714339849.3355622 --- --- id: 461  actual:1.7884552478790283  expected:1.513829557776007
request: 462, latency: 2.3949623107910156
0号worker ---- good : 362 --- finish: 386 ---- abandon : 0 ---- batch size : 1  --- ed : 1714339850.362151 --- --- id: 462  actual:1.0264003276824951  expected:1.015066710191367
request: 463, latency: 0.9651501178741455
0号worker ---- good : 363 --- finish: 387 ---- abandon : 0 ---- batch size : 1  --- ed : 1714339874.4379814 --- --- id: 463  actual:0.9641034603118896  expected:0.9563887281225858
request: 464, latency: 1.5060553550720215
0号worker ---- good : 364 --- finish: 388 ---- abandon : 0 ---- batch size : 1  --- ed : 1714339879.2666085 --- --- id: 464  actual:1.5039243698120117  expected:1.513829557776007
request: 466, latency: 2.342236042022705
0号worker ---- good : 365 --- finish: 389 ---- abandon : 0 ---- batch size : 1  --- ed : 1714339880.1742141 --- --- id: 466  actual:0.8991384506225586  expected:0.9563887281225858
request: 465, latency: 3.7489829063415527
0号worker ---- good : 366 --- finish: 390 ---- abandon : 0 ---- batch size : 1  --- ed : 1714339881.5766683 --- --- id: 465  actual:1.346360683441162  expected:1.367134602604054
request: 469, latency: 2.282721519470215
0号worker ---- good : 367 --- finish: 391 ---- abandon : 0 ---- batch size : 1  --- ed : 1714339882.5914123 --- --- id: 469  actual:0.9875590801239014  expected:0.9857277191569763
request: 470, latency: 1.2339751720428467
0号worker ---- good : 368 --- finish: 392 ---- abandon : 0 ---- batch size : 1  --- ed : 1714339884.4385135 --- --- id: 470  actual:1.2332618236541748  expected:1.3084566205352728
request: 472, latency: 1.6821506023406982
0号worker ---- good : 369 --- finish: 393 ---- abandon : 0 ---- batch size : 1  --- ed : 1714339885.784281 --- --- id: 472  actual:1.2469117641448975  expected:1.3377956115696634
request: 471, latency: 3.234520673751831
0号worker ---- good : 370 --- finish: 394 ---- abandon : 0 ---- batch size : 1  --- ed : 1714339887.2567666 --- --- id: 471  actual:1.367105484008789  expected:1.4844905667416164
request: 473, latency: 3.5800364017486572
0号worker ---- good : 371 --- finish: 395 ---- abandon : 0 ---- batch size : 1  --- ed : 1714339888.5593936 --- --- id: 473  actual:1.1983919143676758  expected:1.220439647432101
request: 474, latency: 1.1263494491577148
0号worker ---- good : 372 --- finish: 396 ---- abandon : 0 ---- batch size : 1  --- ed : 1714339893.9793758 --- --- id: 474  actual:1.0949862003326416  expected:1.0737446922601481
request: 475, latency: 2.327117919921875
0号worker ---- good : 373 --- finish: 397 ---- abandon : 0 ---- batch size : 1  --- ed : 1714339895.3293626 --- --- id: 475  actual:1.3498404026031494  expected:1.455151575707226
request: 476, latency: 1.0523560047149658
0号worker ---- good : 374 --- finish: 398 ---- abandon : 0 ---- batch size : 1  --- ed : 1714339898.240954 --- --- id: 476  actual:1.0499305725097656  expected:1.0444057012257575
request: 477, latency: 0.9857430458068848
0号worker ---- good : 375 --- finish: 399 ---- abandon : 0 ---- batch size : 1  --- ed : 1714339902.1298356 --- --- id: 477  actual:0.9809532165527344  expected:1.015066710191367
request: 478, latency: 2.503787040710449
0号worker ---- good : 376 --- finish: 400 ---- abandon : 0 ---- batch size : 1  --- ed : 1714339903.6480412 --- --- id: 478  actual:1.4552407264709473  expected:1.5431685488103977
request: 479, latency: 2.753811836242676
0号worker ---- good : 377 --- finish: 401 ---- abandon : 0 ---- batch size : 1  --- ed : 1714339904.9920642 --- --- id: 479  actual:1.2590460777282715  expected:1.3377956115696634
request: 481, latency: 0.9854846000671387
0号worker ---- good : 378 --- finish: 402 ---- abandon : 0 ---- batch size : 1  --- ed : 1714339913.4141002 --- --- id: 481  actual:0.9769978523254395  expected:1.0737446922601481
request: 483, latency: 2.0745849609375
0号worker ---- good : 379 --- finish: 403 ---- abandon : 0 ---- batch size : 1  --- ed : 1714339914.5996075 --- --- id: 483  actual:1.080216646194458  expected:1.0737446922601481
request: 482, latency: 3.3768835067749023
0号worker ---- good : 380 --- finish: 404 ---- abandon : 0 ---- batch size : 1  --- ed : 1714339915.8057268 --- --- id: 482  actual:1.2033917903900146  expected:1.220439647432101
request: 486, latency: 2.0801103115081787
request: 487, latency: 2.073667287826538
0号worker ---- good : 382 --- finish: 406 ---- abandon : 0 ---- batch size : 2  --- ed : 1714339917.7628863 --- --- id: 486 487  actual:1.9455745220184326  expected:1.896079899192861
request: 485, latency: 4.106132984161377
0号worker ---- good : 383 --- finish: 407 ---- abandon : 0 ---- batch size : 1  --- ed : 1714339919.3872445 --- --- id: 485  actual:1.6241974830627441  expected:1.4844905667416164
request: 488, latency: 1.0466129779815674
0号worker ---- good : 384 --- finish: 408 ---- abandon : 0 ---- batch size : 1  --- ed : 1714339927.1031466 --- --- id: 488  actual:1.0448863506317139  expected:1.015066710191367
request: 489, latency: 2.03541898727417
0号worker ---- good : 385 --- finish: 409 ---- abandon : 0 ---- batch size : 1  --- ed : 1714339928.0921922 --- --- id: 489  actual:0.9888885021209717  expected:1.0444057012257575
request: 490, latency: 1.1830155849456787
0号worker ---- good : 386 --- finish: 410 ---- abandon : 0 ---- batch size : 1  --- ed : 1714339944.215536 --- --- id: 490  actual:1.1812000274658203  expected:1.220439647432101
request: 491, latency: 2.233149290084839
0号worker ---- good : 387 --- finish: 411 ---- abandon : 0 ---- batch size : 1  --- ed : 1714339945.5178876 --- --- id: 491  actual:1.2423725128173828  expected:1.3084566205352728
request: 492, latency: 1.5763583183288574
0号worker ---- good : 388 --- finish: 412 ---- abandon : 0 ---- batch size : 1  --- ed : 1714339950.0638962 --- --- id: 492  actual:1.5641584396362305  expected:1.3964735936384447
request: 493, latency: 2.576225519180298
0号worker ---- good : 389 --- finish: 413 ---- abandon : 0 ---- batch size : 1  --- ed : 1714339951.0654917 --- --- id: 493  actual:1.0013821125030518  expected:1.015066710191367
request: 494, latency: 4.098684310913086
0号worker ---- good : 390 --- finish: 414 ---- abandon : 0 ---- batch size : 1  --- ed : 1714339952.5881083 --- --- id: 494  actual:1.5224778652191162  expected:1.513829557776007
request: 495, latency: 2.920537233352661
0号worker ---- good : 391 --- finish: 415 ---- abandon : 0 ---- batch size : 1  --- ed : 1714339953.7021472 --- --- id: 495  actual:1.113868236541748  expected:1.1324226743289292
request: 496, latency: 4.151411771774292
0号worker ---- good : 391 --- finish: 416 ---- abandon : 0 ---- batch size : 1  --- ed : 1714339955.0559762 --- --- id: 496  actual:1.353616714477539  expected:1.367134602604054
