request: 0, latency: 1.397453784942627
0号worker ---- good : 1 --- finish: 1 ---- abandon : 0 ---- batch size : 1  --- ed : 1714341232.2079682 --- --- id: 0  actual:1.378242015838623  expected:1.4526920097131506
request: 1, latency: 1.7576191425323486
0号worker ---- good : 2 --- finish: 2 ---- abandon : 0 ---- batch size : 1  --- ed : 1714341233.5741644 --- --- id: 1  actual:1.297205924987793  expected:1.5518661100949134
request: 2, latency: 2.2036237716674805
0号worker ---- good : 3 --- finish: 3 ---- abandon : 0 ---- batch size : 1  --- ed : 1714341234.7596714 --- --- id: 2  actual:0.9238705635070801  expected:1.0559956081860993
request: 3, latency: 2.887260675430298
request: 4, latency: 2.446092128753662
0号worker ---- good : 5 --- finish: 5 ---- abandon : 0 ---- batch size : 2  --- ed : 1714341236.073848 --- --- id: 3 4  actual:1.1876730918884277  expected:1.1410163254187031
request: 5, latency: 2.7720677852630615
0号worker ---- good : 6 --- finish: 6 ---- abandon : 0 ---- batch size : 1  --- ed : 1714341237.2313557 --- --- id: 5  actual:1.1572773456573486  expected:1.2874018424102125
request: 6, latency: 3.6689209938049316
0号worker ---- good : 7 --- finish: 7 ---- abandon : 0 ---- batch size : 1  --- ed : 1714341238.589266 --- --- id: 6  actual:1.2474305629730225  expected:1.3535179093313876
request: 7, latency: 3.5514678955078125
0号worker ---- good : 8 --- finish: 8 ---- abandon : 0 ---- batch size : 1  --- ed : 1714341240.252141 --- --- id: 7  actual:1.5592525005340576  expected:1.6840982439372638
request: 9, latency: 1.6524205207824707
0号worker ---- good : 9 --- finish: 9 ---- abandon : 0 ---- batch size : 1  --- ed : 1714341241.3952494 --- --- id: 9  actual:1.0265815258026123  expected:1.1882277420284497
request: 8, latency: 3.6230649948120117
0号worker ---- good : 10 --- finish: 10 ---- abandon : 0 ---- batch size : 1  --- ed : 1714341242.978427 --- --- id: 8  actual:1.4257361888885498  expected:1.6510402104766764
request: 10, latency: 3.4606146812438965
0号worker ---- good : 11 --- finish: 11 ---- abandon : 0 ---- batch size : 1  --- ed : 1714341244.4600494 --- --- id: 10  actual:1.2576160430908203  expected:1.2543438089496248
request: 11, latency: 4.161728143692017
0号worker ---- good : 12 --- finish: 12 ---- abandon : 0 ---- batch size : 1  --- ed : 1714341245.7640066 --- --- id: 11  actual:1.3009839057922363  expected:1.4526920097131506
request: 13, latency: 2.74392032623291
0号worker ---- good : 13 --- finish: 13 ---- abandon : 0 ---- batch size : 1  --- ed : 1714341247.0993657 --- --- id: 13  actual:1.1729183197021484  expected:1.2543438089496248
request: 15, latency: 4.047636270523071
0号worker ---- good : 14 --- finish: 14 ---- abandon : 0 ---- batch size : 1  --- ed : 1714341248.5352979 --- --- id: 15  actual:1.3651747703552246  expected:1.5188080766343257
request: 18, latency: 2.8971121311187744
0号worker ---- good : 15 --- finish: 15 ---- abandon : 0 ---- batch size : 1  --- ed : 1714341250.0387912 --- --- id: 18  actual:1.344609260559082  expected:1.4857500431737383
request: 19, latency: 2.6058642864227295
0号worker ---- good : 16 --- finish: 16 ---- abandon : 0 ---- batch size : 1  --- ed : 1714341251.381561 --- --- id: 19  actual:1.2095646858215332  expected:1.3204598758708002
request: 20, latency: 1.1279807090759277
0号worker ---- good : 17 --- finish: 17 ---- abandon : 0 ---- batch size : 1  --- ed : 1714341252.9817972 --- --- id: 20  actual:1.126530408859253  expected:1.3535179093313876
request: 21, latency: 1.4656739234924316
0号worker ---- good : 18 --- finish: 18 ---- abandon : 0 ---- batch size : 1  --- ed : 1714341254.6051579 --- --- id: 21  actual:1.3992078304290771  expected:1.7171562773978515
request: 22, latency: 2.73203182220459
0号worker ---- good : 19 --- finish: 19 ---- abandon : 0 ---- batch size : 1  --- ed : 1714341256.3672967 --- --- id: 22  actual:1.4489679336547852  expected:1.6840982439372638
request: 23, latency: 3.1874945163726807
0号worker ---- good : 20 --- finish: 20 ---- abandon : 0 ---- batch size : 1  --- ed : 1714341258.037372 --- --- id: 23  actual:1.4269771575927734  expected:1.584924143555501
request: 24, latency: 4.7049560546875
0号worker ---- good : 21 --- finish: 21 ---- abandon : 0 ---- batch size : 1  --- ed : 1714341259.6557035 --- --- id: 24  actual:1.4347481727600098  expected:1.6840982439372638
request: 28, latency: 1.991166353225708
0号worker ---- good : 22 --- finish: 22 ---- abandon : 0 ---- batch size : 1  --- ed : 1714341260.7930467 --- --- id: 28  actual:0.8916449546813965  expected:1.0559956081860993
request: 27, latency: 4.192031145095825
0号worker ---- good : 23 --- finish: 23 ---- abandon : 0 ---- batch size : 1  --- ed : 1714341262.402861 --- --- id: 27  actual:1.449873447418213  expected:1.5518661100949134
request: 29, latency: 4.643762588500977
0号worker ---- good : 24 --- finish: 24 ---- abandon : 0 ---- batch size : 1  --- ed : 1714341263.8746576 --- --- id: 29  actual:1.36452054977417  expected:1.6510402104766764
request: 32, latency: 4.746150732040405
request: 33, latency: 4.07310676574707
request: 34, latency: 4.0577850341796875
0号worker ---- good : 27 --- finish: 27 ---- abandon : 0 ---- batch size : 3  --- ed : 1714341265.9026997 --- --- id: 32 33 34  actual:1.7308850288391113  expected:1.7320176943610894
request: 36, latency: 3.7379000186920166
0号worker ---- good : 28 --- finish: 28 ---- abandon : 0 ---- batch size : 1  --- ed : 1714341267.1112812 --- --- id: 36  actual:1.2028276920318604  expected:1.2874018424102125
request: 38, latency: 1.8425674438476562
0号worker ---- good : 29 --- finish: 29 ---- abandon : 0 ---- batch size : 1  --- ed : 1714341268.2871168 --- --- id: 38  actual:1.027660608291626  expected:1.0890536416466867
request: 40, latency: 1.558290719985962
0号worker ---- good : 30 --- finish: 30 ---- abandon : 0 ---- batch size : 1  --- ed : 1714341269.2769318 --- --- id: 40  actual:0.9459233283996582  expected:1.0559956081860993
request: 39, latency: 3.3723161220550537
0号worker ---- good : 31 --- finish: 31 ---- abandon : 0 ---- batch size : 1  --- ed : 1714341270.7340717 --- --- id: 39  actual:1.3013615608215332  expected:1.3535179093313876
request: 41, latency: 3.7527365684509277
0号worker ---- good : 32 --- finish: 32 ---- abandon : 0 ---- batch size : 1  --- ed : 1714341271.9316378 --- --- id: 41  actual:1.192263126373291  expected:1.3865759427919753
request: 42, latency: 4.6013453006744385
0号worker ---- good : 33 --- finish: 33 ---- abandon : 0 ---- batch size : 1  --- ed : 1714341273.7382038 --- --- id: 42  actual:1.5968246459960938  expected:1.7171562773978515
request: 45, latency: 4.4458253383636475
0号worker ---- good : 34 --- finish: 34 ---- abandon : 0 ---- batch size : 1  --- ed : 1714341275.4021783 --- --- id: 45  actual:1.550844430923462  expected:1.6510402104766764
request: 51, latency: 3.652097463607788
0号worker ---- good : 35 --- finish: 35 ---- abandon : 0 ---- batch size : 1  --- ed : 1714341276.7128172 --- --- id: 51  actual:1.1600983142852783  expected:1.2543438089496248
request: 52, latency: 1.340754508972168
0号worker ---- good : 36 --- finish: 36 ---- abandon : 0 ---- batch size : 1  --- ed : 1714341277.9652915 --- --- id: 52  actual:1.1713485717773438  expected:1.3204598758708002
request: 54, latency: 2.744442939758301
0号worker ---- good : 37 --- finish: 37 ---- abandon : 0 ---- batch size : 1  --- ed : 1714341279.6430075 --- --- id: 54  actual:1.5166540145874023  expected:1.6179821770160887
request: 55, latency: 4.092217683792114
0号worker ---- good : 38 --- finish: 38 ---- abandon : 0 ---- batch size : 1  --- ed : 1714341281.1317425 --- --- id: 55  actual:1.343351125717163  expected:1.5518661100949134
request: 58, latency: 3.871852159500122
0号worker ---- good : 39 --- finish: 39 ---- abandon : 0 ---- batch size : 1  --- ed : 1714341282.496342 --- --- id: 58  actual:1.1741745471954346  expected:1.3865759427919753
request: 64, latency: 3.547229290008545
0号worker ---- good : 40 --- finish: 40 ---- abandon : 0 ---- batch size : 1  --- ed : 1714341283.7784154 --- --- id: 64  actual:1.052243947982788  expected:1.2543438089496248
request: 66, latency: 3.2836709022521973
request: 69, latency: 1.6631340980529785
0号worker ---- good : 42 --- finish: 42 ---- abandon : 0 ---- batch size : 2  --- ed : 1714341285.261172 --- --- id: 66 69  actual:1.2932040691375732  expected:1.498084617297607
request: 68, latency: 2.8454155921936035
0号worker ---- good : 43 --- finish: 43 ---- abandon : 0 ---- batch size : 1  --- ed : 1714341286.3623862 --- --- id: 68  actual:0.8994925022125244  expected:1.0559956081860993
request: 70, latency: 0.9879734516143799
0号worker ---- good : 44 --- finish: 44 ---- abandon : 0 ---- batch size : 1  --- ed : 1714341287.5883899 --- --- id: 70  actual:0.9865710735321045  expected:1.155169708567862
request: 71, latency: 1.8908836841583252
0号worker ---- good : 45 --- finish: 45 ---- abandon : 0 ---- batch size : 1  --- ed : 1714341288.9977841 --- --- id: 71  actual:1.2348179817199707  expected:1.4526920097131506
request: 72, latency: 1.3215115070343018
0号worker ---- good : 46 --- finish: 46 ---- abandon : 0 ---- batch size : 1  --- ed : 1714341291.4411335 --- --- id: 72  actual:1.2947821617126465  expected:1.3865759427919753
request: 73, latency: 2.1588330268859863
0号worker ---- good : 47 --- finish: 47 ---- abandon : 0 ---- batch size : 1  --- ed : 1714341293.022161 --- --- id: 73  actual:1.51762056350708  expected:1.7171562773978515
request: 75, latency: 2.4330766201019287
request: 77, latency: 2.0640835762023926
0号worker ---- good : 49 --- finish: 49 ---- abandon : 0 ---- batch size : 2  --- ed : 1714341294.405197 --- --- id: 75 77  actual:1.136073112487793  expected:1.1734770792258762
request: 76, latency: 3.2963778972625732
0号worker ---- good : 50 --- finish: 50 ---- abandon : 0 ---- batch size : 1  --- ed : 1714341295.534838 --- --- id: 76  actual:1.0901808738708496  expected:1.2543438089496248
request: 78, latency: 4.429243564605713
0号worker ---- good : 51 --- finish: 51 ---- abandon : 0 ---- batch size : 1  --- ed : 1714341297.0516832 --- --- id: 78  actual:1.3310086727142334  expected:1.5518661100949134
request: 84, latency: 3.2871291637420654
0号worker ---- good : 52 --- finish: 52 ---- abandon : 0 ---- batch size : 1  --- ed : 1714341298.4132004 --- --- id: 84  actual:1.1452102661132812  expected:1.3204598758708002
request: 88, latency: 2.889880895614624
0号worker ---- good : 53 --- finish: 53 ---- abandon : 0 ---- batch size : 1  --- ed : 1714341299.6224608 --- --- id: 88  actual:1.0322861671447754  expected:1.155169708567862
request: 89, latency: 2.226710557937622
0号worker ---- good : 54 --- finish: 54 ---- abandon : 0 ---- batch size : 1  --- ed : 1714341301.0810025 --- --- id: 89  actual:1.3074493408203125  expected:1.5518661100949134
request: 90, latency: 3.4350078105926514
0号worker ---- good : 55 --- finish: 55 ---- abandon : 0 ---- batch size : 1  --- ed : 1714341302.596564 --- --- id: 90  actual:1.278162956237793  expected:1.4857500431737383
request: 91, latency: 4.236073970794678
0号worker ---- good : 56 --- finish: 56 ---- abandon : 0 ---- batch size : 1  --- ed : 1714341304.2790728 --- --- id: 91  actual:1.457639455795288  expected:1.584924143555501
request: 96, latency: 3.0914900302886963
request: 98, latency: 1.660949945449829
0号worker ---- good : 58 --- finish: 58 ---- abandon : 0 ---- batch size : 2  --- ed : 1714341305.399218 --- --- id: 96 98  actual:0.9908754825592041  expected:1.043634063997184
request: 99, latency: 3.188624143600464
0号worker ---- good : 59 --- finish: 59 ---- abandon : 0 ---- batch size : 1  --- ed : 1714341306.9308498 --- --- id: 99  actual:1.4735476970672607  expected:1.6179821770160887
request: 101, latency: 3.184032440185547
0号worker ---- good : 60 --- finish: 60 ---- abandon : 0 ---- batch size : 1  --- ed : 1714341308.0855017 --- --- id: 101  actual:1.0218589305877686  expected:1.1882277420284497
request: 103, latency: 1.4747982025146484
0号worker ---- good : 61 --- finish: 61 ---- abandon : 0 ---- batch size : 1  --- ed : 1714341310.0624757 --- --- id: 103  actual:1.4741594791412354  expected:1.584924143555501
request: 104, latency: 2.3499011993408203
0号worker ---- good : 62 --- finish: 62 ---- abandon : 0 ---- batch size : 1  --- ed : 1714341311.166734 --- --- id: 104  actual:0.9899759292602539  expected:1.155169708567862
request: 105, latency: 2.8182766437530518
0号worker ---- good : 63 --- finish: 63 ---- abandon : 0 ---- batch size : 1  --- ed : 1714341312.3225973 --- --- id: 105  actual:0.9808673858642578  expected:1.1221116751072744
request: 106, latency: 3.4310669898986816
0号worker ---- good : 64 --- finish: 64 ---- abandon : 0 ---- batch size : 1  --- ed : 1714341313.653559 --- --- id: 106  actual:1.1833105087280273  expected:1.3865759427919753
request: 108, latency: 4.1107165813446045
0号worker ---- good : 65 --- finish: 65 ---- abandon : 0 ---- batch size : 1  --- ed : 1714341315.2157075 --- --- id: 108  actual:1.330460786819458  expected:1.584924143555501
request: 109, latency: 3.0747992992401123
0号worker ---- good : 66 --- finish: 66 ---- abandon : 0 ---- batch size : 1  --- ed : 1714341316.6233554 --- --- id: 109  actual:1.1601250171661377  expected:1.2874018424102125
request: 111, latency: 2.189500570297241
0号worker ---- good : 67 --- finish: 67 ---- abandon : 0 ---- batch size : 1  --- ed : 1714341317.7132525 --- --- id: 111  actual:0.9400055408477783  expected:1.0559956081860993
request: 112, latency: 2.4728541374206543
0号worker ---- good : 68 --- finish: 68 ---- abandon : 0 ---- batch size : 1  --- ed : 1714341318.9595785 --- --- id: 112  actual:1.1564109325408936  expected:1.3865759427919753
request: 113, latency: 3.777122974395752
0号worker ---- good : 69 --- finish: 69 ---- abandon : 0 ---- batch size : 1  --- ed : 1714341320.5466607 --- --- id: 113  actual:1.3476910591125488  expected:1.6510402104766764
request: 114, latency: 3.9397337436676025
0号worker ---- good : 70 --- finish: 70 ---- abandon : 0 ---- batch size : 1  --- ed : 1714341322.0555418 --- --- id: 114  actual:1.2064476013183594  expected:1.419633976252563
request: 116, latency: 3.0128114223480225
0号worker ---- good : 71 --- finish: 71 ---- abandon : 0 ---- batch size : 1  --- ed : 1714341323.238673 --- --- id: 116  actual:0.9499392509460449  expected:1.1221116751072744
request: 118, latency: 1.7802612781524658
0号worker ---- good : 72 --- finish: 72 ---- abandon : 0 ---- batch size : 1  --- ed : 1714341324.4128327 --- --- id: 118  actual:0.9681901931762695  expected:1.155169708567862
request: 119, latency: 2.398587703704834
0号worker ---- good : 73 --- finish: 73 ---- abandon : 0 ---- batch size : 1  --- ed : 1714341325.9751358 --- --- id: 119  actual:1.376223087310791  expected:1.6510402104766764
request: 121, latency: 2.0960991382598877
0号worker ---- good : 74 --- finish: 74 ---- abandon : 0 ---- batch size : 1  --- ed : 1714341327.2647398 --- --- id: 121  actual:0.9860227108001709  expected:1.155169708567862
request: 120, latency: 4.126546382904053
0号worker ---- good : 75 --- finish: 75 ---- abandon : 0 ---- batch size : 1  --- ed : 1714341328.7378063 --- --- id: 120  actual:1.2867376804351807  expected:1.5188080766343257
request: 122, latency: 3.119685173034668
0号worker ---- good : 76 --- finish: 76 ---- abandon : 0 ---- batch size : 1  --- ed : 1714341330.791328 --- --- id: 122  actual:1.8304469585418701  expected:1.7171562773978515
request: 123, latency: 3.7561867237091064
0号worker ---- good : 77 --- finish: 77 ---- abandon : 0 ---- batch size : 1  --- ed : 1714341332.2550316 --- --- id: 123  actual:1.4635424613952637  expected:1.6179821770160887
request: 126, latency: 3.7115285396575928
0号worker ---- good : 78 --- finish: 78 ---- abandon : 0 ---- batch size : 1  --- ed : 1714341333.4145393 --- --- id: 126  actual:1.13136625289917  expected:1.3535179093313876
request: 129, latency: 3.7707393169403076
0号worker ---- good : 79 --- finish: 79 ---- abandon : 0 ---- batch size : 1  --- ed : 1714341334.900258 --- --- id: 129  actual:1.2544925212860107  expected:1.3865759427919753
request: 132, latency: 3.7372756004333496
0号worker ---- good : 80 --- finish: 80 ---- abandon : 0 ---- batch size : 1  --- ed : 1714341336.202846 --- --- id: 132  actual:1.187821865081787  expected:1.419633976252563
request: 134, latency: 4.4074647426605225
0号worker ---- good : 81 --- finish: 81 ---- abandon : 0 ---- batch size : 1  --- ed : 1714341337.8326883 --- --- id: 134  actual:1.393428087234497  expected:1.6840982439372638
request: 138, latency: 2.655423164367676
0号worker ---- good : 82 --- finish: 82 ---- abandon : 0 ---- batch size : 1  --- ed : 1714341339.1737456 --- --- id: 138  actual:1.0490643978118896  expected:1.2543438089496248
request: 139, latency: 3.8346433639526367
0号worker ---- good : 83 --- finish: 83 ---- abandon : 0 ---- batch size : 1  --- ed : 1714341340.8052661 --- --- id: 139  actual:1.4324431419372559  expected:1.6840982439372638
request: 140, latency: 3.5989487171173096
0号worker ---- good : 84 --- finish: 84 ---- abandon : 0 ---- batch size : 1  --- ed : 1714341342.3864033 --- --- id: 140  actual:1.3133668899536133  expected:1.5188080766343257
request: 142, latency: 4.367126703262329
0号worker ---- good : 85 --- finish: 85 ---- abandon : 0 ---- batch size : 1  --- ed : 1714341343.9801948 --- --- id: 142  actual:1.4123001098632812  expected:1.6840982439372638
request: 144, latency: 2.849170207977295
0号worker ---- good : 86 --- finish: 86 ---- abandon : 0 ---- batch size : 1  --- ed : 1714341345.5582223 --- --- id: 144  actual:1.2722697257995605  expected:1.4857500431737383
request: 145, latency: 3.1147994995117188
0号worker ---- good : 87 --- finish: 87 ---- abandon : 0 ---- batch size : 1  --- ed : 1714341346.7986474 --- --- id: 145  actual:1.0287177562713623  expected:1.1221116751072744
request: 147, latency: 2.0727336406707764
0号worker ---- good : 88 --- finish: 88 ---- abandon : 0 ---- batch size : 1  --- ed : 1714341347.857297 --- --- id: 147  actual:0.9702110290527344  expected:1.1221116751072744
request: 148, latency: 2.429377794265747
0号worker ---- good : 89 --- finish: 89 ---- abandon : 0 ---- batch size : 1  --- ed : 1714341349.2171478 --- --- id: 148  actual:1.2110507488250732  expected:1.419633976252563
request: 149, latency: 1.256937026977539
0号worker ---- good : 90 --- finish: 90 ---- abandon : 0 ---- batch size : 1  --- ed : 1714341353.461501 --- --- id: 149  actual:1.2500553131103516  expected:1.4857500431737383
request: 150, latency: 2.8017194271087646
0号worker ---- good : 91 --- finish: 91 ---- abandon : 0 ---- batch size : 1  --- ed : 1714341355.1361163 --- --- id: 150  actual:1.4352612495422363  expected:1.584924143555501
request: 151, latency: 2.4584453105926514
request: 152, latency: 2.316340684890747
request: 154, latency: 1.4446361064910889
0号worker ---- good : 94 --- finish: 94 ---- abandon : 0 ---- batch size : 3  --- ed : 1714341356.4149938 --- --- id: 151 152 154  actual:1.147836446762085  expected:1.3652564271852095
request: 153, latency: 3.3190813064575195
0号worker ---- good : 95 --- finish: 95 ---- abandon : 0 ---- batch size : 1  --- ed : 1714341358.1834378 --- --- id: 153  actual:1.5095560550689697  expected:1.6840982439372638
request: 155, latency: 2.9035606384277344
0号worker ---- good : 96 --- finish: 96 ---- abandon : 0 ---- batch size : 1  --- ed : 1714341359.3827238 --- --- id: 155  actual:1.0228161811828613  expected:1.1221116751072744
request: 157, latency: 2.0458173751831055
0号worker ---- good : 97 --- finish: 97 ---- abandon : 0 ---- batch size : 1  --- ed : 1714341360.518122 --- --- id: 157  actual:1.0373244285583496  expected:1.155169708567862
request: 156, latency: 4.3579182624816895
0号worker ---- good : 98 --- finish: 98 ---- abandon : 0 ---- batch size : 1  --- ed : 1714341362.1559033 --- --- id: 156  actual:1.5106666088104248  expected:1.7171562773978515
request: 161, latency: 3.0749857425689697
0号worker ---- good : 99 --- finish: 99 ---- abandon : 0 ---- batch size : 1  --- ed : 1714341363.465128 --- --- id: 161  actual:1.0881364345550537  expected:1.1882277420284497
request: 162, latency: 3.176006317138672
0号worker ---- good : 100 --- finish: 100 ---- abandon : 0 ---- batch size : 1  --- ed : 1714341364.591632 --- --- id: 162  actual:1.0302186012268066  expected:1.155169708567862
request: 163, latency: 3.1457200050354004
0号worker ---- good : 101 --- finish: 101 ---- abandon : 0 ---- batch size : 1  --- ed : 1714341366.17339 --- --- id: 163  actual:1.448418378829956  expected:1.4857500431737383
request: 164, latency: 1.441356897354126
0号worker ---- good : 102 --- finish: 102 ---- abandon : 0 ---- batch size : 1  --- ed : 1714341367.4379003 --- --- id: 164  actual:1.2259464263916016  expected:1.419633976252563
request: 165, latency: 1.3441181182861328
request: 166, latency: 1.3345487117767334
0号worker ---- good : 104 --- finish: 104 ---- abandon : 0 ---- batch size : 2  --- ed : 1714341368.8916376 --- --- id: 165 166  actual:1.2640392780303955  expected:1.465623863490434
request: 167, latency: 2.475942611694336
0号worker ---- good : 105 --- finish: 105 ---- abandon : 0 ---- batch size : 1  --- ed : 1714341370.3904974 --- --- id: 167  actual:1.2898197174072266  expected:1.419633976252563
request: 172, latency: 1.4981932640075684
0号worker ---- good : 106 --- finish: 106 ---- abandon : 0 ---- batch size : 1  --- ed : 1714341371.4256167 --- --- id: 172  actual:0.8926682472229004  expected:1.0890536416466867
request: 169, latency: 3.8052468299865723
0号worker ---- good : 107 --- finish: 107 ---- abandon : 0 ---- batch size : 1  --- ed : 1714341372.91937 --- --- id: 169  actual:1.3082034587860107  expected:1.5188080766343257
request: 174, latency: 2.7938358783721924
0号worker ---- good : 108 --- finish: 108 ---- abandon : 0 ---- batch size : 1  --- ed : 1714341374.0006332 --- --- id: 174  actual:0.8749978542327881  expected:1.0559956081860993
request: 176, latency: 3.497757911682129
0号worker ---- good : 109 --- finish: 109 ---- abandon : 0 ---- batch size : 1  --- ed : 1714341375.2470841 --- --- id: 176  actual:1.0709633827209473  expected:1.2543438089496248
request: 177, latency: 2.9313364028930664
0号worker ---- good : 110 --- finish: 110 ---- abandon : 0 ---- batch size : 1  --- ed : 1714341376.7887409 --- --- id: 177  actual:1.3520245552062988  expected:1.4857500431737383
request: 178, latency: 4.029555559158325
0号worker ---- good : 110 --- finish: 111 ---- abandon : 0 ---- batch size : 1  --- ed : 1714341378.8631387 --- --- id: 178  actual:1.9458823204040527  expected:1.2874018424102125
request: 181, latency: 4.4271745681762695
0号worker ---- good : 111 --- finish: 112 ---- abandon : 0 ---- batch size : 1  --- ed : 1714341380.2091954 --- --- id: 181  actual:1.3458831310272217  expected:1.6510402104766764
request: 184, latency: 2.601041793823242
0号worker ---- good : 112 --- finish: 113 ---- abandon : 0 ---- batch size : 1  --- ed : 1714341381.4696023 --- --- id: 184  actual:1.2602508068084717  expected:1.419633976252563
request: 185, latency: 2.9069671630859375
0号worker ---- good : 113 --- finish: 114 ---- abandon : 0 ---- batch size : 1  --- ed : 1714341382.537893 --- --- id: 185  actual:1.0680882930755615  expected:1.2543438089496248
request: 187, latency: 2.5160341262817383
0号worker ---- good : 114 --- finish: 115 ---- abandon : 0 ---- batch size : 1  --- ed : 1714341383.4753644 --- --- id: 187  actual:0.9361274242401123  expected:1.0890536416466867
request: 189, latency: 2.4091930389404297
request: 192, latency: 1.6485750675201416
0号worker ---- good : 116 --- finish: 117 ---- abandon : 0 ---- batch size : 2  --- ed : 1714341384.7169926 --- --- id: 189 192  actual:1.0685114860534668  expected:1.1410163254187031
request: 188, latency: 3.9880471229553223
0号worker ---- good : 117 --- finish: 118 ---- abandon : 0 ---- batch size : 1  --- ed : 1714341385.996363 --- --- id: 188  actual:1.2226662635803223  expected:1.4526920097131506
request: 193, latency: 2.0939958095550537
0号worker ---- good : 118 --- finish: 119 ---- abandon : 0 ---- batch size : 1  --- ed : 1714341387.4761405 --- --- id: 193  actual:1.25258469581604  expected:1.3865759427919753
request: 194, latency: 2.388697385787964
0号worker ---- good : 119 --- finish: 120 ---- abandon : 0 ---- batch size : 1  --- ed : 1714341388.8483043 --- --- id: 194  actual:1.2417984008789062  expected:1.4526920097131506
request: 195, latency: 3.152393102645874
0号worker ---- good : 120 --- finish: 121 ---- abandon : 0 ---- batch size : 1  --- ed : 1714341390.1521015 --- --- id: 195  actual:1.0758416652679443  expected:1.2543438089496248
request: 200, latency: 3.482930898666382
request: 204, latency: 1.9694163799285889
0号worker ---- good : 122 --- finish: 123 ---- abandon : 0 ---- batch size : 2  --- ed : 1714341391.7286036 --- --- id: 200 204  actual:1.3664326667785645  expected:1.4007023558760878
request: 201, latency: 3.678243637084961
request: 207, latency: 1.6681246757507324
0号worker ---- good : 124 --- finish: 125 ---- abandon : 0 ---- batch size : 2  --- ed : 1714341392.8785632 --- --- id: 201 207  actual:1.1197006702423096  expected:1.3033200944545686
request: 206, latency: 3.627821445465088
0号worker ---- good : 125 --- finish: 126 ---- abandon : 0 ---- batch size : 1  --- ed : 1714341394.3539212 --- --- id: 206  actual:1.2926387786865234  expected:1.5518661100949134
request: 209, latency: 2.4504740238189697
0号worker ---- good : 126 --- finish: 127 ---- abandon : 0 ---- batch size : 1  --- ed : 1714341396.0930698 --- --- id: 209  actual:1.483104944229126  expected:1.6840982439372638
request: 210, latency: 1.5156230926513672
0号worker ---- good : 127 --- finish: 128 ---- abandon : 0 ---- batch size : 1  --- ed : 1714341398.8705566 --- --- id: 210  actual:1.514190435409546  expected:1.6840982439372638
request: 211, latency: 2.808133840560913
0号worker ---- good : 128 --- finish: 129 ---- abandon : 0 ---- batch size : 1  --- ed : 1714341400.3589613 --- --- id: 211  actual:1.314162254333496  expected:1.5188080766343257
request: 213, latency: 2.941986083984375
request: 214, latency: 2.925168037414551
0号worker ---- good : 130 --- finish: 131 ---- abandon : 0 ---- batch size : 2  --- ed : 1714341401.6088963 --- --- id: 213 214  actual:1.0501577854156494  expected:1.1410163254187031
request: 212, latency: 4.827165365219116
0号worker ---- good : 131 --- finish: 132 ---- abandon : 0 ---- batch size : 1  --- ed : 1714341403.2492602 --- --- id: 212  actual:1.5473158359527588  expected:1.7171562773978515
request: 218, latency: 3.429168462753296
0号worker ---- good : 132 --- finish: 133 ---- abandon : 0 ---- batch size : 1  --- ed : 1714341404.65716 --- --- id: 218  actual:1.2200095653533936  expected:1.3535179093313876
request: 219, latency: 3.1223037242889404
0号worker ---- good : 133 --- finish: 134 ---- abandon : 0 ---- batch size : 1  --- ed : 1714341405.7744172 --- --- id: 219  actual:0.9871871471405029  expected:1.155169708567862
request: 220, latency: 3.921304225921631
0号worker ---- good : 134 --- finish: 135 ---- abandon : 0 ---- batch size : 1  --- ed : 1714341407.3675914 --- --- id: 220  actual:1.4320828914642334  expected:1.5188080766343257
request: 222, latency: 3.3981986045837402
0号worker ---- good : 135 --- finish: 136 ---- abandon : 0 ---- batch size : 1  --- ed : 1714341408.750833 --- --- id: 222  actual:1.2872962951660156  expected:1.4526920097131506
request: 224, latency: 3.3723952770233154
0号worker ---- good : 136 --- finish: 137 ---- abandon : 0 ---- batch size : 1  --- ed : 1714341410.1695457 --- --- id: 224  actual:1.1872851848602295  expected:1.3535179093313876
request: 225, latency: 2.4366607666015625
0号worker ---- good : 137 --- finish: 138 ---- abandon : 0 ---- batch size : 1  --- ed : 1714341411.6772969 --- --- id: 225  actual:1.2016992568969727  expected:1.3865759427919753
request: 227, latency: 2.6132419109344482
0号worker ---- good : 138 --- finish: 139 ---- abandon : 0 ---- batch size : 1  --- ed : 1714341412.9799333 --- --- id: 227  actual:1.1237223148345947  expected:1.2874018424102125
request: 228, latency: 1.5601584911346436
0号worker ---- good : 139 --- finish: 140 ---- abandon : 0 ---- batch size : 1  --- ed : 1714341414.2849789 --- --- id: 228  actual:1.1343967914581299  expected:1.2874018424102125
request: 229, latency: 1.6296882629394531
0号worker ---- good : 140 --- finish: 141 ---- abandon : 0 ---- batch size : 1  --- ed : 1714341415.4057932 --- --- id: 229  actual:0.9735715389251709  expected:1.0890536416466867
request: 231, latency: 2.326815605163574
request: 232, latency: 1.7418394088745117
0号worker ---- good : 142 --- finish: 143 ---- abandon : 0 ---- batch size : 2  --- ed : 1714341416.5300624 --- --- id: 231 232  actual:0.992971658706665  expected:1.10855557161153
request: 230, latency: 3.8860747814178467
0号worker ---- good : 143 --- finish: 144 ---- abandon : 0 ---- batch size : 1  --- ed : 1714341417.896996 --- --- id: 230  actual:1.2288901805877686  expected:1.4526920097131506
request: 236, latency: 3.3520236015319824
0号worker ---- good : 144 --- finish: 145 ---- abandon : 0 ---- batch size : 1  --- ed : 1714341419.1659403 --- --- id: 236  actual:1.0497729778289795  expected:1.1882277420284497
request: 238, latency: 3.937955379486084
0号worker ---- good : 145 --- finish: 146 ---- abandon : 0 ---- batch size : 1  --- ed : 1714341420.5110967 --- --- id: 238  actual:1.2087154388427734  expected:1.419633976252563
request: 240, latency: 2.8921544551849365
0号worker ---- good : 146 --- finish: 147 ---- abandon : 0 ---- batch size : 1  --- ed : 1714341421.7686923 --- --- id: 240  actual:1.048813819885254  expected:1.2212857754890372
request: 241, latency: 4.311487913131714
request: 245, latency: 2.20003080368042
0号worker ---- good : 148 --- finish: 149 ---- abandon : 0 ---- batch size : 2  --- ed : 1714341423.2882547 --- --- id: 241 245  actual:1.3510713577270508  expected:1.5630061249119531
request: 244, latency: 4.250286817550659
0号worker ---- good : 149 --- finish: 150 ---- abandon : 0 ---- batch size : 1  --- ed : 1714341424.9345136 --- --- id: 244  actual:1.3900275230407715  expected:1.6179821770160887
request: 248, latency: 4.830805778503418
0号worker ---- good : 150 --- finish: 151 ---- abandon : 0 ---- batch size : 1  --- ed : 1714341426.874208 --- --- id: 248  actual:1.720048189163208  expected:1.7171562773978515
request: 251, latency: 2.7023730278015137
0号worker ---- good : 151 --- finish: 152 ---- abandon : 0 ---- batch size : 1  --- ed : 1714341427.8909984 --- --- id: 251  actual:1.016435146331787  expected:1.155169708567862
request: 252, latency: 2.7771248817443848
0号worker ---- good : 152 --- finish: 153 ---- abandon : 0 ---- batch size : 1  --- ed : 1714341429.1258974 --- --- id: 252  actual:1.106307029724121  expected:1.2874018424102125
request: 253, latency: 2.885477304458618
0号worker ---- good : 153 --- finish: 154 ---- abandon : 0 ---- batch size : 1  --- ed : 1714341430.340334 --- --- id: 253  actual:1.0350236892700195  expected:1.155169708567862
request: 256, latency: 1.391697645187378
0号worker ---- good : 154 --- finish: 155 ---- abandon : 0 ---- batch size : 1  --- ed : 1714341431.4343793 --- --- id: 256  actual:0.9656705856323242  expected:1.0890536416466867
request: 255, latency: 3.5910329818725586
0号worker ---- good : 155 --- finish: 156 ---- abandon : 0 ---- batch size : 1  --- ed : 1714341432.990198 --- --- id: 255  actual:1.4334454536437988  expected:1.6179821770160887
request: 257, latency: 3.8135969638824463
0号worker ---- good : 156 --- finish: 157 ---- abandon : 0 ---- batch size : 1  --- ed : 1714341434.5597563 --- --- id: 257  actual:1.3877391815185547  expected:1.6510402104766764
request: 260, latency: 1.9681267738342285
0号worker ---- good : 157 --- finish: 158 ---- abandon : 0 ---- batch size : 1  --- ed : 1714341435.827703 --- --- id: 260  actual:0.9996111392974854  expected:1.1221116751072744
request: 261, latency: 3.072066307067871
request: 262, latency: 3.0587310791015625
0号worker ---- good : 159 --- finish: 160 ---- abandon : 0 ---- batch size : 2  --- ed : 1714341437.0163267 --- --- id: 261 262  actual:1.053497552871704  expected:1.2059378330330492
request: 263, latency: 2.374847888946533
request: 264, latency: 1.4870829582214355
0号worker ---- good : 161 --- finish: 162 ---- abandon : 0 ---- batch size : 2  --- ed : 1714341438.4554045 --- --- id: 263 264  actual:1.298731803894043  expected:1.4331631096832609
request: 265, latency: 1.3650751113891602
0号worker ---- good : 162 --- finish: 163 ---- abandon : 0 ---- batch size : 1  --- ed : 1714341439.564985 --- --- id: 265  actual:0.9749448299407959  expected:1.1221116751072744
request: 266, latency: 2.6209352016448975
0号worker ---- good : 163 --- finish: 164 ---- abandon : 0 ---- batch size : 1  --- ed : 1714341441.0859883 --- --- id: 266  actual:1.3809747695922852  expected:1.5518661100949134
request: 267, latency: 3.238060474395752
request: 268, latency: 3.1850874423980713
0号worker ---- good : 165 --- finish: 166 ---- abandon : 0 ---- batch size : 2  --- ed : 1714341442.4101856 --- --- id: 267 268  actual:1.1417725086212158  expected:1.2708593406473954
request: 269, latency: 3.992237091064453
0号worker ---- good : 166 --- finish: 167 ---- abandon : 0 ---- batch size : 1  --- ed : 1714341443.7498565 --- --- id: 269  actual:1.2197132110595703  expected:1.419633976252563
request: 270, latency: 2.5240044593811035
0号worker ---- good : 167 --- finish: 168 ---- abandon : 0 ---- batch size : 1  --- ed : 1714341445.3200576 --- --- id: 270  actual:1.3791122436523438  expected:1.6179821770160887
request: 271, latency: 2.2059528827667236
0号worker ---- good : 168 --- finish: 169 ---- abandon : 0 ---- batch size : 1  --- ed : 1714341446.677051 --- --- id: 271  actual:1.1020228862762451  expected:1.2543438089496248
request: 272, latency: 3.2841694355010986
0号worker ---- good : 169 --- finish: 170 ---- abandon : 0 ---- batch size : 1  --- ed : 1714341448.085912 --- --- id: 272  actual:1.2678685188293457  expected:1.2874018424102125
request: 274, latency: 1.7154467105865479
0号worker ---- good : 170 --- finish: 171 ---- abandon : 0 ---- batch size : 1  --- ed : 1714341449.338329 --- --- id: 274  actual:1.2203879356384277  expected:1.419633976252563
request: 273, latency: 3.6361539363861084
0号worker ---- good : 171 --- finish: 172 ---- abandon : 0 ---- batch size : 1  --- ed : 1714341451.0478358 --- --- id: 273  actual:1.5182626247406006  expected:1.6510402104766764
request: 275, latency: 2.6986584663391113
0号worker ---- good : 172 --- finish: 173 ---- abandon : 0 ---- batch size : 1  --- ed : 1714341452.7097912 --- --- id: 275  actual:1.533249855041504  expected:1.6840982439372638
request: 276, latency: 1.9774866104125977
0号worker ---- good : 173 --- finish: 174 ---- abandon : 0 ---- batch size : 1  --- ed : 1714341454.2604015 --- --- id: 276  actual:1.3960294723510742  expected:1.6179821770160887
request: 277, latency: 2.1339595317840576
0号worker ---- good : 174 --- finish: 175 ---- abandon : 0 ---- batch size : 1  --- ed : 1714341455.702616 --- --- id: 277  actual:1.2270216941833496  expected:1.3535179093313876
request: 278, latency: 3.1429286003112793
0号worker ---- good : 175 --- finish: 176 ---- abandon : 0 ---- batch size : 1  --- ed : 1714341457.5089507 --- --- id: 278  actual:1.6706137657165527  expected:1.5188080766343257
request: 279, latency: 2.616560220718384
0号worker ---- good : 176 --- finish: 177 ---- abandon : 0 ---- batch size : 1  --- ed : 1714341458.6434376 --- --- id: 279  actual:1.1343302726745605  expected:1.3535179093313876
request: 280, latency: 3.835541248321533
0号worker ---- good : 177 --- finish: 178 ---- abandon : 0 ---- batch size : 1  --- ed : 1714341460.14011 --- --- id: 280  actual:1.433983564376831  expected:1.6510402104766764
request: 282, latency: 2.9851443767547607
request: 285, latency: 2.5041067600250244
0号worker ---- good : 179 --- finish: 180 ---- abandon : 0 ---- batch size : 2  --- ed : 1714341461.5739756 --- --- id: 282 285  actual:1.1643099784851074  expected:1.3357808482617417
request: 284, latency: 4.315688133239746
0号worker ---- good : 180 --- finish: 181 ---- abandon : 0 ---- batch size : 1  --- ed : 1714341463.2570097 --- --- id: 284  actual:1.5093834400177002  expected:1.6179821770160887
request: 286, latency: 1.9781222343444824
0号worker ---- good : 181 --- finish: 182 ---- abandon : 0 ---- batch size : 1  --- ed : 1714341464.2577565 --- --- id: 286  actual:0.8976595401763916  expected:1.0559956081860993
request: 287, latency: 3.004582643508911
0号worker ---- good : 182 --- finish: 183 ---- abandon : 0 ---- batch size : 1  --- ed : 1714341465.8055918 --- --- id: 287  actual:1.3858160972595215  expected:1.584924143555501
request: 288, latency: 3.942154884338379
0号worker ---- good : 183 --- finish: 184 ---- abandon : 0 ---- batch size : 1  --- ed : 1714341467.2942653 --- --- id: 288  actual:1.2414913177490234  expected:1.3865759427919753
request: 290, latency: 4.43677020072937
0号worker ---- good : 184 --- finish: 185 ---- abandon : 0 ---- batch size : 1  --- ed : 1714341468.9742694 --- --- id: 290  actual:1.5134930610656738  expected:1.7171562773978515
request: 292, latency: 4.72597074508667
request: 296, latency: 3.6977198123931885
0号worker ---- good : 186 --- finish: 187 ---- abandon : 0 ---- batch size : 2  --- ed : 1714341470.7636864 --- --- id: 292 296  actual:1.5906617641448975  expected:1.6603883863334725
request: 297, latency: 3.3445475101470947
0号worker ---- good : 187 --- finish: 188 ---- abandon : 0 ---- batch size : 1  --- ed : 1714341471.9977248 --- --- id: 297  actual:1.166832447052002  expected:1.3204598758708002
request: 298, latency: 1.7366719245910645
0号worker ---- good : 188 --- finish: 189 ---- abandon : 0 ---- batch size : 1  --- ed : 1714341473.277235 --- --- id: 298  actual:1.1234397888183594  expected:1.2874018424102125
request: 299, latency: 1.3362903594970703
0号worker ---- good : 189 --- finish: 190 ---- abandon : 0 ---- batch size : 1  --- ed : 1714341475.47154 --- --- id: 299  actual:1.3312232494354248  expected:1.4857500431737383
request: 300, latency: 1.4508261680603027
0号worker ---- good : 190 --- finish: 191 ---- abandon : 0 ---- batch size : 1  --- ed : 1714341477.4833806 --- --- id: 300  actual:1.4469623565673828  expected:1.6179821770160887
request: 302, latency: 1.0505764484405518
0号worker ---- good : 191 --- finish: 192 ---- abandon : 0 ---- batch size : 1  --- ed : 1714341478.5989575 --- --- id: 302  actual:0.947441816329956  expected:1.0559956081860993
request: 305, latency: 1.3196742534637451
0号worker ---- good : 192 --- finish: 193 ---- abandon : 0 ---- batch size : 1  --- ed : 1714341479.5665784 --- --- id: 305  actual:0.8611981868743896  expected:1.0559956081860993
request: 304, latency: 2.7910172939300537
0号worker ---- good : 193 --- finish: 194 ---- abandon : 0 ---- batch size : 1  --- ed : 1714341480.8262002 --- --- id: 304  actual:1.0687057971954346  expected:1.1882277420284497
request: 306, latency: 3.8877487182617188
0号worker ---- good : 194 --- finish: 195 ---- abandon : 0 ---- batch size : 1  --- ed : 1714341482.2485714 --- --- id: 306  actual:1.3001117706298828  expected:1.3865759427919753
request: 309, latency: 4.351080417633057
0号worker ---- good : 195 --- finish: 196 ---- abandon : 0 ---- batch size : 1  --- ed : 1714341483.801028 --- --- id: 309  actual:1.470569133758545  expected:1.6510402104766764
request: 312, latency: 4.585840702056885
0号worker ---- good : 196 --- finish: 197 ---- abandon : 0 ---- batch size : 1  --- ed : 1714341485.4083743 --- --- id: 312  actual:1.4183762073516846  expected:1.6840982439372638
request: 318, latency: 2.1614489555358887
0号worker ---- good : 197 --- finish: 198 ---- abandon : 0 ---- batch size : 1  --- ed : 1714341486.8454514 --- --- id: 318  actual:1.1588523387908936  expected:1.3204598758708002
request: 322, latency: 1.8362433910369873
0号worker ---- good : 198 --- finish: 199 ---- abandon : 0 ---- batch size : 1  --- ed : 1714341487.9712875 --- --- id: 322  actual:0.9699366092681885  expected:1.1882277420284497
request: 319, latency: 3.778078317642212
request: 320, latency: 3.5255744457244873
0号worker ---- good : 200 --- finish: 201 ---- abandon : 0 ---- batch size : 2  --- ed : 1714341489.5019991 --- --- id: 319 320  actual:1.308751106262207  expected:1.53054537110478
request: 325, latency: 3.755927801132202
0号worker ---- good : 201 --- finish: 202 ---- abandon : 0 ---- batch size : 1  --- ed : 1714341490.9100657 --- --- id: 325  actual:1.1889147758483887  expected:1.3865759427919753
request: 326, latency: 4.45202112197876
0号worker ---- good : 202 --- finish: 203 ---- abandon : 0 ---- batch size : 1  --- ed : 1714341492.5269728 --- --- id: 326  actual:1.4159455299377441  expected:1.7171562773978515
request: 329, latency: 4.625253677368164
0号worker ---- good : 203 --- finish: 204 ---- abandon : 0 ---- batch size : 1  --- ed : 1714341494.302727 --- --- id: 329  actual:1.481860637664795  expected:1.6840982439372638
request: 334, latency: 2.5508475303649902
0号worker ---- good : 204 --- finish: 205 ---- abandon : 0 ---- batch size : 1  --- ed : 1714341495.844002 --- --- id: 334  actual:1.3426241874694824  expected:1.6840982439372638
request: 335, latency: 2.892068386077881
0号worker ---- good : 205 --- finish: 206 ---- abandon : 0 ---- batch size : 1  --- ed : 1714341497.388466 --- --- id: 335  actual:1.1985583305358887  expected:1.419633976252563
request: 338, latency: 2.691545248031616
0号worker ---- good : 206 --- finish: 207 ---- abandon : 0 ---- batch size : 1  --- ed : 1714341498.5128644 --- --- id: 338  actual:0.9000070095062256  expected:1.0890536416466867
request: 340, latency: 3.40093994140625
request: 345, latency: 1.3437354564666748
0号worker ---- good : 208 --- finish: 209 ---- abandon : 0 ---- batch size : 2  --- ed : 1714341499.8486605 --- --- id: 340 345  actual:1.1407628059387207  expected:1.3682416020689148
request: 342, latency: 4.356008291244507
0号worker ---- good : 209 --- finish: 210 ---- abandon : 0 ---- batch size : 1  --- ed : 1714341501.472956 --- --- id: 342  actual:1.392153024673462  expected:1.584924143555501
request: 346, latency: 3.8164424896240234
0号worker ---- good : 210 --- finish: 211 ---- abandon : 0 ---- batch size : 1  --- ed : 1714341502.9072897 --- --- id: 346  actual:1.194397211074829  expected:1.3535179093313876
request: 349, latency: 1.4562029838562012
0号worker ---- good : 211 --- finish: 212 ---- abandon : 0 ---- batch size : 1  --- ed : 1714341504.0973508 --- --- id: 349  actual:1.0369808673858643  expected:1.2543438089496248
request: 350, latency: 1.988239049911499
0号worker ---- good : 212 --- finish: 213 ---- abandon : 0 ---- batch size : 1  --- ed : 1714341505.460141 --- --- id: 350  actual:1.1381330490112305  expected:1.2543438089496248
request: 351, latency: 3.1677558422088623
request: 354, latency: 1.5301623344421387
0号worker ---- good : 214 --- finish: 215 ---- abandon : 0 ---- batch size : 2  --- ed : 1714341506.668599 --- --- id: 351 354  actual:1.102257251739502  expected:1.2708593406473954
request: 353, latency: 3.57600474357605
0号worker ---- good : 215 --- finish: 216 ---- abandon : 0 ---- batch size : 1  --- ed : 1714341508.0990329 --- --- id: 353  actual:1.2544140815734863  expected:1.4857500431737383
request: 357, latency: 3.0808308124542236
0号worker ---- good : 216 --- finish: 217 ---- abandon : 0 ---- batch size : 1  --- ed : 1714341509.506595 --- --- id: 357  actual:1.119464635848999  expected:1.3204598758708002
request: 359, latency: 1.3714158535003662
0号worker ---- good : 217 --- finish: 218 ---- abandon : 0 ---- batch size : 1  --- ed : 1714341510.7056305 --- --- id: 359  actual:1.0064778327941895  expected:1.2543438089496248
request: 360, latency: 2.7860684394836426
0号worker ---- good : 218 --- finish: 219 ---- abandon : 0 ---- batch size : 1  --- ed : 1714341512.2863379 --- --- id: 360  actual:1.3369433879852295  expected:1.6179821770160887
request: 361, latency: 2.3808391094207764
0号worker ---- good : 219 --- finish: 220 ---- abandon : 0 ---- batch size : 1  --- ed : 1714341513.7573862 --- --- id: 361  actual:1.1473712921142578  expected:1.2874018424102125
request: 363, latency: 2.3827860355377197
0号worker ---- good : 220 --- finish: 221 ---- abandon : 0 ---- batch size : 1  --- ed : 1714341514.8763378 --- --- id: 363  actual:0.9792530536651611  expected:1.1221116751072744
request: 362, latency: 4.461416006088257
0号worker ---- good : 221 --- finish: 222 ---- abandon : 0 ---- batch size : 1  --- ed : 1714341516.4659705 --- --- id: 362  actual:1.4511287212371826  expected:1.7171562773978515
request: 364, latency: 3.843003511428833
0号worker ---- good : 222 --- finish: 223 ---- abandon : 0 ---- batch size : 1  --- ed : 1714341518.048352 --- --- id: 364  actual:1.3169167041778564  expected:1.584924143555501
request: 367, latency: 3.192765235900879
request: 368, latency: 1.3156826496124268
0号worker ---- good : 224 --- finish: 225 ---- abandon : 0 ---- batch size : 2  --- ed : 1714341519.3287463 --- --- id: 367 368  actual:1.0047197341918945  expected:1.1734770792258762
request: 369, latency: 1.7896039485931396
0号worker ---- good : 225 --- finish: 226 ---- abandon : 0 ---- batch size : 1  --- ed : 1714341520.740736 --- --- id: 369  actual:1.2323575019836426  expected:1.4526920097131506
request: 370, latency: 2.3737916946411133
0号worker ---- good : 226 --- finish: 227 ---- abandon : 0 ---- batch size : 1  --- ed : 1714341522.2882237 --- --- id: 370  actual:1.3424811363220215  expected:1.6179821770160887
request: 372, latency: 2.1701481342315674
request: 374, latency: 1.1405529975891113
0号worker ---- good : 228 --- finish: 229 ---- abandon : 0 ---- batch size : 2  --- ed : 1714341523.5347443 --- --- id: 372 374  actual:0.9578776359558105  expected:1.076094817804357
request: 371, latency: 4.823134899139404
0号worker ---- good : 229 --- finish: 230 ---- abandon : 0 ---- batch size : 1  --- ed : 1714341525.0557153 --- --- id: 371  actual:1.4123809337615967  expected:1.7171562773978515
request: 375, latency: 4.328341960906982
request: 376, latency: 3.054246664047241
0号worker ---- good : 231 --- finish: 232 ---- abandon : 0 ---- batch size : 2  --- ed : 1714341526.8628604 --- --- id: 375 376  actual:1.4578030109405518  expected:1.6603883863334725
request: 377, latency: 1.824079990386963
0号worker ---- good : 232 --- finish: 233 ---- abandon : 0 ---- batch size : 1  --- ed : 1714341528.1939902 --- --- id: 377  actual:1.1159052848815918  expected:1.2874018424102125
request: 378, latency: 2.718428611755371
0号worker ---- good : 233 --- finish: 234 ---- abandon : 0 ---- batch size : 1  --- ed : 1714341529.5789864 --- --- id: 378  actual:1.209090232849121  expected:1.3535179093313876
request: 379, latency: 3.5251986980438232
0号worker ---- good : 234 --- finish: 235 ---- abandon : 0 ---- batch size : 1  --- ed : 1714341531.1018114 --- --- id: 379  actual:1.381063461303711  expected:1.6179821770160887
request: 381, latency: 2.567265748977661
0号worker ---- good : 235 --- finish: 236 ---- abandon : 0 ---- batch size : 1  --- ed : 1714341532.1950474 --- --- id: 381  actual:0.850287675857544  expected:1.0559956081860993
request: 382, latency: 1.9039511680603027
0号worker ---- good : 236 --- finish: 237 ---- abandon : 0 ---- batch size : 1  --- ed : 1714341533.9614434 --- --- id: 382  actual:1.553016185760498  expected:1.6840982439372638
request: 383, latency: 2.47629976272583
0号worker ---- good : 237 --- finish: 238 ---- abandon : 0 ---- batch size : 1  --- ed : 1714341535.2205532 --- --- id: 383  actual:1.1346185207366943  expected:1.1882277420284497
request: 384, latency: 2.5841965675354004
0号worker ---- good : 238 --- finish: 239 ---- abandon : 0 ---- batch size : 1  --- ed : 1714341536.7047622 --- --- id: 384  actual:1.4277207851409912  expected:1.6179821770160887
request: 385, latency: 2.3984134197235107
0号worker ---- good : 239 --- finish: 240 ---- abandon : 0 ---- batch size : 1  --- ed : 1714341538.4372048 --- --- id: 385  actual:1.537247896194458  expected:1.7171562773978515
request: 387, latency: 2.0674729347229004
0号worker ---- good : 240 --- finish: 241 ---- abandon : 0 ---- batch size : 1  --- ed : 1714341539.599256 --- --- id: 387  actual:0.9862124919891357  expected:1.155169708567862
request: 386, latency: 3.7180230617523193
0号worker ---- good : 241 --- finish: 242 ---- abandon : 0 ---- batch size : 1  --- ed : 1714341541.1105394 --- --- id: 386  actual:1.3140943050384521  expected:1.584924143555501
request: 391, latency: 3.2289371490478516
request: 392, latency: 2.9890553951263428
0号worker ---- good : 243 --- finish: 244 ---- abandon : 0 ---- batch size : 2  --- ed : 1714341542.455956 --- --- id: 391 392  actual:1.081347942352295  expected:1.1734770792258762
request: 393, latency: 2.93472957611084
request: 394, latency: 2.907482624053955
0号worker ---- good : 245 --- finish: 246 ---- abandon : 0 ---- batch size : 2  --- ed : 1714341543.9158392 --- --- id: 393 394  actual:1.3526015281677246  expected:1.5630061249119531
request: 395, latency: 1.8401286602020264
0号worker ---- good : 246 --- finish: 247 ---- abandon : 0 ---- batch size : 1  --- ed : 1714341545.4062204 --- --- id: 395  actual:1.3034019470214844  expected:1.5518661100949134
request: 396, latency: 2.922224521636963
0号worker ---- good : 247 --- finish: 248 ---- abandon : 0 ---- batch size : 1  --- ed : 1714341546.8400524 --- --- id: 396  actual:1.1909289360046387  expected:1.3865759427919753
request: 397, latency: 4.113080739974976
0号worker ---- good : 248 --- finish: 249 ---- abandon : 0 ---- batch size : 1  --- ed : 1714341548.3842745 --- --- id: 397  actual:1.348611831665039  expected:1.4857500431737383
request: 401, latency: 2.649163246154785
0号worker ---- good : 249 --- finish: 250 ---- abandon : 0 ---- batch size : 1  --- ed : 1714341549.6303024 --- --- id: 401  actual:1.0872294902801514  expected:1.2543438089496248
request: 403, latency: 1.815598726272583
0号worker ---- good : 250 --- finish: 251 ---- abandon : 0 ---- batch size : 1  --- ed : 1714341551.208115 --- --- id: 403  actual:1.4001450538635254  expected:1.5518661100949134
request: 404, latency: 1.3372321128845215
0号worker ---- good : 251 --- finish: 252 ---- abandon : 0 ---- batch size : 1  --- ed : 1714341552.3605688 --- --- id: 404  actual:1.0045437812805176  expected:1.155169708567862
request: 406, latency: 1.950408697128296
0号worker ---- good : 252 --- finish: 253 ---- abandon : 0 ---- batch size : 1  --- ed : 1714341553.7756562 --- --- id: 406  actual:1.2611539363861084  expected:1.4526920097131506
request: 405, latency: 3.9842429161071777
0号worker ---- good : 253 --- finish: 254 ---- abandon : 0 ---- batch size : 1  --- ed : 1714341555.4926047 --- --- id: 405  actual:1.508610725402832  expected:1.6840982439372638
request: 413, latency: 3.199744939804077
0号worker ---- good : 254 --- finish: 255 ---- abandon : 0 ---- batch size : 1  --- ed : 1714341556.7785866 --- --- id: 413  actual:1.0958118438720703  expected:1.155169708567862
request: 417, latency: 4.229203701019287
0号worker ---- good : 255 --- finish: 256 ---- abandon : 0 ---- batch size : 1  --- ed : 1714341558.3646898 --- --- id: 417  actual:1.4722189903259277  expected:1.6179821770160887
request: 420, latency: 1.6939027309417725
0号worker ---- good : 256 --- finish: 257 ---- abandon : 0 ---- batch size : 1  --- ed : 1714341559.6303174 --- --- id: 420  actual:1.109546184539795  expected:1.1882277420284497
request: 421, latency: 1.0482113361358643
0号worker ---- good : 257 --- finish: 258 ---- abandon : 0 ---- batch size : 1  --- ed : 1714341562.7007983 --- --- id: 421  actual:1.0367305278778076  expected:1.155169708567862
request: 422, latency: 1.880408763885498
0号worker ---- good : 258 --- finish: 259 ---- abandon : 0 ---- batch size : 1  --- ed : 1714341563.9543905 --- --- id: 422  actual:1.1364669799804688  expected:1.2212857754890372
request: 423, latency: 3.133831262588501
0号worker ---- good : 259 --- finish: 260 ---- abandon : 0 ---- batch size : 1  --- ed : 1714341565.3503892 --- --- id: 423  actual:1.28849196434021  expected:1.2543438089496248
request: 424, latency: 3.4451286792755127
0号worker ---- good : 260 --- finish: 261 ---- abandon : 0 ---- batch size : 1  --- ed : 1714341566.4771798 --- --- id: 424  actual:1.1266274452209473  expected:1.155169708567862
request: 426, latency: 1.2647311687469482
0号worker ---- good : 261 --- finish: 262 ---- abandon : 0 ---- batch size : 1  --- ed : 1714341568.4786835 --- --- id: 426  actual:1.2456493377685547  expected:1.3204598758708002
request: 427, latency: 2.2305195331573486
0号worker ---- good : 262 --- finish: 263 ---- abandon : 0 ---- batch size : 1  --- ed : 1714341569.4986851 --- --- id: 427  actual:0.9625949859619141  expected:1.0890536416466867
request: 428, latency: 2.1812572479248047
0号worker ---- good : 263 --- finish: 264 ---- abandon : 0 ---- batch size : 1  --- ed : 1714341570.6737971 --- --- id: 428  actual:1.0540125370025635  expected:1.1882277420284497
request: 429, latency: 2.927896738052368
0号worker ---- good : 264 --- finish: 265 ---- abandon : 0 ---- batch size : 1  --- ed : 1714341571.6930223 --- --- id: 429  actual:0.8838696479797363  expected:1.0559956081860993
request: 430, latency: 4.1856184005737305
0号worker ---- good : 265 --- finish: 266 ---- abandon : 0 ---- batch size : 1  --- ed : 1714341573.1721845 --- --- id: 430  actual:1.3118741512298584  expected:1.4857500431737383
request: 433, latency: 3.464209794998169
0号worker ---- good : 266 --- finish: 267 ---- abandon : 0 ---- batch size : 1  --- ed : 1714341574.4248345 --- --- id: 433  actual:1.0817420482635498  expected:1.2212857754890372
request: 435, latency: 3.689246892929077
request: 438, latency: 1.788205623626709
0号worker ---- good : 268 --- finish: 269 ---- abandon : 0 ---- batch size : 2  --- ed : 1714341575.6753793 --- --- id: 435 438  actual:1.1150290966033936  expected:1.2708593406473954
request: 437, latency: 4.385123252868652
0号worker ---- good : 269 --- finish: 270 ---- abandon : 0 ---- batch size : 1  --- ed : 1714341577.290275 --- --- id: 437  actual:1.4623572826385498  expected:1.7171562773978515
request: 440, latency: 4.252570390701294
0号worker ---- good : 270 --- finish: 271 ---- abandon : 0 ---- batch size : 1  --- ed : 1714341578.9325366 --- --- id: 440  actual:1.3902812004089355  expected:1.4526920097131506
request: 442, latency: 1.8930511474609375
0号worker ---- good : 271 --- finish: 272 ---- abandon : 0 ---- batch size : 1  --- ed : 1714341580.0598142 --- --- id: 442  actual:1.071601152420044  expected:1.2543438089496248
request: 444, latency: 2.9746556282043457
0号worker ---- good : 272 --- finish: 273 ---- abandon : 0 ---- batch size : 1  --- ed : 1714341581.3914442 --- --- id: 444  actual:1.1497242450714111  expected:1.2874018424102125
request: 443, latency: 4.818172931671143
0号worker ---- good : 273 --- finish: 274 ---- abandon : 0 ---- batch size : 1  --- ed : 1714341583.022801 --- --- id: 443  actual:1.4596707820892334  expected:1.7171562773978515
request: 447, latency: 1.1041991710662842
0号worker ---- good : 274 --- finish: 275 ---- abandon : 0 ---- batch size : 1  --- ed : 1714341584.6055012 --- --- id: 447  actual:1.103400468826294  expected:1.2212857754890372
request: 448, latency: 1.3127880096435547
0号worker ---- good : 275 --- finish: 276 ---- abandon : 0 ---- batch size : 1  --- ed : 1714341587.5933383 --- --- id: 448  actual:1.3103141784667969  expected:1.419633976252563
request: 449, latency: 1.2933874130249023
0号worker ---- good : 276 --- finish: 277 ---- abandon : 0 ---- batch size : 1  --- ed : 1714341589.4586267 --- --- id: 449  actual:1.2818336486816406  expected:1.3535179093313876
request: 450, latency: 2.517040252685547
0号worker ---- good : 277 --- finish: 278 ---- abandon : 0 ---- batch size : 1  --- ed : 1714341590.9641755 --- --- id: 450  actual:1.4296269416809082  expected:1.6840982439372638
request: 451, latency: 1.0983421802520752
0号worker ---- good : 278 --- finish: 279 ---- abandon : 0 ---- batch size : 1  --- ed : 1714341593.4133291 --- --- id: 451  actual:1.0777900218963623  expected:1.2874018424102125
request: 452, latency: 2.0822362899780273
0号worker ---- good : 279 --- finish: 280 ---- abandon : 0 ---- batch size : 1  --- ed : 1714341594.6272318 --- --- id: 452  actual:1.0280535221099854  expected:1.2212857754890372
request: 453, latency: 3.2820122241973877
0号worker ---- good : 280 --- finish: 281 ---- abandon : 0 ---- batch size : 1  --- ed : 1714341595.9168482 --- --- id: 453  actual:1.1006665229797363  expected:1.3204598758708002
request: 454, latency: 2.2972593307495117
0号worker ---- good : 281 --- finish: 282 ---- abandon : 0 ---- batch size : 1  --- ed : 1714341597.3458204 --- --- id: 454  actual:1.191880226135254  expected:1.419633976252563
request: 455, latency: 3.7124433517456055
0号worker ---- good : 282 --- finish: 283 ---- abandon : 0 ---- batch size : 1  --- ed : 1714341598.9740512 --- --- id: 455  actual:1.375089406967163  expected:1.5188080766343257
request: 458, latency: 3.6954541206359863
0号worker ---- good : 283 --- finish: 284 ---- abandon : 0 ---- batch size : 1  --- ed : 1714341600.9934742 --- --- id: 458  actual:1.8683631420135498  expected:1.6840982439372638
request: 459, latency: 3.59315824508667
0号worker ---- good : 284 --- finish: 285 ---- abandon : 0 ---- batch size : 1  --- ed : 1714341602.6007628 --- --- id: 459  actual:1.6070141792297363  expected:1.2543438089496248
request: 462, latency: 3.56650972366333
0号worker ---- good : 284 --- finish: 286 ---- abandon : 0 ---- batch size : 1  --- ed : 1714341603.5862617 --- --- id: 462  actual:0.9853296279907227  expected:1.1221116751072744
request: 463, latency: 3.4770989418029785
request: 466, latency: 2.6305367946624756
0号worker ---- good : 285 --- finish: 288 ---- abandon : 0 ---- batch size : 2  --- ed : 1714341604.6032598 --- --- id: 463 466  actual:1.0168259143829346  expected:1.043634063997184
request: 465, latency: 4.475578784942627
0号worker ---- good : 286 --- finish: 289 ---- abandon : 0 ---- batch size : 1  --- ed : 1714341605.97044 --- --- id: 465  actual:1.36692214012146  expected:1.5188080766343257
request: 469, latency: 3.064678430557251
0号worker ---- good : 287 --- finish: 290 ---- abandon : 0 ---- batch size : 1  --- ed : 1714341607.0096147 --- --- id: 469  actual:1.0390124320983887  expected:1.0890536416466867
request: 470, latency: 3.82806134223938
0号worker ---- good : 288 --- finish: 291 ---- abandon : 0 ---- batch size : 1  --- ed : 1714341608.3320355 --- --- id: 470  actual:1.3222548961639404  expected:1.4526920097131506
request: 471, latency: 3.0789802074432373
0号worker ---- good : 289 --- finish: 292 ---- abandon : 0 ---- batch size : 1  --- ed : 1714341609.8712976 --- --- id: 471  actual:1.507854700088501  expected:1.6510402104766764
request: 472, latency: 3.734687089920044
0号worker ---- good : 290 --- finish: 293 ---- abandon : 0 ---- batch size : 1  --- ed : 1714341611.3312354 --- --- id: 472  actual:1.3240749835968018  expected:1.4857500431737383
request: 473, latency: 3.445549964904785
0号worker ---- good : 291 --- finish: 294 ---- abandon : 0 ---- batch size : 1  --- ed : 1714341612.6595058 --- --- id: 473  actual:1.1586878299713135  expected:1.3535179093313876
request: 474, latency: 2.388413190841675
0号worker ---- good : 292 --- finish: 295 ---- abandon : 0 ---- batch size : 1  --- ed : 1714341613.858266 --- --- id: 474  actual:1.0108585357666016  expected:1.1882277420284497
request: 475, latency: 2.7829043865203857
0号worker ---- good : 293 --- finish: 296 ---- abandon : 0 ---- batch size : 1  --- ed : 1714341615.365524 --- --- id: 475  actual:1.3342363834381104  expected:1.6179821770160887
request: 476, latency: 3.0845143795013428
0号worker ---- good : 294 --- finish: 297 ---- abandon : 0 ---- batch size : 1  --- ed : 1714341616.630237 --- --- id: 476  actual:0.9864978790283203  expected:1.155169708567862
request: 477, latency: 1.4710099697113037
0号worker ---- good : 295 --- finish: 298 ---- abandon : 0 ---- batch size : 1  --- ed : 1714341617.7724285 --- --- id: 477  actual:0.9476523399353027  expected:1.1221116751072744
request: 478, latency: 1.6163864135742188
0号worker ---- good : 296 --- finish: 299 ---- abandon : 0 ---- batch size : 1  --- ed : 1714341622.0702033 --- --- id: 478  actual:1.6154141426086426  expected:1.7171562773978515
request: 481, latency: 1.95314359664917
request: 483, latency: 1.3876659870147705
0号worker ---- good : 298 --- finish: 301 ---- abandon : 0 ---- batch size : 2  --- ed : 1714341623.224999 --- --- id: 481 483  actual:1.039949893951416  expected:1.1734770792258762
request: 479, latency: 3.7548773288726807
request: 486, latency: 1.611372947692871
0号worker ---- good : 300 --- finish: 303 ---- abandon : 0 ---- batch size : 2  --- ed : 1714341624.69022 --- --- id: 479 486  actual:1.3135104179382324  expected:1.465623863490434
request: 484, latency: 4.456969976425171
0号worker ---- good : 301 --- finish: 304 ---- abandon : 0 ---- batch size : 1  --- ed : 1714341626.4070847 --- --- id: 484  actual:1.5732142925262451  expected:1.6179821770160887
request: 487, latency: 2.919520854949951
0号worker ---- good : 302 --- finish: 305 ---- abandon : 0 ---- batch size : 1  --- ed : 1714341627.8062754 --- --- id: 487  actual:1.3559703826904297  expected:1.4857500431737383
request: 488, latency: 1.240065097808838
0号worker ---- good : 303 --- finish: 306 ---- abandon : 0 ---- batch size : 1  --- ed : 1714341628.8766143 --- --- id: 488  actual:0.946124792098999  expected:1.1221116751072744
request: 489, latency: 1.8188223838806152
0号worker ---- good : 304 --- finish: 307 ---- abandon : 0 ---- batch size : 1  --- ed : 1714341630.0894742 --- --- id: 489  actual:1.0045981407165527  expected:1.155169708567862
request: 490, latency: 2.970435380935669
0号worker ---- good : 305 --- finish: 308 ---- abandon : 0 ---- batch size : 1  --- ed : 1714341631.4985409 --- --- id: 490  actual:1.245575189590454  expected:1.3535179093313876
request: 491, latency: 3.573126792907715
0号worker ---- good : 306 --- finish: 309 ---- abandon : 0 ---- batch size : 1  --- ed : 1714341632.8197129 --- --- id: 491  actual:1.2256910800933838  expected:1.4526920097131506
request: 493, latency: 2.478147268295288
0号worker ---- good : 307 --- finish: 310 ---- abandon : 0 ---- batch size : 1  --- ed : 1714341633.9610033 --- --- id: 493  actual:0.9136321544647217  expected:1.1221116751072744
request: 492, latency: 4.423936367034912
request: 498, latency: 1.9812994003295898
0号worker ---- good : 309 --- finish: 312 ---- abandon : 0 ---- batch size : 2  --- ed : 1714341635.488562 --- --- id: 492 498  actual:1.3107690811157227  expected:1.53054537110478
request: 496, latency: 4.245168209075928
0号worker ---- good : 310 --- finish: 313 ---- abandon : 0 ---- batch size : 1  --- ed : 1714341637.1121044 --- --- id: 496  actual:1.3861854076385498  expected:1.5188080766343257
