request: 0, latency: 1.3669869899749756
0号worker ---- good : 1 --- finish: 1 ---- abandon : 0 ---- batch size : 1  --- ed : 1714342150.9910994 --- --- id: 0  actual:1.3570613861083984  expected:1.4526920097131506
request: 2, latency: 1.8147974014282227
0号worker ---- good : 2 --- finish: 2 ---- abandon : 0 ---- batch size : 1  --- ed : 1714342151.965408 --- --- id: 2  actual:0.8903396129608154  expected:1.0559956081860993
request: 3, latency: 2.8258585929870605
0号worker ---- good : 3 --- finish: 3 ---- abandon : 0 ---- batch size : 1  --- ed : 1714342153.0939684 --- --- id: 3  actual:0.9655632972717285  expected:1.155169708567862
request: 4, latency: 1.011587142944336
0号worker ---- good : 4 --- finish: 4 ---- abandon : 0 ---- batch size : 1  --- ed : 1714342158.6630807 --- --- id: 4  actual:1.009842872619629  expected:1.155169708567862
request: 5, latency: 1.0823309421539307
0号worker ---- good : 5 --- finish: 5 ---- abandon : 0 ---- batch size : 1  --- ed : 1714342160.0177238 --- --- id: 5  actual:1.0813109874725342  expected:1.2874018424102125
request: 6, latency: 2.099561929702759
0号worker ---- good : 6 --- finish: 6 ---- abandon : 0 ---- batch size : 1  --- ed : 1714342161.3685696 --- --- id: 6  actual:1.1444377899169922  expected:1.3535179093313876
request: 8, latency: 3.7542078495025635
0号worker ---- good : 7 --- finish: 7 ---- abandon : 0 ---- batch size : 1  --- ed : 1714342163.0235329 --- --- id: 8  actual:1.4484164714813232  expected:1.6510402104766764
request: 10, latency: 1.0926237106323242
0号worker ---- good : 8 --- finish: 8 ---- abandon : 0 ---- batch size : 1  --- ed : 1714342172.658535 --- --- id: 10  actual:1.0913400650024414  expected:1.2543438089496248
request: 12, latency: 2.0590832233428955
0号worker ---- good : 9 --- finish: 9 ---- abandon : 0 ---- batch size : 1  --- ed : 1714342173.7710962 --- --- id: 12  actual:0.9348819255828857  expected:1.0890536416466867
request: 13, latency: 3.378861665725708
0号worker ---- good : 10 --- finish: 10 ---- abandon : 0 ---- batch size : 1  --- ed : 1714342175.0923054 --- --- id: 13  actual:1.1677424907684326  expected:1.2543438089496248
request: 16, latency: 4.602719783782959
0号worker ---- good : 11 --- finish: 11 ---- abandon : 0 ---- batch size : 1  --- ed : 1714342176.7083468 --- --- id: 16  actual:1.5192744731903076  expected:1.6179821770160887
request: 19, latency: 1.194523811340332
0号worker ---- good : 12 --- finish: 12 ---- abandon : 0 ---- batch size : 1  --- ed : 1714342178.8429291 --- --- id: 19  actual:1.1927716732025146  expected:1.3204598758708002
request: 20, latency: 2.4502079486846924
0号worker ---- good : 13 --- finish: 13 ---- abandon : 0 ---- batch size : 1  --- ed : 1714342180.152233 --- --- id: 20  actual:1.1850206851959229  expected:1.3535179093313876
request: 25, latency: 2.670758008956909
0号worker ---- good : 14 --- finish: 14 ---- abandon : 0 ---- batch size : 1  --- ed : 1714342181.3893538 --- --- id: 25  actual:1.0538487434387207  expected:1.2212857754890372
request: 28, latency: 3.0233981609344482
0号worker ---- good : 15 --- finish: 15 ---- abandon : 0 ---- batch size : 1  --- ed : 1714342182.4786105 --- --- id: 28  actual:0.9258508682250977  expected:1.0559956081860993
request: 29, latency: 4.7825446128845215
0号worker ---- good : 16 --- finish: 16 ---- abandon : 0 ---- batch size : 1  --- ed : 1714342184.24262 --- --- id: 29  actual:1.6259140968322754  expected:1.6510402104766764
request: 30, latency: 1.0899415016174316
0号worker ---- good : 17 --- finish: 17 ---- abandon : 0 ---- batch size : 1  --- ed : 1714342190.9988582 --- --- id: 30  actual:1.088200330734253  expected:1.155169708567862
request: 37, latency: 1.3225665092468262
request: 40, latency: 1.2658100128173828
0号worker ---- good : 19 --- finish: 19 ---- abandon : 0 ---- batch size : 2  --- ed : 1714342192.2331653 --- --- id: 37 40  actual:1.169853687286377  expected:1.043634063997184
request: 38, latency: 2.3565988540649414
0号worker ---- good : 20 --- finish: 20 ---- abandon : 0 ---- batch size : 1  --- ed : 1714342193.3003345 --- --- id: 38  actual:1.0670077800750732  expected:1.0890536416466867
request: 32, latency: 5.06073522567749
request: 33, latency: 5.0277791023254395
request: 34, latency: 5.027623176574707
0号worker ---- good : 22 --- finish: 23 ---- abandon : 0 ---- batch size : 3  --- ed : 1714342195.0151536 --- --- id: 32 33 34  actual:1.7146272659301758  expected:1.7320176943610894
request: 46, latency: 2.9123663902282715
0号worker ---- good : 23 --- finish: 24 ---- abandon : 0 ---- batch size : 1  --- ed : 1714342196.0341964 --- --- id: 46  actual:1.0188822746276855  expected:1.1221116751072744
request: 45, latency: 4.542764902114868
0号worker ---- good : 24 --- finish: 25 ---- abandon : 0 ---- batch size : 1  --- ed : 1714342197.53644 --- --- id: 45  actual:1.4739925861358643  expected:1.6510402104766764
request: 49, latency: 1.0603463649749756
0号worker ---- good : 25 --- finish: 26 ---- abandon : 0 ---- batch size : 1  --- ed : 1714342198.879932 --- --- id: 49  actual:1.0591094493865967  expected:1.1882277420284497
request: 50, latency: 1.2074363231658936
0号worker ---- good : 26 --- finish: 27 ---- abandon : 0 ---- batch size : 1  --- ed : 1714342201.4977396 --- --- id: 50  actual:1.2064428329467773  expected:1.2212857754890372
request: 51, latency: 1.4819879531860352
0号worker ---- good : 27 --- finish: 28 ---- abandon : 0 ---- batch size : 1  --- ed : 1714342202.6585422 --- --- id: 51  actual:1.146470069885254  expected:1.2543438089496248
request: 52, latency: 1.337151288986206
0号worker ---- good : 28 --- finish: 29 ---- abandon : 0 ---- batch size : 1  --- ed : 1714342208.8257263 --- --- id: 52  actual:1.3357844352722168  expected:1.3204598758708002
request: 54, latency: 2.753046989440918
0号worker ---- good : 29 --- finish: 30 ---- abandon : 0 ---- batch size : 1  --- ed : 1714342210.3454564 --- --- id: 54  actual:1.519582986831665  expected:1.6179821770160887
request: 53, latency: 4.403483152389526
0号worker ---- good : 30 --- finish: 31 ---- abandon : 0 ---- batch size : 1  --- ed : 1714342211.9956684 --- --- id: 53  actual:1.5697579383850098  expected:1.7171562773978515
request: 61, latency: 1.2981603145599365
0号worker ---- good : 31 --- finish: 32 ---- abandon : 0 ---- batch size : 1  --- ed : 1714342214.076232 --- --- id: 61  actual:1.2965137958526611  expected:1.2874018424102125
request: 62, latency: 2.4015121459960938
0号worker ---- good : 32 --- finish: 33 ---- abandon : 0 ---- batch size : 1  --- ed : 1714342215.2953558 --- --- id: 62  actual:1.2133119106292725  expected:1.3535179093313876
request: 63, latency: 2.148216724395752
0号worker ---- good : 33 --- finish: 34 ---- abandon : 0 ---- batch size : 1  --- ed : 1714342216.444781 --- --- id: 63  actual:1.015810489654541  expected:1.155169708567862
request: 64, latency: 3.3784189224243164
0号worker ---- good : 34 --- finish: 35 ---- abandon : 0 ---- batch size : 1  --- ed : 1714342217.6754444 --- --- id: 64  actual:1.098332405090332  expected:1.2543438089496248
request: 65, latency: 3.9221410751342773
0号worker ---- good : 35 --- finish: 36 ---- abandon : 0 ---- batch size : 1  --- ed : 1714342219.0528665 --- --- id: 65  actual:1.223681926727295  expected:1.419633976252563
request: 69, latency: 4.0829761028289795
0号worker ---- good : 36 --- finish: 37 ---- abandon : 0 ---- batch size : 1  --- ed : 1714342220.6326315 --- --- id: 69  actual:1.3870720863342285  expected:1.5188080766343257
request: 72, latency: 3.743879795074463
0号worker ---- good : 37 --- finish: 38 ---- abandon : 0 ---- batch size : 1  --- ed : 1714342222.0104764 --- --- id: 72  actual:1.2405779361724854  expected:1.3865759427919753
request: 73, latency: 1.558448076248169
0号worker ---- good : 38 --- finish: 39 ---- abandon : 0 ---- batch size : 1  --- ed : 1714342229.8756356 --- --- id: 73  actual:1.557379961013794  expected:1.7171562773978515
request: 75, latency: 2.9331560134887695
request: 77, latency: 1.588160514831543
0号worker ---- good : 40 --- finish: 41 ---- abandon : 0 ---- batch size : 2  --- ed : 1714342231.2557259 --- --- id: 75 77  actual:1.1354343891143799  expected:1.1734770792258762
request: 76, latency: 2.8106842041015625
0号worker ---- good : 41 --- finish: 42 ---- abandon : 0 ---- batch size : 1  --- ed : 1714342232.432543 --- --- id: 76  actual:1.1765944957733154  expected:1.2543438089496248
request: 78, latency: 4.251391172409058
0号worker ---- good : 42 --- finish: 43 ---- abandon : 0 ---- batch size : 1  --- ed : 1714342233.9214785 --- --- id: 78  actual:1.4374926090240479  expected:1.5518661100949134
request: 80, latency: 1.0787551403045654
0号worker ---- good : 43 --- finish: 44 ---- abandon : 0 ---- batch size : 1  --- ed : 1714342235.5233836 --- --- id: 80  actual:1.0551173686981201  expected:1.155169708567862
request: 81, latency: 2.2142770290374756
0号worker ---- good : 44 --- finish: 45 ---- abandon : 0 ---- batch size : 1  --- ed : 1714342236.9226851 --- --- id: 81  actual:1.324479341506958  expected:1.4526920097131506
request: 82, latency: 2.5185434818267822
0号worker ---- good : 45 --- finish: 46 ---- abandon : 0 ---- batch size : 1  --- ed : 1714342238.1373878 --- --- id: 82  actual:1.083583116531372  expected:1.1882277420284497
request: 84, latency: 3.953026294708252
0号worker ---- good : 46 --- finish: 47 ---- abandon : 0 ---- batch size : 1  --- ed : 1714342239.656564 --- --- id: 84  actual:1.4197025299072266  expected:1.3204598758708002
request: 85, latency: 4.448606729507446
0号worker ---- good : 47 --- finish: 48 ---- abandon : 0 ---- batch size : 1  --- ed : 1714342241.1104336 --- --- id: 85  actual:1.4536421298980713  expected:1.5188080766343257
request: 98, latency: 2.913809299468994
0号worker ---- good : 48 --- finish: 49 ---- abandon : 0 ---- batch size : 1  --- ed : 1714342242.1855228 --- --- id: 98  actual:1.0574750900268555  expected:1.0559956081860993
request: 99, latency: 4.601736783981323
0号worker ---- good : 49 --- finish: 50 ---- abandon : 0 ---- batch size : 1  --- ed : 1714342243.8773715 --- --- id: 99  actual:1.6909339427947998  expected:1.6179821770160887
request: 101, latency: 1.141268014907837
0号worker ---- good : 50 --- finish: 51 ---- abandon : 0 ---- batch size : 1  --- ed : 1714342246.5338 --- --- id: 101  actual:1.1355483531951904  expected:1.1882277420284497
request: 102, latency: 2.208616018295288
request: 105, latency: 2.1206889152526855
0号worker ---- good : 52 --- finish: 53 ---- abandon : 0 ---- batch size : 2  --- ed : 1714342247.6145585 --- --- id: 102 105  actual:1.0325019359588623  expected:1.10855557161153
request: 104, latency: 3.285536766052246
0号worker ---- good : 53 --- finish: 54 ---- abandon : 0 ---- batch size : 1  --- ed : 1714342248.7603085 --- --- id: 104  actual:1.0702259540557861  expected:1.155169708567862
request: 106, latency: 2.3815417289733887
0号worker ---- good : 54 --- finish: 55 ---- abandon : 0 ---- batch size : 1  --- ed : 1714342249.9940903 --- --- id: 106  actual:1.1521966457366943  expected:1.3865759427919753
request: 107, latency: 3.6412720680236816
0号worker ---- good : 55 --- finish: 56 ---- abandon : 0 ---- batch size : 1  --- ed : 1714342251.4835303 --- --- id: 107  actual:1.2579376697540283  expected:1.4857500431737383
request: 110, latency: 3.8605294227600098
0号worker ---- good : 56 --- finish: 57 ---- abandon : 0 ---- batch size : 1  --- ed : 1714342252.877786 --- --- id: 110  actual:1.164952278137207  expected:1.3535179093313876
request: 113, latency: 1.423003911972046
0号worker ---- good : 57 --- finish: 58 ---- abandon : 0 ---- batch size : 1  --- ed : 1714342254.6515467 --- --- id: 113  actual:1.4221992492675781  expected:1.6510402104766764
request: 114, latency: 2.5625219345092773
0号worker ---- good : 58 --- finish: 59 ---- abandon : 0 ---- batch size : 1  --- ed : 1714342256.0887764 --- --- id: 114  actual:1.2071123123168945  expected:1.419633976252563
request: 115, latency: 0.9647426605224609
0号worker ---- good : 59 --- finish: 60 ---- abandon : 0 ---- batch size : 1  --- ed : 1714342261.6001523 --- --- id: 115  actual:0.9632196426391602  expected:1.1221116751072744
request: 116, latency: 2.1463088989257812
0号worker ---- good : 60 --- finish: 61 ---- abandon : 0 ---- batch size : 1  --- ed : 1714342262.7926111 --- --- id: 116  actual:1.0384306907653809  expected:1.1221116751072744
request: 117, latency: 3.290743589401245
request: 118, latency: 2.6455092430114746
0号worker ---- good : 62 --- finish: 63 ---- abandon : 0 ---- batch size : 2  --- ed : 1714342263.9371686 --- --- id: 117 118  actual:1.0631458759307861  expected:1.1410163254187031
request: 120, latency: 4.012792348861694
0号worker ---- good : 63 --- finish: 64 ---- abandon : 0 ---- batch size : 1  --- ed : 1714342265.324866 --- --- id: 120  actual:1.3121044635772705  expected:1.5188080766343257
request: 121, latency: 1.000213384628296
0号worker ---- good : 64 --- finish: 65 ---- abandon : 0 ---- batch size : 1  --- ed : 1714342273.0127566 --- --- id: 121  actual:0.9962265491485596  expected:1.155169708567862
request: 123, latency: 2.5784080028533936
0号worker ---- good : 65 --- finish: 66 ---- abandon : 0 ---- batch size : 1  --- ed : 1714342274.642238 --- --- id: 123  actual:1.4772977828979492  expected:1.6179821770160887
request: 122, latency: 4.230823516845703
0号worker ---- good : 66 --- finish: 67 ---- abandon : 0 ---- batch size : 1  --- ed : 1714342276.2853396 --- --- id: 122  actual:1.5061242580413818  expected:1.7171562773978515
request: 124, latency: 1.4829156398773193
0号worker ---- good : 67 --- finish: 68 ---- abandon : 0 ---- batch size : 1  --- ed : 1714342278.4550471 --- --- id: 124  actual:1.4810774326324463  expected:1.6510402104766764
request: 127, latency: 2.060378313064575
0号worker ---- good : 68 --- finish: 69 ---- abandon : 0 ---- batch size : 1  --- ed : 1714342279.609077 --- --- id: 127  actual:0.9854297637939453  expected:1.0890536416466867
request: 128, latency: 3.018557071685791
0号worker ---- good : 69 --- finish: 70 ---- abandon : 0 ---- batch size : 1  --- ed : 1714342280.763476 --- --- id: 128  actual:1.0545363426208496  expected:1.1882277420284497
request: 130, latency: 2.7833187580108643
request: 132, latency: 2.563859462738037
0号worker ---- good : 71 --- finish: 72 ---- abandon : 0 ---- batch size : 2  --- ed : 1714342282.1439402 --- --- id: 130 132  actual:1.2520403861999512  expected:1.4007023558760878
request: 133, latency: 1.0346088409423828
0号worker ---- good : 72 --- finish: 73 ---- abandon : 0 ---- batch size : 1  --- ed : 1714342289.9232018 --- --- id: 133  actual:1.0334506034851074  expected:1.1221116751072744
request: 134, latency: 1.5174148082733154
0号worker ---- good : 73 --- finish: 74 ---- abandon : 0 ---- batch size : 1  --- ed : 1714342293.5579584 --- --- id: 134  actual:1.510960340499878  expected:1.6840982439372638
request: 136, latency: 2.5074121952056885
request: 137, latency: 2.506331205368042
0号worker ---- good : 75 --- finish: 76 ---- abandon : 0 ---- batch size : 2  --- ed : 1714342294.6756546 --- --- id: 136 137  actual:0.9519634246826172  expected:1.043634063997184
request: 135, latency: 4.058125019073486
0号worker ---- good : 76 --- finish: 77 ---- abandon : 0 ---- batch size : 1  --- ed : 1714342296.1382012 --- --- id: 135  actual:1.376112937927246  expected:1.584924143555501
request: 143, latency: 2.529200315475464
0号worker ---- good : 77 --- finish: 78 ---- abandon : 0 ---- batch size : 1  --- ed : 1714342297.5339613 --- --- id: 143  actual:1.1915299892425537  expected:1.3204598758708002
request: 141, latency: 3.866912841796875
0号worker ---- good : 78 --- finish: 79 ---- abandon : 0 ---- batch size : 1  --- ed : 1714342298.854267 --- --- id: 141  actual:1.1936023235321045  expected:1.3865759427919753
request: 149, latency: 3.426388740539551
0号worker ---- good : 79 --- finish: 80 ---- abandon : 0 ---- batch size : 1  --- ed : 1714342300.3581448 --- --- id: 149  actual:1.315077543258667  expected:1.4857500431737383
request: 160, latency: 2.877627372741699
0号worker ---- good : 80 --- finish: 81 ---- abandon : 0 ---- batch size : 1  --- ed : 1714342301.4737885 --- --- id: 160  actual:0.9475576877593994  expected:1.0559956081860993
request: 159, latency: 4.512569904327393
0号worker ---- good : 81 --- finish: 82 ---- abandon : 0 ---- batch size : 1  --- ed : 1714342303.1045847 --- --- id: 159  actual:1.4877588748931885  expected:1.5188080766343257
request: 162, latency: 2.8530960083007812
0号worker ---- good : 82 --- finish: 83 ---- abandon : 0 ---- batch size : 1  --- ed : 1714342304.2056406 --- --- id: 162  actual:1.1007459163665771  expected:1.155169708567862
request: 163, latency: 3.388648509979248
0号worker ---- good : 83 --- finish: 84 ---- abandon : 0 ---- batch size : 1  --- ed : 1714342305.6223152 --- --- id: 163  actual:1.3729655742645264  expected:1.4857500431737383
request: 164, latency: 1.698829174041748
0号worker ---- good : 84 --- finish: 85 ---- abandon : 0 ---- batch size : 1  --- ed : 1714342307.0021548 --- --- id: 164  actual:1.2510263919830322  expected:1.419633976252563
request: 165, latency: 2.3863728046417236
request: 166, latency: 1.3350105285644531
0号worker ---- good : 86 --- finish: 87 ---- abandon : 0 ---- batch size : 2  --- ed : 1714342308.4572842 --- --- id: 165 166  actual:1.2932336330413818  expected:1.465623863490434
request: 167, latency: 2.83532452583313
0号worker ---- good : 87 --- finish: 88 ---- abandon : 0 ---- batch size : 1  --- ed : 1714342309.9684281 --- --- id: 167  actual:1.3471784591674805  expected:1.419633976252563
request: 168, latency: 3.0280802249908447
0号worker ---- good : 88 --- finish: 89 ---- abandon : 0 ---- batch size : 1  --- ed : 1714342311.4819677 --- --- id: 168  actual:1.4252357482910156  expected:1.584924143555501
request: 170, latency: 2.396138906478882
0号worker ---- good : 89 --- finish: 90 ---- abandon : 0 ---- batch size : 1  --- ed : 1714342313.009539 --- --- id: 170  actual:1.3648252487182617  expected:1.584924143555501
request: 171, latency: 1.4675219058990479
0号worker ---- good : 90 --- finish: 91 ---- abandon : 0 ---- batch size : 1  --- ed : 1714342317.9160466 --- --- id: 171  actual:1.4612085819244385  expected:1.6840982439372638
request: 172, latency: 1.0662169456481934
0号worker ---- good : 91 --- finish: 92 ---- abandon : 0 ---- batch size : 1  --- ed : 1714342319.0585613 --- --- id: 172  actual:0.9215927124023438  expected:1.0890536416466867
request: 173, latency: 1.1606128215789795
0号worker ---- good : 92 --- finish: 93 ---- abandon : 0 ---- batch size : 1  --- ed : 1714342320.6441348 --- --- id: 173  actual:1.1600182056427002  expected:1.3204598758708002
request: 174, latency: 1.7545435428619385
0号worker ---- good : 93 --- finish: 94 ---- abandon : 0 ---- batch size : 1  --- ed : 1714342321.7393117 --- --- id: 174  actual:0.9361803531646729  expected:1.0559956081860993
request: 175, latency: 2.904244899749756
0号worker ---- good : 94 --- finish: 95 ---- abandon : 0 ---- batch size : 1  --- ed : 1714342322.8892827 --- --- id: 175  actual:1.0350399017333984  expected:1.1882277420284497
request: 179, latency: 4.430459022521973
request: 183, latency: 2.0892534255981445
request: 186, latency: 2.0811069011688232
0号worker ---- good : 97 --- finish: 98 ---- abandon : 0 ---- batch size : 3  --- ed : 1714342324.481414 --- --- id: 179 183 186  actual:1.4425952434539795  expected:1.5986499608425877
request: 185, latency: 3.437464714050293
0号worker ---- good : 98 --- finish: 99 ---- abandon : 0 ---- batch size : 1  --- ed : 1714342325.829963 --- --- id: 185  actual:1.196166753768921  expected:1.2543438089496248
request: 189, latency: 1.153639793395996
0号worker ---- good : 99 --- finish: 100 ---- abandon : 0 ---- batch size : 1  --- ed : 1714342333.2303922 --- --- id: 189  actual:1.1389224529266357  expected:1.155169708567862
request: 190, latency: 2.5559451580047607
0号worker ---- good : 100 --- finish: 101 ---- abandon : 0 ---- batch size : 1  --- ed : 1714342334.7225022 --- --- id: 190  actual:1.4882776737213135  expected:1.6510402104766764
request: 191, latency: 3.5620341300964355
0号worker ---- good : 101 --- finish: 102 ---- abandon : 0 ---- batch size : 1  --- ed : 1714342336.2619765 --- --- id: 191  actual:1.3805105686187744  expected:1.5518661100949134
request: 195, latency: 3.3172147274017334
0号worker ---- good : 102 --- finish: 103 ---- abandon : 0 ---- batch size : 1  --- ed : 1714342337.4900124 --- --- id: 195  actual:1.0617895126342773  expected:1.2543438089496248
request: 197, latency: 3.5990686416625977
0号worker ---- good : 103 --- finish: 104 ---- abandon : 0 ---- batch size : 1  --- ed : 1714342338.8738306 --- --- id: 197  actual:1.1948704719543457  expected:1.2212857754890372
request: 199, latency: 0.9147393703460693
0号worker ---- good : 104 --- finish: 105 ---- abandon : 0 ---- batch size : 1  --- ed : 1714342340.1473083 --- --- id: 199  actual:0.9129481315612793  expected:1.0559956081860993
request: 200, latency: 2.253093719482422
0号worker ---- good : 105 --- finish: 106 ---- abandon : 0 ---- batch size : 1  --- ed : 1714342341.4952016 --- --- id: 200  actual:1.2057600021362305  expected:1.419633976252563
request: 201, latency: 2.759474277496338
0号worker ---- good : 106 --- finish: 107 ---- abandon : 0 ---- batch size : 1  --- ed : 1714342343.4872525 --- --- id: 201  actual:1.77040696144104  expected:1.3204598758708002
request: 202, latency: 1.5626802444458008
0号worker ---- good : 107 --- finish: 108 ---- abandon : 0 ---- batch size : 1  --- ed : 1714342350.663287 --- --- id: 202  actual:1.5529859066009521  expected:1.7171562773978515
request: 203, latency: 2.9146149158477783
0号worker ---- good : 108 --- finish: 109 ---- abandon : 0 ---- batch size : 1  --- ed : 1714342352.040205 --- --- id: 203  actual:1.2258696556091309  expected:1.3865759427919753
request: 205, latency: 1.8040475845336914
0号worker ---- good : 109 --- finish: 110 ---- abandon : 0 ---- batch size : 1  --- ed : 1714342356.685716 --- --- id: 205  actual:1.8033525943756104  expected:1.2212857754890372
request: 208, latency: 1.8312883377075195
0号worker ---- good : 110 --- finish: 111 ---- abandon : 0 ---- batch size : 1  --- ed : 1714342357.7070138 --- --- id: 208  actual:1.0211045742034912  expected:1.1221116751072744
request: 207, latency: 3.0914766788482666
0号worker ---- good : 111 --- finish: 112 ---- abandon : 0 ---- batch size : 1  --- ed : 1714342358.904242 --- --- id: 207  actual:1.1970634460449219  expected:1.3204598758708002
request: 206, latency: 4.438762187957764
0号worker ---- good : 112 --- finish: 113 ---- abandon : 0 ---- batch size : 1  --- ed : 1714342360.233752 --- --- id: 206  actual:1.3293495178222656  expected:1.5518661100949134
request: 213, latency: 2.7533926963806152
0号worker ---- good : 113 --- finish: 114 ---- abandon : 0 ---- batch size : 1  --- ed : 1714342361.2467134 --- --- id: 213  actual:1.0127997398376465  expected:1.155169708567862
request: 212, latency: 4.755296230316162
0号worker ---- good : 114 --- finish: 115 ---- abandon : 0 ---- batch size : 1  --- ed : 1714342362.730928 --- --- id: 212  actual:1.4830255508422852  expected:1.7171562773978515
request: 214, latency: 1.066772222518921
0号worker ---- good : 115 --- finish: 116 ---- abandon : 0 ---- batch size : 1  --- ed : 1714342364.380108 --- --- id: 214  actual:1.0620338916778564  expected:1.155169708567862
request: 219, latency: 1.4739384651184082
0号worker ---- good : 116 --- finish: 117 ---- abandon : 0 ---- batch size : 1  --- ed : 1714342365.626528 --- --- id: 219  actual:1.1577107906341553  expected:1.155169708567862
request: 215, latency: 2.813114643096924
0号worker ---- good : 117 --- finish: 118 ---- abandon : 0 ---- batch size : 1  --- ed : 1714342366.8937373 --- --- id: 215  actual:1.2663764953613281  expected:1.2874018424102125
request: 220, latency: 1.3522722721099854
0号worker ---- good : 118 --- finish: 119 ---- abandon : 0 ---- batch size : 1  --- ed : 1714342373.638563 --- --- id: 220  actual:1.3496513366699219  expected:1.5188080766343257
request: 221, latency: 2.9749865531921387
0号worker ---- good : 119 --- finish: 120 ---- abandon : 0 ---- batch size : 1  --- ed : 1714342375.2797256 --- --- id: 221  actual:1.4762485027313232  expected:1.6510402104766764
request: 223, latency: 1.0144169330596924
0号worker ---- good : 120 --- finish: 121 ---- abandon : 0 ---- batch size : 1  --- ed : 1714342376.4656682 --- --- id: 223  actual:1.0076782703399658  expected:1.155169708567862
request: 222, latency: 2.7633659839630127
request: 230, latency: 1.988511562347412
0号worker ---- good : 122 --- finish: 123 ---- abandon : 0 ---- batch size : 2  --- ed : 1714342377.916944 --- --- id: 222 230  actual:1.3140218257904053  expected:1.4331631096832609
request: 229, latency: 3.079709768295288
request: 233, latency: 1.6314325332641602
0号worker ---- good : 124 --- finish: 125 ---- abandon : 0 ---- batch size : 2  --- ed : 1714342379.0076723 --- --- id: 229 233  actual:0.9630568027496338  expected:1.076094817804357
request: 237, latency: 1.769251823425293
0号worker ---- good : 125 --- finish: 126 ---- abandon : 0 ---- batch size : 1  --- ed : 1714342380.0957484 --- --- id: 237  actual:0.9741213321685791  expected:1.0559956081860993
request: 234, latency: 3.33011531829834
request: 240, latency: 2.7955551147460938
0号worker ---- good : 127 --- finish: 128 ---- abandon : 0 ---- batch size : 2  --- ed : 1714342381.3763692 --- --- id: 234 240  actual:1.1997661590576172  expected:1.2059378330330492
request: 238, latency: 4.053590536117554
0号worker ---- good : 128 --- finish: 129 ---- abandon : 0 ---- batch size : 1  --- ed : 1714342382.6339927 --- --- id: 238  actual:1.2489509582519531  expected:1.419633976252563
request: 246, latency: 3.354923725128174
request: 251, latency: 1.7696940898895264
0号worker ---- good : 130 --- finish: 131 ---- abandon : 0 ---- batch size : 2  --- ed : 1714342383.847526 --- --- id: 246 251  actual:1.050173282623291  expected:1.1410163254187031
request: 249, latency: 3.4333176612854004
0号worker ---- good : 131 --- finish: 132 ---- abandon : 0 ---- batch size : 1  --- ed : 1714342385.018783 --- --- id: 249  actual:1.0842976570129395  expected:1.1882277420284497
request: 252, latency: 1.1653366088867188
0号worker ---- good : 132 --- finish: 133 ---- abandon : 0 ---- batch size : 1  --- ed : 1714342395.159311 --- --- id: 252  actual:1.1645612716674805  expected:1.2874018424102125
request: 253, latency: 2.0773651599884033
0号worker ---- good : 133 --- finish: 134 ---- abandon : 0 ---- batch size : 1  --- ed : 1714342396.2760086 --- --- id: 253  actual:0.9981470108032227  expected:1.155169708567862
request: 254, latency: 3.520662546157837
0号worker ---- good : 134 --- finish: 135 ---- abandon : 0 ---- batch size : 1  --- ed : 1714342397.9946356 --- --- id: 254  actual:1.5593950748443604  expected:1.6510402104766764
request: 255, latency: 3.469979763031006
0号worker ---- good : 135 --- finish: 136 ---- abandon : 0 ---- batch size : 1  --- ed : 1714342399.5869446 --- --- id: 255  actual:1.5049817562103271  expected:1.6179821770160887
request: 256, latency: 1.2479591369628906
0号worker ---- good : 136 --- finish: 137 ---- abandon : 0 ---- batch size : 1  --- ed : 1714342401.0291593 --- --- id: 256  actual:1.2435197830200195  expected:1.0890536416466867
request: 257, latency: 2.7223715782165527
0号worker ---- good : 137 --- finish: 138 ---- abandon : 0 ---- batch size : 1  --- ed : 1714342402.5066862 --- --- id: 257  actual:1.477297067642212  expected:1.6510402104766764
request: 258, latency: 1.4385764598846436
0号worker ---- good : 138 --- finish: 139 ---- abandon : 0 ---- batch size : 1  --- ed : 1714342407.087129 --- --- id: 258  actual:1.435117483139038  expected:1.6179821770160887
request: 260, latency: 2.5121092796325684
request: 265, latency: 1.635371446609497
0号worker ---- good : 140 --- finish: 141 ---- abandon : 0 ---- batch size : 2  --- ed : 1714342408.290136 --- --- id: 260 265  actual:1.026505708694458  expected:1.10855557161153
request: 259, latency: 4.211096525192261
0号worker ---- good : 141 --- finish: 142 ---- abandon : 0 ---- batch size : 1  --- ed : 1714342409.8618767 --- --- id: 259  actual:1.4942052364349365  expected:1.7171562773978515
request: 266, latency: 3.9254064559936523
0号worker ---- good : 142 --- finish: 143 ---- abandon : 0 ---- batch size : 1  --- ed : 1714342411.5401735 --- --- id: 266  actual:1.4582266807556152  expected:1.5518661100949134
request: 270, latency: 4.732787609100342
request: 276, latency: 3.9090030193328857
0号worker ---- good : 144 --- finish: 145 ---- abandon : 0 ---- batch size : 2  --- ed : 1714342413.151179 --- --- id: 270 276  actual:1.5147364139556885  expected:1.5954668787191262
request: 280, latency: 4.346400022506714
0号worker ---- good : 145 --- finish: 146 ---- abandon : 0 ---- batch size : 1  --- ed : 1714342414.6382306 --- --- id: 280  actual:1.4108731746673584  expected:1.6510402104766764
request: 281, latency: 0.8993456363677979
0号worker ---- good : 146 --- finish: 147 ---- abandon : 0 ---- batch size : 1  --- ed : 1714342421.4640303 --- --- id: 281  actual:0.8982851505279541  expected:1.0559956081860993
request: 282, latency: 1.1939213275909424
0号worker ---- good : 147 --- finish: 148 ---- abandon : 0 ---- batch size : 1  --- ed : 1714342422.8558526 --- --- id: 282  actual:1.1911823749542236  expected:1.3535179093313876
request: 285, latency: 2.3883562088012695
0号worker ---- good : 148 --- finish: 149 ---- abandon : 0 ---- batch size : 1  --- ed : 1714342424.2031848 --- --- id: 285  actual:1.1892311573028564  expected:1.3535179093313876
request: 283, latency: 3.8784470558166504
0号worker ---- good : 149 --- finish: 150 ---- abandon : 0 ---- batch size : 1  --- ed : 1714342425.5811253 --- --- id: 283  actual:1.2179925441741943  expected:1.419633976252563
request: 288, latency: 3.6339852809906006
0号worker ---- good : 150 --- finish: 151 ---- abandon : 0 ---- batch size : 1  --- ed : 1714342426.9880505 --- --- id: 288  actual:1.2104156017303467  expected:1.3865759427919753
request: 289, latency: 2.944352149963379
0号worker ---- good : 151 --- finish: 152 ---- abandon : 0 ---- batch size : 1  --- ed : 1714342428.173161 --- --- id: 289  actual:1.010082483291626  expected:1.1882277420284497
request: 290, latency: 4.657650709152222
0号worker ---- good : 152 --- finish: 153 ---- abandon : 0 ---- batch size : 1  --- ed : 1714342429.9536824 --- --- id: 290  actual:1.4636616706848145  expected:1.7171562773978515
request: 295, latency: 2.711620330810547
0号worker ---- good : 153 --- finish: 154 ---- abandon : 0 ---- batch size : 1  --- ed : 1714342431.1653578 --- --- id: 295  actual:0.9620358943939209  expected:1.0559956081860993
request: 298, latency: 3.796347141265869
0号worker ---- good : 154 --- finish: 155 ---- abandon : 0 ---- batch size : 1  --- ed : 1714342432.4939902 --- --- id: 298  actual:1.2393286228179932  expected:1.2874018424102125
request: 300, latency: 4.526423454284668
0号worker ---- good : 155 --- finish: 156 ---- abandon : 0 ---- batch size : 1  --- ed : 1714342433.9601462 --- --- id: 300  actual:1.4122345447540283  expected:1.6179821770160887
request: 303, latency: 3.5035481452941895
0号worker ---- good : 156 --- finish: 157 ---- abandon : 0 ---- batch size : 1  --- ed : 1714342435.4105284 --- --- id: 303  actual:1.236847162246704  expected:1.419633976252563
request: 306, latency: 3.8883376121520996
0号worker ---- good : 157 --- finish: 158 ---- abandon : 0 ---- batch size : 1  --- ed : 1714342436.7741053 --- --- id: 306  actual:1.1837570667266846  expected:1.3865759427919753
request: 313, latency: 3.7258005142211914
request: 323, latency: 2.321392297744751
0号worker ---- good : 159 --- finish: 160 ---- abandon : 0 ---- batch size : 2  --- ed : 1714342438.1353207 --- --- id: 313 323  actual:1.1582796573638916  expected:1.2708593406473954
request: 321, latency: 3.8133113384246826
0号worker ---- good : 160 --- finish: 161 ---- abandon : 0 ---- batch size : 1  --- ed : 1714342439.4667652 --- --- id: 321  actual:1.2218735218048096  expected:1.419633976252563
request: 324, latency: 4.147897720336914
0号worker ---- good : 161 --- finish: 162 ---- abandon : 0 ---- batch size : 1  --- ed : 1714342440.9810247 --- --- id: 324  actual:1.315979242324829  expected:1.4857500431737383
request: 330, latency: 3.3592329025268555
0号worker ---- good : 162 --- finish: 163 ---- abandon : 0 ---- batch size : 1  --- ed : 1714342442.3227897 --- --- id: 330  actual:1.1733543872833252  expected:1.155169708567862
request: 329, latency: 5.090863943099976
request: 334, latency: 4.8199872970581055
0号worker ---- good : 163 --- finish: 165 ---- abandon : 0 ---- batch size : 2  --- ed : 1714342443.9974554 --- --- id: 329 334  actual:1.6744072437286377  expected:1.6603883863334725
request: 336, latency: 3.7510852813720703
0号worker ---- good : 164 --- finish: 166 ---- abandon : 0 ---- batch size : 1  --- ed : 1714342445.402905 --- --- id: 336  actual:1.4052095413208008  expected:1.6510402104766764
request: 337, latency: 1.363804578781128
0号worker ---- good : 165 --- finish: 167 ---- abandon : 0 ---- batch size : 1  --- ed : 1714342450.8777077 --- --- id: 337  actual:1.3629827499389648  expected:1.4857500431737383
request: 338, latency: 2.4233129024505615
0号worker ---- good : 166 --- finish: 168 ---- abandon : 0 ---- batch size : 1  --- ed : 1714342451.963468 --- --- id: 338  actual:0.9667959213256836  expected:1.0890536416466867
request: 339, latency: 1.4034717082977295
0号worker ---- good : 167 --- finish: 169 ---- abandon : 0 ---- batch size : 1  --- ed : 1714342455.1611767 --- --- id: 339  actual:1.4014856815338135  expected:1.2543438089496248
request: 340, latency: 2.6117615699768066
0号worker ---- good : 168 --- finish: 170 ---- abandon : 0 ---- batch size : 1  --- ed : 1714342456.3859696 --- --- id: 340  actual:1.224625587463379  expected:1.3865759427919753
request: 341, latency: 4.057630300521851
request: 342, latency: 2.0224764347076416
0号worker ---- good : 170 --- finish: 172 ---- abandon : 0 ---- batch size : 2  --- ed : 1714342457.8440907 --- --- id: 341 342  actual:1.4238667488098145  expected:1.5630061249119531
request: 343, latency: 3.0380871295928955
0号worker ---- good : 171 --- finish: 173 ---- abandon : 0 ---- batch size : 1  --- ed : 1714342458.9850056 --- --- id: 343  actual:1.0117712020874023  expected:1.155169708567862
request: 344, latency: 2.220196008682251
0号worker ---- good : 172 --- finish: 174 ---- abandon : 0 ---- batch size : 1  --- ed : 1714342460.612839 --- --- id: 344  actual:1.480154275894165  expected:1.6179821770160887
request: 345, latency: 1.1901719570159912
0号worker ---- good : 173 --- finish: 175 ---- abandon : 0 ---- batch size : 1  --- ed : 1714342467.3997934 --- --- id: 345  actual:1.182650089263916  expected:1.3865759427919753
request: 346, latency: 1.87583589553833
0号worker ---- good : 174 --- finish: 176 ---- abandon : 0 ---- batch size : 1  --- ed : 1714342468.7533035 --- --- id: 346  actual:1.1576440334320068  expected:1.3535179093313876
request: 347, latency: 3.296523332595825
0号worker ---- good : 175 --- finish: 177 ---- abandon : 0 ---- batch size : 1  --- ed : 1714342470.181126 --- --- id: 347  actual:1.2377195358276367  expected:1.4526920097131506
request: 348, latency: 1.2838122844696045
0号worker ---- good : 176 --- finish: 178 ---- abandon : 0 ---- batch size : 1  --- ed : 1714342471.9683936 --- --- id: 348  actual:1.282477855682373  expected:1.4857500431737383
request: 349, latency: 2.490974187850952
request: 350, latency: 1.3061120510101318
0号worker ---- good : 178 --- finish: 180 ---- abandon : 0 ---- batch size : 2  --- ed : 1714342473.3107169 --- --- id: 349 350  actual:1.142012119293213  expected:1.2383985868402223
request: 351, latency: 2.581855297088623
0号worker ---- good : 179 --- finish: 181 ---- abandon : 0 ---- batch size : 1  --- ed : 1714342474.5877771 --- --- id: 351  actual:1.1826226711273193  expected:1.2874018424102125
request: 354, latency: 2.0670526027679443
0号worker ---- good : 180 --- finish: 182 ---- abandon : 0 ---- batch size : 1  --- ed : 1714342475.9031806 --- --- id: 354  actual:1.2148747444152832  expected:1.2874018424102125
request: 352, latency: 3.309056043624878
0号worker ---- good : 181 --- finish: 183 ---- abandon : 0 ---- batch size : 1  --- ed : 1714342477.1172376 --- --- id: 352  actual:1.140242338180542  expected:1.3204598758708002
request: 356, latency: 4.462302923202515
0号worker ---- good : 182 --- finish: 184 ---- abandon : 0 ---- batch size : 1  --- ed : 1714342478.7367158 --- --- id: 356  actual:1.4481191635131836  expected:1.5518661100949134
request: 357, latency: 1.1594560146331787
0号worker ---- good : 183 --- finish: 185 ---- abandon : 0 ---- batch size : 1  --- ed : 1714342485.59601 --- --- id: 357  actual:1.1578829288482666  expected:1.3204598758708002
request: 358, latency: 2.2432479858398438
0号worker ---- good : 184 --- finish: 186 ---- abandon : 0 ---- batch size : 1  --- ed : 1714342486.7553608 --- --- id: 358  actual:0.9986999034881592  expected:1.155169708567862
request: 359, latency: 3.5038645267486572
0号worker ---- good : 185 --- finish: 187 ---- abandon : 0 ---- batch size : 1  --- ed : 1714342488.028655 --- --- id: 359  actual:1.1084544658660889  expected:1.2543438089496248
request: 362, latency: 3.6530137062072754
0号worker ---- good : 186 --- finish: 188 ---- abandon : 0 ---- batch size : 1  --- ed : 1714342489.6997576 --- --- id: 362  actual:1.5296812057495117  expected:1.7171562773978515
request: 363, latency: 1.0183451175689697
0号worker ---- good : 187 --- finish: 189 ---- abandon : 0 ---- batch size : 1  --- ed : 1714342493.171528 --- --- id: 363  actual:1.017028570175171  expected:1.1221116751072744
request: 364, latency: 1.473257064819336
0号worker ---- good : 188 --- finish: 190 ---- abandon : 0 ---- batch size : 1  --- ed : 1714342496.4950888 --- --- id: 364  actual:1.4709959030151367  expected:1.584924143555501
request: 367, latency: 2.6475753784179688
request: 368, latency: 2.643906831741333
0号worker ---- good : 190 --- finish: 192 ---- abandon : 0 ---- batch size : 2  --- ed : 1714342497.7448142 --- --- id: 367 368  actual:1.099496603012085  expected:1.1734770792258762
request: 366, latency: 4.003650426864624
0号worker ---- good : 191 --- finish: 193 ---- abandon : 0 ---- batch size : 1  --- ed : 1714342499.100288 --- --- id: 366  actual:1.2764561176300049  expected:1.4857500431737383
request: 370, latency: 4.522472620010376
0号worker ---- good : 192 --- finish: 194 ---- abandon : 0 ---- batch size : 1  --- ed : 1714342500.7165842 --- --- id: 370  actual:1.3953180313110352  expected:1.6179821770160887
request: 375, latency: 1.4931120872497559
0号worker ---- good : 193 --- finish: 195 ---- abandon : 0 ---- batch size : 1  --- ed : 1714342503.5143902 --- --- id: 375  actual:1.488210678100586  expected:1.6840982439372638
request: 377, latency: 2.7322375774383545
0号worker ---- good : 194 --- finish: 196 ---- abandon : 0 ---- batch size : 1  --- ed : 1714342504.8753226 --- --- id: 377  actual:1.1690621376037598  expected:1.2874018424102125
request: 381, latency: 2.6277573108673096
0号worker ---- good : 195 --- finish: 197 ---- abandon : 0 ---- batch size : 1  --- ed : 1714342505.9208622 --- --- id: 381  actual:0.9310073852539062  expected:1.0559956081860993
request: 383, latency: 1.176133632659912
0号worker ---- good : 196 --- finish: 198 ---- abandon : 0 ---- batch size : 1  --- ed : 1714342507.1130488 --- --- id: 383  actual:1.0715925693511963  expected:1.1882277420284497
request: 382, latency: 2.776650905609131
0号worker ---- good : 197 --- finish: 199 ---- abandon : 0 ---- batch size : 1  --- ed : 1714342508.7133667 --- --- id: 382  actual:1.4773485660552979  expected:1.6840982439372638
request: 384, latency: 1.3904550075531006
0号worker ---- good : 198 --- finish: 200 ---- abandon : 0 ---- batch size : 1  --- ed : 1714342510.9790103 --- --- id: 384  actual:1.3889172077178955  expected:1.6179821770160887
request: 386, latency: 2.9933552742004395
0号worker ---- good : 199 --- finish: 201 ---- abandon : 0 ---- batch size : 1  --- ed : 1714342512.5865104 --- --- id: 386  actual:1.3829667568206787  expected:1.584924143555501
request: 385, latency: 4.93785548210144
0号worker ---- good : 200 --- finish: 202 ---- abandon : 0 ---- batch size : 1  --- ed : 1714342514.5296762 --- --- id: 385  actual:1.7445287704467773  expected:1.7171562773978515
request: 387, latency: 1.4215373992919922
0号worker ---- good : 201 --- finish: 203 ---- abandon : 0 ---- batch size : 1  --- ed : 1714342515.6206834 --- --- id: 387  actual:1.0687899589538574  expected:1.155169708567862
request: 389, latency: 2.0112826824188232
0号worker ---- good : 202 --- finish: 204 ---- abandon : 0 ---- batch size : 1  --- ed : 1714342516.6469889 --- --- id: 389  actual:0.9427003860473633  expected:1.0890536416466867
request: 388, latency: 3.722445249557495
0号worker ---- good : 203 --- finish: 205 ---- abandon : 0 ---- batch size : 1  --- ed : 1714342517.942281 --- --- id: 388  actual:1.1453802585601807  expected:1.3865759427919753
request: 391, latency: 2.2441437244415283
0号worker ---- good : 204 --- finish: 206 ---- abandon : 0 ---- batch size : 1  --- ed : 1714342519.1805747 --- --- id: 391  actual:1.004514455795288  expected:1.1882277420284497
request: 392, latency: 1.0087080001831055
0号worker ---- good : 205 --- finish: 207 ---- abandon : 0 ---- batch size : 1  --- ed : 1714342520.857728 --- --- id: 392  actual:1.0077073574066162  expected:1.1882277420284497
request: 393, latency: 2.321749687194824
request: 394, latency: 2.2894017696380615
0号worker ---- good : 207 --- finish: 209 ---- abandon : 0 ---- batch size : 2  --- ed : 1714342522.4288015 --- --- id: 393 394  actual:1.3920464515686035  expected:1.5630061249119531
request: 395, latency: 3.680549383163452
0号worker ---- good : 208 --- finish: 210 ---- abandon : 0 ---- batch size : 1  --- ed : 1714342523.9327834 --- --- id: 395  actual:1.3311328887939453  expected:1.5518661100949134
request: 396, latency: 1.7014992237091064
0号worker ---- good : 209 --- finish: 211 ---- abandon : 0 ---- batch size : 1  --- ed : 1714342525.4158678 --- --- id: 396  actual:1.2697830200195312  expected:1.3865759427919753
request: 397, latency: 2.210202217102051
0号worker ---- good : 210 --- finish: 212 ---- abandon : 0 ---- batch size : 1  --- ed : 1714342526.822208 --- --- id: 397  actual:1.2794761657714844  expected:1.4857500431737383
request: 398, latency: 3.1733570098876953
0号worker ---- good : 211 --- finish: 213 ---- abandon : 0 ---- batch size : 1  --- ed : 1714342528.1422834 --- --- id: 398  actual:1.1215710639953613  expected:1.3204598758708002
request: 399, latency: 3.3938820362091064
0号worker ---- good : 212 --- finish: 214 ---- abandon : 0 ---- batch size : 1  --- ed : 1714342529.6772168 --- --- id: 399  actual:1.3400845527648926  expected:1.419633976252563
request: 401, latency: 3.393709897994995
0号worker ---- good : 213 --- finish: 215 ---- abandon : 0 ---- batch size : 1  --- ed : 1714342530.8151727 --- --- id: 401  actual:1.0624451637268066  expected:1.2543438089496248
request: 406, latency: 1.8912649154663086
0号worker ---- good : 214 --- finish: 216 ---- abandon : 0 ---- batch size : 1  --- ed : 1714342532.2956991 --- --- id: 406  actual:1.281506061553955  expected:1.4526920097131506
request: 405, latency: 3.6568803787231445
0号worker ---- good : 215 --- finish: 217 ---- abandon : 0 ---- batch size : 1  --- ed : 1714342533.9779842 --- --- id: 405  actual:1.5156824588775635  expected:1.6840982439372638
request: 408, latency: 3.659104347229004
0号worker ---- good : 216 --- finish: 218 ---- abandon : 0 ---- batch size : 1  --- ed : 1714342535.5164344 --- --- id: 408  actual:1.3641014099121094  expected:1.6179821770160887
request: 411, latency: 2.5212490558624268
0号worker ---- good : 217 --- finish: 219 ---- abandon : 0 ---- batch size : 1  --- ed : 1714342536.7296689 --- --- id: 411  actual:0.9714875221252441  expected:1.0890536416466867
request: 409, latency: 3.8338959217071533
0号worker ---- good : 218 --- finish: 220 ---- abandon : 0 ---- batch size : 1  --- ed : 1714342538.0384433 --- --- id: 409  actual:1.1956806182861328  expected:1.3865759427919753
request: 412, latency: 2.4388461112976074
0号worker ---- good : 219 --- finish: 221 ---- abandon : 0 ---- batch size : 1  --- ed : 1714342539.5866957 --- --- id: 412  actual:1.3389782905578613  expected:1.419633976252563
request: 413, latency: 1.4070405960083008
0号worker ---- good : 220 --- finish: 222 ---- abandon : 0 ---- batch size : 1  --- ed : 1714342540.6674423 --- --- id: 413  actual:1.0108263492584229  expected:1.155169708567862
request: 414, latency: 2.7982847690582275
0号worker ---- good : 221 --- finish: 223 ---- abandon : 0 ---- batch size : 1  --- ed : 1714342542.1175117 --- --- id: 414  actual:1.3112595081329346  expected:1.4526920097131506
request: 415, latency: 2.921739339828491
0号worker ---- good : 222 --- finish: 224 ---- abandon : 0 ---- batch size : 1  --- ed : 1714342543.2956433 --- --- id: 415  actual:1.0372107028961182  expected:1.1882277420284497
request: 418, latency: 2.9275121688842773
0号worker ---- good : 223 --- finish: 225 ---- abandon : 0 ---- batch size : 1  --- ed : 1714342544.3802385 --- --- id: 418  actual:0.9384534358978271  expected:1.0559956081860993
request: 419, latency: 1.1216301918029785
0号worker ---- good : 224 --- finish: 226 ---- abandon : 0 ---- batch size : 1  --- ed : 1714342545.6152804 --- --- id: 419  actual:1.1180963516235352  expected:1.2874018424102125
request: 420, latency: 2.354670763015747
0号worker ---- good : 225 --- finish: 227 ---- abandon : 0 ---- batch size : 1  --- ed : 1714342546.887903 --- --- id: 420  actual:1.1066162586212158  expected:1.1882277420284497
request: 425, latency: 3.191488742828369
0号worker ---- good : 226 --- finish: 228 ---- abandon : 0 ---- batch size : 1  --- ed : 1714342547.954006 --- --- id: 425  actual:0.9894149303436279  expected:1.1221116751072744
request: 429, latency: 2.4264514446258545
0号worker ---- good : 227 --- finish: 229 ---- abandon : 0 ---- batch size : 1  --- ed : 1714342549.0276752 --- --- id: 429  actual:0.9441461563110352  expected:1.0559956081860993
request: 432, latency: 3.5768511295318604
0号worker ---- good : 228 --- finish: 230 ---- abandon : 0 ---- batch size : 1  --- ed : 1714342550.354083 --- --- id: 432  actual:1.219947099685669  expected:1.3535179093313876
request: 434, latency: 2.731362819671631
0号worker ---- good : 229 --- finish: 231 ---- abandon : 0 ---- batch size : 1  --- ed : 1714342551.4707513 --- --- id: 434  actual:0.980938196182251  expected:1.0890536416466867
request: 437, latency: 4.10670018196106
0号worker ---- good : 230 --- finish: 232 ---- abandon : 0 ---- batch size : 1  --- ed : 1714342553.0552056 --- --- id: 437  actual:1.4785187244415283  expected:1.7171562773978515
request: 439, latency: 1.0372662544250488
0号worker ---- good : 231 --- finish: 233 ---- abandon : 0 ---- batch size : 1  --- ed : 1714342554.729811 --- --- id: 439  actual:1.0365231037139893  expected:1.155169708567862
request: 441, latency: 1.855027437210083
0号worker ---- good : 232 --- finish: 234 ---- abandon : 0 ---- batch size : 1  --- ed : 1714342555.8375518 --- --- id: 441  actual:0.987401008605957  expected:1.155169708567862
request: 440, latency: 3.437196731567383
0号worker ---- good : 233 --- finish: 235 ---- abandon : 0 ---- batch size : 1  --- ed : 1714342557.3921497 --- --- id: 440  actual:1.3860018253326416  expected:1.4526920097131506
request: 442, latency: 1.239802360534668
0号worker ---- good : 234 --- finish: 236 ---- abandon : 0 ---- batch size : 1  --- ed : 1714342558.972365 --- --- id: 442  actual:1.2390997409820557  expected:1.2543438089496248
request: 443, latency: 2.0049471855163574
0号worker ---- good : 235 --- finish: 237 ---- abandon : 0 ---- batch size : 1  --- ed : 1714342560.6180112 --- --- id: 443  actual:1.6161060333251953  expected:1.7171562773978515
request: 444, latency: 1.0928599834442139
0号worker ---- good : 236 --- finish: 238 ---- abandon : 0 ---- batch size : 1  --- ed : 1714342563.4844506 --- --- id: 444  actual:1.0906553268432617  expected:1.2874018424102125
request: 445, latency: 1.4047443866729736
0号worker ---- good : 237 --- finish: 239 ---- abandon : 0 ---- batch size : 1  --- ed : 1714342566.1008184 --- --- id: 445  actual:1.4002058506011963  expected:1.6840982439372638
request: 446, latency: 2.608905076980591
request: 456, latency: 1.9872779846191406
0号worker ---- good : 239 --- finish: 241 ---- abandon : 0 ---- batch size : 2  --- ed : 1714342567.311814 --- --- id: 446 456  actual:0.9322171211242676  expected:1.043634063997184
request: 452, latency: 3.368788480758667
0号worker ---- good : 240 --- finish: 242 ---- abandon : 0 ---- batch size : 1  --- ed : 1714342568.4793153 --- --- id: 452  actual:1.0530457496643066  expected:1.2212857754890372
request: 459, latency: 3.4750540256500244
0号worker ---- good : 241 --- finish: 243 ---- abandon : 0 ---- batch size : 1  --- ed : 1714342569.7304451 --- --- id: 459  actual:1.0806126594543457  expected:1.2543438089496248
request: 462, latency: 3.091280698776245
0号worker ---- good : 242 --- finish: 244 ---- abandon : 0 ---- batch size : 1  --- ed : 1714342570.8763206 --- --- id: 462  actual:0.9697411060333252  expected:1.1221116751072744
request: 463, latency: 0.9447314739227295
0号worker ---- good : 243 --- finish: 245 ---- abandon : 0 ---- batch size : 1  --- ed : 1714342573.8310466 --- --- id: 463  actual:0.9433517456054688  expected:1.0559956081860993
request: 466, latency: 1.125166893005371
0号worker ---- good : 244 --- finish: 246 ---- abandon : 0 ---- batch size : 1  --- ed : 1714342574.8839762 --- --- id: 466  actual:0.9431753158569336  expected:1.0559956081860993
request: 469, latency: 1.641226053237915
0号worker ---- good : 245 --- finish: 247 ---- abandon : 0 ---- batch size : 1  --- ed : 1714342575.895986 --- --- id: 469  actual:0.9028959274291992  expected:1.0890536416466867
request: 468, latency: 2.9423863887786865
0号worker ---- good : 246 --- finish: 248 ---- abandon : 0 ---- batch size : 1  --- ed : 1714342577.1968791 --- --- id: 468  actual:1.113050937652588  expected:1.2543438089496248
request: 470, latency: 3.749420404434204
0号worker ---- good : 247 --- finish: 249 ---- abandon : 0 ---- batch size : 1  --- ed : 1714342578.5835714 --- --- id: 470  actual:1.233435869216919  expected:1.4526920097131506
request: 474, latency: 3.1051504611968994
0号worker ---- good : 248 --- finish: 250 ---- abandon : 0 ---- batch size : 1  --- ed : 1714342579.8694973 --- --- id: 474  actual:1.0745773315429688  expected:1.1882277420284497
request: 475, latency: 4.598529815673828
0号worker ---- good : 249 --- finish: 251 ---- abandon : 0 ---- batch size : 1  --- ed : 1714342581.3928509 --- --- id: 475  actual:1.4127604961395264  expected:1.6179821770160887
request: 480, latency: 4.3054609298706055
0号worker ---- good : 250 --- finish: 252 ---- abandon : 0 ---- batch size : 1  --- ed : 1714342582.948097 --- --- id: 480  actual:1.3483819961547852  expected:1.5518661100949134
request: 482, latency: 3.753932476043701
0号worker ---- good : 251 --- finish: 253 ---- abandon : 0 ---- batch size : 1  --- ed : 1714342584.4347765 --- --- id: 482  actual:1.287449836730957  expected:1.3535179093313876
request: 485, latency: 4.8767921924591064
0号worker ---- good : 252 --- finish: 254 ---- abandon : 0 ---- batch size : 1  --- ed : 1714342586.128774 --- --- id: 485  actual:1.633039951324463  expected:1.6510402104766764
request: 490, latency: 1.218677043914795
0号worker ---- good : 253 --- finish: 255 ---- abandon : 0 ---- batch size : 1  --- ed : 1714342588.0192184 --- --- id: 490  actual:1.2176051139831543  expected:1.3535179093313876
request: 491, latency: 2.5493528842926025
0号worker ---- good : 254 --- finish: 256 ---- abandon : 0 ---- batch size : 1  --- ed : 1714342589.400412 --- --- id: 491  actual:1.2436842918395996  expected:1.4526920097131506
request: 493, latency: 2.6727120876312256
0号worker ---- good : 255 --- finish: 257 ---- abandon : 0 ---- batch size : 1  --- ed : 1714342590.5648637 --- --- id: 493  actual:0.9627115726470947  expected:1.1221116751072744
request: 495, latency: 3.4691338539123535
0号worker ---- good : 256 --- finish: 258 ---- abandon : 0 ---- batch size : 1  --- ed : 1714342591.8198457 --- --- id: 495  actual:1.098651647567749  expected:1.2543438089496248
