request: 0, latency: 1.56642484664917
0号worker ---- good : 1 --- finish: 1 ---- abandon : 0 ---- batch size : 1  --- ed : 1714341692.5833724 --- --- id: 0  actual:1.562692403793335  expected:1.4526920097131506
request: 2, latency: 1.6249797344207764
0号worker ---- good : 2 --- finish: 2 ---- abandon : 0 ---- batch size : 1  --- ed : 1714341693.4862185 --- --- id: 2  actual:0.9026575088500977  expected:1.0559956081860993
request: 3, latency: 2.3622326850891113
0号worker ---- good : 3 --- finish: 3 ---- abandon : 0 ---- batch size : 1  --- ed : 1714341694.5041769 --- --- id: 3  actual:0.9752235412597656  expected:1.155169708567862
request: 1, latency: 4.388860464096069
0号worker ---- good : 4 --- finish: 4 ---- abandon : 0 ---- batch size : 1  --- ed : 1714341695.989095 --- --- id: 1  actual:1.3080799579620361  expected:1.5518661100949134
request: 5, latency: 3.361581563949585
0号worker ---- good : 5 --- finish: 5 ---- abandon : 0 ---- batch size : 1  --- ed : 1714341697.4036787 --- --- id: 5  actual:1.167747974395752  expected:1.2874018424102125
request: 8, latency: 3.6863415241241455
0号worker ---- good : 6 --- finish: 6 ---- abandon : 0 ---- batch size : 1  --- ed : 1714341699.0318532 --- --- id: 8  actual:1.5125129222869873  expected:1.6510402104766764
request: 9, latency: 1.126664638519287
0号worker ---- good : 7 --- finish: 7 ---- abandon : 0 ---- batch size : 1  --- ed : 1714341704.1432266 --- --- id: 9  actual:1.1251180171966553  expected:1.1882277420284497
request: 12, latency: 1.7649836540222168
0号worker ---- good : 8 --- finish: 8 ---- abandon : 0 ---- batch size : 1  --- ed : 1714341705.1356745 --- --- id: 12  actual:0.9108574390411377  expected:1.0890536416466867
request: 10, latency: 3.3027210235595703
request: 13, latency: 2.8478028774261475
0号worker ---- good : 10 --- finish: 10 ---- abandon : 0 ---- batch size : 2  --- ed : 1714341706.6356802 --- --- id: 10 13  actual:1.3148283958435059  expected:1.2383985868402223
request: 15, latency: 3.7829744815826416
0号worker ---- good : 11 --- finish: 11 ---- abandon : 0 ---- batch size : 1  --- ed : 1714341707.9697323 --- --- id: 15  actual:1.333831787109375  expected:1.5188080766343257
request: 18, latency: 1.364210844039917
0号worker ---- good : 12 --- finish: 12 ---- abandon : 0 ---- batch size : 1  --- ed : 1714341710.468768 --- --- id: 18  actual:1.3632638454437256  expected:1.4857500431737383
request: 19, latency: 2.4206247329711914
0号worker ---- good : 13 --- finish: 13 ---- abandon : 0 ---- batch size : 1  --- ed : 1714341711.7056108 --- --- id: 19  actual:1.1176056861877441  expected:1.3204598758708002
request: 20, latency: 3.1228766441345215
0号worker ---- good : 14 --- finish: 14 ---- abandon : 0 ---- batch size : 1  --- ed : 1714341713.173451 --- --- id: 20  actual:1.2631256580352783  expected:1.3535179093313876
request: 21, latency: 4.825779914855957
0号worker ---- good : 15 --- finish: 15 ---- abandon : 0 ---- batch size : 1  --- ed : 1714341714.930457 --- --- id: 21  actual:1.6657886505126953  expected:1.7171562773978515
request: 29, latency: 3.021054983139038
0号worker ---- good : 16 --- finish: 16 ---- abandon : 0 ---- batch size : 1  --- ed : 1714341716.585582 --- --- id: 29  actual:1.5889315605163574  expected:1.6510402104766764
request: 30, latency: 2.3127593994140625
0号worker ---- good : 17 --- finish: 17 ---- abandon : 0 ---- batch size : 1  --- ed : 1714341717.6952379 --- --- id: 30  actual:1.0493485927581787  expected:1.155169708567862
request: 31, latency: 3.7695565223693848
0号worker ---- good : 18 --- finish: 18 ---- abandon : 0 ---- batch size : 1  --- ed : 1714341719.2571945 --- --- id: 31  actual:1.4540650844573975  expected:1.6179821770160887
request: 39, latency: 3.6083555221557617
0号worker ---- good : 19 --- finish: 19 ---- abandon : 0 ---- batch size : 1  --- ed : 1714341720.6450038 --- --- id: 39  actual:1.22652006149292  expected:1.3535179093313876
request: 40, latency: 2.8765063285827637
0号worker ---- good : 20 --- finish: 20 ---- abandon : 0 ---- batch size : 1  --- ed : 1714341721.6347523 --- --- id: 40  actual:0.868027925491333  expected:1.0559956081860993
request: 41, latency: 3.596219778060913
0号worker ---- good : 21 --- finish: 21 ---- abandon : 0 ---- batch size : 1  --- ed : 1714341723.1584158 --- --- id: 41  actual:1.2947065830230713  expected:1.3865759427919753
request: 46, latency: 2.5837156772613525
0号worker ---- good : 22 --- finish: 22 ---- abandon : 0 ---- batch size : 1  --- ed : 1714341724.186237 --- --- id: 46  actual:0.934880256652832  expected:1.1221116751072744
request: 45, latency: 4.555497646331787
0号worker ---- good : 23 --- finish: 23 ---- abandon : 0 ---- batch size : 1  --- ed : 1714341725.8632631 --- --- id: 45  actual:1.4883708953857422  expected:1.6510402104766764
request: 48, latency: 2.8868138790130615
0号worker ---- good : 24 --- finish: 24 ---- abandon : 0 ---- batch size : 1  --- ed : 1714341726.9516304 --- --- id: 48  actual:0.9309017658233643  expected:1.0559956081860993
request: 49, latency: 1.618431806564331
0号worker ---- good : 25 --- finish: 25 ---- abandon : 0 ---- batch size : 1  --- ed : 1714341728.110613 --- --- id: 49  actual:1.0383312702178955  expected:1.1882277420284497
request: 50, latency: 1.108630895614624
0号worker ---- good : 26 --- finish: 26 ---- abandon : 0 ---- batch size : 1  --- ed : 1714341730.037259 --- --- id: 50  actual:1.1062116622924805  expected:1.2212857754890372
request: 51, latency: 1.2658395767211914
0号worker ---- good : 27 --- finish: 27 ---- abandon : 0 ---- batch size : 1  --- ed : 1714341731.1933277 --- --- id: 51  actual:1.0456275939941406  expected:1.2543438089496248
request: 52, latency: 1.187927007675171
0号worker ---- good : 28 --- finish: 28 ---- abandon : 0 ---- batch size : 1  --- ed : 1714341736.1884604 --- --- id: 52  actual:1.16493821144104  expected:1.3204598758708002
request: 54, latency: 2.4938430786132812
0号worker ---- good : 29 --- finish: 29 ---- abandon : 0 ---- batch size : 1  --- ed : 1714341737.7559574 --- --- id: 54  actual:1.435774326324463  expected:1.6179821770160887
request: 53, latency: 4.156876802444458
0号worker ---- good : 30 --- finish: 30 ---- abandon : 0 ---- batch size : 1  --- ed : 1714341739.4186635 --- --- id: 53  actual:1.4694771766662598  expected:1.7171562773978515
request: 59, latency: 2.9429478645324707
request: 60, latency: 2.2247445583343506
0号worker ---- good : 32 --- finish: 32 ---- abandon : 0 ---- batch size : 2  --- ed : 1714341740.6177485 --- --- id: 59 60  actual:0.9569613933563232  expected:1.076094817804357
request: 61, latency: 1.0963199138641357
0号worker ---- good : 33 --- finish: 33 ---- abandon : 0 ---- batch size : 1  --- ed : 1714341742.220917 --- --- id: 61  actual:1.0938572883605957  expected:1.2874018424102125
request: 62, latency: 2.179774522781372
0号worker ---- good : 34 --- finish: 34 ---- abandon : 0 ---- batch size : 1  --- ed : 1714341743.582583 --- --- id: 62  actual:1.1697039604187012  expected:1.3535179093313876
request: 63, latency: 1.8319110870361328
0号worker ---- good : 35 --- finish: 35 ---- abandon : 0 ---- batch size : 1  --- ed : 1714341744.7447028 --- --- id: 63  actual:0.9811272621154785  expected:1.155169708567862
request: 64, latency: 3.0399272441864014
0号worker ---- good : 36 --- finish: 36 ---- abandon : 0 ---- batch size : 1  --- ed : 1714341745.9630077 --- --- id: 64  actual:1.0492253303527832  expected:1.2543438089496248
request: 65, latency: 3.499035358428955
0号worker ---- good : 37 --- finish: 37 ---- abandon : 0 ---- batch size : 1  --- ed : 1714341747.3706279 --- --- id: 65  actual:1.1972930431365967  expected:1.419633976252563
request: 69, latency: 3.539189338684082
0号worker ---- good : 38 --- finish: 38 ---- abandon : 0 ---- batch size : 1  --- ed : 1714341749.0020854 --- --- id: 69  actual:1.4168570041656494  expected:1.5188080766343257
request: 71, latency: 3.038609743118286
0号worker ---- good : 39 --- finish: 39 ---- abandon : 0 ---- batch size : 1  --- ed : 1714341750.363018 --- --- id: 71  actual:1.263566017150879  expected:1.4526920097131506
request: 72, latency: 1.2314636707305908
0号worker ---- good : 40 --- finish: 40 ---- abandon : 0 ---- batch size : 1  --- ed : 1714341755.6920242 --- --- id: 72  actual:1.2304222583770752  expected:1.3865759427919753
request: 73, latency: 2.843876361846924
0号worker ---- good : 41 --- finish: 41 ---- abandon : 0 ---- batch size : 1  --- ed : 1714341757.3046923 --- --- id: 73  actual:1.4491829872131348  expected:1.7171562773978515
request: 74, latency: 3.4132027626037598
0号worker ---- good : 42 --- finish: 42 ---- abandon : 0 ---- batch size : 1  --- ed : 1714341758.8955495 --- --- id: 74  actual:1.3343000411987305  expected:1.419633976252563
request: 75, latency: 3.1452019214630127
request: 77, latency: 2.9490277767181396
0号worker ---- good : 44 --- finish: 44 ---- abandon : 0 ---- batch size : 2  --- ed : 1714341760.0373917 --- --- id: 75 77  actual:1.012317419052124  expected:1.1734770792258762
request: 78, latency: 3.9332213401794434
0号worker ---- good : 45 --- finish: 45 ---- abandon : 0 ---- batch size : 1  --- ed : 1714341761.54613 --- --- id: 78  actual:1.3820886611938477  expected:1.5518661100949134
request: 79, latency: 1.674515962600708
0号worker ---- good : 46 --- finish: 46 ---- abandon : 0 ---- batch size : 1  --- ed : 1714341763.1550517 --- --- id: 79  actual:1.4434783458709717  expected:1.7171562773978515
request: 80, latency: 2.490546226501465
0号worker ---- good : 47 --- finish: 47 ---- abandon : 0 ---- batch size : 1  --- ed : 1714341764.4135487 --- --- id: 80  actual:0.9877030849456787  expected:1.155169708567862
request: 82, latency: 2.4460058212280273
0号worker ---- good : 48 --- finish: 48 ---- abandon : 0 ---- batch size : 1  --- ed : 1714341765.6175609 --- --- id: 82  actual:1.0242626667022705  expected:1.1882277420284497
request: 81, latency: 4.0608203411102295
0号worker ---- good : 49 --- finish: 49 ---- abandon : 0 ---- batch size : 1  --- ed : 1714341767.005332 --- --- id: 81  actual:1.2267889976501465  expected:1.4526920097131506
request: 85, latency: 4.177806615829468
0号worker ---- good : 50 --- finish: 50 ---- abandon : 0 ---- batch size : 1  --- ed : 1714341768.524498 --- --- id: 85  actual:1.2862401008605957  expected:1.5188080766343257
request: 91, latency: 4.128359079360962
0号worker ---- good : 51 --- finish: 51 ---- abandon : 0 ---- batch size : 1  --- ed : 1714341770.0652728 --- --- id: 91  actual:1.3122060298919678  expected:1.584924143555501
request: 97, latency: 3.2105724811553955
0号worker ---- good : 52 --- finish: 52 ---- abandon : 0 ---- batch size : 1  --- ed : 1714341771.3369193 --- --- id: 97  actual:0.9933614730834961  expected:1.2212857754890372
request: 99, latency: 3.90082049369812
0号worker ---- good : 53 --- finish: 53 ---- abandon : 0 ---- batch size : 1  --- ed : 1714341772.907525 --- --- id: 99  actual:1.347985029220581  expected:1.6179821770160887
request: 100, latency: 1.3802828788757324
0号worker ---- good : 54 --- finish: 54 ---- abandon : 0 ---- batch size : 1  --- ed : 1714341774.8968432 --- --- id: 100  actual:1.3776018619537354  expected:1.6510402104766764
request: 102, latency: 2.4629151821136475
0号worker ---- good : 55 --- finish: 55 ---- abandon : 0 ---- batch size : 1  --- ed : 1714341776.1145694 --- --- id: 102  actual:0.9504795074462891  expected:1.1221116751072744
request: 103, latency: 3.7630181312561035
0号worker ---- good : 56 --- finish: 56 ---- abandon : 0 ---- batch size : 1  --- ed : 1714341777.6121352 --- --- id: 103  actual:1.3252418041229248  expected:1.584924143555501
request: 105, latency: 2.8126304149627686
0号worker ---- good : 57 --- finish: 57 ---- abandon : 0 ---- batch size : 1  --- ed : 1714341778.911368 --- --- id: 105  actual:1.0379319190979004  expected:1.1221116751072744
request: 106, latency: 3.1238036155700684
0号worker ---- good : 58 --- finish: 58 ---- abandon : 0 ---- batch size : 1  --- ed : 1714341780.182812 --- --- id: 106  actual:1.1881134510040283  expected:1.3865759427919753
request: 108, latency: 4.543889760971069
0号worker ---- good : 59 --- finish: 59 ---- abandon : 0 ---- batch size : 1  --- ed : 1714341781.8023746 --- --- id: 108  actual:1.4254965782165527  expected:1.584924143555501
request: 111, latency: 1.284893274307251
0号worker ---- good : 60 --- finish: 60 ---- abandon : 0 ---- batch size : 1  --- ed : 1714341783.1302826 --- --- id: 111  actual:1.16160249710083  expected:1.0559956081860993
request: 110, latency: 2.9101014137268066
0号worker ---- good : 61 --- finish: 61 ---- abandon : 0 ---- batch size : 1  --- ed : 1714341784.2818034 --- --- id: 110  actual:1.1513361930847168  expected:1.3535179093313876
request: 112, latency: 3.6779439449310303
0号worker ---- good : 62 --- finish: 62 ---- abandon : 0 ---- batch size : 1  --- ed : 1714341785.59665 --- --- id: 112  actual:1.192739486694336  expected:1.3865759427919753
request: 117, latency: 1.0015826225280762
0号worker ---- good : 63 --- finish: 63 ---- abandon : 0 ---- batch size : 1  --- ed : 1714341791.2743053 --- --- id: 117  actual:0.9963641166687012  expected:1.155169708567862
request: 118, latency: 2.0123696327209473
0号worker ---- good : 64 --- finish: 64 ---- abandon : 0 ---- batch size : 1  --- ed : 1714341792.4422922 --- --- id: 118  actual:1.0147194862365723  expected:1.155169708567862
request: 119, latency: 3.569305181503296
0号worker ---- good : 65 --- finish: 65 ---- abandon : 0 ---- batch size : 1  --- ed : 1714341794.0664065 --- --- id: 119  actual:1.4870178699493408  expected:1.6510402104766764
request: 120, latency: 1.287832260131836
0号worker ---- good : 66 --- finish: 66 ---- abandon : 0 ---- batch size : 1  --- ed : 1714341795.9789112 --- --- id: 120  actual:1.2821629047393799  expected:1.5188080766343257
request: 121, latency: 1.847978115081787
0号worker ---- good : 67 --- finish: 67 ---- abandon : 0 ---- batch size : 1  --- ed : 1714341797.1936486 --- --- id: 121  actual:0.9689452648162842  expected:1.155169708567862
request: 123, latency: 3.1730380058288574
0号worker ---- good : 68 --- finish: 68 ---- abandon : 0 ---- batch size : 1  --- ed : 1714341798.7995365 --- --- id: 123  actual:1.4247467517852783  expected:1.6179821770160887
request: 125, latency: 4.197017431259155
0号worker ---- good : 69 --- finish: 69 ---- abandon : 0 ---- batch size : 1  --- ed : 1714341800.3888226 --- --- id: 125  actual:1.388599157333374  expected:1.5188080766343257
request: 126, latency: 3.832796812057495
0号worker ---- good : 70 --- finish: 70 ---- abandon : 0 ---- batch size : 1  --- ed : 1714341801.6773973 --- --- id: 126  actual:1.145486831665039  expected:1.3535179093313876
request: 129, latency: 1.1567459106445312
0号worker ---- good : 71 --- finish: 71 ---- abandon : 0 ---- batch size : 1  --- ed : 1714341806.1641784 --- --- id: 129  actual:1.155569076538086  expected:1.3865759427919753
request: 130, latency: 1.2845573425292969
0号worker ---- good : 72 --- finish: 72 ---- abandon : 0 ---- batch size : 1  --- ed : 1714341809.2611003 --- --- id: 130  actual:1.2830429077148438  expected:1.419633976252563
request: 133, latency: 1.9978153705596924
0号worker ---- good : 73 --- finish: 73 ---- abandon : 0 ---- batch size : 1  --- ed : 1714341810.3844552 --- --- id: 133  actual:0.9873723983764648  expected:1.1221116751072744
request: 131, latency: 3.4842007160186768
0号worker ---- good : 74 --- finish: 74 ---- abandon : 0 ---- batch size : 1  --- ed : 1714341811.6127315 --- --- id: 131  actual:1.1013548374176025  expected:1.3204598758708002
request: 136, latency: 2.371286630630493
request: 137, latency: 2.114534616470337
0号worker ---- good : 76 --- finish: 76 ---- abandon : 0 ---- batch size : 2  --- ed : 1714341812.7958975 --- --- id: 136 137  actual:0.9639608860015869  expected:1.043634063997184
request: 134, latency: 4.682751893997192
0号worker ---- good : 77 --- finish: 77 ---- abandon : 0 ---- batch size : 1  --- ed : 1714341814.3177307 --- --- id: 134  actual:1.4490611553192139  expected:1.6840982439372638
request: 138, latency: 2.896660566329956
0号worker ---- good : 78 --- finish: 78 ---- abandon : 0 ---- batch size : 1  --- ed : 1714341815.6793602 --- --- id: 138  actual:1.1250324249267578  expected:1.2543438089496248
request: 140, latency: 4.2261810302734375
0号worker ---- good : 79 --- finish: 79 ---- abandon : 0 ---- batch size : 1  --- ed : 1714341817.1067846 --- --- id: 140  actual:1.2992193698883057  expected:1.5188080766343257
request: 146, latency: 3.1460118293762207
0号worker ---- good : 80 --- finish: 80 ---- abandon : 0 ---- batch size : 1  --- ed : 1714341818.3866253 --- --- id: 146  actual:1.0538370609283447  expected:1.155169708567862
request: 148, latency: 3.8294315338134766
0号worker ---- good : 81 --- finish: 81 ---- abandon : 0 ---- batch size : 1  --- ed : 1714341819.7041116 --- --- id: 148  actual:1.2279646396636963  expected:1.419633976252563
request: 151, latency: 3.433337450027466
request: 152, latency: 2.9080862998962402
request: 154, latency: 2.1946640014648438
0号worker ---- good : 84 --- finish: 84 ---- abandon : 0 ---- batch size : 3  --- ed : 1714341821.3696249 --- --- id: 151 152 154  actual:1.4762952327728271  expected:1.3652564271852095
request: 155, latency: 3.0804314613342285
0号worker ---- good : 85 --- finish: 85 ---- abandon : 0 ---- batch size : 1  --- ed : 1714341822.356297 --- --- id: 155  actual:0.9863948822021484  expected:1.1221116751072744
request: 158, latency: 3.7382125854492188
0号worker ---- good : 86 --- finish: 86 ---- abandon : 0 ---- batch size : 1  --- ed : 1714341823.733494 --- --- id: 158  actual:1.3516583442687988  expected:1.4526920097131506
request: 159, latency: 2.613596200942993
0号worker ---- good : 87 --- finish: 87 ---- abandon : 0 ---- batch size : 1  --- ed : 1714341825.0509043 --- --- id: 159  actual:1.2125089168548584  expected:1.5188080766343257
request: 160, latency: 2.800347089767456
0号worker ---- good : 88 --- finish: 88 ---- abandon : 0 ---- batch size : 1  --- ed : 1714341826.2306988 --- --- id: 160  actual:0.8846580982208252  expected:1.0559956081860993
request: 161, latency: 1.0452978610992432
0号worker ---- good : 89 --- finish: 89 ---- abandon : 0 ---- batch size : 1  --- ed : 1714341827.3827326 --- --- id: 161  actual:0.9863729476928711  expected:1.1882277420284497
request: 162, latency: 1.3160574436187744
0号worker ---- good : 90 --- finish: 90 ---- abandon : 0 ---- batch size : 1  --- ed : 1714341828.5402415 --- --- id: 162  actual:0.9586997032165527  expected:1.155169708567862
request: 164, latency: 1.4847776889801025
0号worker ---- good : 91 --- finish: 91 ---- abandon : 0 ---- batch size : 1  --- ed : 1714341829.9458692 --- --- id: 164  actual:1.2130696773529053  expected:1.419633976252563
request: 163, latency: 3.092681646347046
request: 165, latency: 1.5892746448516846
0号worker ---- good : 93 --- finish: 93 ---- abandon : 0 ---- batch size : 2  --- ed : 1714341831.4809666 --- --- id: 163 165  actual:1.3304941654205322  expected:1.465623863490434
request: 166, latency: 2.721496105194092
0号worker ---- good : 94 --- finish: 94 ---- abandon : 0 ---- batch size : 1  --- ed : 1714341832.924517 --- --- id: 166  actual:1.315753698348999  expected:1.4857500431737383
request: 167, latency: 2.074432134628296
0号worker ---- good : 95 --- finish: 95 ---- abandon : 0 ---- batch size : 1  --- ed : 1714341834.339665 --- --- id: 167  actual:1.2484064102172852  expected:1.419633976252563
request: 168, latency: 1.4230613708496094
0号worker ---- good : 96 --- finish: 96 ---- abandon : 0 ---- batch size : 1  --- ed : 1714341838.4734266 --- --- id: 168  actual:1.4221091270446777  expected:1.584924143555501
request: 169, latency: 1.3142778873443604
0号worker ---- good : 97 --- finish: 97 ---- abandon : 0 ---- batch size : 1  --- ed : 1714341840.0052857 --- --- id: 169  actual:1.312309980392456  expected:1.5188080766343257
request: 170, latency: 1.67966628074646
0号worker ---- good : 98 --- finish: 98 ---- abandon : 0 ---- batch size : 1  --- ed : 1714341841.9624505 --- --- id: 170  actual:1.6788742542266846  expected:1.584924143555501
request: 172, latency: 2.075212001800537
0号worker ---- good : 99 --- finish: 99 ---- abandon : 0 ---- batch size : 1  --- ed : 1714341843.0119724 --- --- id: 172  actual:1.0488941669464111  expected:1.0890536416466867
request: 174, latency: 2.897054672241211
0号worker ---- good : 100 --- finish: 100 ---- abandon : 0 ---- batch size : 1  --- ed : 1714341843.9208941 --- --- id: 174  actual:0.9087333679199219  expected:1.0559956081860993
request: 171, latency: 4.568734884262085
0号worker ---- good : 101 --- finish: 101 ---- abandon : 0 ---- batch size : 1  --- ed : 1714341845.5018172 --- --- id: 171  actual:1.4549047946929932  expected:1.6840982439372638
request: 185, latency: 2.8646187782287598
0号worker ---- good : 102 --- finish: 102 ---- abandon : 0 ---- batch size : 1  --- ed : 1714341846.7807422 --- --- id: 185  actual:1.05704927444458  expected:1.2543438089496248
request: 183, latency: 4.403059959411621
0号worker ---- good : 103 --- finish: 103 ---- abandon : 0 ---- batch size : 1  --- ed : 1714341848.2863736 --- --- id: 183  actual:1.3020784854888916  expected:1.5518661100949134
request: 186, latency: 1.3326704502105713
0号worker ---- good : 104 --- finish: 104 ---- abandon : 0 ---- batch size : 1  --- ed : 1714341852.1949003 --- --- id: 186  actual:1.3198480606079102  expected:1.5518661100949134
request: 187, latency: 2.2529942989349365
0号worker ---- good : 105 --- finish: 105 ---- abandon : 0 ---- batch size : 1  --- ed : 1714341853.356516 --- --- id: 187  actual:0.9340946674346924  expected:1.0890536416466867
request: 188, latency: 2.9307730197906494
0号worker ---- good : 106 --- finish: 106 ---- abandon : 0 ---- batch size : 1  --- ed : 1714341854.7123456 --- --- id: 188  actual:1.203608512878418  expected:1.4526920097131506
request: 189, latency: 2.790816307067871
request: 192, latency: 2.2311251163482666
0号worker ---- good : 108 --- finish: 108 ---- abandon : 0 ---- batch size : 2  --- ed : 1714341855.9056685 --- --- id: 189 192  actual:0.936396598815918  expected:1.1410163254187031
request: 191, latency: 4.206054925918579
0号worker ---- good : 109 --- finish: 109 ---- abandon : 0 ---- batch size : 1  --- ed : 1714341857.4715257 --- --- id: 191  actual:1.3656432628631592  expected:1.5518661100949134
request: 195, latency: 3.4652678966522217
0号worker ---- good : 110 --- finish: 110 ---- abandon : 0 ---- batch size : 1  --- ed : 1714341858.7154644 --- --- id: 195  actual:1.059546709060669  expected:1.2543438089496248
request: 197, latency: 3.056769847869873
0号worker ---- good : 111 --- finish: 111 ---- abandon : 0 ---- batch size : 1  --- ed : 1714341859.9614894 --- --- id: 197  actual:1.0517628192901611  expected:1.2212857754890372
request: 198, latency: 1.2511210441589355
0号worker ---- good : 112 --- finish: 112 ---- abandon : 0 ---- batch size : 1  --- ed : 1714341864.4076395 --- --- id: 198  actual:1.2503697872161865  expected:1.419633976252563
request: 199, latency: 2.209040880203247
0号worker ---- good : 113 --- finish: 113 ---- abandon : 0 ---- batch size : 1  --- ed : 1714341865.4825802 --- --- id: 199  actual:0.8829915523529053  expected:1.0559956081860993
request: 200, latency: 3.5741050243377686
request: 204, latency: 2.183583974838257
0号worker ---- good : 115 --- finish: 115 ---- abandon : 0 ---- batch size : 2  --- ed : 1714341866.9269507 --- --- id: 200 204  actual:1.2780892848968506  expected:1.4007023558760878
request: 203, latency: 3.5640671253204346
0号worker ---- good : 116 --- finish: 116 ---- abandon : 0 ---- batch size : 1  --- ed : 1714341868.236212 --- --- id: 203  actual:1.1870520114898682  expected:1.3865759427919753
request: 207, latency: 2.362614154815674
0号worker ---- good : 117 --- finish: 117 ---- abandon : 0 ---- batch size : 1  --- ed : 1714341869.6181955 --- --- id: 207  actual:1.178633689880371  expected:1.3204598758708002
request: 206, latency: 4.333282232284546
0号worker ---- good : 118 --- finish: 118 ---- abandon : 0 ---- batch size : 1  --- ed : 1714341871.20583 --- --- id: 206  actual:1.424448013305664  expected:1.5518661100949134
request: 209, latency: 1.52470064163208
0号worker ---- good : 119 --- finish: 119 ---- abandon : 0 ---- batch size : 1  --- ed : 1714341873.5812376 --- --- id: 209  actual:1.5206506252288818  expected:1.6840982439372638
request: 213, latency: 1.7469737529754639
request: 214, latency: 1.5391457080841064
0号worker ---- good : 121 --- finish: 121 ---- abandon : 0 ---- batch size : 2  --- ed : 1714341874.7401235 --- --- id: 213 214  actual:0.991279125213623  expected:1.1410163254187031
request: 211, latency: 3.208873748779297
0号worker ---- good : 122 --- finish: 122 ---- abandon : 0 ---- batch size : 1  --- ed : 1714341876.1569073 --- --- id: 211  actual:1.2599825859069824  expected:1.5188080766343257
request: 215, latency: 1.18257474899292
0号worker ---- good : 123 --- finish: 123 ---- abandon : 0 ---- batch size : 1  --- ed : 1714341880.5031052 --- --- id: 215  actual:1.1808393001556396  expected:1.2874018424102125
request: 216, latency: 2.335817575454712
0号worker ---- good : 124 --- finish: 124 ---- abandon : 0 ---- batch size : 1  --- ed : 1714341881.7549765 --- --- id: 216  actual:1.150611400604248  expected:1.3535179093313876
request: 217, latency: 1.1587793827056885
0号worker ---- good : 125 --- finish: 125 ---- abandon : 0 ---- batch size : 1  --- ed : 1714341883.3158777 --- --- id: 217  actual:1.156998634338379  expected:1.3535179093313876
request: 219, latency: 1.558135747909546
0号worker ---- good : 126 --- finish: 126 ---- abandon : 0 ---- batch size : 1  --- ed : 1714341884.495886 --- --- id: 219  actual:0.9888966083526611  expected:1.155169708567862
request: 218, latency: 3.188718557357788
0号worker ---- good : 127 --- finish: 127 ---- abandon : 0 ---- batch size : 1  --- ed : 1714341885.8192759 --- --- id: 218  actual:1.1583573818206787  expected:1.3535179093313876
request: 223, latency: 3.2744991779327393
0号worker ---- good : 128 --- finish: 128 ---- abandon : 0 ---- batch size : 1  --- ed : 1714341886.9956481 --- --- id: 223  actual:0.9815151691436768  expected:1.155169708567862
request: 224, latency: 2.4900062084198
0号worker ---- good : 129 --- finish: 129 ---- abandon : 0 ---- batch size : 1  --- ed : 1714341888.337612 --- --- id: 224  actual:1.1540775299072266  expected:1.3535179093313876
request: 225, latency: 3.824153423309326
0号worker ---- good : 130 --- finish: 130 ---- abandon : 0 ---- batch size : 1  --- ed : 1714341889.7541096 --- --- id: 225  actual:1.2172787189483643  expected:1.3865759427919753
request: 228, latency: 3.3730409145355225
0号worker ---- good : 131 --- finish: 131 ---- abandon : 0 ---- batch size : 1  --- ed : 1714341891.0193875 --- --- id: 228  actual:1.0993032455444336  expected:1.2874018424102125
request: 230, latency: 4.038234233856201
0号worker ---- good : 132 --- finish: 132 ---- abandon : 0 ---- batch size : 1  --- ed : 1714341892.5338333 --- --- id: 230  actual:1.3225252628326416  expected:1.4526920097131506
request: 239, latency: 3.065943717956543
0号worker ---- good : 133 --- finish: 133 ---- abandon : 0 ---- batch size : 1  --- ed : 1714341893.6716702 --- --- id: 239  actual:1.0110812187194824  expected:1.1221116751072744
request: 240, latency: 3.505988836288452
0号worker ---- good : 134 --- finish: 134 ---- abandon : 0 ---- batch size : 1  --- ed : 1714341894.895069 --- --- id: 240  actual:1.1060383319854736  expected:1.2212857754890372
request: 243, latency: 3.123420238494873
0号worker ---- good : 135 --- finish: 135 ---- abandon : 0 ---- batch size : 1  --- ed : 1714341895.963866 --- --- id: 243  actual:0.959484338760376  expected:1.0890536416466867
request: 244, latency: 4.269290924072266
0号worker ---- good : 136 --- finish: 136 ---- abandon : 0 ---- batch size : 1  --- ed : 1714341897.505605 --- --- id: 244  actual:1.399186611175537  expected:1.6179821770160887
request: 245, latency: 4.543905258178711
0号worker ---- good : 137 --- finish: 137 ---- abandon : 0 ---- batch size : 1  --- ed : 1714341899.1684415 --- --- id: 245  actual:1.4570949077606201  expected:1.584924143555501
request: 249, latency: 1.0901575088500977
0号worker ---- good : 138 --- finish: 138 ---- abandon : 0 ---- batch size : 1  --- ed : 1714341904.7691472 --- --- id: 249  actual:1.0725548267364502  expected:1.1882277420284497
request: 251, latency: 1.4413137435913086
0号worker ---- good : 139 --- finish: 139 ---- abandon : 0 ---- batch size : 1  --- ed : 1714341905.956971 --- --- id: 251  actual:1.0759186744689941  expected:1.155169708567862
request: 250, latency: 3.432469129562378
0号worker ---- good : 140 --- finish: 140 ---- abandon : 0 ---- batch size : 1  --- ed : 1714341907.4950361 --- --- id: 250  actual:1.4621078968048096  expected:1.584924143555501
request: 253, latency: 2.2993836402893066
0号worker ---- good : 141 --- finish: 141 ---- abandon : 0 ---- batch size : 1  --- ed : 1714341908.582129 --- --- id: 253  actual:0.9690418243408203  expected:1.155169708567862
request: 256, latency: 3.1191442012786865
0号worker ---- good : 142 --- finish: 142 ---- abandon : 0 ---- batch size : 1  --- ed : 1714341909.7542896 --- --- id: 256  actual:0.9848055839538574  expected:1.0890536416466867
request: 258, latency: 3.818687677383423
0号worker ---- good : 143 --- finish: 143 ---- abandon : 0 ---- batch size : 1  --- ed : 1714341911.3286467 --- --- id: 258  actual:1.4576349258422852  expected:1.6179821770160887
request: 261, latency: 3.3368194103240967
request: 262, latency: 3.212608575820923
0号worker ---- good : 145 --- finish: 145 ---- abandon : 0 ---- batch size : 2  --- ed : 1714341912.7068026 --- --- id: 261 262  actual:1.2199206352233887  expected:1.2059378330330492
request: 264, latency: 4.0789794921875
0号worker ---- good : 146 --- finish: 146 ---- abandon : 0 ---- batch size : 1  --- ed : 1714341913.958928 --- --- id: 264  actual:1.2519421577453613  expected:1.4526920097131506
request: 269, latency: 4.078513145446777
request: 274, latency: 2.4423539638519287
0号worker ---- good : 148 --- finish: 148 ---- abandon : 0 ---- batch size : 2  --- ed : 1714341915.40688 --- --- id: 269 274  actual:1.2642230987548828  expected:1.4007023558760878
request: 273, latency: 4.657941102981567
0号worker ---- good : 149 --- finish: 149 ---- abandon : 0 ---- batch size : 1  --- ed : 1714341916.9482005 --- --- id: 273  actual:1.4105799198150635  expected:1.6510402104766764
request: 275, latency: 1.5149452686309814
0号worker ---- good : 150 --- finish: 150 ---- abandon : 0 ---- batch size : 1  --- ed : 1714341921.732806 --- --- id: 275  actual:1.507782220840454  expected:1.6840982439372638
request: 277, latency: 1.5044326782226562
request: 279, latency: 1.2276768684387207
0号worker ---- good : 152 --- finish: 152 ---- abandon : 0 ---- batch size : 2  --- ed : 1714341923.0862367 --- --- id: 277 279  actual:1.1877825260162354  expected:1.3357808482617417
request: 278, latency: 3.087143898010254
0号worker ---- good : 153 --- finish: 153 ---- abandon : 0 ---- batch size : 1  --- ed : 1714341924.6725698 --- --- id: 278  actual:1.4363763332366943  expected:1.5188080766343257
request: 281, latency: 2.6250650882720947
0号worker ---- good : 154 --- finish: 154 ---- abandon : 0 ---- batch size : 1  --- ed : 1714341925.7627838 --- --- id: 281  actual:1.015474796295166  expected:1.0559956081860993
request: 282, latency: 3.284799337387085
0号worker ---- good : 155 --- finish: 155 ---- abandon : 0 ---- batch size : 1  --- ed : 1714341926.9746025 --- --- id: 282  actual:1.1754028797149658  expected:1.3535179093313876
request: 283, latency: 2.8424134254455566
0号worker ---- good : 156 --- finish: 156 ---- abandon : 0 ---- batch size : 1  --- ed : 1714341928.470146 --- --- id: 283  actual:1.32253098487854  expected:1.419633976252563
request: 284, latency: 4.148202657699585
0号worker ---- good : 157 --- finish: 157 ---- abandon : 0 ---- batch size : 1  --- ed : 1714341929.980733 --- --- id: 284  actual:1.408104419708252  expected:1.6179821770160887
request: 286, latency: 2.3227956295013428
0号worker ---- good : 158 --- finish: 158 ---- abandon : 0 ---- batch size : 1  --- ed : 1714341931.108016 --- --- id: 286  actual:0.9186830520629883  expected:1.0559956081860993
request: 288, latency: 3.254240036010742
0号worker ---- good : 159 --- finish: 159 ---- abandon : 0 ---- batch size : 1  --- ed : 1714341932.4884243 --- --- id: 288  actual:1.248856782913208  expected:1.3865759427919753
request: 289, latency: 2.401707887649536
0号worker ---- good : 160 --- finish: 160 ---- abandon : 0 ---- batch size : 1  --- ed : 1714341933.7230072 --- --- id: 289  actual:1.1001167297363281  expected:1.1882277420284497
request: 291, latency: 3.0004847049713135
0号worker ---- good : 161 --- finish: 161 ---- abandon : 0 ---- batch size : 1  --- ed : 1714341934.8925333 --- --- id: 291  actual:1.0801503658294678  expected:1.155169708567862
request: 290, latency: 4.92641282081604
0号worker ---- good : 162 --- finish: 162 ---- abandon : 0 ---- batch size : 1  --- ed : 1714341936.557384 --- --- id: 290  actual:1.5950539112091064  expected:1.7171562773978515
request: 296, latency: 4.035916328430176
0号worker ---- good : 163 --- finish: 163 ---- abandon : 0 ---- batch size : 1  --- ed : 1714341938.1325202 --- --- id: 296  actual:1.4584581851959229  expected:1.6840982439372638
request: 297, latency: 3.75997257232666
0号worker ---- good : 164 --- finish: 164 ---- abandon : 0 ---- batch size : 1  --- ed : 1714341939.5130148 --- --- id: 297  actual:1.1599574089050293  expected:1.3204598758708002
request: 299, latency: 4.372919082641602
0号worker ---- good : 165 --- finish: 165 ---- abandon : 0 ---- batch size : 1  --- ed : 1714341941.1428769 --- --- id: 299  actual:1.3666653633117676  expected:1.4857500431737383
request: 304, latency: 2.1754794120788574
0号worker ---- good : 166 --- finish: 166 ---- abandon : 0 ---- batch size : 1  --- ed : 1714341942.2947893 --- --- id: 304  actual:1.075465440750122  expected:1.1882277420284497
request: 305, latency: 2.7078378200531006
0号worker ---- good : 167 --- finish: 167 ---- abandon : 0 ---- batch size : 1  --- ed : 1714341943.2681937 --- --- id: 305  actual:0.8536844253540039  expected:1.0559956081860993
request: 306, latency: 3.655184507369995
0号worker ---- good : 168 --- finish: 168 ---- abandon : 0 ---- batch size : 1  --- ed : 1714341944.6368947 --- --- id: 306  actual:1.179107427597046  expected:1.3865759427919753
request: 309, latency: 4.741907119750977
0号worker ---- good : 169 --- finish: 169 ---- abandon : 0 ---- batch size : 1  --- ed : 1714341946.3367136 --- --- id: 309  actual:1.4959585666656494  expected:1.6510402104766764
request: 318, latency: 3.058220386505127
0号worker ---- good : 170 --- finish: 170 ---- abandon : 0 ---- batch size : 1  --- ed : 1714341947.7067509 --- --- id: 318  actual:1.206251621246338  expected:1.3204598758708002
request: 320, latency: 4.3997766971588135
0号worker ---- good : 171 --- finish: 171 ---- abandon : 0 ---- batch size : 1  --- ed : 1714341949.2688708 --- --- id: 320  actual:1.4577882289886475  expected:1.5518661100949134
request: 323, latency: 3.206164836883545
0号worker ---- good : 172 --- finish: 172 ---- abandon : 0 ---- batch size : 1  --- ed : 1714341950.4867046 --- --- id: 323  actual:1.128098487854004  expected:1.2874018424102125
request: 327, latency: 4.019877672195435
0号worker ---- good : 173 --- finish: 173 ---- abandon : 0 ---- batch size : 1  --- ed : 1714341951.9745305 --- --- id: 327  actual:1.3325650691986084  expected:1.5188080766343257
request: 330, latency: 2.8081536293029785
0号worker ---- good : 174 --- finish: 174 ---- abandon : 0 ---- batch size : 1  --- ed : 1714341953.2065213 --- --- id: 330  actual:1.0223822593688965  expected:1.155169708567862
request: 332, latency: 1.489159107208252
0号worker ---- good : 175 --- finish: 175 ---- abandon : 0 ---- batch size : 1  --- ed : 1714341955.7377095 --- --- id: 332  actual:1.4883050918579102  expected:1.6510402104766764
request: 333, latency: 2.5337979793548584
0号worker ---- good : 176 --- finish: 176 ---- abandon : 0 ---- batch size : 1  --- ed : 1714341956.8749743 --- --- id: 333  actual:0.9764156341552734  expected:1.1221116751072744
request: 334, latency: 4.094553709030151
0号worker ---- good : 177 --- finish: 177 ---- abandon : 0 ---- batch size : 1  --- ed : 1714341958.5138583 --- --- id: 334  actual:1.4869050979614258  expected:1.6840982439372638
request: 335, latency: 3.644327402114868
0号worker ---- good : 178 --- finish: 178 ---- abandon : 0 ---- batch size : 1  --- ed : 1714341960.140276 --- --- id: 335  actual:1.442751169204712  expected:1.419633976252563
request: 337, latency: 2.2039542198181152
0号worker ---- good : 179 --- finish: 179 ---- abandon : 0 ---- batch size : 1  --- ed : 1714341961.408553 --- --- id: 337  actual:1.268113136291504  expected:1.4857500431737383
request: 338, latency: 0.9511799812316895
0号worker ---- good : 180 --- finish: 180 ---- abandon : 0 ---- batch size : 1  --- ed : 1714341966.09973 --- --- id: 338  actual:0.9504292011260986  expected:1.0890536416466867
request: 339, latency: 1.3989136219024658
0号worker ---- good : 181 --- finish: 181 ---- abandon : 0 ---- batch size : 1  --- ed : 1714341967.3438 --- --- id: 339  actual:1.0865859985351562  expected:1.2543438089496248
request: 340, latency: 2.718395948410034
0号worker ---- good : 182 --- finish: 182 ---- abandon : 0 ---- batch size : 1  --- ed : 1714341968.720947 --- --- id: 340  actual:1.1921849250793457  expected:1.3865759427919753
request: 341, latency: 1.523240089416504
0号worker ---- good : 183 --- finish: 183 ---- abandon : 0 ---- batch size : 1  --- ed : 1714341970.967593 --- --- id: 341  actual:1.5201261043548584  expected:1.584924143555501
request: 342, latency: 2.6569290161132812
0号worker ---- good : 184 --- finish: 184 ---- abandon : 0 ---- batch size : 1  --- ed : 1714341972.4048467 --- --- id: 342  actual:1.3757085800170898  expected:1.584924143555501
request: 343, latency: 2.6091861724853516
0号worker ---- good : 185 --- finish: 185 ---- abandon : 0 ---- batch size : 1  --- ed : 1714341973.6553416 --- --- id: 343  actual:1.0381126403808594  expected:1.155169708567862
request: 344, latency: 4.258271932601929
0号worker ---- good : 186 --- finish: 186 ---- abandon : 0 ---- batch size : 1  --- ed : 1714341975.3258953 --- --- id: 344  actual:1.5453996658325195  expected:1.6179821770160887
request: 346, latency: 3.6549131870269775
0号worker ---- good : 187 --- finish: 187 ---- abandon : 0 ---- batch size : 1  --- ed : 1714341976.6076665 --- --- id: 346  actual:1.2068870067596436  expected:1.3535179093313876
request: 349, latency: 1.1052074432373047
0号worker ---- good : 188 --- finish: 188 ---- abandon : 0 ---- batch size : 1  --- ed : 1714341981.8817499 --- --- id: 349  actual:1.1009159088134766  expected:1.2543438089496248
request: 350, latency: 2.1426279544830322
0号worker ---- good : 189 --- finish: 189 ---- abandon : 0 ---- batch size : 1  --- ed : 1714341983.1381762 --- --- id: 350  actual:1.0954680442810059  expected:1.2543438089496248
request: 351, latency: 3.3222761154174805
request: 354, latency: 1.5436241626739502
0号worker ---- good : 191 --- finish: 191 ---- abandon : 0 ---- batch size : 2  --- ed : 1714341984.397845 --- --- id: 351 354  actual:1.1011326313018799  expected:1.2708593406473954
request: 355, latency: 1.4060697555541992
0号worker ---- good : 192 --- finish: 192 ---- abandon : 0 ---- batch size : 1  --- ed : 1714341987.0146062 --- --- id: 355  actual:1.4044594764709473  expected:1.584924143555501
request: 358, latency: 2.2691662311553955
0号worker ---- good : 193 --- finish: 193 ---- abandon : 0 ---- batch size : 1  --- ed : 1714341988.1791656 --- --- id: 358  actual:0.9854199886322021  expected:1.155169708567862
request: 359, latency: 3.4603524208068848
0号worker ---- good : 194 --- finish: 194 ---- abandon : 0 ---- batch size : 1  --- ed : 1714341989.4099011 --- --- id: 359  actual:1.0610201358795166  expected:1.2543438089496248
request: 361, latency: 3.583289384841919
0号worker ---- good : 195 --- finish: 195 ---- abandon : 0 ---- batch size : 1  --- ed : 1714341990.6847086 --- --- id: 361  actual:1.075080156326294  expected:1.2874018424102125
request: 364, latency: 2.612469434738159
0号worker ---- good : 196 --- finish: 196 ---- abandon : 0 ---- batch size : 1  --- ed : 1714341992.2649367 --- --- id: 364  actual:1.3715200424194336  expected:1.584924143555501
request: 367, latency: 2.0471198558807373
request: 368, latency: 2.0351829528808594
0号worker ---- good : 198 --- finish: 198 ---- abandon : 0 ---- batch size : 2  --- ed : 1714341993.6263473 --- --- id: 367 368  actual:1.0773067474365234  expected:1.1734770792258762
request: 366, latency: 3.663276195526123
0号worker ---- good : 199 --- finish: 199 ---- abandon : 0 ---- batch size : 1  --- ed : 1714341994.9891465 --- --- id: 366  actual:1.2754886150360107  expected:1.4857500431737383
request: 370, latency: 3.6089322566986084
0号worker ---- good : 200 --- finish: 200 ---- abandon : 0 ---- batch size : 1  --- ed : 1714341996.572505 --- --- id: 370  actual:1.375767707824707  expected:1.6179821770160887
request: 372, latency: 2.020723342895508
0号worker ---- good : 201 --- finish: 201 ---- abandon : 0 ---- batch size : 1  --- ed : 1714341997.7573857 --- --- id: 372  actual:0.9349026679992676  expected:1.0890536416466867
request: 373, latency: 3.219442129135132
0号worker ---- good : 202 --- finish: 202 ---- abandon : 0 ---- batch size : 1  --- ed : 1714341998.9563484 --- --- id: 373  actual:1.043752908706665  expected:1.2212857754890372
request: 374, latency: 1.0080695152282715
0号worker ---- good : 203 --- finish: 203 ---- abandon : 0 ---- batch size : 1  --- ed : 1714342000.0813746 --- --- id: 374  actual:0.9364602565765381  expected:1.0890536416466867
request: 375, latency: 2.6429736614227295
request: 376, latency: 2.621098756790161
0号worker ---- good : 205 --- finish: 205 ---- abandon : 0 ---- batch size : 2  --- ed : 1714342001.7530441 --- --- id: 375 376  actual:1.5226540565490723  expected:1.6603883863334725
request: 377, latency: 1.1450464725494385
0号worker ---- good : 206 --- finish: 206 ---- abandon : 0 ---- batch size : 1  --- ed : 1714342004.2726445 --- --- id: 377  actual:1.1352496147155762  expected:1.2874018424102125
request: 378, latency: 2.5191094875335693
request: 380, latency: 1.9179937839508057
0号worker ---- good : 208 --- finish: 208 ---- abandon : 0 ---- batch size : 2  --- ed : 1714342005.7519095 --- --- id: 378 380  actual:1.2299749851226807  expected:1.3357808482617417
request: 379, latency: 3.642080783843994
0号worker ---- good : 209 --- finish: 209 ---- abandon : 0 ---- batch size : 1  --- ed : 1714342007.4514697 --- --- id: 379  actual:1.5979704856872559  expected:1.6179821770160887
request: 381, latency: 2.3316705226898193
0号worker ---- good : 210 --- finish: 210 ---- abandon : 0 ---- batch size : 1  --- ed : 1714342008.4640367 --- --- id: 381  actual:0.9820637702941895  expected:1.0559956081860993
request: 382, latency: 1.5088512897491455
0号worker ---- good : 211 --- finish: 211 ---- abandon : 0 ---- batch size : 1  --- ed : 1714342010.428318 --- --- id: 382  actual:1.5075020790100098  expected:1.6840982439372638
request: 383, latency: 2.3130009174346924
0号worker ---- good : 212 --- finish: 212 ---- abandon : 0 ---- batch size : 1  --- ed : 1714342011.669328 --- --- id: 383  actual:1.0614256858825684  expected:1.1882277420284497
request: 384, latency: 3.7432708740234375
0号worker ---- good : 213 --- finish: 213 ---- abandon : 0 ---- batch size : 1  --- ed : 1714342013.2350779 --- --- id: 384  actual:1.4459764957427979  expected:1.6179821770160887
request: 386, latency: 1.9089722633361816
0号worker ---- good : 214 --- finish: 214 ---- abandon : 0 ---- batch size : 1  --- ed : 1714342014.8735037 --- --- id: 386  actual:1.4016966819763184  expected:1.584924143555501
request: 387, latency: 2.0767574310302734
0号worker ---- good : 215 --- finish: 215 ---- abandon : 0 ---- batch size : 1  --- ed : 1714342016.0509684 --- --- id: 387  actual:1.0180609226226807  expected:1.155169708567862
request: 388, latency: 2.936314582824707
0号worker ---- good : 216 --- finish: 216 ---- abandon : 0 ---- batch size : 1  --- ed : 1714342017.4360533 --- --- id: 388  actual:1.2476537227630615  expected:1.3865759427919753
request: 389, latency: 2.5758707523345947
0号worker ---- good : 217 --- finish: 217 ---- abandon : 0 ---- batch size : 1  --- ed : 1714342018.4999018 --- --- id: 389  actual:0.9363040924072266  expected:1.0890536416466867
request: 391, latency: 2.530890703201294
request: 392, latency: 2.2446980476379395
0号worker ---- good : 219 --- finish: 219 ---- abandon : 0 ---- batch size : 2  --- ed : 1714342019.7274194 --- --- id: 391 392  actual:1.0787734985351562  expected:1.1734770792258762
request: 390, latency: 4.2408530712127686
0号worker ---- good : 220 --- finish: 220 ---- abandon : 0 ---- batch size : 1  --- ed : 1714342021.4150832 --- --- id: 390  actual:1.5244226455688477  expected:1.7171562773978515
request: 396, latency: 2.015354633331299
0号worker ---- good : 221 --- finish: 221 ---- abandon : 0 ---- batch size : 1  --- ed : 1714342022.8471427 --- --- id: 396  actual:1.2387590408325195  expected:1.3865759427919753
request: 395, latency: 3.836604595184326
0号worker ---- good : 222 --- finish: 222 ---- abandon : 0 ---- batch size : 1  --- ed : 1714342024.4371347 --- --- id: 395  actual:1.4474060535430908  expected:1.5518661100949134
request: 398, latency: 3.3520913124084473
0号worker ---- good : 223 --- finish: 223 ---- abandon : 0 ---- batch size : 1  --- ed : 1714342025.7883778 --- --- id: 398  actual:1.2067298889160156  expected:1.3204598758708002
request: 401, latency: 2.326073169708252
0号worker ---- good : 224 --- finish: 224 ---- abandon : 0 ---- batch size : 1  --- ed : 1714342027.1529396 --- --- id: 401  actual:1.147996425628662  expected:1.2543438089496248
request: 399, latency: 3.731718063354492
0号worker ---- good : 225 --- finish: 225 ---- abandon : 0 ---- batch size : 1  --- ed : 1714342028.5072627 --- --- id: 399  actual:1.2737464904785156  expected:1.419633976252563
request: 402, latency: 2.791736364364624
0号worker ---- good : 226 --- finish: 226 ---- abandon : 0 ---- batch size : 1  --- ed : 1714342029.7607038 --- --- id: 402  actual:1.1234710216522217  expected:1.3535179093313876
request: 403, latency: 4.1363685131073
0号worker ---- good : 227 --- finish: 227 ---- abandon : 0 ---- batch size : 1  --- ed : 1714342031.295374 --- --- id: 403  actual:1.3095197677612305  expected:1.5518661100949134
request: 406, latency: 3.471295118331909
0号worker ---- good : 228 --- finish: 228 ---- abandon : 0 ---- batch size : 1  --- ed : 1714342032.8856792 --- --- id: 406  actual:1.3517508506774902  expected:1.4526920097131506
request: 407, latency: 4.509488105773926
0号worker ---- good : 229 --- finish: 229 ---- abandon : 0 ---- batch size : 1  --- ed : 1714342034.4020746 --- --- id: 407  actual:1.415623664855957  expected:1.6510402104766764
request: 412, latency: 3.9801931381225586
0号worker ---- good : 230 --- finish: 230 ---- abandon : 0 ---- batch size : 1  --- ed : 1714342035.8954237 --- --- id: 412  actual:1.2536101341247559  expected:1.419633976252563
request: 418, latency: 2.787827730178833
0号worker ---- good : 231 --- finish: 231 ---- abandon : 0 ---- batch size : 1  --- ed : 1714342036.9896972 --- --- id: 418  actual:0.9228565692901611  expected:1.0559956081860993
request: 417, latency: 4.480827331542969
0号worker ---- good : 232 --- finish: 232 ---- abandon : 0 ---- batch size : 1  --- ed : 1714342038.6242623 --- --- id: 417  actual:1.4994685649871826  expected:1.6179821770160887
request: 424, latency: 3.104337692260742
0号worker ---- good : 233 --- finish: 233 ---- abandon : 0 ---- batch size : 1  --- ed : 1714342039.7998195 --- --- id: 424  actual:1.0556352138519287  expected:1.155169708567862
request: 428, latency: 2.7414066791534424
0号worker ---- good : 234 --- finish: 234 ---- abandon : 0 ---- batch size : 1  --- ed : 1714342040.9777164 --- --- id: 428  actual:1.0638279914855957  expected:1.1882277420284497
request: 429, latency: 0.889500617980957
0号worker ---- good : 235 --- finish: 235 ---- abandon : 0 ---- batch size : 1  --- ed : 1714342043.2140982 --- --- id: 429  actual:0.8865418434143066  expected:1.0559956081860993
request: 430, latency: 2.090738534927368
0号worker ---- good : 236 --- finish: 236 ---- abandon : 0 ---- batch size : 1  --- ed : 1714342044.8563595 --- --- id: 430  actual:1.4076626300811768  expected:1.4857500431737383
request: 431, latency: 3.4857163429260254
0号worker ---- good : 237 --- finish: 237 ---- abandon : 0 ---- batch size : 1  --- ed : 1714342046.375275 --- --- id: 431  actual:1.4421825408935547  expected:1.6840982439372638
request: 432, latency: 1.4441323280334473
0号worker ---- good : 238 --- finish: 238 ---- abandon : 0 ---- batch size : 1  --- ed : 1714342047.740683 --- --- id: 432  actual:1.1578574180603027  expected:1.3535179093313876
request: 433, latency: 1.8075120449066162
0号worker ---- good : 239 --- finish: 239 ---- abandon : 0 ---- batch size : 1  --- ed : 1714342049.0967832 --- --- id: 433  actual:1.1657471656799316  expected:1.2212857754890372
request: 434, latency: 0.9868054389953613
0号worker ---- good : 240 --- finish: 240 ---- abandon : 0 ---- batch size : 1  --- ed : 1714342051.699341 --- --- id: 434  actual:0.9829039573669434  expected:1.0890536416466867
request: 435, latency: 1.1254746913909912
0号worker ---- good : 241 --- finish: 241 ---- abandon : 0 ---- batch size : 1  --- ed : 1714342054.140969 --- --- id: 435  actual:1.1217331886291504  expected:1.2874018424102125
request: 438, latency: 2.2808825969696045
0号worker ---- good : 242 --- finish: 242 ---- abandon : 0 ---- batch size : 1  --- ed : 1714342055.418653 --- --- id: 438  actual:1.1197552680969238  expected:1.2874018424102125
request: 436, latency: 3.977360963821411
0号worker ---- good : 242 --- finish: 243 ---- abandon : 0 ---- batch size : 1  --- ed : 1714342057.0490346 --- --- id: 436  actual:1.4635608196258545  expected:1.3204598758708002
request: 441, latency: 3.458204507827759
0号worker ---- good : 243 --- finish: 244 ---- abandon : 0 ---- batch size : 1  --- ed : 1714342058.1217632 --- --- id: 441  actual:1.0724709033966064  expected:1.155169708567862
request: 443, latency: 4.627940654754639
0号worker ---- good : 244 --- finish: 245 ---- abandon : 0 ---- batch size : 1  --- ed : 1714342059.6322296 --- --- id: 443  actual:1.5101757049560547  expected:1.7171562773978515
request: 450, latency: 4.5044167041778564
0号worker ---- good : 245 --- finish: 246 ---- abandon : 0 ---- batch size : 1  --- ed : 1714342061.3424215 --- --- id: 450  actual:1.5755369663238525  expected:1.6840982439372638
request: 453, latency: 1.1891462802886963
0号worker ---- good : 246 --- finish: 247 ---- abandon : 0 ---- batch size : 1  --- ed : 1714342064.0088534 --- --- id: 453  actual:1.1880383491516113  expected:1.3204598758708002
request: 456, latency: 1.2313904762268066
0号worker ---- good : 247 --- finish: 248 ---- abandon : 0 ---- batch size : 1  --- ed : 1714342065.1231458 --- --- id: 456  actual:0.97662353515625  expected:1.0559956081860993
request: 457, latency: 2.7199409008026123
0号worker ---- good : 248 --- finish: 249 ---- abandon : 0 ---- batch size : 1  --- ed : 1714342066.6340237 --- --- id: 457  actual:1.4375314712524414  expected:1.3204598758708002
request: 454, latency: 4.471460342407227
0号worker ---- good : 248 --- finish: 250 ---- abandon : 0 ---- batch size : 1  --- ed : 1714342068.2627904 --- --- id: 454  actual:1.6285388469696045  expected:1.419633976252563
request: 460, latency: 4.271640062332153
0号worker ---- good : 248 --- finish: 251 ---- abandon : 0 ---- batch size : 1  --- ed : 1714342069.5488162 --- --- id: 460  actual:1.285865068435669  expected:1.3865759427919753
request: 463, latency: 2.8053512573242188
0号worker ---- good : 249 --- finish: 252 ---- abandon : 0 ---- batch size : 1  --- ed : 1714342070.4415598 --- --- id: 463  actual:0.8925869464874268  expected:1.0559956081860993
request: 464, latency: 4.123100757598877
request: 467, latency: 2.261697769165039
0号worker ---- good : 251 --- finish: 254 ---- abandon : 0 ---- batch size : 2  --- ed : 1714342071.889176 --- --- id: 464 467  actual:1.4474477767944336  expected:1.6603883863334725
request: 468, latency: 3.5721216201782227
0号worker ---- good : 252 --- finish: 255 ---- abandon : 0 ---- batch size : 1  --- ed : 1714342073.20191 --- --- id: 468  actual:1.1109898090362549  expected:1.2543438089496248
request: 469, latency: 2.585954427719116
0号worker ---- good : 253 --- finish: 256 ---- abandon : 0 ---- batch size : 1  --- ed : 1714342074.2945826 --- --- id: 469  actual:0.953937292098999  expected:1.0890536416466867
request: 470, latency: 3.9737980365753174
0号worker ---- good : 254 --- finish: 257 ---- abandon : 0 ---- batch size : 1  --- ed : 1714342075.682622 --- --- id: 470  actual:1.2573192119598389  expected:1.4526920097131506
request: 476, latency: 3.2286558151245117
0号worker ---- good : 255 --- finish: 258 ---- abandon : 0 ---- batch size : 1  --- ed : 1714342076.9136267 --- --- id: 476  actual:1.0367474555969238  expected:1.155169708567862
request: 477, latency: 2.359428882598877
0号worker ---- good : 256 --- finish: 259 ---- abandon : 0 ---- batch size : 1  --- ed : 1714342078.1520202 --- --- id: 477  actual:1.1200141906738281  expected:1.1221116751072744
request: 478, latency: 3.8766119480133057
0号worker ---- good : 257 --- finish: 260 ---- abandon : 0 ---- batch size : 1  --- ed : 1714342079.6708891 --- --- id: 478  actual:1.5174171924591064  expected:1.7171562773978515
request: 479, latency: 2.4278371334075928
0号worker ---- good : 258 --- finish: 261 ---- abandon : 0 ---- batch size : 1  --- ed : 1714342081.3723712 --- --- id: 479  actual:1.487457513809204  expected:1.4857500431737383
request: 480, latency: 3.689439535140991
0号worker ---- good : 259 --- finish: 262 ---- abandon : 0 ---- batch size : 1  --- ed : 1714342082.8085225 --- --- id: 480  actual:1.4359569549560547  expected:1.5518661100949134
request: 482, latency: 3.869058609008789
request: 490, latency: 2.199411153793335
0号worker ---- good : 261 --- finish: 264 ---- abandon : 0 ---- batch size : 2  --- ed : 1714342084.151842 --- --- id: 482 490  actual:1.2398104667663574  expected:1.3357808482617417
request: 485, latency: 4.698545694351196
0号worker ---- good : 262 --- finish: 265 ---- abandon : 0 ---- batch size : 1  --- ed : 1714342085.7115424 --- --- id: 485  actual:1.468592643737793  expected:1.6510402104766764
request: 491, latency: 2.346076488494873
0号worker ---- good : 263 --- finish: 266 ---- abandon : 0 ---- batch size : 1  --- ed : 1714342087.258688 --- --- id: 491  actual:1.3628273010253906  expected:1.4526920097131506
request: 493, latency: 2.275660991668701
0号worker ---- good : 264 --- finish: 267 ---- abandon : 0 ---- batch size : 1  --- ed : 1714342088.3183684 --- --- id: 493  actual:0.9784567356109619  expected:1.1221116751072744
request: 492, latency: 4.435041189193726
0号worker ---- good : 265 --- finish: 268 ---- abandon : 0 ---- batch size : 1  --- ed : 1714342089.8220758 --- --- id: 492  actual:1.364508867263794  expected:1.5518661100949134
request: 497, latency: 1.3971707820892334
0号worker ---- good : 266 --- finish: 269 ---- abandon : 0 ---- batch size : 1  --- ed : 1714342092.673121 --- --- id: 497  actual:1.3892264366149902  expected:1.584924143555501
request: 499, latency: 2.564903736114502
0号worker ---- good : 267 --- finish: 270 ---- abandon : 0 ---- batch size : 1  --- ed : 1714342094.0015488 --- --- id: 499  actual:1.1407718658447266  expected:1.3204598758708002
request: 498, latency: 4.091214418411255
0号worker ---- good : 268 --- finish: 271 ---- abandon : 0 ---- batch size : 1  --- ed : 1714342095.5156422 --- --- id: 498  actual:1.306727409362793  expected:1.5518661100949134
