request: 0, latency: 1.4572670459747314
0号worker ---- good : 1 --- finish: 1 ---- abandon : 0 ---- batch size : 1  --- ed : 1714342648.3061454 --- --- id: 0  actual:1.4526259899139404  expected:1.4526920097131506
request: 2, latency: 2.1740682125091553
0号worker ---- good : 2 --- finish: 2 ---- abandon : 0 ---- batch size : 1  --- ed : 1714342649.2583392 --- --- id: 2  actual:0.9519829750061035  expected:1.0559956081860993
request: 3, latency: 3.2498226165771484
0号worker ---- good : 3 --- finish: 3 ---- abandon : 0 ---- batch size : 1  --- ed : 1714342650.3627663 --- --- id: 3  actual:1.0100908279418945  expected:1.155169708567862
request: 4, latency: 1.1628198623657227
0号worker ---- good : 4 --- finish: 4 ---- abandon : 0 ---- batch size : 1  --- ed : 1714342656.2394853 --- --- id: 4  actual:1.1611251831054688  expected:1.155169708567862
request: 5, latency: 1.1549577713012695
0号worker ---- good : 5 --- finish: 5 ---- abandon : 0 ---- batch size : 1  --- ed : 1714342657.3944995 --- --- id: 5  actual:1.1516048908233643  expected:1.2874018424102125
request: 6, latency: 2.313394069671631
0号worker ---- good : 6 --- finish: 6 ---- abandon : 0 ---- batch size : 1  --- ed : 1714342658.6990476 --- --- id: 6  actual:1.175323486328125  expected:1.3535179093313876
request: 8, latency: 3.9731926918029785
0号worker ---- good : 7 --- finish: 7 ---- abandon : 0 ---- batch size : 1  --- ed : 1714342660.3591576 --- --- id: 8  actual:1.4872634410858154  expected:1.6510402104766764
request: 10, latency: 1.0874454975128174
0号worker ---- good : 8 --- finish: 8 ---- abandon : 0 ---- batch size : 1  --- ed : 1714342671.311018 --- --- id: 10  actual:1.086101770401001  expected:1.2543438089496248
request: 12, latency: 2.1466081142425537
0号worker ---- good : 9 --- finish: 9 ---- abandon : 0 ---- batch size : 1  --- ed : 1714342672.4103444 --- --- id: 12  actual:0.9289078712463379  expected:1.0890536416466867
request: 13, latency: 3.5111560821533203
0号worker ---- good : 10 --- finish: 10 ---- abandon : 0 ---- batch size : 1  --- ed : 1714342673.775014 --- --- id: 13  actual:1.2089738845825195  expected:1.2543438089496248
request: 19, latency: 1.1400530338287354
0号worker ---- good : 11 --- finish: 11 ---- abandon : 0 ---- batch size : 1  --- ed : 1714342676.9980178 --- --- id: 19  actual:1.1392064094543457  expected:1.3204598758708002
request: 20, latency: 2.441026210784912
0号worker ---- good : 12 --- finish: 12 ---- abandon : 0 ---- batch size : 1  --- ed : 1714342678.3075364 --- --- id: 20  actual:1.1323158740997314  expected:1.3535179093313876
request: 25, latency: 3.1537513732910156
0号worker ---- good : 13 --- finish: 13 ---- abandon : 0 ---- batch size : 1  --- ed : 1714342679.571922 --- --- id: 25  actual:1.0466101169586182  expected:1.2212857754890372
request: 24, latency: 4.862582206726074
0号worker ---- good : 14 --- finish: 14 ---- abandon : 0 ---- batch size : 1  --- ed : 1714342681.2803745 --- --- id: 24  actual:1.5389478206634521  expected:1.6840982439372638
request: 31, latency: 1.4502723217010498
0号worker ---- good : 15 --- finish: 15 ---- abandon : 0 ---- batch size : 1  --- ed : 1714342690.3868783 --- --- id: 31  actual:1.446296215057373  expected:1.6179821770160887
request: 32, latency: 1.6464207172393799
0号worker ---- good : 16 --- finish: 16 ---- abandon : 0 ---- batch size : 1  --- ed : 1714342702.4829721 --- --- id: 32  actual:1.6449425220489502  expected:1.6840982439372638
request: 37, latency: 2.644531488418579
request: 40, latency: 2.3935766220092773
0号worker ---- good : 18 --- finish: 18 ---- abandon : 0 ---- batch size : 2  --- ed : 1714342703.633458 --- --- id: 37 40  actual:1.1153736114501953  expected:1.043634063997184
request: 35, latency: 4.077987909317017
0号worker ---- good : 19 --- finish: 19 ---- abandon : 0 ---- batch size : 1  --- ed : 1714342704.9230468 --- --- id: 35  actual:1.2894105911254883  expected:1.5188080766343257
request: 44, latency: 3.993192672729492
0号worker ---- good : 20 --- finish: 20 ---- abandon : 0 ---- batch size : 1  --- ed : 1714342706.4081645 --- --- id: 44  actual:1.3335187435150146  expected:1.419633976252563
request: 50, latency: 3.043067216873169
0号worker ---- good : 21 --- finish: 21 ---- abandon : 0 ---- batch size : 1  --- ed : 1714342707.5988188 --- --- id: 50  actual:1.0948407649993896  expected:1.2212857754890372
request: 51, latency: 1.9718353748321533
0号worker ---- good : 22 --- finish: 22 ---- abandon : 0 ---- batch size : 1  --- ed : 1714342708.9017959 --- --- id: 51  actual:1.1666669845581055  expected:1.2543438089496248
request: 52, latency: 1.1900436878204346
0号worker ---- good : 23 --- finish: 23 ---- abandon : 0 ---- batch size : 1  --- ed : 1714342710.5083873 --- --- id: 52  actual:1.1882522106170654  expected:1.3204598758708002
request: 53, latency: 2.1217103004455566
0号worker ---- good : 24 --- finish: 24 ---- abandon : 0 ---- batch size : 1  --- ed : 1714342712.1123059 --- --- id: 53  actual:1.4757733345031738  expected:1.7171562773978515
request: 54, latency: 1.3975257873535156
0号worker ---- good : 25 --- finish: 25 ---- abandon : 0 ---- batch size : 1  --- ed : 1714342718.0501785 --- --- id: 54  actual:1.3964009284973145  expected:1.6179821770160887
request: 56, latency: 2.6580889225006104
0号worker ---- good : 26 --- finish: 26 ---- abandon : 0 ---- batch size : 1  --- ed : 1714342719.3344402 --- --- id: 56  actual:1.0665481090545654  expected:1.1882277420284497
request: 59, latency: 3.1131811141967773
request: 60, latency: 2.9639062881469727
0号worker ---- good : 28 --- finish: 28 ---- abandon : 0 ---- batch size : 2  --- ed : 1714342720.410617 --- --- id: 59 60  actual:0.9570033550262451  expected:1.076094817804357
request: 62, latency: 3.758242130279541
0号worker ---- good : 29 --- finish: 29 ---- abandon : 0 ---- batch size : 1  --- ed : 1714342721.707342 --- --- id: 62  actual:1.1814262866973877  expected:1.3535179093313876
request: 63, latency: 2.1862759590148926
0号worker ---- good : 30 --- finish: 30 ---- abandon : 0 ---- batch size : 1  --- ed : 1714342722.906823 --- --- id: 63  actual:1.0300829410552979  expected:1.155169708567862
request: 64, latency: 3.337702989578247
0号worker ---- good : 31 --- finish: 31 ---- abandon : 0 ---- batch size : 1  --- ed : 1714342724.0862224 --- --- id: 64  actual:1.060208797454834  expected:1.2543438089496248
request: 68, latency: 2.613119602203369
0号worker ---- good : 32 --- finish: 32 ---- abandon : 0 ---- batch size : 1  --- ed : 1714342725.2752423 --- --- id: 68  actual:0.9916138648986816  expected:1.0559956081860993
request: 69, latency: 3.9882211685180664
0号worker ---- good : 33 --- finish: 33 ---- abandon : 0 ---- batch size : 1  --- ed : 1714342726.650488 --- --- id: 69  actual:1.3042984008789062  expected:1.5188080766343257
request: 71, latency: 4.230758190155029
0号worker ---- good : 34 --- finish: 34 ---- abandon : 0 ---- batch size : 1  --- ed : 1714342728.206771 --- --- id: 71  actual:1.3259499073028564  expected:1.4526920097131506
request: 75, latency: 1.0575964450836182
0号worker ---- good : 35 --- finish: 35 ---- abandon : 0 ---- batch size : 1  --- ed : 1714342737.6076088 --- --- id: 75  actual:1.056316614151001  expected:1.1882277420284497
request: 76, latency: 2.2987563610076904
0号worker ---- good : 36 --- finish: 36 ---- abandon : 0 ---- batch size : 1  --- ed : 1714342738.8488657 --- --- id: 76  actual:1.1142261028289795  expected:1.2543438089496248
request: 77, latency: 2.7886857986450195
request: 82, latency: 1.5152599811553955
0号worker ---- good : 38 --- finish: 38 ---- abandon : 0 ---- batch size : 2  --- ed : 1714342740.0389037 --- --- id: 77 82  actual:1.0540330410003662  expected:1.1734770792258762
request: 78, latency: 4.171257257461548
0号worker ---- good : 39 --- finish: 39 ---- abandon : 0 ---- batch size : 1  --- ed : 1714342741.5066094 --- --- id: 78  actual:1.3525550365447998  expected:1.5518661100949134
request: 83, latency: 4.619206666946411
0号worker ---- good : 40 --- finish: 40 ---- abandon : 0 ---- batch size : 1  --- ed : 1714342743.3043838 --- --- id: 83  actual:1.5997509956359863  expected:1.7171562773978515
request: 84, latency: 1.409794569015503
0号worker ---- good : 41 --- finish: 41 ---- abandon : 0 ---- batch size : 1  --- ed : 1714342744.5663278 --- --- id: 84  actual:1.1495051383972168  expected:1.3204598758708002
request: 88, latency: 1.738743782043457
0号worker ---- good : 42 --- finish: 42 ---- abandon : 0 ---- batch size : 1  --- ed : 1714342745.7135897 --- --- id: 88  actual:0.980562686920166  expected:1.155169708567862
request: 85, latency: 3.946965217590332
0号worker ---- good : 43 --- finish: 43 ---- abandon : 0 ---- batch size : 1  --- ed : 1714342747.2046893 --- --- id: 85  actual:1.3150672912597656  expected:1.5188080766343257
request: 87, latency: 5.588063955307007
0号worker ---- good : 43 --- finish: 44 ---- abandon : 0 ---- batch size : 1  --- ed : 1714342749.562688 --- --- id: 87  actual:2.1582045555114746  expected:1.7171562773978515
request: 100, latency: 5.1412436962127686
0号worker ---- good : 43 --- finish: 45 ---- abandon : 0 ---- batch size : 1  --- ed : 1714342751.011296 --- --- id: 100  actual:1.448397159576416  expected:1.6510402104766764
request: 105, latency: 1.0000438690185547
0号worker ---- good : 44 --- finish: 46 ---- abandon : 0 ---- batch size : 1  --- ed : 1714342753.2215323 --- --- id: 105  actual:0.998488187789917  expected:1.1221116751072744
request: 111, latency: 1.980050802230835
0号worker ---- good : 45 --- finish: 47 ---- abandon : 0 ---- batch size : 1  --- ed : 1714342754.3796039 --- --- id: 111  actual:1.0389277935028076  expected:1.0559956081860993
request: 109, latency: 3.55892276763916
0号worker ---- good : 46 --- finish: 48 ---- abandon : 0 ---- batch size : 1  --- ed : 1714342755.875106 --- --- id: 109  actual:1.4640600681304932  expected:1.2874018424102125
request: 112, latency: 4.748927354812622
0号worker ---- good : 46 --- finish: 49 ---- abandon : 0 ---- batch size : 1  --- ed : 1714342757.7734442 --- --- id: 112  actual:1.8980932235717773  expected:1.3865759427919753
request: 118, latency: 0.9291801452636719
0号worker ---- good : 47 --- finish: 50 ---- abandon : 0 ---- batch size : 1  --- ed : 1714342762.793722 --- --- id: 118  actual:0.9281835556030273  expected:1.155169708567862
request: 121, latency: 1.6855812072753906
0号worker ---- good : 48 --- finish: 51 ---- abandon : 0 ---- batch size : 1  --- ed : 1714342763.960357 --- --- id: 121  actual:0.9419064521789551  expected:1.155169708567862
request: 120, latency: 3.6500184535980225
0号worker ---- good : 49 --- finish: 52 ---- abandon : 0 ---- batch size : 1  --- ed : 1714342765.5154426 --- --- id: 120  actual:1.3454105854034424  expected:1.5188080766343257
request: 122, latency: 5.294674634933472
0号worker ---- good : 49 --- finish: 53 ---- abandon : 0 ---- batch size : 1  --- ed : 1714342767.5713851 --- --- id: 122  actual:1.8875763416290283  expected:1.7171562773978515
request: 124, latency: 1.3952488899230957
0号worker ---- good : 50 --- finish: 54 ---- abandon : 0 ---- batch size : 1  --- ed : 1714342775.9125834 --- --- id: 124  actual:1.3943769931793213  expected:1.6510402104766764
request: 126, latency: 2.7961058616638184
0号worker ---- good : 51 --- finish: 55 ---- abandon : 0 ---- batch size : 1  --- ed : 1714342777.3200455 --- --- id: 126  actual:1.148740291595459  expected:1.3535179093313876
request: 125, latency: 4.27932333946228
0号worker ---- good : 52 --- finish: 56 ---- abandon : 0 ---- batch size : 1  --- ed : 1714342778.8026016 --- --- id: 125  actual:1.2787950038909912  expected:1.5188080766343257
request: 127, latency: 0.9299852848052979
0号worker ---- good : 53 --- finish: 57 ---- abandon : 0 ---- batch size : 1  --- ed : 1714342780.4794288 --- --- id: 127  actual:0.926250696182251  expected:1.0890536416466867
request: 128, latency: 1.836456060409546
0号worker ---- good : 54 --- finish: 58 ---- abandon : 0 ---- batch size : 1  --- ed : 1714342781.6660078 --- --- id: 128  actual:1.024625301361084  expected:1.1882277420284497
request: 133, latency: 2.7869343757629395
0号worker ---- good : 55 --- finish: 59 ---- abandon : 0 ---- batch size : 1  --- ed : 1714342782.7749193 --- --- id: 133  actual:0.9531314373016357  expected:1.1221116751072744
request: 134, latency: 4.41479229927063
0号worker ---- good : 56 --- finish: 60 ---- abandon : 0 ---- batch size : 1  --- ed : 1714342784.4028955 --- --- id: 134  actual:1.4617574214935303  expected:1.6840982439372638
request: 135, latency: 1.4009127616882324
0号worker ---- good : 57 --- finish: 61 ---- abandon : 0 ---- batch size : 1  --- ed : 1714342791.793539 --- --- id: 135  actual:1.3994450569152832  expected:1.584924143555501
request: 136, latency: 0.9484515190124512
0号worker ---- good : 58 --- finish: 62 ---- abandon : 0 ---- batch size : 1  --- ed : 1714342794.4376743 --- --- id: 136  actual:0.9435698986053467  expected:1.0559956081860993
request: 137, latency: 1.9327304363250732
0号worker ---- good : 59 --- finish: 63 ---- abandon : 0 ---- batch size : 1  --- ed : 1714342795.4272683 --- --- id: 137  actual:0.8849725723266602  expected:1.0559956081860993
request: 138, latency: 3.160069465637207
0号worker ---- good : 60 --- finish: 64 ---- abandon : 0 ---- batch size : 1  --- ed : 1714342796.6729183 --- --- id: 138  actual:1.0787277221679688  expected:1.2543438089496248
request: 139, latency: 4.907860994338989
request: 142, latency: 4.467713356018066
0号worker ---- good : 62 --- finish: 66 ---- abandon : 0 ---- batch size : 2  --- ed : 1714342798.4208875 --- --- id: 139 142  actual:1.5653712749481201  expected:1.6603883863334725
request: 147, latency: 3.073815107345581
request: 155, latency: 1.791895866394043
0号worker ---- good : 64 --- finish: 68 ---- abandon : 0 ---- batch size : 2  --- ed : 1714342799.4714096 --- --- id: 147 155  actual:0.9500753879547119  expected:1.10855557161153
request: 151, latency: 3.5649054050445557
request: 152, latency: 3.5636680126190186
request: 154, latency: 3.3727879524230957
0号worker ---- good : 67 --- finish: 71 ---- abandon : 0 ---- batch size : 3  --- ed : 1714342801.0131378 --- --- id: 151 152 154  actual:1.3851478099822998  expected:1.3652564271852095
request: 159, latency: 4.313290119171143
0号worker ---- good : 68 --- finish: 72 ---- abandon : 0 ---- batch size : 1  --- ed : 1714342802.3657148 --- --- id: 159  actual:1.3487622737884521  expected:1.5188080766343257
request: 164, latency: 3.250368118286133
0号worker ---- good : 69 --- finish: 73 ---- abandon : 0 ---- batch size : 1  --- ed : 1714342803.8241498 --- --- id: 164  actual:1.2747831344604492  expected:1.419633976252563
request: 165, latency: 4.08060884475708
0号worker ---- good : 70 --- finish: 74 ---- abandon : 0 ---- batch size : 1  --- ed : 1714342805.3204324 --- --- id: 165  actual:1.3599529266357422  expected:1.4857500431737383
request: 166, latency: 2.5248444080352783
0号worker ---- good : 71 --- finish: 75 ---- abandon : 0 ---- batch size : 1  --- ed : 1714342806.7733843 --- --- id: 166  actual:1.3313446044921875  expected:1.4857500431737383
request: 167, latency: 3.390864849090576
0号worker ---- good : 72 --- finish: 76 ---- abandon : 0 ---- batch size : 1  --- ed : 1714342808.1763117 --- --- id: 167  actual:1.2524528503417969  expected:1.419633976252563
request: 169, latency: 3.97979998588562
0号worker ---- good : 73 --- finish: 77 ---- abandon : 0 ---- batch size : 1  --- ed : 1714342809.6430879 --- --- id: 169  actual:1.302443027496338  expected:1.5188080766343257
request: 170, latency: 4.457488536834717
0号worker ---- good : 74 --- finish: 78 ---- abandon : 0 ---- batch size : 1  --- ed : 1714342811.326028 --- --- id: 170  actual:1.4712717533111572  expected:1.584924143555501
request: 173, latency: 1.2372171878814697
0号worker ---- good : 75 --- finish: 79 ---- abandon : 0 ---- batch size : 1  --- ed : 1714342816.1779113 --- --- id: 173  actual:1.2359881401062012  expected:1.3204598758708002
request: 174, latency: 0.9447827339172363
0号worker ---- good : 76 --- finish: 80 ---- abandon : 0 ---- batch size : 1  --- ed : 1714342817.3413897 --- --- id: 174  actual:0.9412498474121094  expected:1.0559956081860993
request: 175, latency: 1.881227970123291
0号worker ---- good : 77 --- finish: 81 ---- abandon : 0 ---- batch size : 1  --- ed : 1714342818.553698 --- --- id: 175  actual:1.104440450668335  expected:1.1882277420284497
request: 176, latency: 3.0295305252075195
0号worker ---- good : 78 --- finish: 82 ---- abandon : 0 ---- batch size : 1  --- ed : 1714342819.702305 --- --- id: 176  actual:1.0674495697021484  expected:1.2543438089496248
request: 181, latency: 4.589223146438599
0号worker ---- good : 79 --- finish: 83 ---- abandon : 0 ---- batch size : 1  --- ed : 1714342821.2878711 --- --- id: 181  actual:1.397451400756836  expected:1.6510402104766764
request: 184, latency: 3.9776642322540283
0号worker ---- good : 80 --- finish: 84 ---- abandon : 0 ---- batch size : 1  --- ed : 1714342822.8153858 --- --- id: 184  actual:1.280442237854004  expected:1.419633976252563
request: 190, latency: 1.5304350852966309
0号worker ---- good : 81 --- finish: 85 ---- abandon : 0 ---- batch size : 1  --- ed : 1714342831.2509658 --- --- id: 190  actual:1.5288505554199219  expected:1.6510402104766764
request: 192, latency: 2.369192361831665
request: 196, latency: 1.1989707946777344
0号worker ---- good : 83 --- finish: 87 ---- abandon : 0 ---- batch size : 2  --- ed : 1714342832.412643 --- --- id: 192 196  actual:1.0218234062194824  expected:1.1410163254187031
request: 191, latency: 4.122665882110596
0号worker ---- good : 84 --- finish: 88 ---- abandon : 0 ---- batch size : 1  --- ed : 1714342833.862096 --- --- id: 191  actual:1.3519930839538574  expected:1.5518661100949134
request: 198, latency: 3.4260568618774414
0号worker ---- good : 85 --- finish: 89 ---- abandon : 0 ---- batch size : 1  --- ed : 1714342835.3366897 --- --- id: 198  actual:1.2750754356384277  expected:1.419633976252563
request: 200, latency: 1.3078627586364746
0号worker ---- good : 86 --- finish: 90 ---- abandon : 0 ---- batch size : 1  --- ed : 1714342837.132421 --- --- id: 200  actual:1.307021141052246  expected:1.419633976252563
request: 201, latency: 2.566028594970703
0号worker ---- good : 87 --- finish: 91 ---- abandon : 0 ---- batch size : 1  --- ed : 1714342838.3912573 --- --- id: 201  actual:1.1505944728851318  expected:1.3204598758708002
request: 202, latency: 3.6161787509918213
0号worker ---- good : 88 --- finish: 92 ---- abandon : 0 ---- batch size : 1  --- ed : 1714342840.8347976 --- --- id: 202  actual:2.270932197570801  expected:1.7171562773978515
request: 203, latency: 1.2179362773895264
0号worker ---- good : 89 --- finish: 93 ---- abandon : 0 ---- batch size : 1  --- ed : 1714342847.6440365 --- --- id: 203  actual:1.2168784141540527  expected:1.3865759427919753
request: 205, latency: 2.4334535598754883
0号worker ---- good : 90 --- finish: 94 ---- abandon : 0 ---- batch size : 1  --- ed : 1714342848.863179 --- --- id: 205  actual:1.0519194602966309  expected:1.2212857754890372
request: 204, latency: 3.832493543624878
0号worker ---- good : 91 --- finish: 95 ---- abandon : 0 ---- batch size : 1  --- ed : 1714342850.2612596 --- --- id: 204  actual:1.2261128425598145  expected:1.419633976252563
request: 206, latency: 1.3378796577453613
0号worker ---- good : 92 --- finish: 96 ---- abandon : 0 ---- batch size : 1  --- ed : 1714342853.7584677 --- --- id: 206  actual:1.336641550064087  expected:1.5518661100949134
request: 208, latency: 1.94287109375
0号worker ---- good : 93 --- finish: 97 ---- abandon : 0 ---- batch size : 1  --- ed : 1714342855.0691228 --- --- id: 208  actual:1.0487959384918213  expected:1.1221116751072744
request: 207, latency: 3.144212484359741
0号worker ---- good : 94 --- finish: 98 ---- abandon : 0 ---- batch size : 1  --- ed : 1714342856.2688136 --- --- id: 207  actual:1.1391594409942627  expected:1.3204598758708002
request: 209, latency: 5.054513454437256
request: 210, latency: 5.0537824630737305
0号worker ---- good : 94 --- finish: 100 ---- abandon : 0 ---- batch size : 2  --- ed : 1714342858.191636 --- --- id: 209 210  actual:1.7429289817810059  expected:1.6603883863334725
request: 214, latency: 1.0274949073791504
0号worker ---- good : 95 --- finish: 101 ---- abandon : 0 ---- batch size : 1  --- ed : 1714342859.4844618 --- --- id: 214  actual:1.0264601707458496  expected:1.155169708567862
request: 219, latency: 1.667154312133789
0号worker ---- good : 96 --- finish: 102 ---- abandon : 0 ---- batch size : 1  --- ed : 1714342860.6736863 --- --- id: 219  actual:1.060117244720459  expected:1.155169708567862
request: 215, latency: 2.9844448566436768
0号worker ---- good : 97 --- finish: 103 ---- abandon : 0 ---- batch size : 1  --- ed : 1714342861.9780748 --- --- id: 215  actual:1.2174746990203857  expected:1.2874018424102125
request: 220, latency: 1.3388245105743408
0号worker ---- good : 98 --- finish: 104 ---- abandon : 0 ---- batch size : 1  --- ed : 1714342869.246219 --- --- id: 220  actual:1.3375816345214844  expected:1.5188080766343257
request: 221, latency: 2.918657064437866
0号worker ---- good : 99 --- finish: 105 ---- abandon : 0 ---- batch size : 1  --- ed : 1714342870.8277242 --- --- id: 221  actual:1.3987324237823486  expected:1.6510402104766764
request: 223, latency: 1.5305805206298828
0号worker ---- good : 100 --- finish: 106 ---- abandon : 0 ---- batch size : 1  --- ed : 1714342872.3398216 --- --- id: 223  actual:1.2295894622802734  expected:1.155169708567862
request: 229, latency: 2.3754353523254395
request: 233, latency: 1.3539111614227295
0号worker ---- good : 102 --- finish: 108 ---- abandon : 0 ---- batch size : 2  --- ed : 1714342873.3213875 --- --- id: 229 233  actual:0.9813759326934814  expected:1.076094817804357
request: 227, latency: 3.5203399658203125
request: 228, latency: 3.514986753463745
0号worker ---- good : 104 --- finish: 110 ---- abandon : 0 ---- batch size : 2  --- ed : 1714342874.4599128 --- --- id: 227 228  actual:1.129706859588623  expected:1.2708593406473954
request: 239, latency: 3.0282957553863525
0号worker ---- good : 105 --- finish: 111 ---- abandon : 0 ---- batch size : 1  --- ed : 1714342875.6368344 --- --- id: 239  actual:0.9970386028289795  expected:1.1221116751072744
request: 246, latency: 3.1383559703826904
request: 251, latency: 2.2500057220458984
0号worker ---- good : 107 --- finish: 113 ---- abandon : 0 ---- batch size : 2  --- ed : 1714342876.7910383 --- --- id: 246 251  actual:1.0369534492492676  expected:1.1410163254187031
request: 252, latency: 3.2471749782562256
0号worker ---- good : 108 --- finish: 114 ---- abandon : 0 ---- batch size : 1  --- ed : 1714342878.0375862 --- --- id: 252  actual:1.1401982307434082  expected:1.2874018424102125
request: 253, latency: 1.0969610214233398
0号worker ---- good : 109 --- finish: 115 ---- abandon : 0 ---- batch size : 1  --- ed : 1714342889.7775958 --- --- id: 253  actual:1.095477819442749  expected:1.155169708567862
request: 254, latency: 2.544480085372925
0号worker ---- good : 110 --- finish: 116 ---- abandon : 0 ---- batch size : 1  --- ed : 1714342891.2933133 --- --- id: 254  actual:1.4493770599365234  expected:1.6510402104766764
request: 255, latency: 4.124322414398193
0号worker ---- good : 111 --- finish: 117 ---- abandon : 0 ---- batch size : 1  --- ed : 1714342892.9813917 --- --- id: 255  actual:1.48555326461792  expected:1.6179821770160887
request: 257, latency: 4.109792947769165
0号worker ---- good : 112 --- finish: 118 ---- abandon : 0 ---- batch size : 1  --- ed : 1714342894.5265484 --- --- id: 257  actual:1.4149508476257324  expected:1.6510402104766764
request: 258, latency: 1.403043270111084
0号worker ---- good : 113 --- finish: 119 ---- abandon : 0 ---- batch size : 1  --- ed : 1714342897.9515717 --- --- id: 258  actual:1.401639699935913  expected:1.6179821770160887
request: 260, latency: 2.645094156265259
request: 265, latency: 2.0929670333862305
0号worker ---- good : 115 --- finish: 121 ---- abandon : 0 ---- batch size : 2  --- ed : 1714342899.226187 --- --- id: 260 265  actual:1.0590717792510986  expected:1.10855557161153
request: 259, latency: 4.219827890396118
0号worker ---- good : 116 --- finish: 122 ---- abandon : 0 ---- batch size : 1  --- ed : 1714342900.7685032 --- --- id: 259  actual:1.4980871677398682  expected:1.7171562773978515
request: 266, latency: 4.431796073913574
0号worker ---- good : 117 --- finish: 123 ---- abandon : 0 ---- batch size : 1  --- ed : 1714342902.3265963 --- --- id: 266  actual:1.339815616607666  expected:1.5518661100949134
request: 281, latency: 1.0204308032989502
0号worker ---- good : 118 --- finish: 124 ---- abandon : 0 ---- batch size : 1  --- ed : 1714342911.878693 --- --- id: 281  actual:1.0195074081420898  expected:1.0559956081860993
request: 282, latency: 1.2383124828338623
request: 285, latency: 1.2059173583984375
0号worker ---- good : 120 --- finish: 126 ---- abandon : 0 ---- batch size : 2  --- ed : 1714342913.0308688 --- --- id: 282 285  actual:1.1193656921386719  expected:1.3357808482617417
request: 283, latency: 2.711801052093506
0号worker ---- good : 121 --- finish: 127 ---- abandon : 0 ---- batch size : 1  --- ed : 1714342914.5099702 --- --- id: 283  actual:1.229015588760376  expected:1.419633976252563
request: 286, latency: 2.7632639408111572
0号worker ---- good : 122 --- finish: 128 ---- abandon : 0 ---- batch size : 1  --- ed : 1714342915.5901783 --- --- id: 286  actual:0.9021806716918945  expected:1.0559956081860993
request: 288, latency: 3.939901351928711
0号worker ---- good : 123 --- finish: 129 ---- abandon : 0 ---- batch size : 1  --- ed : 1714342916.9514945 --- --- id: 288  actual:1.2058064937591553  expected:1.3865759427919753
request: 289, latency: 3.3603389263153076
0号worker ---- good : 124 --- finish: 130 ---- abandon : 0 ---- batch size : 1  --- ed : 1714342918.1629243 --- --- id: 289  actual:1.0304064750671387  expected:1.1882277420284497
request: 294, latency: 4.232616662979126
0号worker ---- good : 125 --- finish: 131 ---- abandon : 0 ---- batch size : 1  --- ed : 1714342919.626968 --- --- id: 294  actual:1.3167998790740967  expected:1.5188080766343257
request: 301, latency: 4.965691328048706
request: 308, latency: 2.5566890239715576
0号worker ---- good : 127 --- finish: 133 ---- abandon : 0 ---- batch size : 2  --- ed : 1714342921.478104 --- --- id: 301 308  actual:1.6459863185882568  expected:1.6928491401406456
request: 306, latency: 3.9101243019104004
0号worker ---- good : 128 --- finish: 134 ---- abandon : 0 ---- batch size : 1  --- ed : 1714342922.8313017 --- --- id: 306  actual:1.3145370483398438  expected:1.3865759427919753
request: 310, latency: 1.1237292289733887
0号worker ---- good : 129 --- finish: 135 ---- abandon : 0 ---- batch size : 1  --- ed : 1714342927.7361774 --- --- id: 310  actual:1.1226627826690674  expected:1.1882277420284497
request: 317, latency: 1.984142780303955
0号worker ---- good : 130 --- finish: 136 ---- abandon : 0 ---- batch size : 1  --- ed : 1714342928.878933 --- --- id: 317  actual:1.082254409790039  expected:1.0559956081860993
request: 311, latency: 3.1710853576660156
0号worker ---- good : 131 --- finish: 137 ---- abandon : 0 ---- batch size : 1  --- ed : 1714342929.8838747 --- --- id: 311  actual:1.004744052886963  expected:1.155169708567862
request: 319, latency: 4.518826723098755
request: 320, latency: 4.518657922744751
0号worker ---- good : 133 --- finish: 139 ---- abandon : 0 ---- batch size : 2  --- ed : 1714342931.4150023 --- --- id: 319 320  actual:1.3954527378082275  expected:1.53054537110478
request: 325, latency: 3.9491329193115234
0号worker ---- good : 134 --- finish: 140 ---- abandon : 0 ---- batch size : 1  --- ed : 1714342932.720653 --- --- id: 325  actual:1.1745953559875488  expected:1.3865759427919753
request: 331, latency: 3.8892292976379395
0号worker ---- good : 135 --- finish: 141 ---- abandon : 0 ---- batch size : 1  --- ed : 1714342934.142683 --- --- id: 331  actual:1.2145307064056396  expected:1.3535179093313876
request: 338, latency: 2.4257752895355225
0号worker ---- good : 136 --- finish: 142 ---- abandon : 0 ---- batch size : 1  --- ed : 1714342935.3704042 --- --- id: 338  actual:1.0853261947631836  expected:1.0890536416466867
request: 339, latency: 1.0793278217315674
0号worker ---- good : 137 --- finish: 143 ---- abandon : 0 ---- batch size : 1  --- ed : 1714342942.583899 --- --- id: 339  actual:1.078059434890747  expected:1.2543438089496248
request: 340, latency: 2.5057170391082764
0号worker ---- good : 138 --- finish: 144 ---- abandon : 0 ---- batch size : 1  --- ed : 1714342944.0131807 --- --- id: 340  actual:1.2569901943206787  expected:1.3865759427919753
request: 341, latency: 1.3811731338500977
0号worker ---- good : 139 --- finish: 145 ---- abandon : 0 ---- batch size : 1  --- ed : 1714342947.138065 --- --- id: 341  actual:1.379835844039917  expected:1.584924143555501
request: 343, latency: 2.6319713592529297
0号worker ---- good : 140 --- finish: 146 ---- abandon : 0 ---- batch size : 1  --- ed : 1714342948.3912227 --- --- id: 343  actual:1.050182819366455  expected:1.155169708567862
request: 342, latency: 4.16974139213562
0号worker ---- good : 141 --- finish: 147 ---- abandon : 0 ---- batch size : 1  --- ed : 1714342949.928088 --- --- id: 342  actual:1.4362313747406006  expected:1.584924143555501
request: 345, latency: 3.5489559173583984
0号worker ---- good : 142 --- finish: 148 ---- abandon : 0 ---- batch size : 1  --- ed : 1714342951.28962 --- --- id: 345  actual:1.209662914276123  expected:1.3865759427919753
request: 346, latency: 2.5638158321380615
0号worker ---- good : 143 --- finish: 149 ---- abandon : 0 ---- batch size : 1  --- ed : 1714342952.6691363 --- --- id: 346  actual:1.1962833404541016  expected:1.3535179093313876
request: 347, latency: 1.269059181213379
0号worker ---- good : 144 --- finish: 150 ---- abandon : 0 ---- batch size : 1  --- ed : 1714342959.878028 --- --- id: 347  actual:1.2680141925811768  expected:1.4526920097131506
request: 349, latency: 2.116337299346924
0号worker ---- good : 145 --- finish: 151 ---- abandon : 0 ---- batch size : 1  --- ed : 1714342961.1577508 --- --- id: 349  actual:1.0877420902252197  expected:1.2543438089496248
request: 348, latency: 3.62570858001709
0号worker ---- good : 146 --- finish: 152 ---- abandon : 0 ---- batch size : 1  --- ed : 1714342962.666646 --- --- id: 348  actual:1.3539764881134033  expected:1.4857500431737383
request: 350, latency: 1.1343326568603516
0号worker ---- good : 147 --- finish: 153 ---- abandon : 0 ---- batch size : 1  --- ed : 1714342963.9637396 --- --- id: 350  actual:1.1329314708709717  expected:1.2543438089496248
request: 351, latency: 2.3579750061035156
0号worker ---- good : 148 --- finish: 154 ---- abandon : 0 ---- batch size : 1  --- ed : 1714342965.223055 --- --- id: 351  actual:1.1389579772949219  expected:1.2874018424102125
request: 352, latency: 2.717289686203003
0号worker ---- good : 149 --- finish: 155 ---- abandon : 0 ---- batch size : 1  --- ed : 1714342966.6263626 --- --- id: 352  actual:1.2212796211242676  expected:1.3204598758708002
request: 353, latency: 4.248719930648804
0号worker ---- good : 150 --- finish: 156 ---- abandon : 0 ---- batch size : 1  --- ed : 1714342968.1580327 --- --- id: 353  actual:1.4166069030761719  expected:1.4857500431737383
request: 357, latency: 3.80023455619812
0号worker ---- good : 151 --- finish: 157 ---- abandon : 0 ---- batch size : 1  --- ed : 1714342969.4557161 --- --- id: 357  actual:1.2307112216949463  expected:1.3204598758708002
request: 360, latency: 1.4083521366119385
0号worker ---- good : 152 --- finish: 158 ---- abandon : 0 ---- batch size : 1  --- ed : 1714342978.9328947 --- --- id: 360  actual:1.4073891639709473  expected:1.6179821770160887
request: 363, latency: 2.5610647201538086
0号worker ---- good : 153 --- finish: 159 ---- abandon : 0 ---- batch size : 1  --- ed : 1714342980.1010945 --- --- id: 363  actual:0.9555850028991699  expected:1.1221116751072744
request: 364, latency: 4.044177770614624
0号worker ---- good : 154 --- finish: 160 ---- abandon : 0 ---- batch size : 1  --- ed : 1714342981.6028197 --- --- id: 364  actual:1.3333141803741455  expected:1.584924143555501
request: 365, latency: 4.439922571182251
0号worker ---- good : 155 --- finish: 161 ---- abandon : 0 ---- batch size : 1  --- ed : 1714342983.3331676 --- --- id: 365  actual:1.4830496311187744  expected:1.6510402104766764
request: 366, latency: 1.2736918926239014
0号worker ---- good : 156 --- finish: 162 ---- abandon : 0 ---- batch size : 1  --- ed : 1714342986.5822983 --- --- id: 366  actual:1.2719080448150635  expected:1.4857500431737383
request: 367, latency: 1.0237648487091064
0号worker ---- good : 157 --- finish: 163 ---- abandon : 0 ---- batch size : 1  --- ed : 1714342989.1336946 --- --- id: 367  actual:1.0191943645477295  expected:1.1882277420284497
request: 368, latency: 2.2524356842041016
0号worker ---- good : 158 --- finish: 164 ---- abandon : 0 ---- batch size : 1  --- ed : 1714342990.3705497 --- --- id: 368  actual:1.0623779296875  expected:1.1882277420284497
request: 369, latency: 3.6265511512756348
0号worker ---- good : 159 --- finish: 165 ---- abandon : 0 ---- batch size : 1  --- ed : 1714342991.7469466 --- --- id: 369  actual:1.2586219310760498  expected:1.4526920097131506
request: 375, latency: 4.51455545425415
request: 376, latency: 4.296388864517212
request: 382, latency: 2.1773312091827393
0号worker ---- good : 162 --- finish: 168 ---- abandon : 0 ---- batch size : 3  --- ed : 1714342993.4567819 --- --- id: 375 376 382  actual:1.5200624465942383  expected:1.7320176943610894
request: 378, latency: 3.649292469024658
request: 380, latency: 3.625248908996582
0号worker ---- good : 164 --- finish: 170 ---- abandon : 0 ---- batch size : 2  --- ed : 1714342994.857839 --- --- id: 378 380  actual:1.1925795078277588  expected:1.3357808482617417
request: 384, latency: 4.4634997844696045
0号worker ---- good : 165 --- finish: 171 ---- abandon : 0 ---- batch size : 1  --- ed : 1714342996.4740462 --- --- id: 384  actual:1.4701502323150635  expected:1.6179821770160887
request: 386, latency: 3.496675968170166
0号worker ---- good : 166 --- finish: 172 ---- abandon : 0 ---- batch size : 1  --- ed : 1714342998.0729575 --- --- id: 386  actual:1.4315986633300781  expected:1.584924143555501
request: 387, latency: 1.02292799949646
0号worker ---- good : 167 --- finish: 173 ---- abandon : 0 ---- batch size : 1  --- ed : 1714342999.229675 --- --- id: 387  actual:1.0220510959625244  expected:1.155169708567862
request: 389, latency: 2.106893539428711
0号worker ---- good : 168 --- finish: 174 ---- abandon : 0 ---- batch size : 1  --- ed : 1714343000.3139372 --- --- id: 389  actual:0.9540693759918213  expected:1.0890536416466867
request: 388, latency: 3.4714508056640625
0号worker ---- good : 169 --- finish: 175 ---- abandon : 0 ---- batch size : 1  --- ed : 1714343001.6783981 --- --- id: 388  actual:1.230316400527954  expected:1.3865759427919753
request: 390, latency: 1.5895845890045166
0号worker ---- good : 170 --- finish: 176 ---- abandon : 0 ---- batch size : 1  --- ed : 1714343004.4799974 --- --- id: 390  actual:1.5887870788574219  expected:1.7171562773978515
request: 391, latency: 2.897498607635498
request: 392, latency: 2.691366195678711
0号worker ---- good : 172 --- finish: 178 ---- abandon : 0 ---- batch size : 2  --- ed : 1714343005.790009 --- --- id: 391 392  actual:1.1437103748321533  expected:1.1734770792258762
request: 393, latency: 4.77545952796936
request: 394, latency: 2.561283588409424
0号worker ---- good : 173 --- finish: 180 ---- abandon : 0 ---- batch size : 2  --- ed : 1714343007.8743694 --- --- id: 393 394  actual:2.072885751724243  expected:1.5630061249119531
request: 395, latency: 1.3677184581756592
0号worker ---- good : 174 --- finish: 181 ---- abandon : 0 ---- batch size : 1  --- ed : 1714343009.5251815 --- --- id: 395  actual:1.3659586906433105  expected:1.5518661100949134
request: 398, latency: 2.597687005996704
0号worker ---- good : 175 --- finish: 182 ---- abandon : 0 ---- batch size : 1  --- ed : 1714343010.8836918 --- --- id: 398  actual:1.1757519245147705  expected:1.3204598758708002
request: 396, latency: 4.009376525878906
0号worker ---- good : 176 --- finish: 183 ---- abandon : 0 ---- batch size : 1  --- ed : 1714343012.2645724 --- --- id: 396  actual:1.2376596927642822  expected:1.3865759427919753
request: 399, latency: 2.1567952632904053
0号worker ---- good : 177 --- finish: 184 ---- abandon : 0 ---- batch size : 1  --- ed : 1714343013.8688369 --- --- id: 399  actual:1.4508273601531982  expected:1.419633976252563
request: 401, latency: 2.6279256343841553
0号worker ---- good : 178 --- finish: 185 ---- abandon : 0 ---- batch size : 1  --- ed : 1714343015.1879935 --- --- id: 401  actual:1.318976640701294  expected:1.2543438089496248
request: 400, latency: 4.4055564403533936
0号worker ---- good : 179 --- finish: 186 ---- abandon : 0 ---- batch size : 1  --- ed : 1714343016.803285 --- --- id: 400  actual:1.615105152130127  expected:1.7171562773978515
request: 404, latency: 3.119312286376953
0号worker ---- good : 180 --- finish: 187 ---- abandon : 0 ---- batch size : 1  --- ed : 1714343017.8626726 --- --- id: 404  actual:1.0219371318817139  expected:1.155169708567862
request: 405, latency: 4.778681755065918
0号worker ---- good : 181 --- finish: 188 ---- abandon : 0 ---- batch size : 1  --- ed : 1714343019.5522783 --- --- id: 405  actual:1.5631060600280762  expected:1.6840982439372638
request: 409, latency: 3.7089176177978516
0号worker ---- good : 182 --- finish: 189 ---- abandon : 0 ---- batch size : 1  --- ed : 1714343020.8741431 --- --- id: 409  actual:1.205183982849121  expected:1.3865759427919753
request: 413, latency: 1.310563325881958
0号worker ---- good : 183 --- finish: 190 ---- abandon : 0 ---- batch size : 1  --- ed : 1714343022.0906394 --- --- id: 413  actual:1.038647174835205  expected:1.155169708567862
request: 412, latency: 2.6724984645843506
0号worker ---- good : 184 --- finish: 191 ---- abandon : 0 ---- batch size : 1  --- ed : 1714343023.4524126 --- --- id: 412  actual:1.2419438362121582  expected:1.419633976252563
request: 414, latency: 4.086329460144043
0号worker ---- good : 185 --- finish: 192 ---- abandon : 0 ---- batch size : 1  --- ed : 1714343024.8665729 --- --- id: 414  actual:1.2378933429718018  expected:1.4526920097131506
request: 415, latency: 3.3671011924743652
request: 420, latency: 1.9322664737701416
0号worker ---- good : 187 --- finish: 194 ---- abandon : 0 ---- batch size : 2  --- ed : 1714343026.174709 --- --- id: 415 420  actual:1.0947587490081787  expected:1.1734770792258762
request: 419, latency: 3.396138906478882
0号worker ---- good : 188 --- finish: 195 ---- abandon : 0 ---- batch size : 1  --- ed : 1714343027.5127673 --- --- id: 419  actual:1.2587392330169678  expected:1.2874018424102125
request: 425, latency: 3.3197200298309326
0号worker ---- good : 189 --- finish: 196 ---- abandon : 0 ---- batch size : 1  --- ed : 1714343028.6257007 --- --- id: 425  actual:1.0837092399597168  expected:1.1221116751072744
request: 434, latency: 3.0784335136413574
0号worker ---- good : 190 --- finish: 197 ---- abandon : 0 ---- batch size : 1  --- ed : 1714343029.7736223 --- --- id: 434  actual:1.0216665267944336  expected:1.0890536416466867
request: 431, latency: 4.775834798812866
0号worker ---- good : 191 --- finish: 198 ---- abandon : 0 ---- batch size : 1  --- ed : 1714343031.4196033 --- --- id: 431  actual:1.5862798690795898  expected:1.6840982439372638
request: 440, latency: 4.291442155838013
0号worker ---- good : 192 --- finish: 199 ---- abandon : 0 ---- batch size : 1  --- ed : 1714343032.913986 --- --- id: 440  actual:1.3985936641693115  expected:1.4526920097131506
request: 442, latency: 1.122737169265747
0号worker ---- good : 193 --- finish: 200 ---- abandon : 0 ---- batch size : 1  --- ed : 1714343035.3167639 --- --- id: 442  actual:1.1221067905426025  expected:1.2543438089496248
request: 444, latency: 2.250014305114746
0号worker ---- good : 194 --- finish: 201 ---- abandon : 0 ---- batch size : 1  --- ed : 1714343036.5474384 --- --- id: 444  actual:1.1023738384246826  expected:1.2874018424102125
request: 443, latency: 4.426988840103149
0号worker ---- good : 195 --- finish: 202 ---- abandon : 0 ---- batch size : 1  --- ed : 1714343038.721375 --- --- id: 443  actual:1.9931468963623047  expected:1.7171562773978515
request: 445, latency: 2.12037992477417
0号worker ---- good : 196 --- finish: 203 ---- abandon : 0 ---- batch size : 1  --- ed : 1714343040.1560814 --- --- id: 445  actual:1.434497356414795  expected:1.6840982439372638
request: 446, latency: 2.407200574874878
0号worker ---- good : 197 --- finish: 204 ---- abandon : 0 ---- batch size : 1  --- ed : 1714343041.1075826 --- --- id: 446  actual:0.9512913227081299  expected:1.0559956081860993
request: 447, latency: 1.0830209255218506
0号worker ---- good : 198 --- finish: 205 ---- abandon : 0 ---- batch size : 1  --- ed : 1714343043.550941 --- --- id: 447  actual:1.0823290348052979  expected:1.2212857754890372
request: 448, latency: 1.241386890411377
0号worker ---- good : 199 --- finish: 206 ---- abandon : 0 ---- batch size : 1  --- ed : 1714343045.9290168 --- --- id: 448  actual:1.2405047416687012  expected:1.419633976252563
request: 456, latency: 2.1485166549682617
request: 463, latency: 1.7342863082885742
0号worker ---- good : 201 --- finish: 208 ---- abandon : 0 ---- batch size : 2  --- ed : 1714343047.049658 --- --- id: 456 463  actual:0.945995569229126  expected:1.043634063997184
request: 452, latency: 3.5553386211395264
0号worker ---- good : 202 --- finish: 209 ---- abandon : 0 ---- batch size : 1  --- ed : 1714343048.3231852 --- --- id: 452  actual:1.1702055931091309  expected:1.2212857754890372
request: 466, latency: 2.570272445678711
0号worker ---- good : 203 --- finish: 210 ---- abandon : 0 ---- batch size : 1  --- ed : 1714343049.2954223 --- --- id: 466  actual:0.9266681671142578  expected:1.0559956081860993
request: 465, latency: 4.062394857406616
0号worker ---- good : 204 --- finish: 211 ---- abandon : 0 ---- batch size : 1  --- ed : 1714343050.7291803 --- --- id: 465  actual:1.3043365478515625  expected:1.5188080766343257
request: 468, latency: 1.2337920665740967
0号worker ---- good : 205 --- finish: 212 ---- abandon : 0 ---- batch size : 1  --- ed : 1714343053.250429 --- --- id: 468  actual:1.2327418327331543  expected:1.2543438089496248
request: 469, latency: 1.5735888481140137
0号worker ---- good : 206 --- finish: 213 ---- abandon : 0 ---- batch size : 1  --- ed : 1714343054.2292693 --- --- id: 469  actual:0.9559922218322754  expected:1.0890536416466867
request: 474, latency: 2.5130484104156494
0号worker ---- good : 207 --- finish: 214 ---- abandon : 0 ---- batch size : 1  --- ed : 1714343055.4400225 --- --- id: 474  actual:1.0655059814453125  expected:1.1882277420284497
request: 477, latency: 3.2937066555023193
request: 488, latency: 1.479740858078003
0号worker ---- good : 209 --- finish: 216 ---- abandon : 0 ---- batch size : 2  --- ed : 1714343056.6160028 --- --- id: 477 488  actual:1.0702896118164062  expected:1.10855557161153
request: 478, latency: 4.751516580581665
0号worker ---- good : 210 --- finish: 217 ---- abandon : 0 ---- batch size : 1  --- ed : 1714343058.1274114 --- --- id: 478  actual:1.4662673473358154  expected:1.7171562773978515
request: 493, latency: 1.9151062965393066
0号worker ---- good : 211 --- finish: 218 ---- abandon : 0 ---- batch size : 1  --- ed : 1714343059.361917 --- --- id: 493  actual:0.9888381958007812  expected:1.1221116751072744
request: 492, latency: 3.3950748443603516
0号worker ---- good : 212 --- finish: 219 ---- abandon : 0 ---- batch size : 1  --- ed : 1714343060.8416643 --- --- id: 492  actual:1.3490300178527832  expected:1.5518661100949134
request: 495, latency: 1.3186566829681396
0号worker ---- good : 213 --- finish: 220 ---- abandon : 0 ---- batch size : 1  --- ed : 1714343062.1282732 --- --- id: 495  actual:1.083923578262329  expected:1.2543438089496248
request: 494, latency: 3.05517840385437
0号worker ---- good : 214 --- finish: 221 ---- abandon : 0 ---- batch size : 1  --- ed : 1714343063.857057 --- --- id: 494  actual:1.5401132106781006  expected:1.6840982439372638
request: 499, latency: 3.22741961479187
0号worker ---- good : 215 --- finish: 222 ---- abandon : 0 ---- batch size : 1  --- ed : 1714343065.1405318 --- --- id: 499  actual:1.1392607688903809  expected:1.3204598758708002
