request: 0, latency: 1.4673957824707031
0号worker ---- good : 1 --- finish: 1 ---- abandon : 0 ---- batch size : 1  --- ed : 1714337188.3331153 --- --- id: 0  actual:1.4522888660430908  expected:1.4526920097131506
request: 2, latency: 1.613616943359375
0号worker ---- good : 2 --- finish: 2 ---- abandon : 0 ---- batch size : 1  --- ed : 1714337189.3600025 --- --- id: 2  actual:1.0265648365020752  expected:1.0559956081860993
request: 3, latency: 2.5019876956939697
0号worker ---- good : 3 --- finish: 3 ---- abandon : 0 ---- batch size : 1  --- ed : 1714337190.444181 --- --- id: 3  actual:1.0499131679534912  expected:1.155169708567862
request: 1, latency: 4.434021949768066
0号worker ---- good : 4 --- finish: 4 ---- abandon : 0 ---- batch size : 1  --- ed : 1714337192.0082812 --- --- id: 1  actual:1.423105239868164  expected:1.5518661100949134
request: 4, latency: 1.3038320541381836
0号worker ---- good : 5 --- finish: 5 ---- abandon : 0 ---- batch size : 1  --- ed : 1714337201.5483553 --- --- id: 4  actual:1.2988026142120361  expected:1.155169708567862
request: 5, latency: 1.23280930519104
0号worker ---- good : 6 --- finish: 6 ---- abandon : 0 ---- batch size : 1  --- ed : 1714337203.6169858 --- --- id: 5  actual:1.2318520545959473  expected:1.2874018424102125
request: 6, latency: 1.9329369068145752
0号worker ---- good : 7 --- finish: 7 ---- abandon : 0 ---- batch size : 1  --- ed : 1714337204.8729348 --- --- id: 6  actual:1.1663966178894043  expected:1.3535179093313876
request: 8, latency: 3.6435394287109375
0号worker ---- good : 8 --- finish: 8 ---- abandon : 0 ---- batch size : 1  --- ed : 1714337206.5839157 --- --- id: 8  actual:1.5269949436187744  expected:1.6510402104766764
request: 9, latency: 2.902900457382202
0号worker ---- good : 9 --- finish: 9 ---- abandon : 0 ---- batch size : 1  --- ed : 1714337207.818217 --- --- id: 9  actual:1.0879371166229248  expected:1.1882277420284497
request: 10, latency: 1.3760912418365479
0号worker ---- good : 10 --- finish: 10 ---- abandon : 0 ---- batch size : 1  --- ed : 1714337224.8107748 --- --- id: 10  actual:1.3689868450164795  expected:1.2543438089496248
request: 12, latency: 2.0627546310424805
0号worker ---- good : 11 --- finish: 11 ---- abandon : 0 ---- batch size : 1  --- ed : 1714337225.7408195 --- --- id: 12  actual:0.9297888278961182  expected:1.0890536416466867
request: 13, latency: 3.2765135765075684
0号worker ---- good : 12 --- finish: 12 ---- abandon : 0 ---- batch size : 1  --- ed : 1714337226.9569075 --- --- id: 13  actual:1.1678431034088135  expected:1.2543438089496248
request: 15, latency: 4.377336263656616
0号worker ---- good : 13 --- finish: 13 ---- abandon : 0 ---- batch size : 1  --- ed : 1714337228.4799316 --- --- id: 15  actual:1.431042194366455  expected:1.5188080766343257
request: 19, latency: 1.438333511352539
0号worker ---- good : 14 --- finish: 14 ---- abandon : 0 ---- batch size : 1  --- ed : 1714337235.010874 --- --- id: 19  actual:1.4368302822113037  expected:1.3204598758708002
request: 20, latency: 2.472504138946533
0号worker ---- good : 15 --- finish: 15 ---- abandon : 0 ---- batch size : 1  --- ed : 1714337236.134316 --- --- id: 20  actual:1.1232903003692627  expected:1.3535179093313876
request: 25, latency: 1.9900403022766113
0号worker ---- good : 16 --- finish: 16 ---- abandon : 0 ---- batch size : 1  --- ed : 1714337237.344975 --- --- id: 25  actual:1.0554118156433105  expected:1.2212857754890372
request: 23, latency: 4.309342384338379
0号worker ---- good : 17 --- finish: 17 ---- abandon : 0 ---- batch size : 1  --- ed : 1714337239.0895095 --- --- id: 23  actual:1.5827436447143555  expected:1.584924143555501
request: 26, latency: 4.350409507751465
request: 27, latency: 4.097887754440308
0号worker ---- good : 19 --- finish: 19 ---- abandon : 0 ---- batch size : 2  --- ed : 1714337240.676804 --- --- id: 26 27  actual:1.5804667472839355  expected:1.53054537110478
request: 30, latency: 1.076857089996338
0号worker ---- good : 20 --- finish: 20 ---- abandon : 0 ---- batch size : 1  --- ed : 1714337255.0813909 --- --- id: 30  actual:1.0752432346343994  expected:1.155169708567862
request: 31, latency: 2.6709063053131104
0号worker ---- good : 21 --- finish: 21 ---- abandon : 0 ---- batch size : 1  --- ed : 1714337256.7097569 --- --- id: 31  actual:1.5530993938446045  expected:1.6179821770160887
request: 32, latency: 4.6761085987091064
request: 33, latency: 4.62139892578125
request: 34, latency: 4.621207237243652
0号worker ---- good : 24 --- finish: 24 ---- abandon : 0 ---- batch size : 3  --- ed : 1714337258.7561557 --- --- id: 32 33 34  actual:1.9312243461608887  expected:1.7320176943610894
request: 41, latency: 3.22896671295166
0号worker ---- good : 25 --- finish: 25 ---- abandon : 0 ---- batch size : 1  --- ed : 1714337260.1233706 --- --- id: 41  actual:1.367053508758545  expected:1.3865759427919753
request: 43, latency: 2.780536651611328
0号worker ---- good : 26 --- finish: 26 ---- abandon : 0 ---- batch size : 1  --- ed : 1714337261.2554674 --- --- id: 43  actual:1.1319234371185303  expected:1.155169708567862
request: 46, latency: 2.90705943107605
0号worker ---- good : 27 --- finish: 27 ---- abandon : 0 ---- batch size : 1  --- ed : 1714337262.2647781 --- --- id: 46  actual:1.0091323852539062  expected:1.1221116751072744
request: 45, latency: 4.647176742553711
0号worker ---- good : 28 --- finish: 28 ---- abandon : 0 ---- batch size : 1  --- ed : 1714337263.7914484 --- --- id: 45  actual:1.5264925956726074  expected:1.6510402104766764
request: 48, latency: 1.7230548858642578
0号worker ---- good : 29 --- finish: 29 ---- abandon : 0 ---- batch size : 1  --- ed : 1714337264.815586 --- --- id: 48  actual:0.9573280811309814  expected:1.0559956081860993
request: 49, latency: 1.2601547241210938
0号worker ---- good : 30 --- finish: 30 ---- abandon : 0 ---- batch size : 1  --- ed : 1714337268.4446929 --- --- id: 49  actual:1.247474193572998  expected:1.1882277420284497
request: 50, latency: 1.1358287334442139
0号worker ---- good : 31 --- finish: 31 ---- abandon : 0 ---- batch size : 1  --- ed : 1714337272.4381618 --- --- id: 50  actual:1.134441614151001  expected:1.2212857754890372
request: 51, latency: 1.1048266887664795
0号worker ---- good : 32 --- finish: 32 ---- abandon : 0 ---- batch size : 1  --- ed : 1714337273.8843346 --- --- id: 51  actual:1.0989248752593994  expected:1.2543438089496248
request: 52, latency: 1.3068761825561523
0号worker ---- good : 33 --- finish: 33 ---- abandon : 0 ---- batch size : 1  --- ed : 1714337284.5994887 --- --- id: 52  actual:1.3012781143188477  expected:1.3204598758708002
request: 54, latency: 2.6608963012695312
0号worker ---- good : 34 --- finish: 34 ---- abandon : 0 ---- batch size : 1  --- ed : 1714337286.1260982 --- --- id: 54  actual:1.5071074962615967  expected:1.6179821770160887
request: 53, latency: 4.557902812957764
0号worker ---- good : 35 --- finish: 35 ---- abandon : 0 ---- batch size : 1  --- ed : 1714337288.0229247 --- --- id: 53  actual:1.7607815265655518  expected:1.7171562773978515
request: 59, latency: 2.7204339504241943
request: 60, latency: 1.7549340724945068
0号worker ---- good : 37 --- finish: 37 ---- abandon : 0 ---- batch size : 2  --- ed : 1714337289.1250012 --- --- id: 59 60  actual:1.1018695831298828  expected:1.076094817804357
request: 61, latency: 1.187718152999878
0号worker ---- good : 38 --- finish: 38 ---- abandon : 0 ---- batch size : 1  --- ed : 1714337293.2956567 --- --- id: 61  actual:1.186377763748169  expected:1.2874018424102125
request: 62, latency: 2.407621383666992
0号worker ---- good : 39 --- finish: 39 ---- abandon : 0 ---- batch size : 1  --- ed : 1714337294.7081625 --- --- id: 62  actual:1.3112294673919678  expected:1.3535179093313876
request: 63, latency: 1.294870138168335
0号worker ---- good : 40 --- finish: 40 ---- abandon : 0 ---- batch size : 1  --- ed : 1714337295.9353366 --- --- id: 63  actual:1.1890032291412354  expected:1.155169708567862
request: 64, latency: 2.5752251148223877
0号worker ---- good : 41 --- finish: 41 ---- abandon : 0 ---- batch size : 1  --- ed : 1714337297.21633 --- --- id: 64  actual:1.280693531036377  expected:1.2543438089496248
request: 68, latency: 2.511373996734619
0号worker ---- good : 42 --- finish: 42 ---- abandon : 0 ---- batch size : 1  --- ed : 1714337298.5500472 --- --- id: 68  actual:1.333359956741333  expected:1.0559956081860993
request: 65, latency: 3.8294718265533447
0号worker ---- good : 43 --- finish: 43 ---- abandon : 0 ---- batch size : 1  --- ed : 1714337299.8600645 --- --- id: 65  actual:1.3092155456542969  expected:1.419633976252563
request: 70, latency: 2.3719377517700195
0号worker ---- good : 44 --- finish: 44 ---- abandon : 0 ---- batch size : 1  --- ed : 1714337300.914284 --- --- id: 70  actual:1.0539345741271973  expected:1.155169708567862
request: 69, latency: 4.006260633468628
0号worker ---- good : 45 --- finish: 45 ---- abandon : 0 ---- batch size : 1  --- ed : 1714337302.4017513 --- --- id: 69  actual:1.487292766571045  expected:1.5188080766343257
request: 71, latency: 3.9654006958007812
0号worker ---- good : 46 --- finish: 46 ---- abandon : 0 ---- batch size : 1  --- ed : 1714337303.7699382 --- --- id: 71  actual:1.367976188659668  expected:1.4526920097131506
request: 72, latency: 3.8659603595733643
0号worker ---- good : 47 --- finish: 47 ---- abandon : 0 ---- batch size : 1  --- ed : 1714337305.1218119 --- --- id: 72  actual:1.2552483081817627  expected:1.3865759427919753
request: 73, latency: 1.670391321182251
0号worker ---- good : 48 --- finish: 48 ---- abandon : 0 ---- batch size : 1  --- ed : 1714337319.674505 --- --- id: 73  actual:1.6693761348724365  expected:1.7171562773978515
request: 75, latency: 2.890014410018921
0号worker ---- good : 49 --- finish: 49 ---- abandon : 0 ---- batch size : 1  --- ed : 1714337320.9029412 --- --- id: 75  actual:1.1824090480804443  expected:1.1882277420284497
request: 77, latency: 1.7550721168518066
0号worker ---- good : 50 --- finish: 50 ---- abandon : 0 ---- batch size : 1  --- ed : 1714337322.0094135 --- --- id: 77  actual:1.0973479747772217  expected:1.1882277420284497
request: 76, latency: 3.036060333251953
0号worker ---- good : 51 --- finish: 51 ---- abandon : 0 ---- batch size : 1  --- ed : 1714337323.2143722 --- --- id: 76  actual:1.1109721660614014  expected:1.2543438089496248
request: 78, latency: 4.499692440032959
0号worker ---- good : 52 --- finish: 52 ---- abandon : 0 ---- batch size : 1  --- ed : 1714337324.7580726 --- --- id: 78  actual:1.4064662456512451  expected:1.5518661100949134
request: 80, latency: 1.2770788669586182
0号worker ---- good : 53 --- finish: 53 ---- abandon : 0 ---- batch size : 1  --- ed : 1714337329.4896195 --- --- id: 80  actual:1.260411262512207  expected:1.155169708567862
request: 81, latency: 2.2053139209747314
0号worker ---- good : 54 --- finish: 54 ---- abandon : 0 ---- batch size : 1  --- ed : 1714337330.8574097 --- --- id: 81  actual:1.367074728012085  expected:1.4526920097131506
request: 82, latency: 1.7836601734161377
0号worker ---- good : 55 --- finish: 55 ---- abandon : 0 ---- batch size : 1  --- ed : 1714337331.9529657 --- --- id: 82  actual:1.0953857898712158  expected:1.1882277420284497
request: 84, latency: 2.992244005203247
0号worker ---- good : 56 --- finish: 56 ---- abandon : 0 ---- batch size : 1  --- ed : 1714337333.3023505 --- --- id: 84  actual:1.2722291946411133  expected:1.3204598758708002
request: 83, latency: 4.908919811248779
request: 87, latency: 3.2908101081848145
0号worker ---- good : 58 --- finish: 58 ---- abandon : 0 ---- batch size : 2  --- ed : 1714337335.2125375 --- --- id: 83 87  actual:1.782888650894165  expected:1.6928491401406456
request: 89, latency: 4.617834568023682
0号worker ---- good : 59 --- finish: 59 ---- abandon : 0 ---- batch size : 1  --- ed : 1714337336.698851 --- --- id: 89  actual:1.4860553741455078  expected:1.5518661100949134
request: 92, latency: 4.609668970108032
request: 99, latency: 2.0033557415008545
0号worker ---- good : 61 --- finish: 61 ---- abandon : 0 ---- batch size : 2  --- ed : 1714337338.2710338 --- --- id: 92 99  actual:1.572005271911621  expected:1.5954668787191262
request: 98, latency: 3.0052411556243896
0号worker ---- good : 62 --- finish: 62 ---- abandon : 0 ---- batch size : 1  --- ed : 1714337339.2664783 --- --- id: 98  actual:0.9952757358551025  expected:1.0559956081860993
request: 100, latency: 3.279398202896118
0号worker ---- good : 63 --- finish: 63 ---- abandon : 0 ---- batch size : 1  --- ed : 1714337340.73974 --- --- id: 100  actual:1.4623982906341553  expected:1.6510402104766764
request: 101, latency: 1.0588808059692383
0号worker ---- good : 64 --- finish: 64 ---- abandon : 0 ---- batch size : 1  --- ed : 1714337347.521843 --- --- id: 101  actual:1.0561349391937256  expected:1.1882277420284497
request: 102, latency: 2.141489267349243
request: 105, latency: 1.9948093891143799
0号worker ---- good : 66 --- finish: 66 ---- abandon : 0 ---- batch size : 2  --- ed : 1714337348.6268196 --- --- id: 102 105  actual:0.9604222774505615  expected:1.10855557161153
request: 104, latency: 3.1824615001678467
0号worker ---- good : 67 --- finish: 67 ---- abandon : 0 ---- batch size : 1  --- ed : 1714337349.782603 --- --- id: 104  actual:1.0099124908447266  expected:1.155169708567862
request: 106, latency: 1.2173843383789062
0号worker ---- good : 68 --- finish: 68 ---- abandon : 0 ---- batch size : 1  --- ed : 1714337351.3824809 --- --- id: 106  actual:1.2111597061157227  expected:1.3865759427919753
request: 107, latency: 2.3633556365966797
0号worker ---- good : 69 --- finish: 69 ---- abandon : 0 ---- batch size : 1  --- ed : 1714337352.911184 --- --- id: 107  actual:1.307157039642334  expected:1.4857500431737383
request: 111, latency: 1.4606273174285889
0号worker ---- good : 70 --- finish: 70 ---- abandon : 0 ---- batch size : 1  --- ed : 1714337354.0524049 --- --- id: 111  actual:0.9602491855621338  expected:1.0559956081860993
request: 109, latency: 2.7705278396606445
0号worker ---- good : 71 --- finish: 71 ---- abandon : 0 ---- batch size : 1  --- ed : 1714337355.2741756 --- --- id: 109  actual:1.121203899383545  expected:1.2874018424102125
request: 112, latency: 2.2535245418548584
0号worker ---- good : 72 --- finish: 72 ---- abandon : 0 ---- batch size : 1  --- ed : 1714337356.6816504 --- --- id: 112  actual:1.2397987842559814  expected:1.3865759427919753
request: 113, latency: 1.5303330421447754
0号worker ---- good : 73 --- finish: 73 ---- abandon : 0 ---- batch size : 1  --- ed : 1714337361.05492 --- --- id: 113  actual:1.528095006942749  expected:1.6510402104766764
request: 114, latency: 2.4074647426605225
0号worker ---- good : 74 --- finish: 74 ---- abandon : 0 ---- batch size : 1  --- ed : 1714337362.4285936 --- --- id: 114  actual:1.2545175552368164  expected:1.419633976252563
request: 115, latency: 1.1316733360290527
0号worker ---- good : 75 --- finish: 75 ---- abandon : 0 ---- batch size : 1  --- ed : 1714337373.0002072 --- --- id: 115  actual:1.1179258823394775  expected:1.1221116751072744
request: 116, latency: 2.2184228897094727
0号worker ---- good : 76 --- finish: 76 ---- abandon : 0 ---- batch size : 1  --- ed : 1714337374.1050045 --- --- id: 116  actual:1.1046295166015625  expected:1.1221116751072744
request: 117, latency: 3.3832411766052246
request: 118, latency: 2.307924509048462
0号worker ---- good : 78 --- finish: 78 ---- abandon : 0 ---- batch size : 2  --- ed : 1714337375.269891 --- --- id: 117 118  actual:1.1106972694396973  expected:1.1410163254187031
request: 120, latency: 3.7463717460632324
0号worker ---- good : 79 --- finish: 79 ---- abandon : 0 ---- batch size : 1  --- ed : 1714337376.742237 --- --- id: 120  actual:1.446164608001709  expected:1.5188080766343257
request: 121, latency: 1.071645736694336
0号worker ---- good : 80 --- finish: 80 ---- abandon : 0 ---- batch size : 1  --- ed : 1714337391.900181 --- --- id: 121  actual:1.0700204372406006  expected:1.155169708567862
request: 123, latency: 2.679445505142212
0号worker ---- good : 81 --- finish: 81 ---- abandon : 0 ---- batch size : 1  --- ed : 1714337393.593337 --- --- id: 123  actual:1.61159348487854  expected:1.6179821770160887
request: 122, latency: 4.207690954208374
0号worker ---- good : 82 --- finish: 82 ---- abandon : 0 ---- batch size : 1  --- ed : 1714337395.1061175 --- --- id: 122  actual:1.5014066696166992  expected:1.7171562773978515
request: 124, latency: 1.4758222103118896
0号worker ---- good : 83 --- finish: 83 ---- abandon : 0 ---- batch size : 1  --- ed : 1714337400.5683532 --- --- id: 124  actual:1.4461359977722168  expected:1.6510402104766764
request: 127, latency: 1.8705880641937256
0号worker ---- good : 84 --- finish: 84 ---- abandon : 0 ---- batch size : 1  --- ed : 1714337401.9237347 --- --- id: 127  actual:1.1746070384979248  expected:1.0890536416466867
request: 126, latency: 3.2202441692352295
0号worker ---- good : 85 --- finish: 85 ---- abandon : 0 ---- batch size : 1  --- ed : 1714337403.1957097 --- --- id: 126  actual:1.2718071937561035  expected:1.3535179093313876
request: 129, latency: 4.023712396621704
0号worker ---- good : 86 --- finish: 86 ---- abandon : 0 ---- batch size : 1  --- ed : 1714337404.502259 --- --- id: 129  actual:1.3063859939575195  expected:1.3865759427919753
request: 130, latency: 2.7978103160858154
request: 132, latency: 2.432208776473999
0号worker ---- good : 88 --- finish: 88 ---- abandon : 0 ---- batch size : 2  --- ed : 1714337405.8710938 --- --- id: 130 132  actual:1.3085479736328125  expected:1.4007023558760878
request: 131, latency: 3.7672934532165527
0号worker ---- good : 89 --- finish: 89 ---- abandon : 0 ---- batch size : 1  --- ed : 1714337407.2055907 --- --- id: 131  actual:1.221325397491455  expected:1.3204598758708002
request: 133, latency: 1.0367481708526611
0号worker ---- good : 90 --- finish: 90 ---- abandon : 0 ---- batch size : 1  --- ed : 1714337419.990885 --- --- id: 133  actual:1.0101418495178223  expected:1.1221116751072744
request: 134, latency: 1.5257568359375
0号worker ---- good : 91 --- finish: 91 ---- abandon : 0 ---- batch size : 1  --- ed : 1714337425.7302883 --- --- id: 134  actual:1.5247225761413574  expected:1.6840982439372638
request: 136, latency: 2.3789443969726562
request: 137, latency: 2.377200126647949
0号worker ---- good : 93 --- finish: 93 ---- abandon : 0 ---- batch size : 2  --- ed : 1714337426.7962165 --- --- id: 136 137  actual:0.8986880779266357  expected:1.043634063997184
request: 135, latency: 4.042181730270386
0号worker ---- good : 94 --- finish: 94 ---- abandon : 0 ---- batch size : 1  --- ed : 1714337428.31255 --- --- id: 135  actual:1.3755691051483154  expected:1.584924143555501
request: 140, latency: 4.115606307983398
0号worker ---- good : 95 --- finish: 95 ---- abandon : 0 ---- batch size : 1  --- ed : 1714337429.7911072 --- --- id: 140  actual:1.2610716819763184  expected:1.5188080766343257
request: 143, latency: 2.0694453716278076
0号worker ---- good : 96 --- finish: 96 ---- abandon : 0 ---- batch size : 1  --- ed : 1714337431.2112293 --- --- id: 143  actual:1.1485464572906494  expected:1.3204598758708002
request: 141, latency: 3.5531773567199707
0号worker ---- good : 97 --- finish: 97 ---- abandon : 0 ---- batch size : 1  --- ed : 1714337432.6662097 --- --- id: 141  actual:1.2714407444000244  expected:1.3865759427919753
request: 148, latency: 3.7699520587921143
0号worker ---- good : 98 --- finish: 98 ---- abandon : 0 ---- batch size : 1  --- ed : 1714337434.141305 --- --- id: 148  actual:1.3511102199554443  expected:1.419633976252563
request: 149, latency: 3.2817652225494385
0号worker ---- good : 99 --- finish: 99 ---- abandon : 0 ---- batch size : 1  --- ed : 1714337435.6336403 --- --- id: 149  actual:1.4183549880981445  expected:1.4857500431737383
request: 152, latency: 3.791085958480835
request: 154, latency: 3.1652188301086426
0号worker ---- good : 101 --- finish: 101 ---- abandon : 0 ---- batch size : 2  --- ed : 1714337436.9050434 --- --- id: 152 154  actual:1.2095904350280762  expected:1.3033200944545686
request: 160, latency: 2.8070566654205322
0号worker ---- good : 102 --- finish: 102 ---- abandon : 0 ---- batch size : 1  --- ed : 1714337437.9311981 --- --- id: 160  actual:0.9329745769500732  expected:1.0559956081860993
request: 159, latency: 4.331977844238281
0号worker ---- good : 103 --- finish: 103 ---- abandon : 0 ---- batch size : 1  --- ed : 1714337439.4494917 --- --- id: 159  actual:1.3776211738586426  expected:1.5188080766343257
request: 162, latency: 1.0018610954284668
0号worker ---- good : 104 --- finish: 104 ---- abandon : 0 ---- batch size : 1  --- ed : 1714337440.7220502 --- --- id: 162  actual:0.9951860904693604  expected:1.155169708567862
request: 163, latency: 1.2770836353302002
0号worker ---- good : 105 --- finish: 105 ---- abandon : 0 ---- batch size : 1  --- ed : 1714337442.4656544 --- --- id: 163  actual:1.2760639190673828  expected:1.4857500431737383
request: 164, latency: 1.3282136917114258
0号worker ---- good : 106 --- finish: 106 ---- abandon : 0 ---- batch size : 1  --- ed : 1714337447.6326303 --- --- id: 164  actual:1.3252942562103271  expected:1.419633976252563
request: 165, latency: 1.4861724376678467
0号worker ---- good : 107 --- finish: 107 ---- abandon : 0 ---- batch size : 1  --- ed : 1714337449.0697217 --- --- id: 165  actual:1.3137598037719727  expected:1.4857500431737383
request: 166, latency: 1.3935661315917969
0号worker ---- good : 108 --- finish: 108 ---- abandon : 0 ---- batch size : 1  --- ed : 1714337450.7292395 --- --- id: 166  actual:1.3929691314697266  expected:1.4857500431737383
request: 167, latency: 2.6983625888824463
0号worker ---- good : 109 --- finish: 109 ---- abandon : 0 ---- batch size : 1  --- ed : 1714337452.051929 --- --- id: 167  actual:1.232978343963623  expected:1.419633976252563
request: 168, latency: 2.1616477966308594
0号worker ---- good : 110 --- finish: 110 ---- abandon : 0 ---- batch size : 1  --- ed : 1714337453.7164986 --- --- id: 168  actual:1.482903003692627  expected:1.584924143555501
request: 169, latency: 3.5676214694976807
0号worker ---- good : 111 --- finish: 111 ---- abandon : 0 ---- batch size : 1  --- ed : 1714337455.3578107 --- --- id: 169  actual:1.542332410812378  expected:1.5188080766343257
request: 170, latency: 1.717879295349121
0号worker ---- good : 112 --- finish: 112 ---- abandon : 0 ---- batch size : 1  --- ed : 1714337456.8704212 --- --- id: 170  actual:1.5123381614685059  expected:1.584924143555501
request: 171, latency: 1.5510904788970947
0号worker ---- good : 113 --- finish: 113 ---- abandon : 0 ---- batch size : 1  --- ed : 1714337466.4316883 --- --- id: 171  actual:1.5484507083892822  expected:1.6840982439372638
request: 172, latency: 1.0722732543945312
0号worker ---- good : 114 --- finish: 114 ---- abandon : 0 ---- batch size : 1  --- ed : 1714337468.525899 --- --- id: 172  actual:1.0592906475067139  expected:1.0890536416466867
request: 173, latency: 1.2715425491333008
0号worker ---- good : 115 --- finish: 115 ---- abandon : 0 ---- batch size : 1  --- ed : 1714337471.2080786 --- --- id: 173  actual:1.2392385005950928  expected:1.3204598758708002
request: 174, latency: 1.465552568435669
0号worker ---- good : 116 --- finish: 116 ---- abandon : 0 ---- batch size : 1  --- ed : 1714337472.2374048 --- --- id: 174  actual:0.9838011264801025  expected:1.0559956081860993
request: 175, latency: 2.7495172023773193
0号worker ---- good : 117 --- finish: 117 ---- abandon : 0 ---- batch size : 1  --- ed : 1714337473.5216486 --- --- id: 175  actual:1.161257028579712  expected:1.1882277420284497
request: 180, latency: 3.7947235107421875
0号worker ---- good : 118 --- finish: 118 ---- abandon : 0 ---- batch size : 1  --- ed : 1714337474.8150911 --- --- id: 180  actual:1.2622547149658203  expected:1.3535179093313876
request: 187, latency: 1.2237834930419922
0号worker ---- good : 119 --- finish: 119 ---- abandon : 0 ---- batch size : 1  --- ed : 1714337476.0199873 --- --- id: 187  actual:1.051039695739746  expected:1.0890536416466867
request: 185, latency: 2.3714616298675537
0号worker ---- good : 120 --- finish: 120 ---- abandon : 0 ---- batch size : 1  --- ed : 1714337477.153144 --- --- id: 185  actual:1.106795072555542  expected:1.2543438089496248
request: 182, latency: 3.7388503551483154
0号worker ---- good : 121 --- finish: 121 ---- abandon : 0 ---- batch size : 1  --- ed : 1714337478.4593797 --- --- id: 182  actual:1.1621670722961426  expected:1.3204598758708002
request: 189, latency: 1.1407897472381592
0号worker ---- good : 122 --- finish: 122 ---- abandon : 0 ---- batch size : 1  --- ed : 1714337492.0613317 --- --- id: 189  actual:1.1393895149230957  expected:1.155169708567862
request: 190, latency: 2.467837333679199
0号worker ---- good : 123 --- finish: 123 ---- abandon : 0 ---- batch size : 1  --- ed : 1714337493.5380023 --- --- id: 190  actual:1.4653053283691406  expected:1.6510402104766764
request: 191, latency: 3.2059922218322754
0号worker ---- good : 124 --- finish: 124 ---- abandon : 0 ---- batch size : 1  --- ed : 1714337495.1650288 --- --- id: 191  actual:1.4418139457702637  expected:1.5518661100949134
request: 192, latency: 2.37483549118042
request: 196, latency: 1.4492566585540771
0号worker ---- good : 126 --- finish: 126 ---- abandon : 0 ---- batch size : 2  --- ed : 1714337496.3673644 --- --- id: 192 196  actual:1.0956759452819824  expected:1.1410163254187031
request: 193, latency: 3.550386428833008
0号worker ---- good : 127 --- finish: 127 ---- abandon : 0 ---- batch size : 1  --- ed : 1714337497.5611558 --- --- id: 193  actual:1.1447532176971436  expected:1.3865759427919753
request: 197, latency: 2.6707983016967773
0号worker ---- good : 128 --- finish: 128 ---- abandon : 0 ---- batch size : 1  --- ed : 1714337498.9193316 --- --- id: 197  actual:1.101600170135498  expected:1.2212857754890372
request: 198, latency: 3.9680702686309814
0号worker ---- good : 129 --- finish: 129 ---- abandon : 0 ---- batch size : 1  --- ed : 1714337500.310944 --- --- id: 198  actual:1.273576021194458  expected:1.419633976252563
request: 199, latency: 0.9433138370513916
0号worker ---- good : 130 --- finish: 130 ---- abandon : 0 ---- batch size : 1  --- ed : 1714337503.796606 --- --- id: 199  actual:0.9386236667633057  expected:1.0559956081860993
request: 200, latency: 2.384721517562866
0号worker ---- good : 131 --- finish: 131 ---- abandon : 0 ---- batch size : 1  --- ed : 1714337505.2537932 --- --- id: 200  actual:1.346191167831421  expected:1.419633976252563
request: 201, latency: 1.1416316032409668
0号worker ---- good : 132 --- finish: 132 ---- abandon : 0 ---- batch size : 1  --- ed : 1714337506.4861672 --- --- id: 201  actual:1.1399078369140625  expected:1.3204598758708002
request: 202, latency: 1.6224300861358643
0号worker ---- good : 133 --- finish: 133 ---- abandon : 0 ---- batch size : 1  --- ed : 1714337520.9269505 --- --- id: 202  actual:1.621262788772583  expected:1.7171562773978515
request: 203, latency: 2.9333882331848145
0号worker ---- good : 134 --- finish: 134 ---- abandon : 0 ---- batch size : 1  --- ed : 1714337522.2793534 --- --- id: 203  actual:1.2576065063476562  expected:1.3865759427919753
request: 205, latency: 1.1032390594482422
0号worker ---- good : 135 --- finish: 135 ---- abandon : 0 ---- batch size : 1  --- ed : 1714337530.0359085 --- --- id: 205  actual:1.1023173332214355  expected:1.2212857754890372
request: 206, latency: 1.4067809581756592
0号worker ---- good : 136 --- finish: 136 ---- abandon : 0 ---- batch size : 1  --- ed : 1714337531.861565 --- --- id: 206  actual:1.4055511951446533  expected:1.5518661100949134
request: 208, latency: 2.422429323196411
0号worker ---- good : 137 --- finish: 137 ---- abandon : 0 ---- batch size : 1  --- ed : 1714337533.0116267 --- --- id: 208  actual:1.0083913803100586  expected:1.1221116751072744
request: 207, latency: 3.8339333534240723
0号worker ---- good : 138 --- finish: 138 ---- abandon : 0 ---- batch size : 1  --- ed : 1714337534.3182485 --- --- id: 207  actual:1.1961305141448975  expected:1.3204598758708002
request: 211, latency: 2.0550930500030518
0号worker ---- good : 139 --- finish: 139 ---- abandon : 0 ---- batch size : 1  --- ed : 1714337535.8037999 --- --- id: 211  actual:1.3642816543579102  expected:1.5188080766343257
request: 213, latency: 2.0184574127197266
0号worker ---- good : 140 --- finish: 140 ---- abandon : 0 ---- batch size : 1  --- ed : 1714337536.9700866 --- --- id: 213  actual:0.9988279342651367  expected:1.155169708567862
request: 212, latency: 4.60862922668457
0号worker ---- good : 141 --- finish: 141 ---- abandon : 0 ---- batch size : 1  --- ed : 1714337538.6975176 --- --- id: 212  actual:1.5736479759216309  expected:1.7171562773978515
request: 214, latency: 1.136920690536499
0号worker ---- good : 142 --- finish: 142 ---- abandon : 0 ---- batch size : 1  --- ed : 1714337544.1248522 --- --- id: 214  actual:1.1357431411743164  expected:1.155169708567862
request: 215, latency: 1.134493112564087
0号worker ---- good : 143 --- finish: 143 ---- abandon : 0 ---- batch size : 1  --- ed : 1714337545.4000256 --- --- id: 215  actual:1.1291062831878662  expected:1.2874018424102125
request: 219, latency: 2.21738600730896
0号worker ---- good : 144 --- finish: 144 ---- abandon : 0 ---- batch size : 1  --- ed : 1714337546.6025286 --- --- id: 219  actual:1.049593210220337  expected:1.155169708567862
request: 216, latency: 3.7249162197113037
request: 217, latency: 3.7219486236572266
request: 218, latency: 3.720261573791504
0号worker ---- good : 147 --- finish: 147 ---- abandon : 0 ---- batch size : 3  --- ed : 1714337547.9906893 --- --- id: 216 217 218  actual:1.2857472896575928  expected:1.3985983605648349
request: 220, latency: 1.7433619499206543
0号worker ---- good : 148 --- finish: 148 ---- abandon : 0 ---- batch size : 1  --- ed : 1714337559.6842422 --- --- id: 220  actual:1.7419521808624268  expected:1.5188080766343257
request: 221, latency: 3.4223546981811523
0号worker ---- good : 149 --- finish: 149 ---- abandon : 0 ---- batch size : 1  --- ed : 1714337561.39379 --- --- id: 221  actual:1.7092764377593994  expected:1.6510402104766764
request: 222, latency: 1.3343465328216553
0号worker ---- good : 150 --- finish: 150 ---- abandon : 0 ---- batch size : 1  --- ed : 1714337564.053697 --- --- id: 222  actual:1.3329517841339111  expected:1.4526920097131506
request: 223, latency: 2.24643874168396
0号worker ---- good : 151 --- finish: 151 ---- abandon : 0 ---- batch size : 1  --- ed : 1714337565.4618833 --- --- id: 223  actual:1.2782812118530273  expected:1.155169708567862
request: 224, latency: 3.448777914047241
0号worker ---- good : 152 --- finish: 152 ---- abandon : 0 ---- batch size : 1  --- ed : 1714337566.8940167 --- --- id: 224  actual:1.4309642314910889  expected:1.3535179093313876
request: 230, latency: 4.103488922119141
0号worker ---- good : 153 --- finish: 153 ---- abandon : 0 ---- batch size : 1  --- ed : 1714337568.113582 --- --- id: 230  actual:1.2193853855133057  expected:1.4526920097131506
request: 233, latency: 2.704355478286743
0号worker ---- good : 154 --- finish: 154 ---- abandon : 0 ---- batch size : 1  --- ed : 1714337569.1265554 --- --- id: 233  actual:0.9984235763549805  expected:1.0890536416466867
request: 234, latency: 2.803961753845215
request: 240, latency: 1.9135334491729736
0号worker ---- good : 156 --- finish: 156 ---- abandon : 0 ---- batch size : 2  --- ed : 1714337570.3427176 --- --- id: 234 240  actual:1.1126699447631836  expected:1.2059378330330492
request: 235, latency: 3.654568672180176
request: 242, latency: 2.4197840690612793
0号worker ---- good : 158 --- finish: 158 ---- abandon : 0 ---- batch size : 2  --- ed : 1714337571.6598496 --- --- id: 235 242  actual:1.2363221645355225  expected:1.3033200944545686
request: 243, latency: 2.8504443168640137
0号worker ---- good : 159 --- finish: 159 ---- abandon : 0 ---- batch size : 1  --- ed : 1714337572.6830394 --- --- id: 243  actual:0.9520881175994873  expected:1.0890536416466867
request: 246, latency: 2.3344714641571045
0号worker ---- good : 160 --- finish: 160 ---- abandon : 0 ---- batch size : 1  --- ed : 1714337573.9495728 --- --- id: 246  actual:1.141326904296875  expected:1.155169708567862
request: 245, latency: 4.4126574993133545
request: 250, latency: 1.8832368850708008
0号worker ---- good : 162 --- finish: 162 ---- abandon : 0 ---- batch size : 2  --- ed : 1714337575.333994 --- --- id: 245 250  actual:1.3681907653808594  expected:1.5630061249119531
request: 249, latency: 3.2641069889068604
0号worker ---- good : 163 --- finish: 163 ---- abandon : 0 ---- batch size : 1  --- ed : 1714337576.7003605 --- --- id: 249  actual:1.16727876663208  expected:1.1882277420284497
request: 252, latency: 1.1289663314819336
0号worker ---- good : 164 --- finish: 164 ---- abandon : 0 ---- batch size : 1  --- ed : 1714337595.245862 --- --- id: 252  actual:1.1276450157165527  expected:1.2874018424102125
request: 253, latency: 1.942133903503418
0号worker ---- good : 165 --- finish: 165 ---- abandon : 0 ---- batch size : 1  --- ed : 1714337596.4001105 --- --- id: 253  actual:0.9968845844268799  expected:1.155169708567862
request: 254, latency: 3.186943769454956
0号worker ---- good : 166 --- finish: 166 ---- abandon : 0 ---- batch size : 1  --- ed : 1714337598.1034677 --- --- id: 254  actual:1.546398639678955  expected:1.6510402104766764
request: 255, latency: 1.929765224456787
0号worker ---- good : 167 --- finish: 167 ---- abandon : 0 ---- batch size : 1  --- ed : 1714337599.5822957 --- --- id: 255  actual:1.3763723373413086  expected:1.6179821770160887
request: 256, latency: 0.9039068222045898
0号worker ---- good : 168 --- finish: 168 ---- abandon : 0 ---- batch size : 1  --- ed : 1714337604.6634617 --- --- id: 256  actual:0.9026141166687012  expected:1.0890536416466867
request: 257, latency: 2.6964991092681885
0号worker ---- good : 169 --- finish: 169 ---- abandon : 0 ---- batch size : 1  --- ed : 1714337606.4612067 --- --- id: 257  actual:1.5672557353973389  expected:1.6510402104766764
request: 258, latency: 1.4217031002044678
0号worker ---- good : 170 --- finish: 170 ---- abandon : 0 ---- batch size : 1  --- ed : 1714337614.9637244 --- --- id: 258  actual:1.4206221103668213  expected:1.6179821770160887
request: 260, latency: 2.3756887912750244
0号worker ---- good : 171 --- finish: 171 ---- abandon : 0 ---- batch size : 1  --- ed : 1714337616.1334436 --- --- id: 260  actual:0.9761612415313721  expected:1.1221116751072744
request: 262, latency: 3.4155499935150146
0号worker ---- good : 172 --- finish: 172 ---- abandon : 0 ---- batch size : 1  --- ed : 1714337617.377601 --- --- id: 262  actual:1.0952987670898438  expected:1.2212857754890372
request: 263, latency: 3.671444892883301
request: 264, latency: 3.6712374687194824
0号worker ---- good : 174 --- finish: 174 ---- abandon : 0 ---- batch size : 2  --- ed : 1714337618.8897002 --- --- id: 263 264  actual:1.3909327983856201  expected:1.4331631096832609
request: 266, latency: 3.617607593536377
0号worker ---- good : 175 --- finish: 175 ---- abandon : 0 ---- batch size : 1  --- ed : 1714337620.436185 --- --- id: 266  actual:1.5088975429534912  expected:1.5518661100949134
request: 271, latency: 3.5318284034729004
0号worker ---- good : 176 --- finish: 176 ---- abandon : 0 ---- batch size : 1  --- ed : 1714337621.6956685 --- --- id: 271  actual:1.1301665306091309  expected:1.2543438089496248
request: 274, latency: 3.76828932762146
0号worker ---- good : 177 --- finish: 177 ---- abandon : 0 ---- batch size : 1  --- ed : 1714337623.0672674 --- --- id: 274  actual:1.250298023223877  expected:1.419633976252563
request: 278, latency: 4.32250714302063
0号worker ---- good : 178 --- finish: 178 ---- abandon : 0 ---- batch size : 1  --- ed : 1714337624.6386275 --- --- id: 278  actual:1.402177333831787  expected:1.5188080766343257
request: 281, latency: 0.952141523361206
0号worker ---- good : 179 --- finish: 179 ---- abandon : 0 ---- batch size : 1  --- ed : 1714337639.3538213 --- --- id: 281  actual:0.9508106708526611  expected:1.0559956081860993
request: 282, latency: 1.183305263519287
0号worker ---- good : 180 --- finish: 180 ---- abandon : 0 ---- batch size : 1  --- ed : 1714337641.4135633 --- --- id: 282  actual:1.1823194026947021  expected:1.3535179093313876
request: 283, latency: 2.488901376724243
0号worker ---- good : 181 --- finish: 181 ---- abandon : 0 ---- batch size : 1  --- ed : 1714337642.7868767 --- --- id: 283  actual:1.2070293426513672  expected:1.419633976252563
request: 285, latency: 3.6922495365142822
0号worker ---- good : 182 --- finish: 182 ---- abandon : 0 ---- batch size : 1  --- ed : 1714337644.176871 --- --- id: 285  actual:1.1776652336120605  expected:1.3535179093313876
request: 286, latency: 2.9333343505859375
0号worker ---- good : 183 --- finish: 183 ---- abandon : 0 ---- batch size : 1  --- ed : 1714337645.336235 --- --- id: 286  actual:0.9859457015991211  expected:1.0559956081860993
request: 287, latency: 4.501818656921387
0号worker ---- good : 184 --- finish: 184 ---- abandon : 0 ---- batch size : 1  --- ed : 1714337646.9058433 --- --- id: 287  actual:1.5034513473510742  expected:1.584924143555501
request: 289, latency: 1.886744737625122
0号worker ---- good : 185 --- finish: 185 ---- abandon : 0 ---- batch size : 1  --- ed : 1714337648.0592887 --- --- id: 289  actual:1.0764086246490479  expected:1.1882277420284497
request: 290, latency: 3.3535518646240234
0号worker ---- good : 186 --- finish: 186 ---- abandon : 0 ---- batch size : 1  --- ed : 1714337649.6379848 --- --- id: 290  actual:1.4646177291870117  expected:1.7171562773978515
request: 292, latency: 1.503993034362793
0号worker ---- good : 187 --- finish: 187 ---- abandon : 0 ---- batch size : 1  --- ed : 1714337652.4445293 --- --- id: 292  actual:1.5030181407928467  expected:1.6840982439372638
request: 295, latency: 2.0063154697418213
0号worker ---- good : 188 --- finish: 188 ---- abandon : 0 ---- batch size : 1  --- ed : 1714337653.5548675 --- --- id: 295  actual:0.9299647808074951  expected:1.0559956081860993
request: 293, latency: 3.587676525115967
request: 297, latency: 2.902310371398926
0号worker ---- good : 190 --- finish: 190 ---- abandon : 0 ---- batch size : 2  --- ed : 1714337654.856089 --- --- id: 293 297  actual:1.181196689605713  expected:1.3033200944545686
request: 299, latency: 4.161181211471558
0号worker ---- good : 191 --- finish: 191 ---- abandon : 0 ---- batch size : 1  --- ed : 1714337656.2580826 --- --- id: 299  actual:1.2838444709777832  expected:1.4857500431737383
request: 302, latency: 2.836074113845825
0号worker ---- good : 192 --- finish: 192 ---- abandon : 0 ---- batch size : 1  --- ed : 1714337657.5392933 --- --- id: 302  actual:1.0498418807983398  expected:1.0559956081860993
request: 301, latency: 4.489401578903198
0号worker ---- good : 193 --- finish: 193 ---- abandon : 0 ---- batch size : 1  --- ed : 1714337659.0570037 --- --- id: 301  actual:1.5175397396087646  expected:1.7171562773978515
request: 303, latency: 3.279470920562744
0号worker ---- good : 194 --- finish: 194 ---- abandon : 0 ---- batch size : 1  --- ed : 1714337660.5842054 --- --- id: 303  actual:1.3551926612854004  expected:1.419633976252563
request: 305, latency: 2.799579381942749
0号worker ---- good : 195 --- finish: 195 ---- abandon : 0 ---- batch size : 1  --- ed : 1714337661.5913262 --- --- id: 305  actual:0.9510655403137207  expected:1.0559956081860993
request: 306, latency: 4.0865771770477295
0号worker ---- good : 196 --- finish: 196 ---- abandon : 0 ---- batch size : 1  --- ed : 1714337663.022617 --- --- id: 306  actual:1.3291940689086914  expected:1.3865759427919753
request: 311, latency: 3.0268189907073975
0号worker ---- good : 197 --- finish: 197 ---- abandon : 0 ---- batch size : 1  --- ed : 1714337664.1099417 --- --- id: 311  actual:1.0296916961669922  expected:1.155169708567862
request: 314, latency: 3.8641371726989746
request: 318, latency: 3.8242974281311035
0号worker ---- good : 199 --- finish: 199 ---- abandon : 0 ---- batch size : 2  --- ed : 1714337665.442938 --- --- id: 314 318  actual:1.2115957736968994  expected:1.3033200944545686
request: 322, latency: 2.8235268592834473
0号worker ---- good : 200 --- finish: 200 ---- abandon : 0 ---- batch size : 1  --- ed : 1714337666.5592785 --- --- id: 322  actual:1.026515007019043  expected:1.1882277420284497
request: 325, latency: 2.4242377281188965
0号worker ---- good : 201 --- finish: 201 ---- abandon : 0 ---- batch size : 1  --- ed : 1714337667.938554 --- --- id: 325  actual:1.2215209007263184  expected:1.3865759427919753
request: 324, latency: 3.905090808868408
0号worker ---- good : 202 --- finish: 202 ---- abandon : 0 ---- batch size : 1  --- ed : 1714337669.419199 --- --- id: 324  actual:1.3200068473815918  expected:1.4857500431737383
request: 327, latency: 4.087392568588257
0号worker ---- good : 203 --- finish: 203 ---- abandon : 0 ---- batch size : 1  --- ed : 1714337670.9444325 --- --- id: 327  actual:1.3632290363311768  expected:1.5188080766343257
request: 330, latency: 3.0565645694732666
0号worker ---- good : 204 --- finish: 204 ---- abandon : 0 ---- batch size : 1  --- ed : 1714337672.1205657 --- --- id: 330  actual:1.016204833984375  expected:1.155169708567862
request: 329, latency: 4.892055511474609
request: 334, latency: 4.441264629364014
0号worker ---- good : 206 --- finish: 206 ---- abandon : 0 ---- batch size : 2  --- ed : 1714337673.861231 --- --- id: 329 334  actual:1.5650076866149902  expected:1.6603883863334725
request: 336, latency: 1.921247959136963
0号worker ---- good : 207 --- finish: 207 ---- abandon : 0 ---- batch size : 1  --- ed : 1714337675.4618518 --- --- id: 336  actual:1.5074427127838135  expected:1.6510402104766764
request: 337, latency: 1.4321246147155762
0号worker ---- good : 208 --- finish: 208 ---- abandon : 0 ---- batch size : 1  --- ed : 1714337688.0760782 --- --- id: 337  actual:1.4307727813720703  expected:1.4857500431737383
request: 338, latency: 2.424776077270508
0号worker ---- good : 209 --- finish: 209 ---- abandon : 0 ---- batch size : 1  --- ed : 1714337689.1123636 --- --- id: 338  actual:0.9756748676300049  expected:1.0890536416466867
request: 339, latency: 1.2184607982635498
0号worker ---- good : 210 --- finish: 210 ---- abandon : 0 ---- batch size : 1  --- ed : 1714337694.9349952 --- --- id: 339  actual:1.209932565689087  expected:1.2543438089496248
request: 340, latency: 2.495616912841797
0号worker ---- good : 211 --- finish: 211 ---- abandon : 0 ---- batch size : 1  --- ed : 1714337696.2395117 --- --- id: 340  actual:1.2528069019317627  expected:1.3865759427919753
request: 341, latency: 4.692042112350464
0号worker ---- good : 212 --- finish: 212 ---- abandon : 0 ---- batch size : 1  --- ed : 1714337698.4561152 --- --- id: 341  actual:2.0766875743865967  expected:1.584924143555501
request: 343, latency: 2.0697288513183594
0号worker ---- good : 213 --- finish: 213 ---- abandon : 0 ---- batch size : 1  --- ed : 1714337699.430988 --- --- id: 343  actual:0.9745604991912842  expected:1.155169708567862
request: 342, latency: 3.712653875350952
0号worker ---- good : 214 --- finish: 214 ---- abandon : 0 ---- batch size : 1  --- ed : 1714337700.8652053 --- --- id: 342  actual:1.4340438842773438  expected:1.584924143555501
request: 344, latency: 1.3784780502319336
0号worker ---- good : 215 --- finish: 215 ---- abandon : 0 ---- batch size : 1  --- ed : 1714337702.8184934 --- --- id: 344  actual:1.3777589797973633  expected:1.6179821770160887
request: 345, latency: 1.2208945751190186
0号worker ---- good : 216 --- finish: 216 ---- abandon : 0 ---- batch size : 1  --- ed : 1714337715.6885676 --- --- id: 345  actual:1.2182483673095703  expected:1.3865759427919753
request: 346, latency: 1.6508972644805908
0号worker ---- good : 217 --- finish: 217 ---- abandon : 0 ---- batch size : 1  --- ed : 1714337717.2314656 --- --- id: 346  actual:1.378786325454712  expected:1.3535179093313876
request: 347, latency: 2.9279417991638184
0号worker ---- good : 218 --- finish: 218 ---- abandon : 0 ---- batch size : 1  --- ed : 1714337718.5203264 --- --- id: 347  actual:1.2786071300506592  expected:1.4526920097131506
request: 348, latency: 1.3341476917266846
0号worker ---- good : 219 --- finish: 219 ---- abandon : 0 ---- batch size : 1  --- ed : 1714337723.2591312 --- --- id: 348  actual:1.3321328163146973  expected:1.4857500431737383
request: 349, latency: 2.5032591819763184
0号worker ---- good : 220 --- finish: 220 ---- abandon : 0 ---- batch size : 1  --- ed : 1714337724.653447 --- --- id: 349  actual:1.2355926036834717  expected:1.2543438089496248
request: 350, latency: 1.6288838386535645
0号worker ---- good : 221 --- finish: 221 ---- abandon : 0 ---- batch size : 1  --- ed : 1714337725.7534945 --- --- id: 350  actual:1.0806639194488525  expected:1.2543438089496248
request: 351, latency: 2.901923656463623
0号worker ---- good : 222 --- finish: 222 ---- abandon : 0 ---- batch size : 1  --- ed : 1714337727.0287719 --- --- id: 351  actual:1.1000630855560303  expected:1.2874018424102125
request: 354, latency: 1.2450840473175049
0号worker ---- good : 223 --- finish: 223 ---- abandon : 0 ---- batch size : 1  --- ed : 1714337728.4201076 --- --- id: 354  actual:1.201958417892456  expected:1.2874018424102125
request: 352, latency: 2.547682285308838
0号worker ---- good : 224 --- finish: 224 ---- abandon : 0 ---- batch size : 1  --- ed : 1714337729.6762214 --- --- id: 352  actual:1.1732707023620605  expected:1.3204598758708002
request: 353, latency: 4.057366847991943
0号worker ---- good : 225 --- finish: 225 ---- abandon : 0 ---- batch size : 1  --- ed : 1714337731.1866038 --- --- id: 353  actual:1.3483026027679443  expected:1.4857500431737383
request: 357, latency: 1.2162644863128662
0号worker ---- good : 226 --- finish: 226 ---- abandon : 0 ---- batch size : 1  --- ed : 1714337746.0612164 --- --- id: 357  actual:1.2114129066467285  expected:1.3204598758708002
request: 358, latency: 2.179020404815674
0号worker ---- good : 227 --- finish: 227 ---- abandon : 0 ---- batch size : 1  --- ed : 1714337747.149891 --- --- id: 358  actual:0.98284912109375  expected:1.155169708567862
request: 359, latency: 3.400571823120117
0号worker ---- good : 228 --- finish: 228 ---- abandon : 0 ---- batch size : 1  --- ed : 1714337748.392532 --- --- id: 359  actual:1.0715153217315674  expected:1.2543438089496248
request: 362, latency: 2.522108793258667
0号worker ---- good : 229 --- finish: 229 ---- abandon : 0 ---- batch size : 1  --- ed : 1714337750.0504203 --- --- id: 362  actual:1.4737682342529297  expected:1.7171562773978515
request: 363, latency: 1.0276172161102295
0号worker ---- good : 230 --- finish: 230 ---- abandon : 0 ---- batch size : 1  --- ed : 1714337758.7331023 --- --- id: 363  actual:1.0124478340148926  expected:1.1221116751072744
request: 364, latency: 1.3728713989257812
0号worker ---- good : 231 --- finish: 231 ---- abandon : 0 ---- batch size : 1  --- ed : 1714337763.8626654 --- --- id: 364  actual:1.37186598777771  expected:1.584924143555501
request: 367, latency: 2.505197525024414
request: 368, latency: 2.499089241027832
0号worker ---- good : 233 --- finish: 233 ---- abandon : 0 ---- batch size : 2  --- ed : 1714337765.1204007 --- --- id: 367 368  actual:1.0350282192230225  expected:1.1734770792258762
request: 366, latency: 3.959073305130005
0号worker ---- good : 234 --- finish: 234 ---- abandon : 0 ---- batch size : 1  --- ed : 1714337766.5733182 --- --- id: 366  actual:1.3174729347229004  expected:1.4857500431737383
request: 369, latency: 3.8109357357025146
0号worker ---- good : 235 --- finish: 235 ---- abandon : 0 ---- batch size : 1  --- ed : 1714337768.0789871 --- --- id: 369  actual:1.334376335144043  expected:1.4526920097131506
request: 373, latency: 3.39929461479187
0号worker ---- good : 236 --- finish: 236 ---- abandon : 0 ---- batch size : 1  --- ed : 1714337769.3663855 --- --- id: 373  actual:1.1491401195526123  expected:1.2212857754890372
request: 374, latency: 1.9675419330596924
0号worker ---- good : 237 --- finish: 237 ---- abandon : 0 ---- batch size : 1  --- ed : 1714337770.3622992 --- --- id: 374  actual:0.9285702705383301  expected:1.0890536416466867
request: 375, latency: 1.514117956161499
0号worker ---- good : 238 --- finish: 238 ---- abandon : 0 ---- batch size : 1  --- ed : 1714337775.6718988 --- --- id: 375  actual:1.5126135349273682  expected:1.6840982439372638
request: 377, latency: 2.6015350818634033
0号worker ---- good : 239 --- finish: 239 ---- abandon : 0 ---- batch size : 1  --- ed : 1714337776.9619029 --- --- id: 377  actual:1.118588924407959  expected:1.2874018424102125
request: 376, latency: 4.534585952758789
0号worker ---- good : 240 --- finish: 240 ---- abandon : 0 ---- batch size : 1  --- ed : 1714337778.7317457 --- --- id: 376  actual:1.6047773361206055  expected:1.6840982439372638
request: 380, latency: 3.7944083213806152
0号worker ---- good : 241 --- finish: 241 ---- abandon : 0 ---- batch size : 1  --- ed : 1714337779.9669344 --- --- id: 380  actual:1.1576464176177979  expected:1.3535179093313876
request: 382, latency: 1.6040136814117432
0号worker ---- good : 242 --- finish: 242 ---- abandon : 0 ---- batch size : 1  --- ed : 1714337782.286479 --- --- id: 382  actual:1.6032915115356445  expected:1.6840982439372638
request: 383, latency: 2.7387924194335938
0号worker ---- good : 243 --- finish: 243 ---- abandon : 0 ---- batch size : 1  --- ed : 1714337783.42149 --- --- id: 383  actual:1.0561482906341553  expected:1.1882277420284497
request: 384, latency: 1.4717791080474854
0号worker ---- good : 244 --- finish: 244 ---- abandon : 0 ---- batch size : 1  --- ed : 1714337788.2403393 --- --- id: 384  actual:1.4676711559295654  expected:1.6179821770160887
request: 386, latency: 3.0254058837890625
0号worker ---- good : 245 --- finish: 245 ---- abandon : 0 ---- batch size : 1  --- ed : 1714337789.8015094 --- --- id: 386  actual:1.4183461666107178  expected:1.584924143555501
request: 385, latency: 4.638534307479858
0号worker ---- good : 246 --- finish: 246 ---- abandon : 0 ---- batch size : 1  --- ed : 1714337791.412472 --- --- id: 385  actual:1.449000597000122  expected:1.7171562773978515
request: 387, latency: 1.0178172588348389
0号worker ---- good : 247 --- finish: 247 ---- abandon : 0 ---- batch size : 1  --- ed : 1714337795.4705582 --- --- id: 387  actual:1.0136008262634277  expected:1.155169708567862
request: 388, latency: 2.357412338256836
0号worker ---- good : 248 --- finish: 248 ---- abandon : 0 ---- batch size : 1  --- ed : 1714337796.8444715 --- --- id: 388  actual:1.2299907207489014  expected:1.3865759427919753
request: 389, latency: 2.9039463996887207
0号worker ---- good : 249 --- finish: 249 ---- abandon : 0 ---- batch size : 1  --- ed : 1714337798.0839639 --- --- id: 389  actual:1.0668354034423828  expected:1.0890536416466867
request: 390, latency: 4.4556050300598145
0号worker ---- good : 250 --- finish: 250 ---- abandon : 0 ---- batch size : 1  --- ed : 1714337799.6382694 --- --- id: 390  actual:1.545583963394165  expected:1.7171562773978515
request: 391, latency: 1.883413553237915
0号worker ---- good : 251 --- finish: 251 ---- abandon : 0 ---- batch size : 1  --- ed : 1714337800.895955 --- --- id: 391  actual:1.0876588821411133  expected:1.1882277420284497
request: 392, latency: 1.036283016204834
0号worker ---- good : 252 --- finish: 252 ---- abandon : 0 ---- batch size : 1  --- ed : 1714337804.9009423 --- --- id: 392  actual:1.0353858470916748  expected:1.1882277420284497
request: 393, latency: 2.1405394077301025
request: 394, latency: 2.0867819786071777
0号worker ---- good : 254 --- finish: 254 ---- abandon : 0 ---- batch size : 2  --- ed : 1714337806.4351726 --- --- id: 393 394  actual:1.383735179901123  expected:1.5630061249119531
request: 395, latency: 3.5596158504486084
0号worker ---- good : 255 --- finish: 255 ---- abandon : 0 ---- batch size : 1  --- ed : 1714337808.0959606 --- --- id: 395  actual:1.4642508029937744  expected:1.5518661100949134
request: 396, latency: 1.3027632236480713
0号worker ---- good : 256 --- finish: 256 ---- abandon : 0 ---- batch size : 1  --- ed : 1714337811.607387 --- --- id: 396  actual:1.30149245262146  expected:1.3865759427919753
request: 397, latency: 1.5948996543884277
0号worker ---- good : 257 --- finish: 257 ---- abandon : 0 ---- batch size : 1  --- ed : 1714337813.3954847 --- --- id: 397  actual:1.5941405296325684  expected:1.4857500431737383
request: 398, latency: 2.235532283782959
0号worker ---- good : 258 --- finish: 258 ---- abandon : 0 ---- batch size : 1  --- ed : 1714337814.6308672 --- --- id: 398  actual:1.2352392673492432  expected:1.3204598758708002
request: 399, latency: 1.4519636631011963
0号worker ---- good : 259 --- finish: 259 ---- abandon : 0 ---- batch size : 1  --- ed : 1714337816.0373564 --- --- id: 399  actual:1.4062955379486084  expected:1.419633976252563
request: 400, latency: 1.593029499053955
0号worker ---- good : 260 --- finish: 260 ---- abandon : 0 ---- batch size : 1  --- ed : 1714337818.0727813 --- --- id: 400  actual:1.589916467666626  expected:1.7171562773978515
request: 401, latency: 2.8019425868988037
0号worker ---- good : 261 --- finish: 261 ---- abandon : 0 ---- batch size : 1  --- ed : 1714337819.2839246 --- --- id: 401  actual:1.074922800064087  expected:1.2543438089496248
request: 403, latency: 3.9541375637054443
0号worker ---- good : 262 --- finish: 262 ---- abandon : 0 ---- batch size : 1  --- ed : 1714337820.8545334 --- --- id: 403  actual:1.4058287143707275  expected:1.5518661100949134
request: 405, latency: 1.607473373413086
0号worker ---- good : 263 --- finish: 263 ---- abandon : 0 ---- batch size : 1  --- ed : 1714337822.9219286 --- --- id: 405  actual:1.6038768291473389  expected:1.6840982439372638
request: 406, latency: 2.9207804203033447
0号worker ---- good : 264 --- finish: 264 ---- abandon : 0 ---- batch size : 1  --- ed : 1714337824.3740113 --- --- id: 406  actual:1.3041832447052002  expected:1.4526920097131506
request: 408, latency: 2.1192445755004883
0号worker ---- good : 265 --- finish: 265 ---- abandon : 0 ---- batch size : 1  --- ed : 1714337825.9939456 --- --- id: 408  actual:1.4754934310913086  expected:1.6179821770160887
request: 407, latency: 3.791177272796631
0号worker ---- good : 266 --- finish: 266 ---- abandon : 0 ---- batch size : 1  --- ed : 1714337827.654981 --- --- id: 407  actual:1.4813365936279297  expected:1.6510402104766764
request: 411, latency: 0.9741394519805908
0号worker ---- good : 267 --- finish: 267 ---- abandon : 0 ---- batch size : 1  --- ed : 1714337828.768991 --- --- id: 411  actual:0.9471936225891113  expected:1.0890536416466867
request: 410, latency: 2.143420457839966
0号worker ---- good : 268 --- finish: 268 ---- abandon : 0 ---- batch size : 1  --- ed : 1714337829.9331548 --- --- id: 410  actual:1.0153474807739258  expected:1.1221116751072744
request: 409, latency: 3.4376063346862793
0号worker ---- good : 269 --- finish: 269 ---- abandon : 0 ---- batch size : 1  --- ed : 1714337831.226124 --- --- id: 409  actual:1.1905162334442139  expected:1.3865759427919753
request: 412, latency: 1.265366792678833
0号worker ---- good : 270 --- finish: 270 ---- abandon : 0 ---- batch size : 1  --- ed : 1714337833.9592226 --- --- id: 412  actual:1.256831407546997  expected:1.419633976252563
request: 413, latency: 1.0857317447662354
0号worker ---- good : 271 --- finish: 271 ---- abandon : 0 ---- batch size : 1  --- ed : 1714337837.2982833 --- --- id: 413  actual:1.0842628479003906  expected:1.155169708567862
request: 414, latency: 2.437756299972534
0号worker ---- good : 272 --- finish: 272 ---- abandon : 0 ---- batch size : 1  --- ed : 1714337838.748207 --- --- id: 414  actual:1.3768646717071533  expected:1.4526920097131506
request: 415, latency: 1.7535903453826904
0号worker ---- good : 273 --- finish: 273 ---- abandon : 0 ---- batch size : 1  --- ed : 1714337839.821664 --- --- id: 415  actual:1.0019152164459229  expected:1.1882277420284497
request: 416, latency: 1.9119668006896973
0号worker ---- good : 274 --- finish: 274 ---- abandon : 0 ---- batch size : 1  --- ed : 1714337840.976563 --- --- id: 416  actual:0.9638803005218506  expected:1.0890536416466867
request: 418, latency: 2.1448702812194824
0号worker ---- good : 275 --- finish: 275 ---- abandon : 0 ---- batch size : 1  --- ed : 1714337842.0101726 --- --- id: 418  actual:0.9200873374938965  expected:1.0559956081860993
request: 417, latency: 4.2325146198272705
0号worker ---- good : 276 --- finish: 276 ---- abandon : 0 ---- batch size : 1  --- ed : 1714337843.5924919 --- --- id: 417  actual:1.4446301460266113  expected:1.6179821770160887
request: 419, latency: 1.2800955772399902
0号worker ---- good : 277 --- finish: 277 ---- abandon : 0 ---- batch size : 1  --- ed : 1714337846.2133265 --- --- id: 419  actual:1.2794885635375977  expected:1.2874018424102125
request: 420, latency: 2.223731517791748
0号worker ---- good : 278 --- finish: 278 ---- abandon : 0 ---- batch size : 1  --- ed : 1714337847.2228158 --- --- id: 420  actual:0.9927375316619873  expected:1.1882277420284497
request: 421, latency: 3.148780345916748
request: 424, latency: 3.0407416820526123
0号worker ---- good : 280 --- finish: 280 ---- abandon : 0 ---- batch size : 2  --- ed : 1714337848.4210622 --- --- id: 421 424  actual:0.9984745979309082  expected:1.1410163254187031
request: 427, latency: 2.537165403366089
0号worker ---- good : 281 --- finish: 281 ---- abandon : 0 ---- batch size : 1  --- ed : 1714337849.4719486 --- --- id: 427  actual:0.918729305267334  expected:1.0890536416466867
request: 429, latency: 2.254254102706909
0号worker ---- good : 282 --- finish: 282 ---- abandon : 0 ---- batch size : 1  --- ed : 1714337850.6989 --- --- id: 429  actual:1.0383565425872803  expected:1.0559956081860993
request: 428, latency: 3.4280083179473877
0号worker ---- good : 283 --- finish: 283 ---- abandon : 0 ---- batch size : 1  --- ed : 1714337851.8605692 --- --- id: 428  actual:1.147731065750122  expected:1.1882277420284497
request: 433, latency: 1.0657627582550049
0号worker ---- good : 284 --- finish: 284 ---- abandon : 0 ---- batch size : 1  --- ed : 1714337853.0607338 --- --- id: 433  actual:1.0622637271881104  expected:1.2212857754890372
request: 434, latency: 2.228869915008545
0号worker ---- good : 285 --- finish: 285 ---- abandon : 0 ---- batch size : 1  --- ed : 1714337854.2365656 --- --- id: 434  actual:1.023627758026123  expected:1.0890536416466867
request: 435, latency: 3.4934892654418945
request: 438, latency: 3.1457831859588623
0号worker ---- good : 287 --- finish: 287 ---- abandon : 0 ---- batch size : 2  --- ed : 1714337855.5020993 --- --- id: 435 438  actual:1.1970195770263672  expected:1.2708593406473954
request: 437, latency: 4.684530019760132
0号worker ---- good : 288 --- finish: 288 ---- abandon : 0 ---- batch size : 1  --- ed : 1714337857.0406055 --- --- id: 437  actual:1.4619088172912598  expected:1.7171562773978515
request: 439, latency: 1.0017485618591309
0号worker ---- good : 289 --- finish: 289 ---- abandon : 0 ---- batch size : 1  --- ed : 1714337861.2663608 --- --- id: 439  actual:1.0009634494781494  expected:1.155169708567862
request: 441, latency: 1.7256004810333252
0号worker ---- good : 290 --- finish: 290 ---- abandon : 0 ---- batch size : 1  --- ed : 1714337862.4731767 --- --- id: 441  actual:1.0419323444366455  expected:1.155169708567862
request: 440, latency: 3.1174392700195312
0号worker ---- good : 291 --- finish: 291 ---- abandon : 0 ---- batch size : 1  --- ed : 1714337863.819229 --- --- id: 440  actual:1.2374050617218018  expected:1.4526920097131506
request: 442, latency: 1.138024091720581
0号worker ---- good : 292 --- finish: 292 ---- abandon : 0 ---- batch size : 1  --- ed : 1714337868.1345572 --- --- id: 442  actual:1.1363775730133057  expected:1.2543438089496248
request: 443, latency: 1.4774589538574219
0号worker ---- good : 293 --- finish: 293 ---- abandon : 0 ---- batch size : 1  --- ed : 1714337869.940548 --- --- id: 443  actual:1.476595401763916  expected:1.7171562773978515
request: 444, latency: 1.1747522354125977
0号worker ---- good : 294 --- finish: 294 ---- abandon : 0 ---- batch size : 1  --- ed : 1714337875.9312801 --- --- id: 444  actual:1.1726467609405518  expected:1.2874018424102125
request: 445, latency: 1.502159833908081
0号worker ---- good : 295 --- finish: 295 ---- abandon : 0 ---- batch size : 1  --- ed : 1714337880.0994775 --- --- id: 445  actual:1.5010437965393066  expected:1.6840982439372638
request: 446, latency: 2.617455005645752
request: 456, latency: 1.581404447555542
0号worker ---- good : 297 --- finish: 297 ---- abandon : 0 ---- batch size : 2  --- ed : 1714337881.2261565 --- --- id: 446 456  actual:0.9411723613739014  expected:1.043634063997184
request: 448, latency: 4.021639347076416
request: 454, latency: 3.3074913024902344
0号worker ---- good : 299 --- finish: 299 ---- abandon : 0 ---- batch size : 2  --- ed : 1714337882.6455286 --- --- id: 448 454  actual:1.3205995559692383  expected:1.4007023558760878
request: 457, latency: 3.6373462677001953
0号worker ---- good : 300 --- finish: 300 ---- abandon : 0 ---- batch size : 1  --- ed : 1714337883.9231396 --- --- id: 457  actual:1.1877751350402832  expected:1.3204598758708002
request: 460, latency: 2.149585485458374
0号worker ---- good : 301 --- finish: 301 ---- abandon : 0 ---- batch size : 1  --- ed : 1714337885.3218937 --- --- id: 460  actual:1.2661805152893066  expected:1.3865759427919753
request: 462, latency: 2.748785972595215
0号worker ---- good : 302 --- finish: 302 ---- abandon : 0 ---- batch size : 1  --- ed : 1714337886.49381 --- --- id: 462  actual:1.060765027999878  expected:1.1221116751072744
request: 461, latency: 4.542239427566528
0号worker ---- good : 303 --- finish: 303 ---- abandon : 0 ---- batch size : 1  --- ed : 1714337888.023434 --- --- id: 461  actual:1.4707670211791992  expected:1.6840982439372638
request: 463, latency: 0.9982221126556396
0号worker ---- good : 304 --- finish: 304 ---- abandon : 0 ---- batch size : 1  --- ed : 1714337893.245168 --- --- id: 463  actual:0.9963524341583252  expected:1.0559956081860993
request: 464, latency: 1.4647865295410156
0号worker ---- good : 305 --- finish: 305 ---- abandon : 0 ---- batch size : 1  --- ed : 1714337895.1417284 --- --- id: 464  actual:1.4635014533996582  expected:1.6840982439372638
request: 466, latency: 2.664000988006592
0号worker ---- good : 306 --- finish: 306 ---- abandon : 0 ---- batch size : 1  --- ed : 1714337896.365 --- --- id: 466  actual:1.0076820850372314  expected:1.0559956081860993
request: 469, latency: 2.881962537765503
0号worker ---- good : 307 --- finish: 307 ---- abandon : 0 ---- batch size : 1  --- ed : 1714337897.4089725 --- --- id: 469  actual:0.996748685836792  expected:1.0890536416466867
request: 470, latency: 3.2599143981933594
0号worker ---- good : 308 --- finish: 308 ---- abandon : 0 ---- batch size : 1  --- ed : 1714337898.7525187 --- --- id: 470  actual:1.2566018104553223  expected:1.4526920097131506
request: 471, latency: 4.6899778842926025
0号worker ---- good : 309 --- finish: 309 ---- abandon : 0 ---- batch size : 1  --- ed : 1714337900.4552276 --- --- id: 471  actual:1.4935979843139648  expected:1.6510402104766764
request: 474, latency: 2.969663143157959
0号worker ---- good : 310 --- finish: 310 ---- abandon : 0 ---- batch size : 1  --- ed : 1714337901.6788645 --- --- id: 474  actual:1.0722837448120117  expected:1.1882277420284497
request: 475, latency: 4.433408260345459
0号worker ---- good : 311 --- finish: 311 ---- abandon : 0 ---- batch size : 1  --- ed : 1714337903.1924698 --- --- id: 475  actual:1.4027783870697021  expected:1.6179821770160887
request: 477, latency: 2.9626364707946777
0号worker ---- good : 312 --- finish: 312 ---- abandon : 0 ---- batch size : 1  --- ed : 1714337904.4367511 --- --- id: 477  actual:1.0297274589538574  expected:1.1221116751072744
request: 479, latency: 3.89447021484375
0号worker ---- good : 313 --- finish: 313 ---- abandon : 0 ---- batch size : 1  --- ed : 1714337905.7334998 --- --- id: 479  actual:1.1914026737213135  expected:1.4857500431737383
request: 481, latency: 1.869499921798706
request: 483, latency: 1.8372082710266113
0号worker ---- good : 315 --- finish: 315 ---- abandon : 0 ---- batch size : 2  --- ed : 1714337907.1060226 --- --- id: 481 483  actual:1.0851058959960938  expected:1.1734770792258762
request: 482, latency: 3.176351547241211
0号worker ---- good : 316 --- finish: 316 ---- abandon : 0 ---- batch size : 1  --- ed : 1714337908.4130092 --- --- id: 482  actual:1.1949994564056396  expected:1.3535179093313876
request: 486, latency: 3.6487696170806885
request: 487, latency: 3.6465275287628174
0号worker ---- good : 318 --- finish: 318 ---- abandon : 0 ---- batch size : 2  --- ed : 1714337909.9706511 --- --- id: 486 487  actual:1.3767786026000977  expected:1.465623863490434
request: 488, latency: 1.2833483219146729
0号worker ---- good : 319 --- finish: 319 ---- abandon : 0 ---- batch size : 1  --- ed : 1714337911.0632966 --- --- id: 488  actual:1.0098531246185303  expected:1.1221116751072744
request: 489, latency: 2.4923760890960693
0号worker ---- good : 320 --- finish: 320 ---- abandon : 0 ---- batch size : 1  --- ed : 1714337912.2725663 --- --- id: 489  actual:1.1026561260223389  expected:1.155169708567862
request: 490, latency: 1.1809539794921875
0号worker ---- good : 321 --- finish: 321 ---- abandon : 0 ---- batch size : 1  --- ed : 1714337916.6209412 --- --- id: 490  actual:1.1801998615264893  expected:1.3535179093313876
request: 491, latency: 2.493772506713867
0号worker ---- good : 322 --- finish: 322 ---- abandon : 0 ---- batch size : 1  --- ed : 1714337918.0179222 --- --- id: 491  actual:1.222926139831543  expected:1.4526920097131506
request: 493, latency: 1.9429469108581543
0号worker ---- good : 323 --- finish: 323 ---- abandon : 0 ---- batch size : 1  --- ed : 1714337919.202171 --- --- id: 493  actual:0.9628124237060547  expected:1.1221116751072744
request: 492, latency: 3.409306764602661
request: 498, latency: 2.3104825019836426
0号worker ---- good : 325 --- finish: 325 ---- abandon : 0 ---- batch size : 2  --- ed : 1714337920.6678574 --- --- id: 492 498  actual:1.3043274879455566  expected:1.53054537110478
request: 499, latency: 3.7714645862579346
0号worker ---- good : 326 --- finish: 326 ---- abandon : 0 ---- batch size : 1  --- ed : 1714337922.1379838 --- --- id: 499  actual:1.2486746311187744  expected:1.3204598758708002
