0号worker ---- good : 0 --- finish: 0 --- id: -1  
0号worker ---- good : 0 --- finish: 0 --- id: -1 -1 -1 -1  
0号worker ---- good : 1 --- finish: 1 --- id: 0  
0号worker ---- good : 2 --- finish: 2 --- id: 2  
0号worker ---- good : 3 --- finish: 3 --- id: 1  
0号worker ---- good : 4 --- finish: 4 --- id: 4  
0号worker ---- good : 5 --- finish: 5 --- id: 15  
0号worker ---- good : 6 --- finish: 6 --- id: 11  
0号worker ---- good : 6 --- finish: 7 --- id: 16  
0号worker ---- good : 7 --- finish: 8 --- id: 32  
0号worker ---- good : 8 --- finish: 9 --- id: 30  
0号worker ---- good : 9 --- finish: 10 --- id: 37  
0号worker ---- good : 10 --- finish: 11 --- id: 49  
0号worker ---- good : 12 --- finish: 13 --- id: 53 54  
0号worker ---- good : 12 --- finish: 14 --- id: 60  
0号worker ---- good : 13 --- finish: 15 --- id: 70  
0号worker ---- good : 14 --- finish: 16 --- id: 75  
0号worker ---- good : 15 --- finish: 17 --- id: 73  
0号worker ---- good : 17 --- finish: 19 --- id: 80 92  
0号worker ---- good : 19 --- finish: 21 --- id: 98 111  
0号worker ---- good : 20 --- finish: 22 --- id: 106  
0号worker ---- good : 21 --- finish: 23 --- id: 114  
0号worker ---- good : 22 --- finish: 24 --- id: 116  
0号worker ---- good : 23 --- finish: 25 --- id: 121  
0号worker ---- good : 24 --- finish: 26 --- id: 122  
0号worker ---- good : 25 --- finish: 27 --- id: 125  
0号worker ---- good : 26 --- finish: 28 --- id: 133  
0号worker ---- good : 27 --- finish: 29 --- id: 138  
0号worker ---- good : 28 --- finish: 30 --- id: 137  
0号worker ---- good : 29 --- finish: 31 --- id: 161  
0号worker ---- good : 30 --- finish: 32 --- id: 164  
0号worker ---- good : 32 --- finish: 34 --- id: 171 176  
0号worker ---- good : 33 --- finish: 35 --- id: 175  
0号worker ---- good : 34 --- finish: 36 --- id: 187  
0号worker ---- good : 35 --- finish: 37 --- id: 189  
0号worker ---- good : 36 --- finish: 38 --- id: 197  
0号worker ---- good : 37 --- finish: 39 --- id: 203  
0号worker ---- good : 38 --- finish: 40 --- id: 204  
0号worker ---- good : 39 --- finish: 41 --- id: 205  
0号worker ---- good : 40 --- finish: 42 --- id: 212  
0号worker ---- good : 41 --- finish: 43 --- id: 220  
0号worker ---- good : 42 --- finish: 44 --- id: 221  
0号worker ---- good : 43 --- finish: 45 --- id: 233  
0号worker ---- good : 44 --- finish: 46 --- id: 252  
0号worker ---- good : 45 --- finish: 47 --- id: 254  
0号worker ---- good : 46 --- finish: 48 --- id: 253  
0号worker ---- good : 47 --- finish: 49 --- id: 258  
0号worker ---- good : 48 --- finish: 50 --- id: 261  
0号worker ---- good : 49 --- finish: 51 --- id: 281  
0号worker ---- good : 50 --- finish: 52 --- id: 284  
0号worker ---- good : 53 --- finish: 55 --- id: 290 309 310  
0号worker ---- good : 54 --- finish: 56 --- id: 305  
0号worker ---- good : 55 --- finish: 57 --- id: 321  
0号worker ---- good : 56 --- finish: 58 --- id: 337  
0号worker ---- good : 57 --- finish: 59 --- id: 338  
0号worker ---- good : 58 --- finish: 60 --- id: 344  
0号worker ---- good : 60 --- finish: 62 --- id: 347 352  
0号worker ---- good : 61 --- finish: 63 --- id: 346  
0号worker ---- good : 62 --- finish: 64 --- id: 359  
0号worker ---- good : 63 --- finish: 65 --- id: 357  
0号worker ---- good : 65 --- finish: 67 --- id: 363 368  
0号worker ---- good : 67 --- finish: 69 --- id: 367 380  
0号worker ---- good : 68 --- finish: 70 --- id: 375  
0号worker ---- good : 69 --- finish: 71 --- id: 381  
0号worker ---- good : 70 --- finish: 72 --- id: 386  
0号worker ---- good : 71 --- finish: 73 --- id: 391  
0号worker ---- good : 72 --- finish: 74 --- id: 398  
0号worker ---- good : 73 --- finish: 75 --- id: 402  
0号worker ---- good : 74 --- finish: 76 --- id: 410  
0号worker ---- good : 76 --- finish: 78 --- id: 416 425  
0号worker ---- good : 77 --- finish: 79 --- id: 422  
0号worker ---- good : 78 --- finish: 80 --- id: 440  
0号worker ---- good : 79 --- finish: 81 --- id: 442  
0号worker ---- good : 80 --- finish: 82 --- id: 448  
0号worker ---- good : 81 --- finish: 83 --- id: 463  
0号worker ---- good : 83 --- finish: 85 --- id: 466 478  
0号worker ---- good : 85 --- finish: 87 --- id: 483 492  
0号worker ---- good : 86 --- finish: 88 --- id: 495  
